Using pre-set license
Built from '2021.3/evg/staging/82bb020e-b03b1330/draft-0' branch; Version is '2021.3.16f1 (4016570cf34f) revision 4200023'; Using compiler version '192829333'; Build Type 'Release'
OS: 'Windows 11  (10.0.22621) 64bit Professional' Language: 'en' Physical Memory: 65445 MB
BatchMode: 1, IsHumanControllingUs: 0, StartBugReporterOnCrash: 0, Is64bit: 1, IsPro: 1

COMMAND LINE ARGUMENTS:
C:\Program Files\Unity 2021.3.16f1\Editor\Unity.exe
-adb2
-batchMode
-noUpm
-name
AssetImportWorker12
-projectPath
D:/School/CART315/gits/Prototype 4B - Planets
-logFile
Logs/AssetImportWorker12.log
-srvPort
54134
Successfully changed project path to: D:/School/CART315/gits/Prototype 4B - Planets
D:/School/CART315/gits/Prototype 4B - Planets
[UnityMemory] Configuration Parameters - Can be set up in boot.config
    "memorysetup-bucket-allocator-granularity=16"
    "memorysetup-bucket-allocator-bucket-count=8"
    "memorysetup-bucket-allocator-block-size=33554432"
    "memorysetup-bucket-allocator-block-count=8"
    "memorysetup-main-allocator-block-size=16777216"
    "memorysetup-thread-allocator-block-size=16777216"
    "memorysetup-gfx-main-allocator-block-size=16777216"
    "memorysetup-gfx-thread-allocator-block-size=16777216"
    "memorysetup-cache-allocator-block-size=4194304"
    "memorysetup-typetree-allocator-block-size=2097152"
    "memorysetup-profiler-bucket-allocator-granularity=16"
    "memorysetup-profiler-bucket-allocator-bucket-count=8"
    "memorysetup-profiler-bucket-allocator-block-size=33554432"
    "memorysetup-profiler-bucket-allocator-block-count=8"
    "memorysetup-profiler-allocator-block-size=16777216"
    "memorysetup-profiler-editor-allocator-block-size=1048576"
    "memorysetup-temp-allocator-size-main=16777216"
    "memorysetup-job-temp-allocator-block-size=2097152"
    "memorysetup-job-temp-allocator-block-size-background=1048576"
    "memorysetup-job-temp-allocator-reduction-small-platforms=262144"
    "memorysetup-temp-allocator-size-background-worker=32768"
    "memorysetup-temp-allocator-size-job-worker=262144"
    "memorysetup-temp-allocator-size-preload-manager=33554432"
    "memorysetup-temp-allocator-size-nav-mesh-worker=65536"
    "memorysetup-temp-allocator-size-audio-worker=65536"
    "memorysetup-temp-allocator-size-cloud-worker=32768"
    "memorysetup-temp-allocator-size-gi-baking-worker=262144"
    "memorysetup-temp-allocator-size-gfx=262144"
Player connection [34776] Host "[IP] 192.168.0.41 [Port] 0 [Flags] 2 [Guid] 3850859292 [EditorId] 3850859292 [Version] 1048832 [Id] WindowsEditor(7,DESKTOP-LUV3IRM) [Debug] 1 [PackageName] WindowsEditor [ProjectName] Editor" joined multi-casting on [225.0.0.222:54997]...

Player connection [34776] Host "[IP] 192.168.0.41 [Port] 0 [Flags] 2 [Guid] 3850859292 [EditorId] 3850859292 [Version] 1048832 [Id] WindowsEditor(7,DESKTOP-LUV3IRM) [Debug] 1 [PackageName] WindowsEditor [ProjectName] Editor" joined alternative multi-casting on [225.0.0.222:34997]...

Refreshing native plugins compatible for Editor in 139.60 ms, found 3 plugins.
Preloading 0 native plugins for Editor in 0.00 ms.
Initialize engine version: 2021.3.16f1 (4016570cf34f)
[Subsystems] Discovering subsystems at path C:/Program Files/Unity 2021.3.16f1/Editor/Data/Resources/UnitySubsystems
[Subsystems] Discovering subsystems at path D:/School/CART315/gits/Prototype 4B - Planets/Assets
GfxDevice: creating device client; threaded=0; jobified=0
Direct3D:
    Version:  Direct3D 11.0 [level 11.1]
    Renderer: NVIDIA GeForce RTX 3070 Ti (ID=0x2482)
    Vendor:   NVIDIA
    VRAM:     8031 MB
    Driver:   31.0.15.2849
Initialize mono
Mono path[0] = 'C:/Program Files/Unity 2021.3.16f1/Editor/Data/Managed'
Mono path[1] = 'C:/Program Files/Unity 2021.3.16f1/Editor/Data/MonoBleedingEdge/lib/mono/unityjit-win32'
Mono config path = 'C:/Program Files/Unity 2021.3.16f1/Editor/Data/MonoBleedingEdge/etc'
Using monoOptions --debugger-agent=transport=dt_socket,embedding=1,server=y,suspend=n,address=127.0.0.1:56056
Begin MonoManager ReloadAssembly
Registering precompiled unity dll's ...
Register platform support module: C:/Program Files/Unity 2021.3.16f1/Editor/Data/PlaybackEngines/WindowsStandaloneSupport/UnityEditor.WindowsStandalone.Extensions.dll
Registered in 0.003887 seconds.
Native extension for WindowsStandalone target not found
Refreshing native plugins compatible for Editor in 138.59 ms, found 3 plugins.
Preloading 0 native plugins for Editor in 0.00 ms.
Mono: successfully reloaded assembly
- Completed reload, in  0.709 seconds
Domain Reload Profiling:
	ReloadAssembly (710ms)
		BeginReloadAssembly (66ms)
			ExecutionOrderSort (0ms)
			DisableScriptedObjects (0ms)
			BackupInstance (0ms)
			ReleaseScriptingObjects (0ms)
			CreateAndSetChildDomain (1ms)
		EndReloadAssembly (542ms)
			LoadAssemblies (64ms)
			RebuildTransferFunctionScriptingTraits (0ms)
			SetupTypeCache (112ms)
			ReleaseScriptCaches (0ms)
			RebuildScriptCaches (31ms)
			SetupLoadedEditorAssemblies (343ms)
				LogAssemblyErrors (0ms)
				InitializePlatformSupportModulesInManaged (6ms)
				SetLoadedEditorAssemblies (0ms)
				RefreshPlugins (139ms)
				BeforeProcessingInitializeOnLoad (2ms)
				ProcessInitializeOnLoadAttributes (149ms)
				ProcessInitializeOnLoadMethodAttributes (48ms)
				AfterProcessingInitializeOnLoad (0ms)
				EditorAssembliesLoaded (0ms)
			ExecutionOrderSort2 (0ms)
			AwakeInstancesAfterBackupRestoration (0ms)
Platform modules already initialized, skipping
Registering precompiled user dll's ...
Registered in 0.008730 seconds.
Begin MonoManager ReloadAssembly
Symbol file LoadedFromMemory doesn't match image D:\School\CART315\gits\Prototype 4B - Planets\Library\PackageCache\com.unity.visualscripting@1.7.8\Editor\VisualScripting.Core\Dependencies\YamlDotNet\Unity.VisualScripting.YamlDotNet.dll
Symbol file LoadedFromMemory doesn't match image D:\School\CART315\gits\Prototype 4B - Planets\Library\PackageCache\com.unity.visualscripting@1.7.8\Editor\VisualScripting.Core\Dependencies\DotNetZip\Unity.VisualScripting.IonicZip.dll
Native extension for WindowsStandalone target not found
Refreshing native plugins compatible for Editor in 117.56 ms, found 3 plugins.
Preloading 0 native plugins for Editor in 0.00 ms.
Mono: successfully reloaded assembly
- Completed reload, in  1.422 seconds
Domain Reload Profiling:
	ReloadAssembly (1423ms)
		BeginReloadAssembly (112ms)
			ExecutionOrderSort (0ms)
			DisableScriptedObjects (6ms)
			BackupInstance (0ms)
			ReleaseScriptingObjects (0ms)
			CreateAndSetChildDomain (22ms)
		EndReloadAssembly (1201ms)
			LoadAssemblies (100ms)
			RebuildTransferFunctionScriptingTraits (0ms)
			SetupTypeCache (348ms)
			ReleaseScriptCaches (1ms)
			RebuildScriptCaches (73ms)
			SetupLoadedEditorAssemblies (641ms)
				LogAssemblyErrors (0ms)
				InitializePlatformSupportModulesInManaged (3ms)
				SetLoadedEditorAssemblies (0ms)
				RefreshPlugins (118ms)
				BeforeProcessingInitializeOnLoad (102ms)
				ProcessInitializeOnLoadAttributes (322ms)
				ProcessInitializeOnLoadMethodAttributes (88ms)
				AfterProcessingInitializeOnLoad (8ms)
				EditorAssembliesLoaded (0ms)
			ExecutionOrderSort2 (0ms)
			AwakeInstancesAfterBackupRestoration (5ms)
Platform modules already initialized, skipping
========================================================================
Worker process is ready to serve import requests
Launched and connected shader compiler UnityShaderCompiler.exe after 0.08 seconds
Refreshing native plugins compatible for Editor in 3.15 ms, found 3 plugins.
Preloading 0 native plugins for Editor in 0.00 ms.
Unloading 5727 Unused Serialized files (Serialized files now loaded: 0)
Unloading 51 unused Assets / (0.8 MB). Loaded Objects now: 6181.
Memory consumption went from 230.9 MB to 230.1 MB.
Total: 4.238100 ms (FindLiveObjects: 0.410900 ms CreateObjectMapping: 0.164300 ms MarkObjects: 3.312700 ms  DeleteObjects: 0.348800 ms)

AssetImportParameters requested are different than current active one (requested -> active):
  custom:video-decoder-ogg-theora: a1e56fd34408186e4bbccfd4996cb3dc -> 
  custom:container-muxer-webm: aa71ff27fc2769a1b78a27578f13a17b -> 
  custom:container-demuxer-webm: 4f35f7cbe854078d1ac9338744f61a02 -> 
  custom:video-encoder-webm-vp8: eb34c28f22e8b96e1ab97ce403110664 -> 
  custom:audio-encoder-webm-vorbis: bf7c407c2cedff20999df2af8eb42d56 -> 
  custom:framework-win-MediaFoundation: 216162199b28c13a410421893ffa2e32 -> 
  custom:container-demuxer-ogg: 62fdf1f143b41e24485cea50d1cbac27 -> 
  custom:video-decoder-webm-vp8: 9c59270c3fd7afecdb556c50c9e8de78 -> 
  custom:audio-decoder-ogg-vorbis: bf7c407c2cedff20999df2af8eb42d56 -> 
========================================================================
Received Import Request.
  Time since last request: 445267.878080 seconds.
  path: Assets/Texture_and_materials/Tiles_floor/Tiles_floor(03)/Material/Tiles_floor(03).mat
  artifactKey: Guid(54cc8aab93e7b1f44a8741c8b081f5e0) Importer(815301076,1909f56bfc062723c751e8b465ee728b)
Start importing Assets/Texture_and_materials/Tiles_floor/Tiles_floor(03)/Material/Tiles_floor(03).mat using Guid(54cc8aab93e7b1f44a8741c8b081f5e0) Importer(815301076,1909f56bfc062723c751e8b465ee728b)  -> (artifact id: 'ba76416e25e61bc49dea4a2b86b7a822') in 0.304066 seconds 
========================================================================
Received Import Request.
  Time since last request: 0.000022 seconds.
  path: Assets/Autarca/AlienShipsPack/Meshes/AlienDestroyer.fbx
  artifactKey: Guid(5c929a1e7e6053f499c799f0b76fc965) Importer(815301076,1909f56bfc062723c751e8b465ee728b)
Start importing Assets/Autarca/AlienShipsPack/Meshes/AlienDestroyer.fbx using Guid(5c929a1e7e6053f499c799f0b76fc965) Importer(815301076,1909f56bfc062723c751e8b465ee728b)  -> (artifact id: '0c6bfac142ae715b717e298561cd0214') in 0.048755 seconds 
========================================================================
Received Import Request.
  Time since last request: 0.000051 seconds.
  path: Assets/TextMesh Pro/Resources/Fonts & Materials/LiberationSans SDF - Outline.mat
  artifactKey: Guid(79459efec17a4d00a321bdcc27bbc385) Importer(815301076,1909f56bfc062723c751e8b465ee728b)
Start importing Assets/TextMesh Pro/Resources/Fonts & Materials/LiberationSans SDF - Outline.mat using Guid(79459efec17a4d00a321bdcc27bbc385) Importer(815301076,1909f56bfc062723c751e8b465ee728b)  -> (artifact id: 'd90c419040c64de4d176addd5499eca2') in 0.077817 seconds 
========================================================================
Received Import Request.
  Time since last request: 0.000025 seconds.
  path: Assets/LowPolyAlienWorld/Rocks/SmallRock_04.fbx
  artifactKey: Guid(ef002ddca11787b41a014a71a6884805) Importer(815301076,1909f56bfc062723c751e8b465ee728b)
Start importing Assets/LowPolyAlienWorld/Rocks/SmallRock_04.fbx using Guid(ef002ddca11787b41a014a71a6884805) Importer(815301076,1909f56bfc062723c751e8b465ee728b)  -> (artifact id: 'ae06db0e780f20782811aeab62771a1d') in 0.027805 seconds 
========================================================================
Received Import Request.
  Time since last request: 0.000057 seconds.
  path: Assets/Insect/models/Materials/Insect_Diff.mat
  artifactKey: Guid(9a406a79bcf66bd41af70ba775ddc553) Importer(815301076,1909f56bfc062723c751e8b465ee728b)
Start importing Assets/Insect/models/Materials/Insect_Diff.mat using Guid(9a406a79bcf66bd41af70ba775ddc553) Importer(815301076,1909f56bfc062723c751e8b465ee728b)  -> (artifact id: '504b9b49a21bad9fa204b6175d8ab189') in 0.028997 seconds 
========================================================================
Received Import Request.
  Time since last request: 0.000031 seconds.
  path: Assets/AliensAndMarines/Artists Assets/Smilzo/Materials/Space_Marines_Glass.mat
  artifactKey: Guid(2c7ae4ecf4b750a4a98419f3c48f8e2a) Importer(815301076,1909f56bfc062723c751e8b465ee728b)
Start importing Assets/AliensAndMarines/Artists Assets/Smilzo/Materials/Space_Marines_Glass.mat using Guid(2c7ae4ecf4b750a4a98419f3c48f8e2a) Importer(815301076,1909f56bfc062723c751e8b465ee728b)  -> (artifact id: 'ed4ba5b3805012d5a83102325d1ed3a7') in 0.008308 seconds 
========================================================================
Received Import Request.
  Time since last request: 0.000022 seconds.
  path: Assets/3D Gamekit - Environment Pack/Environment/Rocks/Materials/Ridge01_Mat.mat
  artifactKey: Guid(c9fde8d2b739edb458fbb07e275f81d4) Importer(815301076,1909f56bfc062723c751e8b465ee728b)
Start importing Assets/3D Gamekit - Environment Pack/Environment/Rocks/Materials/Ridge01_Mat.mat using Guid(c9fde8d2b739edb458fbb07e275f81d4) Importer(815301076,1909f56bfc062723c751e8b465ee728b)  -> (artifact id: 'cdc5bc5ca20bb081c3d731dec677ff35') in 0.026170 seconds 
========================================================================
Received Import Request.
  Time since last request: 0.000024 seconds.
  path: Assets/Autarca/AlienShipsPack/Meshes/BioTorpedo.fbx
  artifactKey: Guid(7684aa101ccc34e43b3a50a6a375c9b1) Importer(815301076,1909f56bfc062723c751e8b465ee728b)
Start importing Assets/Autarca/AlienShipsPack/Meshes/BioTorpedo.fbx using Guid(7684aa101ccc34e43b3a50a6a375c9b1) Importer(815301076,1909f56bfc062723c751e8b465ee728b)  -> (artifact id: '7b692f836747fef7e94872c8c0a5d46e') in 0.022759 seconds 
========================================================================
Received Import Request.
  Time since last request: 0.000027 seconds.
  path: Assets/FreeDimensionForge/LowPolyEnvironmentsPack/Art/ForestEnvironmentPack/Meshes/ForestEndCube.fbx
  artifactKey: Guid(3d82a2ba7e2178e458f914c609dfdc41) Importer(815301076,1909f56bfc062723c751e8b465ee728b)
Start importing Assets/FreeDimensionForge/LowPolyEnvironmentsPack/Art/ForestEnvironmentPack/Meshes/ForestEndCube.fbx using Guid(3d82a2ba7e2178e458f914c609dfdc41) Importer(815301076,1909f56bfc062723c751e8b465ee728b)  -> (artifact id: '3bb2e2f0279b204323e3c07a64030575') in 0.025529 seconds 
========================================================================
Received Import Request.
  Time since last request: 0.000025 seconds.
  path: Assets/TextMesh Pro/Examples & Extras/Resources/Fonts & Materials/Anton SDF.asset
  artifactKey: Guid(8a89fa14b10d46a99122fd4f73fca9a2) Importer(815301076,1909f56bfc062723c751e8b465ee728b)
Start importing Assets/TextMesh Pro/Examples & Extras/Resources/Fonts & Materials/Anton SDF.asset using Guid(8a89fa14b10d46a99122fd4f73fca9a2) Importer(815301076,1909f56bfc062723c751e8b465ee728b)  -> (artifact id: '988f4a80613a0c2682f86b3e34ebd9e5') in 0.036377 seconds 
========================================================================
Received Import Request.
  Time since last request: 0.000036 seconds.
  path: Assets/Models/World Models/Materials/plantinhas_Default_plantinhas_group31 polySurface37Mat.mat
  artifactKey: Guid(58db479b5aa704609bc9f09232149df6) Importer(815301076,1909f56bfc062723c751e8b465ee728b)
Start importing Assets/Models/World Models/Materials/plantinhas_Default_plantinhas_group31 polySurface37Mat.mat using Guid(58db479b5aa704609bc9f09232149df6) Importer(815301076,1909f56bfc062723c751e8b465ee728b)  -> (artifact id: '236cd607b3f834a4fd68e505e1fd84b3') in 0.014041 seconds 
========================================================================
Received Import Request.
  Time since last request: 0.000023 seconds.
  path: Assets/FreeDimensionForge/LowPolyEnvironmentsPack/Art/ForestEnvironmentPack/Meshes/ForestEmptyCube.fbx
  artifactKey: Guid(723348964191c1f4bba54be5c5914017) Importer(815301076,1909f56bfc062723c751e8b465ee728b)
Start importing Assets/FreeDimensionForge/LowPolyEnvironmentsPack/Art/ForestEnvironmentPack/Meshes/ForestEmptyCube.fbx using Guid(723348964191c1f4bba54be5c5914017) Importer(815301076,1909f56bfc062723c751e8b465ee728b)  -> (artifact id: '69cffe31b166be7688d4705fb437d9db') in 0.026155 seconds 
========================================================================
Received Import Request.
  Time since last request: 0.000022 seconds.
  path: Assets/3D Gamekit - Environment Pack/Environment/Rocks/Materials/Ridge02_Mat.mat
  artifactKey: Guid(2ccd8bf1a9f046849b58082f96cb9ceb) Importer(815301076,1909f56bfc062723c751e8b465ee728b)
Start importing Assets/3D Gamekit - Environment Pack/Environment/Rocks/Materials/Ridge02_Mat.mat using Guid(2ccd8bf1a9f046849b58082f96cb9ceb) Importer(815301076,1909f56bfc062723c751e8b465ee728b)  -> (artifact id: '1bcfbe89c5b4f05118000e5ff26ccfed') in 0.023934 seconds 
========================================================================
Received Import Request.
  Time since last request: 0.000020 seconds.
  path: Assets/Models/World Models/Materials/preda3_Default_preda3_group20_preda3_polySurface6Mat.mat
  artifactKey: Guid(ce0c54e6fea916d478c226af69366db7) Importer(815301076,1909f56bfc062723c751e8b465ee728b)
Start importing Assets/Models/World Models/Materials/preda3_Default_preda3_group20_preda3_polySurface6Mat.mat using Guid(ce0c54e6fea916d478c226af69366db7) Importer(815301076,1909f56bfc062723c751e8b465ee728b)  -> (artifact id: '21885cc62132cd646413d74c43fb0760') in 0.014764 seconds 
========================================================================
Received Import Request.
  Time since last request: 0.000023 seconds.
  path: Assets/Models/World Models/Materials/tree13Mat.mat
  artifactKey: Guid(ff6ebb48c7c6e4271b8c60c04a9f0fc3) Importer(815301076,1909f56bfc062723c751e8b465ee728b)
Start importing Assets/Models/World Models/Materials/tree13Mat.mat using Guid(ff6ebb48c7c6e4271b8c60c04a9f0fc3) Importer(815301076,1909f56bfc062723c751e8b465ee728b)  -> (artifact id: '98391c7b9aea51720394727a1103fb8f') in 0.014468 seconds 
========================================================================
Received Import Request.
  Time since last request: 0.000041 seconds.
  path: Assets/TextMesh Pro/Examples & Extras/Resources/Fonts & Materials/Bangers SDF - Drop Shadow.mat
  artifactKey: Guid(f2dcf029949142e28b974630369c8b4e) Importer(815301076,1909f56bfc062723c751e8b465ee728b)
Start importing Assets/TextMesh Pro/Examples & Extras/Resources/Fonts & Materials/Bangers SDF - Drop Shadow.mat using Guid(f2dcf029949142e28b974630369c8b4e) Importer(815301076,1909f56bfc062723c751e8b465ee728b)  -> (artifact id: 'aa1d9012f72936e0d7c28d865a642b41') in 0.054663 seconds 
========================================================================
Received Import Request.
  Time since last request: 0.000038 seconds.
  path: Assets/Autarca/AlienShipsPack/Materials/AlienFighterGreen.mat
  artifactKey: Guid(bc3d169a8ef803d4abf078bc075e99e4) Importer(815301076,1909f56bfc062723c751e8b465ee728b)
Start importing Assets/Autarca/AlienShipsPack/Materials/AlienFighterGreen.mat using Guid(bc3d169a8ef803d4abf078bc075e99e4) Importer(815301076,1909f56bfc062723c751e8b465ee728b)  -> (artifact id: 'f074ad592ed67283859a343d339fac3e') in 0.022690 seconds 
========================================================================
Received Import Request.
  Time since last request: 0.000028 seconds.
  path: Assets/FreeDimensionForge/LowPolyEnvironmentsPack/Art/ForestEnvironmentPack/Meshes/ForestTreeTrunk_02.fbx
  artifactKey: Guid(c92e0aa7a3bbc554ebfce8c25169d432) Importer(815301076,1909f56bfc062723c751e8b465ee728b)
Start importing Assets/FreeDimensionForge/LowPolyEnvironmentsPack/Art/ForestEnvironmentPack/Meshes/ForestTreeTrunk_02.fbx using Guid(c92e0aa7a3bbc554ebfce8c25169d432) Importer(815301076,1909f56bfc062723c751e8b465ee728b)  -> (artifact id: 'aa22bf39e87c7ec14a4013e369b1aea0') in 0.021432 seconds 
========================================================================
Received Import Request.
  Time since last request: 0.000032 seconds.
  path: Assets/3D Gamekit - Environment Pack/Environment/Rocks/Materials/CliffBig02_Mat.mat
  artifactKey: Guid(bb85f42a6fb68ed4f8156a440dff2b79) Importer(815301076,1909f56bfc062723c751e8b465ee728b)
Start importing Assets/3D Gamekit - Environment Pack/Environment/Rocks/Materials/CliffBig02_Mat.mat using Guid(bb85f42a6fb68ed4f8156a440dff2b79) Importer(815301076,1909f56bfc062723c751e8b465ee728b)  -> (artifact id: '5f28d610b41765154d0057b0a5d9cdd1') in 0.023871 seconds 
========================================================================
Received Import Request.
  Time since last request: 0.000028 seconds.
  path: Assets/FreeDimensionForge/LowPolyEnvironmentsPack/Art/ForestEnvironmentPack/Meshes/ForestTreeSpruce_02.fbx
  artifactKey: Guid(5e7d094e646de6847846fd7b0f5a4d6f) Importer(815301076,1909f56bfc062723c751e8b465ee728b)
Start importing Assets/FreeDimensionForge/LowPolyEnvironmentsPack/Art/ForestEnvironmentPack/Meshes/ForestTreeSpruce_02.fbx using Guid(5e7d094e646de6847846fd7b0f5a4d6f) Importer(815301076,1909f56bfc062723c751e8b465ee728b)  -> (artifact id: '538554b8287bca5a6249369c54aeba02') in 0.021085 seconds 
========================================================================
Received Import Request.
  Time since last request: 0.000028 seconds.
  path: Assets/Models/World Models/Materials/preda3_Default_preda3_group20 preda3_polySurface1Mat.mat
  artifactKey: Guid(fb9c8931d02f746e891f8ec6cf797bf5) Importer(815301076,1909f56bfc062723c751e8b465ee728b)
Start importing Assets/Models/World Models/Materials/preda3_Default_preda3_group20 preda3_polySurface1Mat.mat using Guid(fb9c8931d02f746e891f8ec6cf797bf5) Importer(815301076,1909f56bfc062723c751e8b465ee728b)  -> (artifact id: 'd5838373573c6eb3c43c4e4c0f95e3d1') in 0.012016 seconds 
========================================================================
Received Import Request.
  Time since last request: 0.000020 seconds.
  path: Assets/Models/World Models/Materials/predinhas2_Default_predinhas2_group22 preda3_polySurface3Mat.mat
  artifactKey: Guid(8d7b4e5e85c6c4c8ea27b923b04e7c3b) Importer(815301076,1909f56bfc062723c751e8b465ee728b)
Start importing Assets/Models/World Models/Materials/predinhas2_Default_predinhas2_group22 preda3_polySurface3Mat.mat using Guid(8d7b4e5e85c6c4c8ea27b923b04e7c3b) Importer(815301076,1909f56bfc062723c751e8b465ee728b)  -> (artifact id: 'f6d8051c9dce04f7900eac578ed45308') in 0.015739 seconds 
========================================================================
Received Import Request.
  Time since last request: 0.000026 seconds.
  path: Assets/AliensAndMarines/Artists Assets/Smilzo/Materials/Smilzo_Armor_D.mat
  artifactKey: Guid(e9f48ad0968821d49a401e4b21d35d49) Importer(815301076,1909f56bfc062723c751e8b465ee728b)
Start importing Assets/AliensAndMarines/Artists Assets/Smilzo/Materials/Smilzo_Armor_D.mat using Guid(e9f48ad0968821d49a401e4b21d35d49) Importer(815301076,1909f56bfc062723c751e8b465ee728b)  -> (artifact id: '9350a4e4d9e3e7461a8deeee098bc2ea') in 0.010773 seconds 
========================================================================
Received Import Request.
  Time since last request: 0.000023 seconds.
  path: Assets/Models/World Models/Materials/Tree3_pCylinder4_tree7Mat.mat
  artifactKey: Guid(bcd31fafdcc23414baff86df110ca2d5) Importer(815301076,1909f56bfc062723c751e8b465ee728b)
Start importing Assets/Models/World Models/Materials/Tree3_pCylinder4_tree7Mat.mat using Guid(bcd31fafdcc23414baff86df110ca2d5) Importer(815301076,1909f56bfc062723c751e8b465ee728b)  -> (artifact id: 'f42b0e97c138aa534c2df6b8a9d11788') in 0.010533 seconds 
========================================================================
Received Import Request.
  Time since last request: 8.575812 seconds.
  path: Assets/AliensAndMarines/Artists Assets/Alien_HQ/Materials/Tree_D.mat
  artifactKey: Guid(2225e28c8d7919a468ee3b01353020a1) Importer(815301076,1909f56bfc062723c751e8b465ee728b)
Start importing Assets/AliensAndMarines/Artists Assets/Alien_HQ/Materials/Tree_D.mat using Guid(2225e28c8d7919a468ee3b01353020a1) Importer(815301076,1909f56bfc062723c751e8b465ee728b)  -> (artifact id: 'ff2ddf348726cd577c3dffd2890cb250') in 0.021450 seconds 
========================================================================
Received Import Request.
  Time since last request: 0.000019 seconds.
  path: Assets/3D Gamekit - Environment Pack/Environment/Vegetation/Large/Materials/VegetationLarge03_Mat.mat
  artifactKey: Guid(fa36871593e539b49b6b2a691b8237d2) Importer(815301076,1909f56bfc062723c751e8b465ee728b)
Start importing Assets/3D Gamekit - Environment Pack/Environment/Vegetation/Large/Materials/VegetationLarge03_Mat.mat using Guid(fa36871593e539b49b6b2a691b8237d2) Importer(815301076,1909f56bfc062723c751e8b465ee728b)  -> (artifact id: 'a61fb59a1494fd05f4a781aed1936cbf') in 0.016933 seconds 
========================================================================
Received Import Request.
  Time since last request: 0.000018 seconds.
  path: Assets/Models/World Models/Materials/WoodenFence_WoodenFence_WoodenFence_pCube7Mat.mat
  artifactKey: Guid(331bdb3162f8c40f1b2eb14a39044f81) Importer(815301076,1909f56bfc062723c751e8b465ee728b)
Start importing Assets/Models/World Models/Materials/WoodenFence_WoodenFence_WoodenFence_pCube7Mat.mat using Guid(331bdb3162f8c40f1b2eb14a39044f81) Importer(815301076,1909f56bfc062723c751e8b465ee728b)  -> (artifact id: '7c4a111ca925e964393aaec5422a83c0') in 0.012153 seconds 
========================================================================
Received Import Request.
  Time since last request: 0.000032 seconds.
  path: Assets/Models/World Models/Materials/WoodenFence_WoodenFence_pCube1Mat.mat
  artifactKey: Guid(9f285bcb14de0429d8c84a1f07b57265) Importer(815301076,1909f56bfc062723c751e8b465ee728b)
Start importing Assets/Models/World Models/Materials/WoodenFence_WoodenFence_pCube1Mat.mat using Guid(9f285bcb14de0429d8c84a1f07b57265) Importer(815301076,1909f56bfc062723c751e8b465ee728b)  -> (artifact id: '0b72c33db7f4ac534558cf177b278c33') in 0.012312 seconds 
========================================================================
Received Import Request.
  Time since last request: 0.000022 seconds.
  path: Assets/3D Gamekit - Environment Pack/Environment/Vegetation/Large/Materials/VegetationLarge04_Mat.mat
  artifactKey: Guid(619565ea3e5275b40b150c832fc06191) Importer(815301076,1909f56bfc062723c751e8b465ee728b)
Start importing Assets/3D Gamekit - Environment Pack/Environment/Vegetation/Large/Materials/VegetationLarge04_Mat.mat using Guid(619565ea3e5275b40b150c832fc06191) Importer(815301076,1909f56bfc062723c751e8b465ee728b)  -> (artifact id: '4ee99606c54b442ebf64e33d15b565b2') in 0.019015 seconds 
========================================================================
Received Import Request.
  Time since last request: 0.000019 seconds.
  path: Assets/3D Gamekit - Environment Pack/Environment/Vegetation/Medium/Materials/VegetationMedium01_Mat.mat
  artifactKey: Guid(1423617100caad14882abf111602ec4d) Importer(815301076,1909f56bfc062723c751e8b465ee728b)
Start importing Assets/3D Gamekit - Environment Pack/Environment/Vegetation/Medium/Materials/VegetationMedium01_Mat.mat using Guid(1423617100caad14882abf111602ec4d) Importer(815301076,1909f56bfc062723c751e8b465ee728b)  -> (artifact id: 'a9df9c455561ab58725015b5f467efc8') in 0.017048 seconds 
========================================================================
Received Import Request.
  Time since last request: 0.000022 seconds.
  path: Assets/3D Gamekit - Environment Pack/Environment/Vegetation/Medium/Materials/VegetationMedium04_Mat.mat
  artifactKey: Guid(43ce1333640909546895d8ccb1b70cc1) Importer(815301076,1909f56bfc062723c751e8b465ee728b)
Start importing Assets/3D Gamekit - Environment Pack/Environment/Vegetation/Medium/Materials/VegetationMedium04_Mat.mat using Guid(43ce1333640909546895d8ccb1b70cc1) Importer(815301076,1909f56bfc062723c751e8b465ee728b)  -> (artifact id: '2ab43fe91574f8aea76b8b05038a2e65') in 0.017080 seconds 
========================================================================
Received Import Request.
  Time since last request: 0.000031 seconds.
  path: Assets/3D Gamekit - Environment Pack/Environment/Vegetation/Large/Materials/VegetationLarge01_Mat.mat
  artifactKey: Guid(9837bc8d745123a41b80f8b8f1fd6b86) Importer(815301076,1909f56bfc062723c751e8b465ee728b)
Start importing Assets/3D Gamekit - Environment Pack/Environment/Vegetation/Large/Materials/VegetationLarge01_Mat.mat using Guid(9837bc8d745123a41b80f8b8f1fd6b86) Importer(815301076,1909f56bfc062723c751e8b465ee728b)  -> (artifact id: 'f978bce74b43adfa9aecd03041c319fc') in 0.014116 seconds 
========================================================================
Received Import Request.
  Time since last request: 0.000031 seconds.
  path: Assets/3D Gamekit - Environment Pack/Environment/Vegetation/Small/Materials/VegetationSmall01_MidGlow.mat
  artifactKey: Guid(d376df56b7d6a0d48b993388bd197827) Importer(815301076,1909f56bfc062723c751e8b465ee728b)
Start importing Assets/3D Gamekit - Environment Pack/Environment/Vegetation/Small/Materials/VegetationSmall01_MidGlow.mat using Guid(d376df56b7d6a0d48b993388bd197827) Importer(815301076,1909f56bfc062723c751e8b465ee728b)  -> (artifact id: 'ae305dc4ff1c41c590d60b3ec07fbe6a') in 0.013254 seconds 
Editor requested this worker to shutdown with reason: Scaling down because of idle timeout
AssetImportWorker is now disconnected from the server
Process exiting
Exiting without the bug reporter. Application will terminate with return code 0