Using pre-set license
Built from '2021.3/evg/staging/82bb020e-b03b1330/draft-0' branch; Version is '2021.3.16f1 (4016570cf34f) revision 4200023'; Using compiler version '192829333'; Build Type 'Release'
OS: 'Windows 11  (10.0.22621) 64bit Professional' Language: 'en' Physical Memory: 65445 MB
BatchMode: 1, IsHumanControllingUs: 0, StartBugReporterOnCrash: 0, Is64bit: 1, IsPro: 1

COMMAND LINE ARGUMENTS:
C:\Program Files\Unity 2021.3.16f1\Editor\Unity.exe
-adb2
-batchMode
-noUpm
-name
AssetImportWorker13
-projectPath
D:/School/CART315/gits/Prototype 4B - Planets
-logFile
Logs/AssetImportWorker13.log
-srvPort
54134
Successfully changed project path to: D:/School/CART315/gits/Prototype 4B - Planets
D:/School/CART315/gits/Prototype 4B - Planets
[UnityMemory] Configuration Parameters - Can be set up in boot.config
    "memorysetup-bucket-allocator-granularity=16"
    "memorysetup-bucket-allocator-bucket-count=8"
    "memorysetup-bucket-allocator-block-size=33554432"
    "memorysetup-bucket-allocator-block-count=8"
    "memorysetup-main-allocator-block-size=16777216"
    "memorysetup-thread-allocator-block-size=16777216"
    "memorysetup-gfx-main-allocator-block-size=16777216"
    "memorysetup-gfx-thread-allocator-block-size=16777216"
    "memorysetup-cache-allocator-block-size=4194304"
    "memorysetup-typetree-allocator-block-size=2097152"
    "memorysetup-profiler-bucket-allocator-granularity=16"
    "memorysetup-profiler-bucket-allocator-bucket-count=8"
    "memorysetup-profiler-bucket-allocator-block-size=33554432"
    "memorysetup-profiler-bucket-allocator-block-count=8"
    "memorysetup-profiler-allocator-block-size=16777216"
    "memorysetup-profiler-editor-allocator-block-size=1048576"
    "memorysetup-temp-allocator-size-main=16777216"
    "memorysetup-job-temp-allocator-block-size=2097152"
    "memorysetup-job-temp-allocator-block-size-background=1048576"
    "memorysetup-job-temp-allocator-reduction-small-platforms=262144"
    "memorysetup-temp-allocator-size-background-worker=32768"
    "memorysetup-temp-allocator-size-job-worker=262144"
    "memorysetup-temp-allocator-size-preload-manager=33554432"
    "memorysetup-temp-allocator-size-nav-mesh-worker=65536"
    "memorysetup-temp-allocator-size-audio-worker=65536"
    "memorysetup-temp-allocator-size-cloud-worker=32768"
    "memorysetup-temp-allocator-size-gi-baking-worker=262144"
    "memorysetup-temp-allocator-size-gfx=262144"
Player connection [46736] Host "[IP] 192.168.0.41 [Port] 0 [Flags] 2 [Guid] 4264290300 [EditorId] 4264290300 [Version] 1048832 [Id] WindowsEditor(7,DESKTOP-LUV3IRM) [Debug] 1 [PackageName] WindowsEditor [ProjectName] Editor" joined multi-casting on [225.0.0.222:54997]...

Player connection [46736] Host "[IP] 192.168.0.41 [Port] 0 [Flags] 2 [Guid] 4264290300 [EditorId] 4264290300 [Version] 1048832 [Id] WindowsEditor(7,DESKTOP-LUV3IRM) [Debug] 1 [PackageName] WindowsEditor [ProjectName] Editor" joined alternative multi-casting on [225.0.0.222:34997]...

Refreshing native plugins compatible for Editor in 140.67 ms, found 3 plugins.
Preloading 0 native plugins for Editor in 0.00 ms.
Initialize engine version: 2021.3.16f1 (4016570cf34f)
[Subsystems] Discovering subsystems at path C:/Program Files/Unity 2021.3.16f1/Editor/Data/Resources/UnitySubsystems
[Subsystems] Discovering subsystems at path D:/School/CART315/gits/Prototype 4B - Planets/Assets
GfxDevice: creating device client; threaded=0; jobified=0
Direct3D:
    Version:  Direct3D 11.0 [level 11.1]
    Renderer: NVIDIA GeForce RTX 3070 Ti (ID=0x2482)
    Vendor:   NVIDIA
    VRAM:     8031 MB
    Driver:   31.0.15.2849
Initialize mono
Mono path[0] = 'C:/Program Files/Unity 2021.3.16f1/Editor/Data/Managed'
Mono path[1] = 'C:/Program Files/Unity 2021.3.16f1/Editor/Data/MonoBleedingEdge/lib/mono/unityjit-win32'
Mono config path = 'C:/Program Files/Unity 2021.3.16f1/Editor/Data/MonoBleedingEdge/etc'
Using monoOptions --debugger-agent=transport=dt_socket,embedding=1,server=y,suspend=n,address=127.0.0.1:56656
Begin MonoManager ReloadAssembly
Registering precompiled unity dll's ...
Register platform support module: C:/Program Files/Unity 2021.3.16f1/Editor/Data/PlaybackEngines/WindowsStandaloneSupport/UnityEditor.WindowsStandalone.Extensions.dll
Registered in 0.003074 seconds.
Native extension for WindowsStandalone target not found
Refreshing native plugins compatible for Editor in 132.99 ms, found 3 plugins.
Preloading 0 native plugins for Editor in 0.00 ms.
Mono: successfully reloaded assembly
- Completed reload, in  0.699 seconds
Domain Reload Profiling:
	ReloadAssembly (700ms)
		BeginReloadAssembly (71ms)
			ExecutionOrderSort (0ms)
			DisableScriptedObjects (0ms)
			BackupInstance (0ms)
			ReleaseScriptingObjects (0ms)
			CreateAndSetChildDomain (1ms)
		EndReloadAssembly (514ms)
			LoadAssemblies (68ms)
			RebuildTransferFunctionScriptingTraits (0ms)
			SetupTypeCache (103ms)
			ReleaseScriptCaches (0ms)
			RebuildScriptCaches (27ms)
			SetupLoadedEditorAssemblies (334ms)
				LogAssemblyErrors (0ms)
				InitializePlatformSupportModulesInManaged (6ms)
				SetLoadedEditorAssemblies (0ms)
				RefreshPlugins (133ms)
				BeforeProcessingInitializeOnLoad (1ms)
				ProcessInitializeOnLoadAttributes (145ms)
				ProcessInitializeOnLoadMethodAttributes (48ms)
				AfterProcessingInitializeOnLoad (0ms)
				EditorAssembliesLoaded (0ms)
			ExecutionOrderSort2 (0ms)
			AwakeInstancesAfterBackupRestoration (0ms)
Platform modules already initialized, skipping
Registering precompiled user dll's ...
Registered in 0.006801 seconds.
Begin MonoManager ReloadAssembly
Symbol file LoadedFromMemory doesn't match image D:\School\CART315\gits\Prototype 4B - Planets\Library\PackageCache\com.unity.visualscripting@1.7.8\Editor\VisualScripting.Core\Dependencies\YamlDotNet\Unity.VisualScripting.YamlDotNet.dll
Symbol file LoadedFromMemory doesn't match image D:\School\CART315\gits\Prototype 4B - Planets\Library\PackageCache\com.unity.visualscripting@1.7.8\Editor\VisualScripting.Core\Dependencies\DotNetZip\Unity.VisualScripting.IonicZip.dll
Native extension for WindowsStandalone target not found
Refreshing native plugins compatible for Editor in 121.77 ms, found 3 plugins.
Preloading 0 native plugins for Editor in 0.00 ms.
Mono: successfully reloaded assembly
- Completed reload, in  1.433 seconds
Domain Reload Profiling:
	ReloadAssembly (1434ms)
		BeginReloadAssembly (109ms)
			ExecutionOrderSort (0ms)
			DisableScriptedObjects (5ms)
			BackupInstance (0ms)
			ReleaseScriptingObjects (0ms)
			CreateAndSetChildDomain (20ms)
		EndReloadAssembly (1220ms)
			LoadAssemblies (104ms)
			RebuildTransferFunctionScriptingTraits (0ms)
			SetupTypeCache (356ms)
			ReleaseScriptCaches (1ms)
			RebuildScriptCaches (71ms)
			SetupLoadedEditorAssemblies (646ms)
				LogAssemblyErrors (0ms)
				InitializePlatformSupportModulesInManaged (3ms)
				SetLoadedEditorAssemblies (0ms)
				RefreshPlugins (122ms)
				BeforeProcessingInitializeOnLoad (99ms)
				ProcessInitializeOnLoadAttributes (327ms)
				ProcessInitializeOnLoadMethodAttributes (88ms)
				AfterProcessingInitializeOnLoad (7ms)
				EditorAssembliesLoaded (0ms)
			ExecutionOrderSort2 (0ms)
			AwakeInstancesAfterBackupRestoration (6ms)
Platform modules already initialized, skipping
========================================================================
Worker process is ready to serve import requests
Launched and connected shader compiler UnityShaderCompiler.exe after 0.08 seconds
Refreshing native plugins compatible for Editor in 3.00 ms, found 3 plugins.
Preloading 0 native plugins for Editor in 0.00 ms.
Unloading 5727 Unused Serialized files (Serialized files now loaded: 0)
Unloading 51 unused Assets / (0.8 MB). Loaded Objects now: 6181.
Memory consumption went from 230.9 MB to 230.1 MB.
Total: 5.435300 ms (FindLiveObjects: 0.708300 ms CreateObjectMapping: 0.328000 ms MarkObjects: 4.013000 ms  DeleteObjects: 0.385100 ms)

AssetImportParameters requested are different than current active one (requested -> active):
  custom:video-decoder-ogg-theora: a1e56fd34408186e4bbccfd4996cb3dc -> 
  custom:container-muxer-webm: aa71ff27fc2769a1b78a27578f13a17b -> 
  custom:container-demuxer-webm: 4f35f7cbe854078d1ac9338744f61a02 -> 
  custom:video-encoder-webm-vp8: eb34c28f22e8b96e1ab97ce403110664 -> 
  custom:audio-encoder-webm-vorbis: bf7c407c2cedff20999df2af8eb42d56 -> 
  custom:framework-win-MediaFoundation: 216162199b28c13a410421893ffa2e32 -> 
  custom:container-demuxer-ogg: 62fdf1f143b41e24485cea50d1cbac27 -> 
  custom:video-decoder-webm-vp8: 9c59270c3fd7afecdb556c50c9e8de78 -> 
  custom:audio-decoder-ogg-vorbis: bf7c407c2cedff20999df2af8eb42d56 -> 
========================================================================
Received Import Request.
  Time since last request: 445267.890491 seconds.
  path: Assets/Lowylpoly/Stylized Sci-fi Texture/Materials/Sci-fi Texture.mat
  artifactKey: Guid(6922a499a3eec994c9b20588a6cfd3cd) Importer(815301076,1909f56bfc062723c751e8b465ee728b)
Start importing Assets/Lowylpoly/Stylized Sci-fi Texture/Materials/Sci-fi Texture.mat using Guid(6922a499a3eec994c9b20588a6cfd3cd) Importer(815301076,1909f56bfc062723c751e8b465ee728b)  -> (artifact id: 'd8781887debc60c9e62414dc328950c1') in 0.304891 seconds 
========================================================================
Received Import Request.
  Time since last request: 0.000025 seconds.
  path: Assets/Environment/Art/Models/Wall_Mesh.fbx
  artifactKey: Guid(ff02a0a00ab750f48b09459b1cafd1b8) Importer(815301076,1909f56bfc062723c751e8b465ee728b)
Start importing Assets/Environment/Art/Models/Wall_Mesh.fbx using Guid(ff02a0a00ab750f48b09459b1cafd1b8) Importer(815301076,1909f56bfc062723c751e8b465ee728b)  -> (artifact id: 'aed0406e3b4ee86bc7c2078e5a20fa14') in 0.046769 seconds 
========================================================================
Received Import Request.
  Time since last request: 0.000030 seconds.
  path: Assets/Models/World Models/Materials/preda4_Default_preda4_group16 preda3_polySurface5Mat.mat
  artifactKey: Guid(6edb02f775d664376b4377c56ba31c13) Importer(815301076,1909f56bfc062723c751e8b465ee728b)
Start importing Assets/Models/World Models/Materials/preda4_Default_preda4_group16 preda3_polySurface5Mat.mat using Guid(6edb02f775d664376b4377c56ba31c13) Importer(815301076,1909f56bfc062723c751e8b465ee728b)  -> (artifact id: '3a6ea02a245923e2854111ead5f1f7cd') in 0.016351 seconds 
========================================================================
Received Import Request.
  Time since last request: 0.000029 seconds.
  path: Assets/Models/World Models/Materials/Pinetree2Mat.mat
  artifactKey: Guid(ccae062f1a6224fb788e8b15317d58c7) Importer(815301076,1909f56bfc062723c751e8b465ee728b)
Start importing Assets/Models/World Models/Materials/Pinetree2Mat.mat using Guid(ccae062f1a6224fb788e8b15317d58c7) Importer(815301076,1909f56bfc062723c751e8b465ee728b)  -> (artifact id: '3795231604529e20f7e2fefbcff69d74') in 0.012008 seconds 
========================================================================
Received Import Request.
  Time since last request: 0.000025 seconds.
  path: Assets/Background Alien Skyscrapers Free/Materials/AlienSkyscrapers_Night.mat
  artifactKey: Guid(fa33fbef53dbd604ab7821595be1c5cb) Importer(815301076,1909f56bfc062723c751e8b465ee728b)
Start importing Assets/Background Alien Skyscrapers Free/Materials/AlienSkyscrapers_Night.mat using Guid(fa33fbef53dbd604ab7821595be1c5cb) Importer(815301076,1909f56bfc062723c751e8b465ee728b)  -> (artifact id: '5f485082ad5265e4c73bb078464675b6') in 0.018277 seconds 
========================================================================
Received Import Request.
  Time since last request: 0.000031 seconds.
  path: Assets/Models/World Models/Materials/Pinetree1Mat.mat
  artifactKey: Guid(bf42aaa4e74e84c2bb8c77dd22fcd5b9) Importer(815301076,1909f56bfc062723c751e8b465ee728b)
Start importing Assets/Models/World Models/Materials/Pinetree1Mat.mat using Guid(bf42aaa4e74e84c2bb8c77dd22fcd5b9) Importer(815301076,1909f56bfc062723c751e8b465ee728b)  -> (artifact id: '5f711f37b09713353feda7b6fb2c1f50') in 0.019370 seconds 
========================================================================
Received Import Request.
  Time since last request: 0.000026 seconds.
  path: Assets/Environment/Art/Models/Stairs_650_400_300_Mesh.fbx
  artifactKey: Guid(7e0223e1d3e1733499accfa5ebffb67e) Importer(815301076,1909f56bfc062723c751e8b465ee728b)
Start importing Assets/Environment/Art/Models/Stairs_650_400_300_Mesh.fbx using Guid(7e0223e1d3e1733499accfa5ebffb67e) Importer(815301076,1909f56bfc062723c751e8b465ee728b)  -> (artifact id: 'dba85dee6d826121cb7fb9fcf1384743') in 0.037234 seconds 
========================================================================
Received Import Request.
  Time since last request: 0.000032 seconds.
  path: Assets/3D Gamekit - Environment Pack/Environment/Vegetation/Misc/Materials/Hanging_Moss_Mat.mat
  artifactKey: Guid(bedaa9f893bcd4149a465fbcce1ccc55) Importer(815301076,1909f56bfc062723c751e8b465ee728b)
Start importing Assets/3D Gamekit - Environment Pack/Environment/Vegetation/Misc/Materials/Hanging_Moss_Mat.mat using Guid(bedaa9f893bcd4149a465fbcce1ccc55) Importer(815301076,1909f56bfc062723c751e8b465ee728b)  -> (artifact id: '1f22556be5b520c9057299b10f7606df') in 0.089102 seconds 
========================================================================
Received Import Request.
  Time since last request: 0.000030 seconds.
  path: Assets/3D Gamekit - Environment Pack/Environment/Rocks/Materials/RockSwamp01_Mat.mat
  artifactKey: Guid(fe425a2fd02d81a4a8cffb98bd444c5d) Importer(815301076,1909f56bfc062723c751e8b465ee728b)
Start importing Assets/3D Gamekit - Environment Pack/Environment/Rocks/Materials/RockSwamp01_Mat.mat using Guid(fe425a2fd02d81a4a8cffb98bd444c5d) Importer(815301076,1909f56bfc062723c751e8b465ee728b)  -> (artifact id: 'e1ec20726e978c6283775a60dbe355e8') in 0.021394 seconds 
========================================================================
Received Import Request.
  Time since last request: 0.000038 seconds.
  path: Assets/3D Gamekit - Environment Pack/Environment/Rocks/Materials/CliffBig03_Mat.mat
  artifactKey: Guid(7abcaabf588cc994d9e779dedd12f1dc) Importer(815301076,1909f56bfc062723c751e8b465ee728b)
Start importing Assets/3D Gamekit - Environment Pack/Environment/Rocks/Materials/CliffBig03_Mat.mat using Guid(7abcaabf588cc994d9e779dedd12f1dc) Importer(815301076,1909f56bfc062723c751e8b465ee728b)  -> (artifact id: 'b794f1d2cf1520b1955118d100ad33e3') in 0.029872 seconds 
========================================================================
Received Import Request.
  Time since last request: 0.000020 seconds.
  path: Assets/Models/World Models/Materials/preda3_Default_preda3_group20_preda3_polySurface1Mat.mat
  artifactKey: Guid(19a150bc206cd9d4b80ad33687539c24) Importer(815301076,1909f56bfc062723c751e8b465ee728b)
Start importing Assets/Models/World Models/Materials/preda3_Default_preda3_group20_preda3_polySurface1Mat.mat using Guid(19a150bc206cd9d4b80ad33687539c24) Importer(815301076,1909f56bfc062723c751e8b465ee728b)  -> (artifact id: 'c536677bdea10daee6170f17555368d1') in 0.012123 seconds 
========================================================================
Received Import Request.
  Time since last request: 0.000056 seconds.
  path: Assets/Kevin Iglesias/Basic Motions/Materials/BasicMotionsMaterial.mat
  artifactKey: Guid(ccc50d631d14df84a982c4f4acd00013) Importer(815301076,1909f56bfc062723c751e8b465ee728b)
Start importing Assets/Kevin Iglesias/Basic Motions/Materials/BasicMotionsMaterial.mat using Guid(ccc50d631d14df84a982c4f4acd00013) Importer(815301076,1909f56bfc062723c751e8b465ee728b)  -> (artifact id: '750814555a2d6c1b1cbee6b5bc676afc') in 0.014782 seconds 
========================================================================
Received Import Request.
  Time since last request: 0.000019 seconds.
  path: Assets/Models/World Models/Materials/preda4_Default_preda4_group16 preda4_polySurface1Mat.mat
  artifactKey: Guid(bcfd5e977d65b41dd8389bf4bd17a7c4) Importer(815301076,1909f56bfc062723c751e8b465ee728b)
Start importing Assets/Models/World Models/Materials/preda4_Default_preda4_group16 preda4_polySurface1Mat.mat using Guid(bcfd5e977d65b41dd8389bf4bd17a7c4) Importer(815301076,1909f56bfc062723c751e8b465ee728b)  -> (artifact id: 'e2eb6c80d3ee34278ef00e29fc6ae067') in 0.014075 seconds 
========================================================================
Received Import Request.
  Time since last request: 0.000043 seconds.
  path: Assets/Environment/Art/Models/Box_350x250x200_Mesh.fbx
  artifactKey: Guid(c6a55ba99e9e99d41b7eef123e311a43) Importer(815301076,1909f56bfc062723c751e8b465ee728b)
Start importing Assets/Environment/Art/Models/Box_350x250x200_Mesh.fbx using Guid(c6a55ba99e9e99d41b7eef123e311a43) Importer(815301076,1909f56bfc062723c751e8b465ee728b)  -> (artifact id: '7878e9d6847038555fd3ccd8269b17a7') in 0.019873 seconds 
========================================================================
Received Import Request.
  Time since last request: 0.000025 seconds.
  path: Assets/TextMesh Pro/Examples & Extras/Resources/Fonts & Materials/Anton SDF - Sunny Days.mat
  artifactKey: Guid(6522f30e342599e4e9dd4cc2cc03c830) Importer(815301076,1909f56bfc062723c751e8b465ee728b)
Start importing Assets/TextMesh Pro/Examples & Extras/Resources/Fonts & Materials/Anton SDF - Sunny Days.mat using Guid(6522f30e342599e4e9dd4cc2cc03c830) Importer(815301076,1909f56bfc062723c751e8b465ee728b)  -> (artifact id: '250e7352e4a2934e95109e5c1414512a') in 0.103414 seconds 
========================================================================
Received Import Request.
  Time since last request: 0.000027 seconds.
  path: Assets/Autarca/AlienShipsPack/Meshes/AlienFighter.fbx
  artifactKey: Guid(2e70299eae7fff74a9cfef859bc18b5a) Importer(815301076,1909f56bfc062723c751e8b465ee728b)
Start importing Assets/Autarca/AlienShipsPack/Meshes/AlienFighter.fbx using Guid(2e70299eae7fff74a9cfef859bc18b5a) Importer(815301076,1909f56bfc062723c751e8b465ee728b)  -> (artifact id: '6ee49bb68815c6978a7ec72f5147f5a9') in 0.023633 seconds 
========================================================================
Received Import Request.
  Time since last request: 0.000034 seconds.
  path: Assets/Blink/Art/Textures/StylizedLavaTextures/Rock_Ground_Cliff_1/Rock_Ground_Cliff_1.mat
  artifactKey: Guid(a74af49949acb0945b8396d6fa7b0bc5) Importer(815301076,1909f56bfc062723c751e8b465ee728b)
Start importing Assets/Blink/Art/Textures/StylizedLavaTextures/Rock_Ground_Cliff_1/Rock_Ground_Cliff_1.mat using Guid(a74af49949acb0945b8396d6fa7b0bc5) Importer(815301076,1909f56bfc062723c751e8b465ee728b)  -> (artifact id: '2c305d8cfb5164fac81bdc4dd835c3a5') in 0.020520 seconds 
========================================================================
Received Import Request.
  Time since last request: 0.000044 seconds.
  path: Assets/FreeDimensionForge/LowPolyEnvironmentsPack/Art/ForestEnvironmentPack/Meshes/ForestStraight.fbx
  artifactKey: Guid(676a2ec06f35d204c86ef4c7ae87e4be) Importer(815301076,1909f56bfc062723c751e8b465ee728b)
Start importing Assets/FreeDimensionForge/LowPolyEnvironmentsPack/Art/ForestEnvironmentPack/Meshes/ForestStraight.fbx using Guid(676a2ec06f35d204c86ef4c7ae87e4be) Importer(815301076,1909f56bfc062723c751e8b465ee728b)  -> (artifact id: '10ef2c5e225b2db4100bd9020dd10da7') in 0.020149 seconds 
========================================================================
Received Import Request.
  Time since last request: 0.000019 seconds.
  path: Assets/3D Gamekit - Environment Pack/Environment/Rocks/Materials/RockFloating04_Mat.mat
  artifactKey: Guid(3ef81e43f26c03a48a716c889d201861) Importer(815301076,1909f56bfc062723c751e8b465ee728b)
Start importing Assets/3D Gamekit - Environment Pack/Environment/Rocks/Materials/RockFloating04_Mat.mat using Guid(3ef81e43f26c03a48a716c889d201861) Importer(815301076,1909f56bfc062723c751e8b465ee728b)  -> (artifact id: 'a74804d68d99ddc38d0e6bba17c04f4b') in 0.040895 seconds 
========================================================================
Received Import Request.
  Time since last request: 0.000027 seconds.
  path: Assets/FreeDimensionForge/LowPolyEnvironmentsPack/Art/ForestEnvironmentPack/Meshes/ForestPaddle.fbx
  artifactKey: Guid(74755489382dce440b166aee10278eaa) Importer(815301076,1909f56bfc062723c751e8b465ee728b)
Start importing Assets/FreeDimensionForge/LowPolyEnvironmentsPack/Art/ForestEnvironmentPack/Meshes/ForestPaddle.fbx using Guid(74755489382dce440b166aee10278eaa) Importer(815301076,1909f56bfc062723c751e8b465ee728b)  -> (artifact id: '059da011c859bbb7bb70efb60a6e64e4') in 0.021699 seconds 
========================================================================
Received Import Request.
  Time since last request: 0.000026 seconds.
  path: Assets/Models/World Models/Materials/Tree2_pCylinder4_tree2Mat.mat
  artifactKey: Guid(84c75e84d5d4049c089fe5b5a7473bda) Importer(815301076,1909f56bfc062723c751e8b465ee728b)
Start importing Assets/Models/World Models/Materials/Tree2_pCylinder4_tree2Mat.mat using Guid(84c75e84d5d4049c089fe5b5a7473bda) Importer(815301076,1909f56bfc062723c751e8b465ee728b)  -> (artifact id: '37c1aefefd665d2062d3782358d2fb7d') in 0.013959 seconds 
========================================================================
Received Import Request.
  Time since last request: 8.576741 seconds.
  path: Assets/Models/World Models/Materials/unnamed.mat
  artifactKey: Guid(d97d0b619b2e14195b6869b5722e1859) Importer(815301076,1909f56bfc062723c751e8b465ee728b)
Start importing Assets/Models/World Models/Materials/unnamed.mat using Guid(d97d0b619b2e14195b6869b5722e1859) Importer(815301076,1909f56bfc062723c751e8b465ee728b)  -> (artifact id: '9153ac757b0aededeae59ab3e0537bb8') in 0.021040 seconds 
========================================================================
Received Import Request.
  Time since last request: 0.000021 seconds.
  path: Assets/3D Gamekit - Environment Pack/Environment/Vegetation/Small/Materials/VegetationSmall02_Mat.mat
  artifactKey: Guid(644c4d990d0ad604db9961f895c8b9f9) Importer(815301076,1909f56bfc062723c751e8b465ee728b)
Start importing Assets/3D Gamekit - Environment Pack/Environment/Vegetation/Small/Materials/VegetationSmall02_Mat.mat using Guid(644c4d990d0ad604db9961f895c8b9f9) Importer(815301076,1909f56bfc062723c751e8b465ee728b)  -> (artifact id: 'a35804644ba69ca6f7a8ddf865594ea1') in 0.014358 seconds 
========================================================================
Received Import Request.
  Time since last request: 0.000020 seconds.
  path: Assets/3D Gamekit - Environment Pack/Environment/Vegetation/Misc/Materials/Vine_Mat.mat
  artifactKey: Guid(b345939ea62931547acd63bcd5b485e9) Importer(815301076,1909f56bfc062723c751e8b465ee728b)
Start importing Assets/3D Gamekit - Environment Pack/Environment/Vegetation/Misc/Materials/Vine_Mat.mat using Guid(b345939ea62931547acd63bcd5b485e9) Importer(815301076,1909f56bfc062723c751e8b465ee728b)  -> (artifact id: 'e184779e463f54532edf159b61733898') in 0.015123 seconds 
========================================================================
Received Import Request.
  Time since last request: 0.000042 seconds.
  path: Assets/alien character/animation/Materials/оружие дифуз.mat
  artifactKey: Guid(8d6a056bebfacb5488103142130ada53) Importer(815301076,1909f56bfc062723c751e8b465ee728b)
Start importing Assets/alien character/animation/Materials/оружие дифуз.mat using Guid(8d6a056bebfacb5488103142130ada53) Importer(815301076,1909f56bfc062723c751e8b465ee728b)  -> (artifact id: '7ac7f2ca3a041553f4756334e9647899') in 0.011679 seconds 
========================================================================
Received Import Request.
  Time since last request: 0.000021 seconds.
  path: Assets/3D Gamekit - Environment Pack/Environment/Vegetation/Large/Materials/VegetationLarge07_Mat.mat
  artifactKey: Guid(71aab5c4da545394d98ddfc9835e12db) Importer(815301076,1909f56bfc062723c751e8b465ee728b)
Start importing Assets/3D Gamekit - Environment Pack/Environment/Vegetation/Large/Materials/VegetationLarge07_Mat.mat using Guid(71aab5c4da545394d98ddfc9835e12db) Importer(815301076,1909f56bfc062723c751e8b465ee728b)  -> (artifact id: '9e25e7e05c7459aff51dc886ead703d9') in 0.020219 seconds 
========================================================================
Received Import Request.
  Time since last request: 0.000021 seconds.
  path: Assets/3D Gamekit - Environment Pack/Environment/Vegetation/Small/Materials/VegetationSmall01_Mat.mat
  artifactKey: Guid(896bbfa91dbcbf042994a7e983a4df10) Importer(815301076,1909f56bfc062723c751e8b465ee728b)
Start importing Assets/3D Gamekit - Environment Pack/Environment/Vegetation/Small/Materials/VegetationSmall01_Mat.mat using Guid(896bbfa91dbcbf042994a7e983a4df10) Importer(815301076,1909f56bfc062723c751e8b465ee728b)  -> (artifact id: 'bdabc4025221cb5301a58ad533fdf4d4') in 0.050169 seconds 
========================================================================
Received Import Request.
  Time since last request: 0.000017 seconds.
  path: Assets/3D Gamekit - Environment Pack/Environment/Vegetation/Medium/Materials/VegetationMedium05_Mat.mat
  artifactKey: Guid(aa387c8d5aebdc64392b021db5d2471a) Importer(815301076,1909f56bfc062723c751e8b465ee728b)
Start importing Assets/3D Gamekit - Environment Pack/Environment/Vegetation/Medium/Materials/VegetationMedium05_Mat.mat using Guid(aa387c8d5aebdc64392b021db5d2471a) Importer(815301076,1909f56bfc062723c751e8b465ee728b)  -> (artifact id: 'c9ff5f53f4577204891c6b9992cfa64b') in 0.013428 seconds 
Editor requested this worker to shutdown with reason: Scaling down because of idle timeout
AssetImportWorker is now disconnected from the server
Process exiting
Exiting without the bug reporter. Application will terminate with return code 0