Using pre-set license
Built from '2021.3/evg/staging/82bb020e-b03b1330/draft-0' branch; Version is '2021.3.16f1 (4016570cf34f) revision 4200023'; Using compiler version '192829333'; Build Type 'Release'
OS: 'Windows 11  (10.0.22621) 64bit Professional' Language: 'en' Physical Memory: 65445 MB
BatchMode: 1, IsHumanControllingUs: 0, StartBugReporterOnCrash: 0, Is64bit: 1, IsPro: 1

COMMAND LINE ARGUMENTS:
C:\Program Files\Unity 2021.3.16f1\Editor\Unity.exe
-adb2
-batchMode
-noUpm
-name
AssetImportWorker17
-projectPath
D:/School/CART315/gits/Prototype 4B/Prototype 4B - Planets
-logFile
Logs/AssetImportWorker17.log
-srvPort
61276
Successfully changed project path to: D:/School/CART315/gits/Prototype 4B/Prototype 4B - Planets
D:/School/CART315/gits/Prototype 4B/Prototype 4B - Planets
[UnityMemory] Configuration Parameters - Can be set up in boot.config
    "memorysetup-bucket-allocator-granularity=16"
    "memorysetup-bucket-allocator-bucket-count=8"
    "memorysetup-bucket-allocator-block-size=33554432"
    "memorysetup-bucket-allocator-block-count=8"
    "memorysetup-main-allocator-block-size=16777216"
    "memorysetup-thread-allocator-block-size=16777216"
    "memorysetup-gfx-main-allocator-block-size=16777216"
    "memorysetup-gfx-thread-allocator-block-size=16777216"
    "memorysetup-cache-allocator-block-size=4194304"
    "memorysetup-typetree-allocator-block-size=2097152"
    "memorysetup-profiler-bucket-allocator-granularity=16"
    "memorysetup-profiler-bucket-allocator-bucket-count=8"
    "memorysetup-profiler-bucket-allocator-block-size=33554432"
    "memorysetup-profiler-bucket-allocator-block-count=8"
    "memorysetup-profiler-allocator-block-size=16777216"
    "memorysetup-profiler-editor-allocator-block-size=1048576"
    "memorysetup-temp-allocator-size-main=16777216"
    "memorysetup-job-temp-allocator-block-size=2097152"
    "memorysetup-job-temp-allocator-block-size-background=1048576"
    "memorysetup-job-temp-allocator-reduction-small-platforms=262144"
    "memorysetup-temp-allocator-size-background-worker=32768"
    "memorysetup-temp-allocator-size-job-worker=262144"
    "memorysetup-temp-allocator-size-preload-manager=33554432"
    "memorysetup-temp-allocator-size-nav-mesh-worker=65536"
    "memorysetup-temp-allocator-size-audio-worker=65536"
    "memorysetup-temp-allocator-size-cloud-worker=32768"
    "memorysetup-temp-allocator-size-gi-baking-worker=262144"
    "memorysetup-temp-allocator-size-gfx=262144"
Player connection [46472] Host "[IP] 192.168.0.41 [Port] 0 [Flags] 2 [Guid] 103389417 [EditorId] 103389417 [Version] 1048832 [Id] WindowsEditor(7,DESKTOP-LUV3IRM) [Debug] 1 [PackageName] WindowsEditor [ProjectName] Editor" joined multi-casting on [225.0.0.222:54997]...

Player connection [46472] Host "[IP] 192.168.0.41 [Port] 0 [Flags] 2 [Guid] 103389417 [EditorId] 103389417 [Version] 1048832 [Id] WindowsEditor(7,DESKTOP-LUV3IRM) [Debug] 1 [PackageName] WindowsEditor [ProjectName] Editor" joined alternative multi-casting on [225.0.0.222:34997]...

Refreshing native plugins compatible for Editor in 103.80 ms, found 3 plugins.
Preloading 0 native plugins for Editor in 0.00 ms.
Initialize engine version: 2021.3.16f1 (4016570cf34f)
[Subsystems] Discovering subsystems at path C:/Program Files/Unity 2021.3.16f1/Editor/Data/Resources/UnitySubsystems
[Subsystems] Discovering subsystems at path D:/School/CART315/gits/Prototype 4B/Prototype 4B - Planets/Assets
GfxDevice: creating device client; threaded=0; jobified=0
Direct3D:
    Version:  Direct3D 11.0 [level 11.1]
    Renderer: NVIDIA GeForce RTX 3070 Ti (ID=0x2482)
    Vendor:   NVIDIA
    VRAM:     8031 MB
    Driver:   31.0.15.2849
Initialize mono
Mono path[0] = 'C:/Program Files/Unity 2021.3.16f1/Editor/Data/Managed'
Mono path[1] = 'C:/Program Files/Unity 2021.3.16f1/Editor/Data/MonoBleedingEdge/lib/mono/unityjit-win32'
Mono config path = 'C:/Program Files/Unity 2021.3.16f1/Editor/Data/MonoBleedingEdge/etc'
Using monoOptions --debugger-agent=transport=dt_socket,embedding=1,server=y,suspend=n,address=127.0.0.1:56696
Begin MonoManager ReloadAssembly
Registering precompiled unity dll's ...
Register platform support module: C:/Program Files/Unity 2021.3.16f1/Editor/Data/PlaybackEngines/WindowsStandaloneSupport/UnityEditor.WindowsStandalone.Extensions.dll
Registered in 0.002878 seconds.
Native extension for WindowsStandalone target not found
Refreshing native plugins compatible for Editor in 90.91 ms, found 3 plugins.
Preloading 0 native plugins for Editor in 0.00 ms.
Mono: successfully reloaded assembly
- Completed reload, in  0.509 seconds
Domain Reload Profiling:
	ReloadAssembly (509ms)
		BeginReloadAssembly (60ms)
			ExecutionOrderSort (0ms)
			DisableScriptedObjects (0ms)
			BackupInstance (0ms)
			ReleaseScriptingObjects (0ms)
			CreateAndSetChildDomain (1ms)
		EndReloadAssembly (364ms)
			LoadAssemblies (58ms)
			RebuildTransferFunctionScriptingTraits (0ms)
			SetupTypeCache (71ms)
			ReleaseScriptCaches (0ms)
			RebuildScriptCaches (19ms)
			SetupLoadedEditorAssemblies (235ms)
				LogAssemblyErrors (0ms)
				InitializePlatformSupportModulesInManaged (5ms)
				SetLoadedEditorAssemblies (0ms)
				RefreshPlugins (91ms)
				BeforeProcessingInitializeOnLoad (1ms)
				ProcessInitializeOnLoadAttributes (104ms)
				ProcessInitializeOnLoadMethodAttributes (33ms)
				AfterProcessingInitializeOnLoad (0ms)
				EditorAssembliesLoaded (0ms)
			ExecutionOrderSort2 (0ms)
			AwakeInstancesAfterBackupRestoration (0ms)
Platform modules already initialized, skipping
Registering precompiled user dll's ...
Registered in 0.006541 seconds.
Begin MonoManager ReloadAssembly
Symbol file LoadedFromMemory doesn't match image D:\School\CART315\gits\Prototype 4B\Prototype 4B - Planets\Library\PackageCache\com.unity.visualscripting@1.7.8\Editor\VisualScripting.Core\Dependencies\YamlDotNet\Unity.VisualScripting.YamlDotNet.dll
Symbol file LoadedFromMemory doesn't match image D:\School\CART315\gits\Prototype 4B\Prototype 4B - Planets\Library\PackageCache\com.unity.visualscripting@1.7.8\Editor\VisualScripting.Core\Dependencies\DotNetZip\Unity.VisualScripting.IonicZip.dll
Native extension for WindowsStandalone target not found
Refreshing native plugins compatible for Editor in 91.19 ms, found 3 plugins.
Preloading 0 native plugins for Editor in 0.00 ms.
Mono: successfully reloaded assembly
- Completed reload, in  1.075 seconds
Domain Reload Profiling:
	ReloadAssembly (1075ms)
		BeginReloadAssembly (81ms)
			ExecutionOrderSort (0ms)
			DisableScriptedObjects (4ms)
			BackupInstance (0ms)
			ReleaseScriptingObjects (0ms)
			CreateAndSetChildDomain (16ms)
		EndReloadAssembly (907ms)
			LoadAssemblies (74ms)
			RebuildTransferFunctionScriptingTraits (0ms)
			SetupTypeCache (234ms)
			ReleaseScriptCaches (1ms)
			RebuildScriptCaches (49ms)
			SetupLoadedEditorAssemblies (518ms)
				LogAssemblyErrors (0ms)
				InitializePlatformSupportModulesInManaged (3ms)
				SetLoadedEditorAssemblies (0ms)
				RefreshPlugins (91ms)
				BeforeProcessingInitializeOnLoad (91ms)
				ProcessInitializeOnLoadAttributes (266ms)
				ProcessInitializeOnLoadMethodAttributes (61ms)
				AfterProcessingInitializeOnLoad (6ms)
				EditorAssembliesLoaded (0ms)
			ExecutionOrderSort2 (0ms)
			AwakeInstancesAfterBackupRestoration (4ms)
Platform modules already initialized, skipping
========================================================================
Worker process is ready to serve import requests
Launched and connected shader compiler UnityShaderCompiler.exe after 0.05 seconds
Refreshing native plugins compatible for Editor in 1.64 ms, found 3 plugins.
Preloading 0 native plugins for Editor in 0.00 ms.
Unloading 5671 Unused Serialized files (Serialized files now loaded: 0)
Unloading 51 unused Assets / (0.8 MB). Loaded Objects now: 6130.
Memory consumption went from 226.3 MB to 225.5 MB.
Total: 3.194700 ms (FindLiveObjects: 0.330900 ms CreateObjectMapping: 0.132300 ms MarkObjects: 2.471200 ms  DeleteObjects: 0.259700 ms)

AssetImportParameters requested are different than current active one (requested -> active):
  custom:video-decoder-ogg-theora: a1e56fd34408186e4bbccfd4996cb3dc -> 
  custom:container-muxer-webm: aa71ff27fc2769a1b78a27578f13a17b -> 
  custom:container-demuxer-webm: 4f35f7cbe854078d1ac9338744f61a02 -> 
  custom:video-encoder-webm-vp8: eb34c28f22e8b96e1ab97ce403110664 -> 
  custom:audio-encoder-webm-vorbis: bf7c407c2cedff20999df2af8eb42d56 -> 
  custom:framework-win-MediaFoundation: 216162199b28c13a410421893ffa2e32 -> 
  custom:container-demuxer-ogg: 62fdf1f143b41e24485cea50d1cbac27 -> 
  custom:video-decoder-webm-vp8: 9c59270c3fd7afecdb556c50c9e8de78 -> 
  custom:audio-decoder-ogg-vorbis: bf7c407c2cedff20999df2af8eb42d56 -> 
========================================================================
Received Import Request.
  Time since last request: 1738774.898827 seconds.
  path: Assets/FreeDimensionForge/LowPolyEnvironmentsPack/Art/ForestEnvironmentPack/PostProcessing
  artifactKey: Guid(ace5a62130b4c554f904fb0963e925b5) Importer(815301076,1909f56bfc062723c751e8b465ee728b)
Start importing Assets/FreeDimensionForge/LowPolyEnvironmentsPack/Art/ForestEnvironmentPack/PostProcessing using Guid(ace5a62130b4c554f904fb0963e925b5) Importer(815301076,1909f56bfc062723c751e8b465ee728b)  -> (artifact id: 'b7fb02a21cc4ec764f43afa907c7dad0') in 0.012749 seconds 
========================================================================
Received Import Request.
  Time since last request: 0.046826 seconds.
  path: Assets/FreeDimensionForge/LowPolyEnvironmentsPack/Art/ForestEnvironmentPack/PostProcessing/PostProcessingProfile_Forest.asset
  artifactKey: Guid(f30ef944c1f9aaf44845dccba6511352) Importer(815301076,1909f56bfc062723c751e8b465ee728b)
Start importing Assets/FreeDimensionForge/LowPolyEnvironmentsPack/Art/ForestEnvironmentPack/PostProcessing/PostProcessingProfile_Forest.asset using Guid(f30ef944c1f9aaf44845dccba6511352) Importer(815301076,1909f56bfc062723c751e8b465ee728b)  -> (artifact id: '142dfefb09ec18642710d2f5277549e6') in 0.018632 seconds 
========================================================================
Received Import Request.
  Time since last request: 1.855029 seconds.
  path: Assets/FreeDimensionForge/LowPolyEnvironmentsPack/Art/ForestEnvironmentPack/Particles
  artifactKey: Guid(648452768e0f0dd46801eb2d1146db54) Importer(815301076,1909f56bfc062723c751e8b465ee728b)
Start importing Assets/FreeDimensionForge/LowPolyEnvironmentsPack/Art/ForestEnvironmentPack/Particles using Guid(648452768e0f0dd46801eb2d1146db54) Importer(815301076,1909f56bfc062723c751e8b465ee728b)  -> (artifact id: '118f5d8f68811bf72a3dcafbe3c020e6') in 0.005075 seconds 
========================================================================
Received Import Request.
  Time since last request: 0.038238 seconds.
  path: Assets/FreeDimensionForge/LowPolyEnvironmentsPack/Art/ForestEnvironmentPack/Particles/Clouds.mat
  artifactKey: Guid(69484b54d7186654f812a1d02d479e68) Importer(815301076,1909f56bfc062723c751e8b465ee728b)
Start importing Assets/FreeDimensionForge/LowPolyEnvironmentsPack/Art/ForestEnvironmentPack/Particles/Clouds.mat using Guid(69484b54d7186654f812a1d02d479e68) Importer(815301076,1909f56bfc062723c751e8b465ee728b)  -> (artifact id: '038719579a9970e22e9934c84e45243e') in 0.180642 seconds 
========================================================================
Received Import Request.
  Time since last request: 10.820149 seconds.
  path: Assets/FreeDimensionForge/LowPolyEnvironmentsPack/Art/ForestEnvironmentPack/Meshes
  artifactKey: Guid(7b5951cbfe0cecb4aa633a325747c10b) Importer(815301076,1909f56bfc062723c751e8b465ee728b)
Start importing Assets/FreeDimensionForge/LowPolyEnvironmentsPack/Art/ForestEnvironmentPack/Meshes using Guid(7b5951cbfe0cecb4aa633a325747c10b) Importer(815301076,1909f56bfc062723c751e8b465ee728b)  -> (artifact id: '1aa5abee9c1d5d3b8062580146dd9c9a') in 0.005190 seconds 
========================================================================
Received Import Request.
  Time since last request: 0.038331 seconds.
  path: Assets/FreeDimensionForge/LowPolyEnvironmentsPack/Art/ForestEnvironmentPack/Meshes/ForestAxe.fbx
  artifactKey: Guid(5450b0509326a3d4ea60ec36127da31a) Importer(815301076,1909f56bfc062723c751e8b465ee728b)
Start importing Assets/FreeDimensionForge/LowPolyEnvironmentsPack/Art/ForestEnvironmentPack/Meshes/ForestAxe.fbx using Guid(5450b0509326a3d4ea60ec36127da31a) Importer(815301076,1909f56bfc062723c751e8b465ee728b)  -> (artifact id: '37f02b937f76aadc549ef9430ae697e2') in 0.028172 seconds 
========================================================================
Received Import Request.
  Time since last request: 0.000017 seconds.
  path: Assets/FreeDimensionForge/LowPolyEnvironmentsPack/Art/ForestEnvironmentPack/Meshes/ForestTreeTrunkBench.fbx
  artifactKey: Guid(59a8da1f9fa56c14f831e558ffacdf64) Importer(815301076,1909f56bfc062723c751e8b465ee728b)
Start importing Assets/FreeDimensionForge/LowPolyEnvironmentsPack/Art/ForestEnvironmentPack/Meshes/ForestTreeTrunkBench.fbx using Guid(59a8da1f9fa56c14f831e558ffacdf64) Importer(815301076,1909f56bfc062723c751e8b465ee728b)  -> (artifact id: 'fc8abd21c6ab66ecde8997a2c9bfe45d') in 0.024565 seconds 
========================================================================
Received Import Request.
  Time since last request: 0.000021 seconds.
  path: Assets/FreeDimensionForge/LowPolyEnvironmentsPack/Art/ForestEnvironmentPack/Meshes/ForestTree_01.fbx
  artifactKey: Guid(1f3bb44e097c59246a6e41b239e67f11) Importer(815301076,1909f56bfc062723c751e8b465ee728b)
Start importing Assets/FreeDimensionForge/LowPolyEnvironmentsPack/Art/ForestEnvironmentPack/Meshes/ForestTree_01.fbx using Guid(1f3bb44e097c59246a6e41b239e67f11) Importer(815301076,1909f56bfc062723c751e8b465ee728b)  -> (artifact id: 'bcc922d16fc20b1f38b85c9766b1596c') in 0.018840 seconds 
========================================================================
Received Import Request.
  Time since last request: 0.000018 seconds.
  path: Assets/FreeDimensionForge/LowPolyEnvironmentsPack/Art/ForestEnvironmentPack/Meshes/ForestTreeTrunkTable.fbx
  artifactKey: Guid(3b06472fcebd4ac46aa280863b658d7c) Importer(815301076,1909f56bfc062723c751e8b465ee728b)
Start importing Assets/FreeDimensionForge/LowPolyEnvironmentsPack/Art/ForestEnvironmentPack/Meshes/ForestTreeTrunkTable.fbx using Guid(3b06472fcebd4ac46aa280863b658d7c) Importer(815301076,1909f56bfc062723c751e8b465ee728b)  -> (artifact id: 'f6485c631d116aa47c8051fcbf147c61') in 0.018384 seconds 
========================================================================
Received Import Request.
  Time since last request: 0.000023 seconds.
  path: Assets/FreeDimensionForge/LowPolyEnvironmentsPack/Art/ForestEnvironmentPack/Meshes/ForestCrossingCube_01.fbx
  artifactKey: Guid(2c7e0b22800c21c4fb98881b13fb7ff3) Importer(815301076,1909f56bfc062723c751e8b465ee728b)
Start importing Assets/FreeDimensionForge/LowPolyEnvironmentsPack/Art/ForestEnvironmentPack/Meshes/ForestCrossingCube_01.fbx using Guid(2c7e0b22800c21c4fb98881b13fb7ff3) Importer(815301076,1909f56bfc062723c751e8b465ee728b)  -> (artifact id: '03eff929db5b2f0be64cd95532cdadb4') in 0.018885 seconds 
========================================================================
Received Import Request.
  Time since last request: 0.000019 seconds.
  path: Assets/FreeDimensionForge/LowPolyEnvironmentsPack/Art/ForestEnvironmentPack/Meshes/ForestTreeTrunk_01.fbx
  artifactKey: Guid(58070766bab0b87428a33bd9fb73cffc) Importer(815301076,1909f56bfc062723c751e8b465ee728b)
Start importing Assets/FreeDimensionForge/LowPolyEnvironmentsPack/Art/ForestEnvironmentPack/Meshes/ForestTreeTrunk_01.fbx using Guid(58070766bab0b87428a33bd9fb73cffc) Importer(815301076,1909f56bfc062723c751e8b465ee728b)  -> (artifact id: '3f0f713097bba5d4339e8aa77f592a50') in 0.018138 seconds 
========================================================================
Received Import Request.
  Time since last request: 0.000017 seconds.
  path: Assets/FreeDimensionForge/LowPolyEnvironmentsPack/Art/ForestEnvironmentPack/Meshes/ForestTent_01.fbx
  artifactKey: Guid(598080c7492a34443865a268005c8eda) Importer(815301076,1909f56bfc062723c751e8b465ee728b)
Start importing Assets/FreeDimensionForge/LowPolyEnvironmentsPack/Art/ForestEnvironmentPack/Meshes/ForestTent_01.fbx using Guid(598080c7492a34443865a268005c8eda) Importer(815301076,1909f56bfc062723c751e8b465ee728b)  -> (artifact id: 'b4bc6a0d2843861817ec17acc391dadb') in 0.020305 seconds 
========================================================================
Received Import Request.
  Time since last request: 0.000021 seconds.
  path: Assets/FreeDimensionForge/LowPolyEnvironmentsPack/Art/ForestEnvironmentPack/Meshes/ForestLakeCube.fbx
  artifactKey: Guid(183808206009ef549b2c2747ce7554fc) Importer(815301076,1909f56bfc062723c751e8b465ee728b)
Start importing Assets/FreeDimensionForge/LowPolyEnvironmentsPack/Art/ForestEnvironmentPack/Meshes/ForestLakeCube.fbx using Guid(183808206009ef549b2c2747ce7554fc) Importer(815301076,1909f56bfc062723c751e8b465ee728b)  -> (artifact id: '5217d0be63583f8f6b44af838a732c94') in 0.015605 seconds 
========================================================================
Received Import Request.
  Time since last request: 0.000032 seconds.
  path: Assets/FreeDimensionForge/LowPolyEnvironmentsPack/Art/ForestEnvironmentPack/Meshes/ForestEndCube.fbx
  artifactKey: Guid(3d82a2ba7e2178e458f914c609dfdc41) Importer(815301076,1909f56bfc062723c751e8b465ee728b)
Start importing Assets/FreeDimensionForge/LowPolyEnvironmentsPack/Art/ForestEnvironmentPack/Meshes/ForestEndCube.fbx using Guid(3d82a2ba7e2178e458f914c609dfdc41) Importer(815301076,1909f56bfc062723c751e8b465ee728b)  -> (artifact id: 'a797bfd03eabed7a4bc64ff87cb7d84d') in 0.016819 seconds 
========================================================================
Received Import Request.
  Time since last request: 0.000023 seconds.
  path: Assets/FreeDimensionForge/LowPolyEnvironmentsPack/Art/ForestEnvironmentPack/Meshes/ForestCrossingCube_02.fbx
  artifactKey: Guid(777dd9184b063a64087612fef6d220b4) Importer(815301076,1909f56bfc062723c751e8b465ee728b)
Start importing Assets/FreeDimensionForge/LowPolyEnvironmentsPack/Art/ForestEnvironmentPack/Meshes/ForestCrossingCube_02.fbx using Guid(777dd9184b063a64087612fef6d220b4) Importer(815301076,1909f56bfc062723c751e8b465ee728b)  -> (artifact id: '06efce7b3b3711892c656cec366e5bd9') in 0.017907 seconds 
========================================================================
Received Import Request.
  Time since last request: 0.000019 seconds.
  path: Assets/FreeDimensionForge/LowPolyEnvironmentsPack/Art/ForestEnvironmentPack/Meshes/ForestMushroom02.fbx
  artifactKey: Guid(d385ea4bbd5723b488be5092b02264a5) Importer(815301076,1909f56bfc062723c751e8b465ee728b)
Start importing Assets/FreeDimensionForge/LowPolyEnvironmentsPack/Art/ForestEnvironmentPack/Meshes/ForestMushroom02.fbx using Guid(d385ea4bbd5723b488be5092b02264a5) Importer(815301076,1909f56bfc062723c751e8b465ee728b)  -> (artifact id: '6f0122ee98bb96e46b072ac355f7cf4b') in 0.017369 seconds 
========================================================================
Received Import Request.
  Time since last request: 4.176955 seconds.
  path: Assets/FreeDimensionForge/LowPolyEnvironmentsPack/Art/ForestEnvironmentPack/Materials
  artifactKey: Guid(dd9286527287fb2428c46cee451b5d1c) Importer(815301076,1909f56bfc062723c751e8b465ee728b)
Start importing Assets/FreeDimensionForge/LowPolyEnvironmentsPack/Art/ForestEnvironmentPack/Materials using Guid(dd9286527287fb2428c46cee451b5d1c) Importer(815301076,1909f56bfc062723c751e8b465ee728b)  -> (artifact id: '2b7b8b08cd835654bf5c1c926665ceca') in 0.005293 seconds 
========================================================================
Received Import Request.
  Time since last request: 0.070198 seconds.
  path: Assets/FreeDimensionForge/LowPolyEnvironmentsPack/Art/ForestEnvironmentPack/Materials/Black_M.mat
  artifactKey: Guid(db79af07540b1164bb721b628d852413) Importer(815301076,1909f56bfc062723c751e8b465ee728b)
Start importing Assets/FreeDimensionForge/LowPolyEnvironmentsPack/Art/ForestEnvironmentPack/Materials/Black_M.mat using Guid(db79af07540b1164bb721b628d852413) Importer(815301076,1909f56bfc062723c751e8b465ee728b)  -> (artifact id: '2d0cae1af7ad82443fabf4a9c46943f7') in 0.009678 seconds 
Editor requested this worker to shutdown with reason: Scaling down because of idle timeout
AssetImportWorker is now disconnected from the server
Process exiting
Exiting without the bug reporter. Application will terminate with return code 0