Using pre-set license
Built from '2021.3/evg/staging/82bb020e-b03b1330/draft-0' branch; Version is '2021.3.16f1 (4016570cf34f) revision 4200023'; Using compiler version '192829333'; Build Type 'Release'
OS: 'Windows 11  (10.0.22621) 64bit Professional' Language: 'en' Physical Memory: 65445 MB
BatchMode: 1, IsHumanControllingUs: 0, StartBugReporterOnCrash: 0, Is64bit: 1, IsPro: 1

COMMAND LINE ARGUMENTS:
C:\Program Files\Unity 2021.3.16f1\Editor\Unity.exe
-adb2
-batchMode
-noUpm
-name
AssetImportWorker10
-projectPath
D:/School/CART315/gits/Prototype 4B/Prototype 4B - Planets
-logFile
Logs/AssetImportWorker10.log
-srvPort
54739
Successfully changed project path to: D:/School/CART315/gits/Prototype 4B/Prototype 4B - Planets
D:/School/CART315/gits/Prototype 4B/Prototype 4B - Planets
[UnityMemory] Configuration Parameters - Can be set up in boot.config
    "memorysetup-bucket-allocator-granularity=16"
    "memorysetup-bucket-allocator-bucket-count=8"
    "memorysetup-bucket-allocator-block-size=33554432"
    "memorysetup-bucket-allocator-block-count=8"
    "memorysetup-main-allocator-block-size=16777216"
    "memorysetup-thread-allocator-block-size=16777216"
    "memorysetup-gfx-main-allocator-block-size=16777216"
    "memorysetup-gfx-thread-allocator-block-size=16777216"
    "memorysetup-cache-allocator-block-size=4194304"
    "memorysetup-typetree-allocator-block-size=2097152"
    "memorysetup-profiler-bucket-allocator-granularity=16"
    "memorysetup-profiler-bucket-allocator-bucket-count=8"
    "memorysetup-profiler-bucket-allocator-block-size=33554432"
    "memorysetup-profiler-bucket-allocator-block-count=8"
    "memorysetup-profiler-allocator-block-size=16777216"
    "memorysetup-profiler-editor-allocator-block-size=1048576"
    "memorysetup-temp-allocator-size-main=16777216"
    "memorysetup-job-temp-allocator-block-size=2097152"
    "memorysetup-job-temp-allocator-block-size-background=1048576"
    "memorysetup-job-temp-allocator-reduction-small-platforms=262144"
    "memorysetup-temp-allocator-size-background-worker=32768"
    "memorysetup-temp-allocator-size-job-worker=262144"
    "memorysetup-temp-allocator-size-preload-manager=33554432"
    "memorysetup-temp-allocator-size-nav-mesh-worker=65536"
    "memorysetup-temp-allocator-size-audio-worker=65536"
    "memorysetup-temp-allocator-size-cloud-worker=32768"
    "memorysetup-temp-allocator-size-gi-baking-worker=262144"
    "memorysetup-temp-allocator-size-gfx=262144"
Player connection [18928] Host "[IP] 192.168.0.41 [Port] 0 [Flags] 2 [Guid] 2033817961 [EditorId] 2033817961 [Version] 1048832 [Id] WindowsEditor(7,DESKTOP-LUV3IRM) [Debug] 1 [PackageName] WindowsEditor [ProjectName] Editor" joined multi-casting on [225.0.0.222:54997]...

Player connection [18928] Host "[IP] 192.168.0.41 [Port] 0 [Flags] 2 [Guid] 2033817961 [EditorId] 2033817961 [Version] 1048832 [Id] WindowsEditor(7,DESKTOP-LUV3IRM) [Debug] 1 [PackageName] WindowsEditor [ProjectName] Editor" joined alternative multi-casting on [225.0.0.222:34997]...

Refreshing native plugins compatible for Editor in 110.99 ms, found 3 plugins.
Preloading 0 native plugins for Editor in 0.00 ms.
Initialize engine version: 2021.3.16f1 (4016570cf34f)
[Subsystems] Discovering subsystems at path C:/Program Files/Unity 2021.3.16f1/Editor/Data/Resources/UnitySubsystems
[Subsystems] Discovering subsystems at path D:/School/CART315/gits/Prototype 4B/Prototype 4B - Planets/Assets
GfxDevice: creating device client; threaded=0; jobified=0
Direct3D:
    Version:  Direct3D 11.0 [level 11.1]
    Renderer: NVIDIA GeForce RTX 3070 Ti (ID=0x2482)
    Vendor:   NVIDIA
    VRAM:     8031 MB
    Driver:   31.0.15.2849
Initialize mono
Mono path[0] = 'C:/Program Files/Unity 2021.3.16f1/Editor/Data/Managed'
Mono path[1] = 'C:/Program Files/Unity 2021.3.16f1/Editor/Data/MonoBleedingEdge/lib/mono/unityjit-win32'
Mono config path = 'C:/Program Files/Unity 2021.3.16f1/Editor/Data/MonoBleedingEdge/etc'
Using monoOptions --debugger-agent=transport=dt_socket,embedding=1,server=y,suspend=n,address=127.0.0.1:56772
Begin MonoManager ReloadAssembly
Registering precompiled unity dll's ...
Register platform support module: C:/Program Files/Unity 2021.3.16f1/Editor/Data/PlaybackEngines/WindowsStandaloneSupport/UnityEditor.WindowsStandalone.Extensions.dll
Registered in 0.003100 seconds.
Native extension for WindowsStandalone target not found
Refreshing native plugins compatible for Editor in 96.43 ms, found 3 plugins.
Preloading 0 native plugins for Editor in 0.00 ms.
Mono: successfully reloaded assembly
- Completed reload, in  0.505 seconds
Domain Reload Profiling:
	ReloadAssembly (506ms)
		BeginReloadAssembly (56ms)
			ExecutionOrderSort (0ms)
			DisableScriptedObjects (0ms)
			BackupInstance (0ms)
			ReleaseScriptingObjects (0ms)
			CreateAndSetChildDomain (1ms)
		EndReloadAssembly (368ms)
			LoadAssemblies (54ms)
			RebuildTransferFunctionScriptingTraits (0ms)
			SetupTypeCache (71ms)
			ReleaseScriptCaches (0ms)
			RebuildScriptCaches (18ms)
			SetupLoadedEditorAssemblies (241ms)
				LogAssemblyErrors (0ms)
				InitializePlatformSupportModulesInManaged (6ms)
				SetLoadedEditorAssemblies (0ms)
				RefreshPlugins (96ms)
				BeforeProcessingInitializeOnLoad (1ms)
				ProcessInitializeOnLoadAttributes (105ms)
				ProcessInitializeOnLoadMethodAttributes (33ms)
				AfterProcessingInitializeOnLoad (0ms)
				EditorAssembliesLoaded (0ms)
			ExecutionOrderSort2 (0ms)
			AwakeInstancesAfterBackupRestoration (0ms)
Platform modules already initialized, skipping
Registering precompiled user dll's ...
Registered in 0.006526 seconds.
Begin MonoManager ReloadAssembly
Symbol file LoadedFromMemory doesn't match image D:\School\CART315\gits\Prototype 4B\Prototype 4B - Planets\Library\PackageCache\com.unity.visualscripting@1.7.8\Editor\VisualScripting.Core\Dependencies\YamlDotNet\Unity.VisualScripting.YamlDotNet.dll
Symbol file LoadedFromMemory doesn't match image D:\School\CART315\gits\Prototype 4B\Prototype 4B - Planets\Library\PackageCache\com.unity.visualscripting@1.7.8\Editor\VisualScripting.Core\Dependencies\DotNetZip\Unity.VisualScripting.IonicZip.dll
Native extension for WindowsStandalone target not found
Refreshing native plugins compatible for Editor in 98.03 ms, found 3 plugins.
Preloading 0 native plugins for Editor in 0.00 ms.
Mono: successfully reloaded assembly
- Completed reload, in  1.114 seconds
Domain Reload Profiling:
	ReloadAssembly (1114ms)
		BeginReloadAssembly (83ms)
			ExecutionOrderSort (0ms)
			DisableScriptedObjects (4ms)
			BackupInstance (0ms)
			ReleaseScriptingObjects (0ms)
			CreateAndSetChildDomain (16ms)
		EndReloadAssembly (943ms)
			LoadAssemblies (75ms)
			RebuildTransferFunctionScriptingTraits (0ms)
			SetupTypeCache (231ms)
			ReleaseScriptCaches (1ms)
			RebuildScriptCaches (47ms)
			SetupLoadedEditorAssemblies (560ms)
				LogAssemblyErrors (0ms)
				InitializePlatformSupportModulesInManaged (3ms)
				SetLoadedEditorAssemblies (0ms)
				RefreshPlugins (98ms)
				BeforeProcessingInitializeOnLoad (95ms)
				ProcessInitializeOnLoadAttributes (298ms)
				ProcessInitializeOnLoadMethodAttributes (60ms)
				AfterProcessingInitializeOnLoad (6ms)
				EditorAssembliesLoaded (0ms)
			ExecutionOrderSort2 (0ms)
			AwakeInstancesAfterBackupRestoration (4ms)
Platform modules already initialized, skipping
========================================================================
Worker process is ready to serve import requests
Launched and connected shader compiler UnityShaderCompiler.exe after 0.05 seconds
Refreshing native plugins compatible for Editor in 1.11 ms, found 3 plugins.
Preloading 0 native plugins for Editor in 0.00 ms.
Unloading 5725 Unused Serialized files (Serialized files now loaded: 0)
Unloading 51 unused Assets / (0.8 MB). Loaded Objects now: 6179.
Memory consumption went from 232.1 MB to 231.3 MB.
Total: 3.236800 ms (FindLiveObjects: 0.328700 ms CreateObjectMapping: 0.135300 ms MarkObjects: 2.500700 ms  DeleteObjects: 0.271100 ms)

AssetImportParameters requested are different than current active one (requested -> active):
  custom:video-decoder-ogg-theora: a1e56fd34408186e4bbccfd4996cb3dc -> 
  custom:container-muxer-webm: aa71ff27fc2769a1b78a27578f13a17b -> 
  custom:container-demuxer-webm: 4f35f7cbe854078d1ac9338744f61a02 -> 
  custom:video-encoder-webm-vp8: eb34c28f22e8b96e1ab97ce403110664 -> 
  custom:audio-encoder-webm-vorbis: bf7c407c2cedff20999df2af8eb42d56 -> 
  custom:framework-win-MediaFoundation: 216162199b28c13a410421893ffa2e32 -> 
  custom:SearchIndexIgnoredProperties: e643bd26f0fe6173181afceb89e7c659 -> 
  custom:container-demuxer-ogg: 62fdf1f143b41e24485cea50d1cbac27 -> 
  custom:video-decoder-webm-vp8: 9c59270c3fd7afecdb556c50c9e8de78 -> 
  custom:audio-decoder-ogg-vorbis: bf7c407c2cedff20999df2af8eb42d56 -> 
========================================================================
Received Prepare
Registering precompiled user dll's ...
Registered in 0.005765 seconds.
Begin MonoManager ReloadAssembly
Symbol file LoadedFromMemory doesn't match image D:\School\CART315\gits\Prototype 4B\Prototype 4B - Planets\Library\PackageCache\com.unity.visualscripting@1.7.8\Editor\VisualScripting.Core\Dependencies\YamlDotNet\Unity.VisualScripting.YamlDotNet.dll
Symbol file LoadedFromMemory doesn't match image D:\School\CART315\gits\Prototype 4B\Prototype 4B - Planets\Library\PackageCache\com.unity.visualscripting@1.7.8\Editor\VisualScripting.Core\Dependencies\DotNetZip\Unity.VisualScripting.IonicZip.dll
Native extension for WindowsStandalone target not found
Refreshing native plugins compatible for Editor in 1.71 ms, found 3 plugins.
Preloading 0 native plugins for Editor in 0.00 ms.
Mono: successfully reloaded assembly
- Completed reload, in  1.027 seconds
Domain Reload Profiling:
	ReloadAssembly (1027ms)
		BeginReloadAssembly (115ms)
			ExecutionOrderSort (0ms)
			DisableScriptedObjects (4ms)
			BackupInstance (0ms)
			ReleaseScriptingObjects (0ms)
			CreateAndSetChildDomain (36ms)
		EndReloadAssembly (828ms)
			LoadAssemblies (82ms)
			RebuildTransferFunctionScriptingTraits (0ms)
			SetupTypeCache (239ms)
			ReleaseScriptCaches (2ms)
			RebuildScriptCaches (37ms)
			SetupLoadedEditorAssemblies (431ms)
				LogAssemblyErrors (0ms)
				InitializePlatformSupportModulesInManaged (10ms)
				SetLoadedEditorAssemblies (1ms)
				RefreshPlugins (2ms)
				BeforeProcessingInitializeOnLoad (80ms)
				ProcessInitializeOnLoadAttributes (265ms)
				ProcessInitializeOnLoadMethodAttributes (66ms)
				AfterProcessingInitializeOnLoad (7ms)
				EditorAssembliesLoaded (0ms)
			ExecutionOrderSort2 (0ms)
			AwakeInstancesAfterBackupRestoration (9ms)
Platform modules already initialized, skipping
Refreshing native plugins compatible for Editor in 2.52 ms, found 3 plugins.
Preloading 0 native plugins for Editor in 0.00 ms.
Unloading 5581 Unused Serialized files (Serialized files now loaded: 0)
Unloading 30 unused Assets / (0.8 MB). Loaded Objects now: 6194.
Memory consumption went from 223.5 MB to 222.7 MB.
Total: 3.241100 ms (FindLiveObjects: 0.332800 ms CreateObjectMapping: 0.132100 ms MarkObjects: 2.479400 ms  DeleteObjects: 0.296200 ms)

AssetImportParameters requested are different than current active one (requested -> active):
  custom:video-decoder-ogg-theora: a1e56fd34408186e4bbccfd4996cb3dc -> 
  custom:container-muxer-webm: aa71ff27fc2769a1b78a27578f13a17b -> 
  custom:container-demuxer-webm: 4f35f7cbe854078d1ac9338744f61a02 -> 
  custom:video-encoder-webm-vp8: eb34c28f22e8b96e1ab97ce403110664 -> 
  custom:audio-encoder-webm-vorbis: bf7c407c2cedff20999df2af8eb42d56 -> 
  custom:framework-win-MediaFoundation: 216162199b28c13a410421893ffa2e32 -> 
  custom:SearchIndexIgnoredProperties: e643bd26f0fe6173181afceb89e7c659 -> 
  custom:container-demuxer-ogg: 62fdf1f143b41e24485cea50d1cbac27 -> 
  custom:video-decoder-webm-vp8: 9c59270c3fd7afecdb556c50c9e8de78 -> 
  custom:audio-decoder-ogg-vorbis: bf7c407c2cedff20999df2af8eb42d56 -> 
========================================================================
Received Import Request.
  Time since last request: 420535.077569 seconds.
  path: Assets/Prefabs/NestedParent_Unpack.prefab
  artifactKey: Guid(035bf1ba97d19214580cfe6f5a29fdc3) Importer(815301076,1909f56bfc062723c751e8b465ee728b)
Start importing Assets/Prefabs/NestedParent_Unpack.prefab using Guid(035bf1ba97d19214580cfe6f5a29fdc3) Importer(815301076,1909f56bfc062723c751e8b465ee728b)  -> (artifact id: 'b692639c1ca84472069ea7b29ed07cdf') in 0.273701 seconds 
========================================================================
Received Import Request.
  Time since last request: 4.316949 seconds.
  path: Assets/Models/World Models/Bush3.obj
  artifactKey: Guid(c02b1c8f3559ff6459d4dd3e03c8d4d3) Importer(815301076,1909f56bfc062723c751e8b465ee728b)
Start importing Assets/Models/World Models/Bush3.obj using Guid(c02b1c8f3559ff6459d4dd3e03c8d4d3) Importer(815301076,1909f56bfc062723c751e8b465ee728b)  -> (artifact id: 'b91772726079dff4424296051bea715d') in 0.044495 seconds 
========================================================================
Received Import Request.
  Time since last request: 0.000019 seconds.
  path: Assets/Models/World Models/Tree2.obj
  artifactKey: Guid(ec172d30906aece4096d4c4101d7594a) Importer(815301076,1909f56bfc062723c751e8b465ee728b)
Start importing Assets/Models/World Models/Tree2.obj using Guid(ec172d30906aece4096d4c4101d7594a) Importer(815301076,1909f56bfc062723c751e8b465ee728b)  -> (artifact id: '772c87c294e1b773c063b7af597c76cf') in 0.017028 seconds 
========================================================================
Received Import Request.
  Time since last request: 0.000018 seconds.
  path: Assets/Models/World Models/Clouds.obj
  artifactKey: Guid(75f09390c6640c44d97ce3be8294fd42) Importer(815301076,1909f56bfc062723c751e8b465ee728b)
Start importing Assets/Models/World Models/Clouds.obj using Guid(75f09390c6640c44d97ce3be8294fd42) Importer(815301076,1909f56bfc062723c751e8b465ee728b)  -> (artifact id: '32cb39f23a957aed5249c5f797866f68') in 0.017878 seconds 
========================================================================
Received Import Request.
  Time since last request: 0.000018 seconds.
  path: Assets/Models/World Models/Vegetation2.obj
  artifactKey: Guid(78ecd5f4c0ec7a54f8c4708e794c7ab5) Importer(815301076,1909f56bfc062723c751e8b465ee728b)
Start importing Assets/Models/World Models/Vegetation2.obj using Guid(78ecd5f4c0ec7a54f8c4708e794c7ab5) Importer(815301076,1909f56bfc062723c751e8b465ee728b)  -> (artifact id: 'b5cafc5c289d3f320f767f52e1b935bd') in 0.017191 seconds 
========================================================================
Received Import Request.
  Time since last request: 0.000026 seconds.
  path: Assets/Models/World Models/Tree13.obj
  artifactKey: Guid(f06cee53b661e7244ba55edc8b11a6d0) Importer(815301076,1909f56bfc062723c751e8b465ee728b)
Start importing Assets/Models/World Models/Tree13.obj using Guid(f06cee53b661e7244ba55edc8b11a6d0) Importer(815301076,1909f56bfc062723c751e8b465ee728b)  -> (artifact id: '57630c1ece50862d250a3d7af6124483') in 0.018260 seconds 
========================================================================
Received Import Request.
  Time since last request: 0.000019 seconds.
  path: Assets/Models/World Models/Vegetation1.obj
  artifactKey: Guid(cf851f45f9052124dbccb02c9c2afc11) Importer(815301076,1909f56bfc062723c751e8b465ee728b)
Start importing Assets/Models/World Models/Vegetation1.obj using Guid(cf851f45f9052124dbccb02c9c2afc11) Importer(815301076,1909f56bfc062723c751e8b465ee728b)  -> (artifact id: 'df5c0f2b9c57d7abe94b4f264f359e28') in 0.015909 seconds 
========================================================================
Received Import Request.
  Time since last request: 0.000020 seconds.
  path: Assets/Models/World Models/Tree3.obj
  artifactKey: Guid(6d15de15df792ce47b295c7607fdfd39) Importer(815301076,1909f56bfc062723c751e8b465ee728b)
Start importing Assets/Models/World Models/Tree3.obj using Guid(6d15de15df792ce47b295c7607fdfd39) Importer(815301076,1909f56bfc062723c751e8b465ee728b)  -> (artifact id: '3e8c3299c06016f0f2a174c3a84587ff') in 0.017961 seconds 
========================================================================
Received Import Request.
  Time since last request: 0.000018 seconds.
  path: Assets/Models/World Models/Tree12.obj
  artifactKey: Guid(08885d64c680c0e479ce75d8e0f42bce) Importer(815301076,1909f56bfc062723c751e8b465ee728b)
Start importing Assets/Models/World Models/Tree12.obj using Guid(08885d64c680c0e479ce75d8e0f42bce) Importer(815301076,1909f56bfc062723c751e8b465ee728b)  -> (artifact id: '4e757d148e06033980815a528b02344e') in 0.016008 seconds 
========================================================================
Received Import Request.
  Time since last request: 0.000024 seconds.
  path: Assets/Models/World Models/Shack.obj
  artifactKey: Guid(055691624b0ff7c4fb4254ae183866e1) Importer(815301076,1909f56bfc062723c751e8b465ee728b)
Start importing Assets/Models/World Models/Shack.obj using Guid(055691624b0ff7c4fb4254ae183866e1) Importer(815301076,1909f56bfc062723c751e8b465ee728b)  -> (artifact id: 'c59247e7203888506e473ece34ee1fb4') in 0.016033 seconds 
========================================================================
Received Import Request.
  Time since last request: 0.000021 seconds.
  path: Assets/Models/World Models/Rock2.obj
  artifactKey: Guid(1b06343aa4da47f42b977cd346f650e2) Importer(815301076,1909f56bfc062723c751e8b465ee728b)
Start importing Assets/Models/World Models/Rock2.obj using Guid(1b06343aa4da47f42b977cd346f650e2) Importer(815301076,1909f56bfc062723c751e8b465ee728b)  -> (artifact id: '2da2237086ce8a895ae9dcf25d931ff9') in 0.015683 seconds 
========================================================================
Received Import Request.
  Time since last request: 0.000016 seconds.
  path: Assets/Models/World Models/Planet.blend
  artifactKey: Guid(fbe9c40eb87ea4c99b635f7ac7661490) Importer(815301076,1909f56bfc062723c751e8b465ee728b)
Start importing Assets/Models/World Models/Planet.blend using Guid(fbe9c40eb87ea4c99b635f7ac7661490) Importer(815301076,1909f56bfc062723c751e8b465ee728b)  -> (artifact id: '06bee86e9140b20a4c9a8cbc9e59f498') in 0.016666 seconds 
========================================================================
Received Import Request.
  Time since last request: 0.000017 seconds.
  path: Assets/Models/World Models/Rocks6.obj
  artifactKey: Guid(01d7c4d87046bda45a139d6d3cbf84f0) Importer(815301076,1909f56bfc062723c751e8b465ee728b)
Start importing Assets/Models/World Models/Rocks6.obj using Guid(01d7c4d87046bda45a139d6d3cbf84f0) Importer(815301076,1909f56bfc062723c751e8b465ee728b)  -> (artifact id: '7b59034fa78211b14e439c43db12ba38') in 0.017131 seconds 
========================================================================
Received Import Request.
  Time since last request: 0.000019 seconds.
  path: Assets/Models/World Models/Table.obj
  artifactKey: Guid(cdcee2e360b8b2a479164e2742aed110) Importer(815301076,1909f56bfc062723c751e8b465ee728b)
Start importing Assets/Models/World Models/Table.obj using Guid(cdcee2e360b8b2a479164e2742aed110) Importer(815301076,1909f56bfc062723c751e8b465ee728b)  -> (artifact id: '9636636fc49e59610a14be8accbce583') in 0.018626 seconds 
========================================================================
Received Import Request.
  Time since last request: 0.000021 seconds.
  path: Assets/Models/World Models/Vegetation4.obj
  artifactKey: Guid(e6aa308e71466c94a855980da30cb6f9) Importer(815301076,1909f56bfc062723c751e8b465ee728b)
Start importing Assets/Models/World Models/Vegetation4.obj using Guid(e6aa308e71466c94a855980da30cb6f9) Importer(815301076,1909f56bfc062723c751e8b465ee728b)  -> (artifact id: '7172a286237f4f033f83ad838f13eee3') in 0.016900 seconds 
========================================================================
Received Import Request.
  Time since last request: 0.000018 seconds.
  path: Assets/Models/World Models/Tree10.obj
  artifactKey: Guid(368afaac85bde584db5731a5eef25a27) Importer(815301076,1909f56bfc062723c751e8b465ee728b)
Start importing Assets/Models/World Models/Tree10.obj using Guid(368afaac85bde584db5731a5eef25a27) Importer(815301076,1909f56bfc062723c751e8b465ee728b)  -> (artifact id: '8e5229e4d2ba91f0abca015930ac5919') in 0.016662 seconds 
========================================================================
Received Import Request.
  Time since last request: 0.000024 seconds.
  path: Assets/Models/World Models/Bush4.obj
  artifactKey: Guid(730b67589199ec849ab696614c4995a7) Importer(815301076,1909f56bfc062723c751e8b465ee728b)
Start importing Assets/Models/World Models/Bush4.obj using Guid(730b67589199ec849ab696614c4995a7) Importer(815301076,1909f56bfc062723c751e8b465ee728b)  -> (artifact id: 'de75e386f0a15fbb2104b640920f3ed0') in 0.017389 seconds 
========================================================================
Received Import Request.
  Time since last request: 0.000023 seconds.
  path: Assets/Models/World Models/Tree14.obj
  artifactKey: Guid(69be948464895b94c91fe16919a903bf) Importer(815301076,1909f56bfc062723c751e8b465ee728b)
Start importing Assets/Models/World Models/Tree14.obj using Guid(69be948464895b94c91fe16919a903bf) Importer(815301076,1909f56bfc062723c751e8b465ee728b)  -> (artifact id: 'da6f4fb0d0adce2284b31acd6a668a14') in 0.016113 seconds 
========================================================================
Received Import Request.
  Time since last request: 0.000023 seconds.
  path: Assets/Models/World Models/Pinetree2.obj
  artifactKey: Guid(0ab20348aae20174692d65513cc40c53) Importer(815301076,1909f56bfc062723c751e8b465ee728b)
Start importing Assets/Models/World Models/Pinetree2.obj using Guid(0ab20348aae20174692d65513cc40c53) Importer(815301076,1909f56bfc062723c751e8b465ee728b)  -> (artifact id: '8e461d376ae7d0b4b05e082882ea23e7') in 0.017286 seconds 
========================================================================
Received Import Request.
  Time since last request: 17.820003 seconds.
  path: Assets/LowPolyAlienWorld/Water.prefab
  artifactKey: Guid(3aa58df061019574989fc0e803b8b563) Importer(815301076,1909f56bfc062723c751e8b465ee728b)
Start importing Assets/LowPolyAlienWorld/Water.prefab using Guid(3aa58df061019574989fc0e803b8b563) Importer(815301076,1909f56bfc062723c751e8b465ee728b)  -> (artifact id: '6a0d3b28aea6070567ad4c204216c582') in 0.010314 seconds 
========================================================================
Received Import Request.
  Time since last request: 9.996905 seconds.
  path: Assets/Insect/models/wall.fbx
  artifactKey: Guid(45099bfd0541d0447aea9c084904c6ec) Importer(815301076,1909f56bfc062723c751e8b465ee728b)
Start importing Assets/Insect/models/wall.fbx using Guid(45099bfd0541d0447aea9c084904c6ec) Importer(815301076,1909f56bfc062723c751e8b465ee728b)  -> (artifact id: 'f970aef0daaa78607c2066cdba38d6da') in 0.028012 seconds 
========================================================================
Received Import Request.
  Time since last request: 10.883981 seconds.
  path: Assets/Insect/models/Materials/crate_wood_n.png
  artifactKey: Guid(e685b4a365d292140b9035a73ed777e9) Importer(815301076,1909f56bfc062723c751e8b465ee728b)
Start importing Assets/Insect/models/Materials/crate_wood_n.png using Guid(e685b4a365d292140b9035a73ed777e9) Importer(815301076,1909f56bfc062723c751e8b465ee728b)  -> (artifact id: '572e570388e2030152abab3b32075519') in 0.020397 seconds 
========================================================================
Received Import Request.
  Time since last request: 0.000017 seconds.
  path: Assets/Insect/models/Materials/Insect_Diff.psd
  artifactKey: Guid(ccf64216f6e80c94abec53ea5e944498) Importer(815301076,1909f56bfc062723c751e8b465ee728b)
Start importing Assets/Insect/models/Materials/Insect_Diff.psd using Guid(ccf64216f6e80c94abec53ea5e944498) Importer(815301076,1909f56bfc062723c751e8b465ee728b)  -> (artifact id: 'a493a2cd4fc23bdb8d707061acf51a13') in 0.022026 seconds 
Editor requested this worker to shutdown with reason: Scaling down because of idle timeout
AssetImportWorker is now disconnected from the server
Process exiting
Exiting without the bug reporter. Application will terminate with return code 0