Using pre-set license
Built from '2021.3/evg/staging/82bb020e-b03b1330/draft-0' branch; Version is '2021.3.16f1 (4016570cf34f) revision 4200023'; Using compiler version '192829333'; Build Type 'Release'
OS: 'Windows 11  (10.0.22621) 64bit Professional' Language: 'en' Physical Memory: 65445 MB
BatchMode: 1, IsHumanControllingUs: 0, StartBugReporterOnCrash: 0, Is64bit: 1, IsPro: 1

COMMAND LINE ARGUMENTS:
C:\Program Files\Unity 2021.3.16f1\Editor\Unity.exe
-adb2
-batchMode
-noUpm
-name
AssetImportWorker8
-projectPath
D:/School/CART315/gits/Prototype 4B/Prototype 4B - Planets
-logFile
Logs/AssetImportWorker8.log
-srvPort
54739
Successfully changed project path to: D:/School/CART315/gits/Prototype 4B/Prototype 4B - Planets
D:/School/CART315/gits/Prototype 4B/Prototype 4B - Planets
[UnityMemory] Configuration Parameters - Can be set up in boot.config
    "memorysetup-bucket-allocator-granularity=16"
    "memorysetup-bucket-allocator-bucket-count=8"
    "memorysetup-bucket-allocator-block-size=33554432"
    "memorysetup-bucket-allocator-block-count=8"
    "memorysetup-main-allocator-block-size=16777216"
    "memorysetup-thread-allocator-block-size=16777216"
    "memorysetup-gfx-main-allocator-block-size=16777216"
    "memorysetup-gfx-thread-allocator-block-size=16777216"
    "memorysetup-cache-allocator-block-size=4194304"
    "memorysetup-typetree-allocator-block-size=2097152"
    "memorysetup-profiler-bucket-allocator-granularity=16"
    "memorysetup-profiler-bucket-allocator-bucket-count=8"
    "memorysetup-profiler-bucket-allocator-block-size=33554432"
    "memorysetup-profiler-bucket-allocator-block-count=8"
    "memorysetup-profiler-allocator-block-size=16777216"
    "memorysetup-profiler-editor-allocator-block-size=1048576"
    "memorysetup-temp-allocator-size-main=16777216"
    "memorysetup-job-temp-allocator-block-size=2097152"
    "memorysetup-job-temp-allocator-block-size-background=1048576"
    "memorysetup-job-temp-allocator-reduction-small-platforms=262144"
    "memorysetup-temp-allocator-size-background-worker=32768"
    "memorysetup-temp-allocator-size-job-worker=262144"
    "memorysetup-temp-allocator-size-preload-manager=33554432"
    "memorysetup-temp-allocator-size-nav-mesh-worker=65536"
    "memorysetup-temp-allocator-size-audio-worker=65536"
    "memorysetup-temp-allocator-size-cloud-worker=32768"
    "memorysetup-temp-allocator-size-gi-baking-worker=262144"
    "memorysetup-temp-allocator-size-gfx=262144"
Player connection [17384] Host "[IP] 192.168.0.41 [Port] 0 [Flags] 2 [Guid] 1886178557 [EditorId] 1886178557 [Version] 1048832 [Id] WindowsEditor(7,DESKTOP-LUV3IRM) [Debug] 1 [PackageName] WindowsEditor [ProjectName] Editor" joined multi-casting on [225.0.0.222:54997]...

Player connection [17384] Host "[IP] 192.168.0.41 [Port] 0 [Flags] 2 [Guid] 1886178557 [EditorId] 1886178557 [Version] 1048832 [Id] WindowsEditor(7,DESKTOP-LUV3IRM) [Debug] 1 [PackageName] WindowsEditor [ProjectName] Editor" joined alternative multi-casting on [225.0.0.222:34997]...

Refreshing native plugins compatible for Editor in 114.18 ms, found 3 plugins.
Preloading 0 native plugins for Editor in 0.00 ms.
Initialize engine version: 2021.3.16f1 (4016570cf34f)
[Subsystems] Discovering subsystems at path C:/Program Files/Unity 2021.3.16f1/Editor/Data/Resources/UnitySubsystems
[Subsystems] Discovering subsystems at path D:/School/CART315/gits/Prototype 4B/Prototype 4B - Planets/Assets
GfxDevice: creating device client; threaded=0; jobified=0
Direct3D:
    Version:  Direct3D 11.0 [level 11.1]
    Renderer: NVIDIA GeForce RTX 3070 Ti (ID=0x2482)
    Vendor:   NVIDIA
    VRAM:     8031 MB
    Driver:   31.0.15.2849
Initialize mono
Mono path[0] = 'C:/Program Files/Unity 2021.3.16f1/Editor/Data/Managed'
Mono path[1] = 'C:/Program Files/Unity 2021.3.16f1/Editor/Data/MonoBleedingEdge/lib/mono/unityjit-win32'
Mono config path = 'C:/Program Files/Unity 2021.3.16f1/Editor/Data/MonoBleedingEdge/etc'
Using monoOptions --debugger-agent=transport=dt_socket,embedding=1,server=y,suspend=n,address=127.0.0.1:56716
Begin MonoManager ReloadAssembly
Registering precompiled unity dll's ...
Register platform support module: C:/Program Files/Unity 2021.3.16f1/Editor/Data/PlaybackEngines/WindowsStandaloneSupport/UnityEditor.WindowsStandalone.Extensions.dll
Registered in 0.002888 seconds.
Native extension for WindowsStandalone target not found
Refreshing native plugins compatible for Editor in 95.00 ms, found 3 plugins.
Preloading 0 native plugins for Editor in 0.00 ms.
Mono: successfully reloaded assembly
- Completed reload, in  0.493 seconds
Domain Reload Profiling:
	ReloadAssembly (493ms)
		BeginReloadAssembly (51ms)
			ExecutionOrderSort (0ms)
			DisableScriptedObjects (0ms)
			BackupInstance (0ms)
			ReleaseScriptingObjects (0ms)
			CreateAndSetChildDomain (1ms)
		EndReloadAssembly (364ms)
			LoadAssemblies (49ms)
			RebuildTransferFunctionScriptingTraits (0ms)
			SetupTypeCache (71ms)
			ReleaseScriptCaches (0ms)
			RebuildScriptCaches (18ms)
			SetupLoadedEditorAssemblies (237ms)
				LogAssemblyErrors (0ms)
				InitializePlatformSupportModulesInManaged (5ms)
				SetLoadedEditorAssemblies (0ms)
				RefreshPlugins (95ms)
				BeforeProcessingInitializeOnLoad (1ms)
				ProcessInitializeOnLoadAttributes (103ms)
				ProcessInitializeOnLoadMethodAttributes (32ms)
				AfterProcessingInitializeOnLoad (0ms)
				EditorAssembliesLoaded (0ms)
			ExecutionOrderSort2 (0ms)
			AwakeInstancesAfterBackupRestoration (0ms)
Platform modules already initialized, skipping
Registering precompiled user dll's ...
Registered in 0.006110 seconds.
Begin MonoManager ReloadAssembly
Symbol file LoadedFromMemory doesn't match image D:\School\CART315\gits\Prototype 4B\Prototype 4B - Planets\Library\PackageCache\com.unity.visualscripting@1.7.8\Editor\VisualScripting.Core\Dependencies\YamlDotNet\Unity.VisualScripting.YamlDotNet.dll
Symbol file LoadedFromMemory doesn't match image D:\School\CART315\gits\Prototype 4B\Prototype 4B - Planets\Library\PackageCache\com.unity.visualscripting@1.7.8\Editor\VisualScripting.Core\Dependencies\DotNetZip\Unity.VisualScripting.IonicZip.dll
Native extension for WindowsStandalone target not found
Refreshing native plugins compatible for Editor in 96.09 ms, found 3 plugins.
Preloading 0 native plugins for Editor in 0.00 ms.
Mono: successfully reloaded assembly
- Completed reload, in  1.058 seconds
Domain Reload Profiling:
	ReloadAssembly (1059ms)
		BeginReloadAssembly (79ms)
			ExecutionOrderSort (0ms)
			DisableScriptedObjects (5ms)
			BackupInstance (0ms)
			ReleaseScriptingObjects (0ms)
			CreateAndSetChildDomain (15ms)
		EndReloadAssembly (894ms)
			LoadAssemblies (69ms)
			RebuildTransferFunctionScriptingTraits (0ms)
			SetupTypeCache (225ms)
			ReleaseScriptCaches (1ms)
			RebuildScriptCaches (46ms)
			SetupLoadedEditorAssemblies (524ms)
				LogAssemblyErrors (0ms)
				InitializePlatformSupportModulesInManaged (3ms)
				SetLoadedEditorAssemblies (0ms)
				RefreshPlugins (96ms)
				BeforeProcessingInitializeOnLoad (88ms)
				ProcessInitializeOnLoadAttributes (273ms)
				ProcessInitializeOnLoadMethodAttributes (58ms)
				AfterProcessingInitializeOnLoad (5ms)
				EditorAssembliesLoaded (0ms)
			ExecutionOrderSort2 (0ms)
			AwakeInstancesAfterBackupRestoration (4ms)
Platform modules already initialized, skipping
========================================================================
Worker process is ready to serve import requests
Launched and connected shader compiler UnityShaderCompiler.exe after 0.04 seconds
Refreshing native plugins compatible for Editor in 0.99 ms, found 3 plugins.
Preloading 0 native plugins for Editor in 0.00 ms.
Unloading 5725 Unused Serialized files (Serialized files now loaded: 0)
Unloading 51 unused Assets / (0.8 MB). Loaded Objects now: 6179.
Memory consumption went from 232.1 MB to 231.3 MB.
Total: 3.586700 ms (FindLiveObjects: 0.346700 ms CreateObjectMapping: 0.235100 ms MarkObjects: 2.736900 ms  DeleteObjects: 0.267200 ms)

AssetImportParameters requested are different than current active one (requested -> active):
  custom:video-decoder-ogg-theora: a1e56fd34408186e4bbccfd4996cb3dc -> 
  custom:container-muxer-webm: aa71ff27fc2769a1b78a27578f13a17b -> 
  custom:container-demuxer-webm: 4f35f7cbe854078d1ac9338744f61a02 -> 
  custom:video-encoder-webm-vp8: eb34c28f22e8b96e1ab97ce403110664 -> 
  custom:audio-encoder-webm-vorbis: bf7c407c2cedff20999df2af8eb42d56 -> 
  custom:framework-win-MediaFoundation: 216162199b28c13a410421893ffa2e32 -> 
  custom:SearchIndexIgnoredProperties: e643bd26f0fe6173181afceb89e7c659 -> 
  custom:container-demuxer-ogg: 62fdf1f143b41e24485cea50d1cbac27 -> 
  custom:video-decoder-webm-vp8: 9c59270c3fd7afecdb556c50c9e8de78 -> 
  custom:audio-decoder-ogg-vorbis: bf7c407c2cedff20999df2af8eb42d56 -> 
========================================================================
Received Import Request.
  Time since last request: 420283.062853 seconds.
  path: Assets/Assets_Rocks
  artifactKey: Guid(c63f3def1c5aa564d8739959dafc1d76) Importer(815301076,1909f56bfc062723c751e8b465ee728b)
Start importing Assets/Assets_Rocks using Guid(c63f3def1c5aa564d8739959dafc1d76) Importer(815301076,1909f56bfc062723c751e8b465ee728b)  -> (artifact id: 'ef4ef7d25a028c827f3b631d0d874a59') in 0.021537 seconds 
========================================================================
Received Import Request.
  Time since last request: 1.065736 seconds.
  path: Assets/Autarca
  artifactKey: Guid(e52931985caf1cd4288b2b4d89d510e9) Importer(815301076,1909f56bfc062723c751e8b465ee728b)
Start importing Assets/Autarca using Guid(e52931985caf1cd4288b2b4d89d510e9) Importer(815301076,1909f56bfc062723c751e8b465ee728b)  -> (artifact id: 'eda1b506697ba7df15daf78c8b902bd7') in 0.005080 seconds 
========================================================================
Received Import Request.
  Time since last request: 2.683136 seconds.
  path: Assets/Autarca/AlienShipsPack
  artifactKey: Guid(92a25168c23cc7f40b6785bb6eda206d) Importer(815301076,1909f56bfc062723c751e8b465ee728b)
Start importing Assets/Autarca/AlienShipsPack using Guid(92a25168c23cc7f40b6785bb6eda206d) Importer(815301076,1909f56bfc062723c751e8b465ee728b)  -> (artifact id: '4b6f3cebbc2529659ac0d516bd8d4206') in 0.005232 seconds 
========================================================================
Received Import Request.
  Time since last request: 1.264237 seconds.
  path: Assets/Autarca/AlienShipsPack/Prefabs
  artifactKey: Guid(e6fe729d075cce2449da3d26e4e2d5ee) Importer(815301076,1909f56bfc062723c751e8b465ee728b)
Start importing Assets/Autarca/AlienShipsPack/Prefabs using Guid(e6fe729d075cce2449da3d26e4e2d5ee) Importer(815301076,1909f56bfc062723c751e8b465ee728b)  -> (artifact id: 'e8f18d0893016821b4e2cc1c7fd436b8') in 0.001596 seconds 
========================================================================
Received Import Request.
  Time since last request: 0.058551 seconds.
  path: Assets/Autarca/AlienShipsPack/Prefabs/AlienDestroyer.prefab
  artifactKey: Guid(8e35ec7e332c3d243ac23e3686bafe01) Importer(815301076,1909f56bfc062723c751e8b465ee728b)
Start importing Assets/Autarca/AlienShipsPack/Prefabs/AlienDestroyer.prefab using Guid(8e35ec7e332c3d243ac23e3686bafe01) Importer(815301076,1909f56bfc062723c751e8b465ee728b)  -> (artifact id: '02741f9dab7e3f5a238b9324bf7123b6') in 0.262024 seconds 
========================================================================
Received Import Request.
  Time since last request: 11.550644 seconds.
  path: Assets/Background Alien Skyscrapers Free/Prefabs
  artifactKey: Guid(38294494f651ab647884e89b61dc4247) Importer(815301076,1909f56bfc062723c751e8b465ee728b)
Start importing Assets/Background Alien Skyscrapers Free/Prefabs using Guid(38294494f651ab647884e89b61dc4247) Importer(815301076,1909f56bfc062723c751e8b465ee728b)  -> (artifact id: 'd446c46b797e7ebfab20bd465d72b5e3') in 0.001615 seconds 
========================================================================
Received Import Request.
  Time since last request: 1.716623 seconds.
  path: Assets/Background Alien Skyscrapers Free/Prefabs/Building04.prefab
  artifactKey: Guid(3a47d45630fce744fa4d630b703690b8) Importer(815301076,1909f56bfc062723c751e8b465ee728b)
Start importing Assets/Background Alien Skyscrapers Free/Prefabs/Building04.prefab using Guid(3a47d45630fce744fa4d630b703690b8) Importer(815301076,1909f56bfc062723c751e8b465ee728b)  -> (artifact id: '938bfc6dc82c14fe0c5f3ad8794c556b') in 0.011328 seconds 
========================================================================
Received Import Request.
  Time since last request: 0.000021 seconds.
  path: Assets/Background Alien Skyscrapers Free/Prefabs/Rail_Turn02.prefab
  artifactKey: Guid(d8bc053d754760f4e9b5d99d0b5a0b0b) Importer(815301076,1909f56bfc062723c751e8b465ee728b)
Start importing Assets/Background Alien Skyscrapers Free/Prefabs/Rail_Turn02.prefab using Guid(d8bc053d754760f4e9b5d99d0b5a0b0b) Importer(815301076,1909f56bfc062723c751e8b465ee728b)  -> (artifact id: 'f8c77934c8200d2de48a2527e862cf05') in 0.012768 seconds 
========================================================================
Received Import Request.
  Time since last request: 0.000017 seconds.
  path: Assets/Background Alien Skyscrapers Free/Prefabs/Building07_Night.prefab
  artifactKey: Guid(7c936608fe2767a40a9b103e7af0b298) Importer(815301076,1909f56bfc062723c751e8b465ee728b)
Start importing Assets/Background Alien Skyscrapers Free/Prefabs/Building07_Night.prefab using Guid(7c936608fe2767a40a9b103e7af0b298) Importer(815301076,1909f56bfc062723c751e8b465ee728b)  -> (artifact id: 'c9d31e52fbb945848d7984d0b4c8d82e') in 0.011382 seconds 
========================================================================
Received Import Request.
  Time since last request: 0.000021 seconds.
  path: Assets/Background Alien Skyscrapers Free/Prefabs/Building08_Night.prefab
  artifactKey: Guid(4a21411fb3e0e174ebd7d888782ea6bd) Importer(815301076,1909f56bfc062723c751e8b465ee728b)
Start importing Assets/Background Alien Skyscrapers Free/Prefabs/Building08_Night.prefab using Guid(4a21411fb3e0e174ebd7d888782ea6bd) Importer(815301076,1909f56bfc062723c751e8b465ee728b)  -> (artifact id: '7bef7d8d554e667e759cc5d69bfb25a7') in 0.011419 seconds 
========================================================================
Received Import Request.
  Time since last request: 8.133268 seconds.
  path: Assets/Buildings
  artifactKey: Guid(cbedbd272410f9d4bb20a058a6f93140) Importer(815301076,1909f56bfc062723c751e8b465ee728b)
Start importing Assets/Buildings using Guid(cbedbd272410f9d4bb20a058a6f93140) Importer(815301076,1909f56bfc062723c751e8b465ee728b)  -> (artifact id: '7a8f99f316d05c026ff4a7d1e8c09f81') in 0.004699 seconds 
========================================================================
Received Import Request.
  Time since last request: 0.105148 seconds.
  path: Assets/Buildings/b1.fbx
  artifactKey: Guid(8301c26097996ce4fa26f5e5847d888a) Importer(815301076,1909f56bfc062723c751e8b465ee728b)
Start importing Assets/Buildings/b1.fbx using Guid(8301c26097996ce4fa26f5e5847d888a) Importer(815301076,1909f56bfc062723c751e8b465ee728b)  -> (artifact id: '9061ae138e4753759ed20279617dc2f3') in 0.035130 seconds 
========================================================================
Received Import Request.
  Time since last request: 0.000020 seconds.
  path: Assets/Buildings/b6.fbx
  artifactKey: Guid(2c694c40453654c4dbc22ed9db0b3729) Importer(815301076,1909f56bfc062723c751e8b465ee728b)
Start importing Assets/Buildings/b6.fbx using Guid(2c694c40453654c4dbc22ed9db0b3729) Importer(815301076,1909f56bfc062723c751e8b465ee728b)  -> (artifact id: '36a54ff7f1a50bd1e048949cf2c8e4d4') in 0.028698 seconds 
========================================================================
Received Import Request.
  Time since last request: 4.271492 seconds.
  path: Assets/Background Alien Skyscrapers Free/Materials
  artifactKey: Guid(d671af6e225ffab47a3dd97e99a99b69) Importer(815301076,1909f56bfc062723c751e8b465ee728b)
Start importing Assets/Background Alien Skyscrapers Free/Materials using Guid(d671af6e225ffab47a3dd97e99a99b69) Importer(815301076,1909f56bfc062723c751e8b465ee728b)  -> (artifact id: '51fd71733607308ad03c238e31a202fe') in 0.005035 seconds 
========================================================================
Received Import Request.
  Time since last request: 0.065068 seconds.
  path: Assets/Background Alien Skyscrapers Free/Materials/AlienSkyscrapers_Night.mat
  artifactKey: Guid(fa33fbef53dbd604ab7821595be1c5cb) Importer(815301076,1909f56bfc062723c751e8b465ee728b)
Start importing Assets/Background Alien Skyscrapers Free/Materials/AlienSkyscrapers_Night.mat using Guid(fa33fbef53dbd604ab7821595be1c5cb) Importer(815301076,1909f56bfc062723c751e8b465ee728b)  -> (artifact id: '1496842d5588db10d31e49ff10b1ea3d') in 0.019949 seconds 
========================================================================
Received Import Request.
  Time since last request: 13.535768 seconds.
  path: Assets/Background Alien Skyscrapers Free/Textures
  artifactKey: Guid(69c4ac49fcb95444f9c265fc76400e45) Importer(815301076,1909f56bfc062723c751e8b465ee728b)
Start importing Assets/Background Alien Skyscrapers Free/Textures using Guid(69c4ac49fcb95444f9c265fc76400e45) Importer(815301076,1909f56bfc062723c751e8b465ee728b)  -> (artifact id: '53434d2390b0fa5c0359b93289234961') in 0.004896 seconds 
========================================================================
Received Import Request.
  Time since last request: 80.786147 seconds.
  path: Assets/CharacterPack Lowpoly (FREE)
  artifactKey: Guid(b6cd5c4815d7b294f826829e63673ccc) Importer(815301076,1909f56bfc062723c751e8b465ee728b)
Start importing Assets/CharacterPack Lowpoly (FREE) using Guid(b6cd5c4815d7b294f826829e63673ccc) Importer(815301076,1909f56bfc062723c751e8b465ee728b)  -> (artifact id: '29639711259ddb6df32a37c7e5894d8d') in 0.006436 seconds 
========================================================================
Received Import Request.
  Time since last request: 3.503760 seconds.
  path: Assets/CharacterPack Lowpoly (FREE)/Prefabs
  artifactKey: Guid(447e29b4308cb2141a355a6164f1f9fc) Importer(815301076,1909f56bfc062723c751e8b465ee728b)
Start importing Assets/CharacterPack Lowpoly (FREE)/Prefabs using Guid(447e29b4308cb2141a355a6164f1f9fc) Importer(815301076,1909f56bfc062723c751e8b465ee728b)  -> (artifact id: '8ff476f7f27ad6fbe33cd39454a408e4') in 0.001521 seconds 
========================================================================
Received Import Request.
  Time since last request: 0.080866 seconds.
  path: Assets/CharacterPack Lowpoly (FREE)/Prefabs/character1 (1).prefab
  artifactKey: Guid(a15133d8898d400449f7c21aef33e511) Importer(815301076,1909f56bfc062723c751e8b465ee728b)
Start importing Assets/CharacterPack Lowpoly (FREE)/Prefabs/character1 (1).prefab using Guid(a15133d8898d400449f7c21aef33e511) Importer(815301076,1909f56bfc062723c751e8b465ee728b)  -> (artifact id: '09d5bc3aa6844ddc25d54c8871454450') in 0.047212 seconds 
========================================================================
Received Import Request.
  Time since last request: 0.000018 seconds.
  path: Assets/CharacterPack Lowpoly (FREE)/Prefabs/character2 (1).prefab
  artifactKey: Guid(1f05b36eff9f0c941a187ddef4a43a0a) Importer(815301076,1909f56bfc062723c751e8b465ee728b)
Start importing Assets/CharacterPack Lowpoly (FREE)/Prefabs/character2 (1).prefab using Guid(1f05b36eff9f0c941a187ddef4a43a0a) Importer(815301076,1909f56bfc062723c751e8b465ee728b)  -> (artifact id: '9300b852b21ecc7285b740a78f02644f') in 0.091517 seconds 
========================================================================
Received Import Request.
  Time since last request: 0.000018 seconds.
  path: Assets/CharacterPack Lowpoly (FREE)/Prefabs/character2 (2).prefab
  artifactKey: Guid(4f2e058a94bca0742939d136d2b88baf) Importer(815301076,1909f56bfc062723c751e8b465ee728b)
Start importing Assets/CharacterPack Lowpoly (FREE)/Prefabs/character2 (2).prefab using Guid(4f2e058a94bca0742939d136d2b88baf) Importer(815301076,1909f56bfc062723c751e8b465ee728b)  -> (artifact id: 'e774c57650d6dfeffc143f498a1999bb') in 0.023104 seconds 
========================================================================
Received Prepare
Registering precompiled user dll's ...
Registered in 0.006058 seconds.
Begin MonoManager ReloadAssembly
Symbol file LoadedFromMemory doesn't match image D:\School\CART315\gits\Prototype 4B\Prototype 4B - Planets\Library\PackageCache\com.unity.visualscripting@1.7.8\Editor\VisualScripting.Core\Dependencies\YamlDotNet\Unity.VisualScripting.YamlDotNet.dll
Symbol file LoadedFromMemory doesn't match image D:\School\CART315\gits\Prototype 4B\Prototype 4B - Planets\Library\PackageCache\com.unity.visualscripting@1.7.8\Editor\VisualScripting.Core\Dependencies\DotNetZip\Unity.VisualScripting.IonicZip.dll
Native extension for WindowsStandalone target not found
Refreshing native plugins compatible for Editor in 0.98 ms, found 3 plugins.
Preloading 0 native plugins for Editor in 0.00 ms.
Mono: successfully reloaded assembly
- Completed reload, in  1.039 seconds
Domain Reload Profiling:
	ReloadAssembly (1040ms)
		BeginReloadAssembly (119ms)
			ExecutionOrderSort (0ms)
			DisableScriptedObjects (6ms)
			BackupInstance (0ms)
			ReleaseScriptingObjects (0ms)
			CreateAndSetChildDomain (42ms)
		EndReloadAssembly (838ms)
			LoadAssemblies (78ms)
			RebuildTransferFunctionScriptingTraits (0ms)
			SetupTypeCache (234ms)
			ReleaseScriptCaches (2ms)
			RebuildScriptCaches (34ms)
			SetupLoadedEditorAssemblies (429ms)
				LogAssemblyErrors (0ms)
				InitializePlatformSupportModulesInManaged (9ms)
				SetLoadedEditorAssemblies (0ms)
				RefreshPlugins (1ms)
				BeforeProcessingInitializeOnLoad (77ms)
				ProcessInitializeOnLoadAttributes (269ms)
				ProcessInitializeOnLoadMethodAttributes (67ms)
				AfterProcessingInitializeOnLoad (6ms)
				EditorAssembliesLoaded (0ms)
			ExecutionOrderSort2 (0ms)
			AwakeInstancesAfterBackupRestoration (12ms)
Platform modules already initialized, skipping
Refreshing native plugins compatible for Editor in 2.48 ms, found 3 plugins.
Preloading 0 native plugins for Editor in 0.00 ms.
Unloading 5588 Unused Serialized files (Serialized files now loaded: 0)
Unloading 30 unused Assets / (0.8 MB). Loaded Objects now: 6284.
Memory consumption went from 243.6 MB to 242.8 MB.
Total: 3.701300 ms (FindLiveObjects: 0.362800 ms CreateObjectMapping: 0.138100 ms MarkObjects: 2.820400 ms  DeleteObjects: 0.379200 ms)

AssetImportParameters requested are different than current active one (requested -> active):
  custom:video-decoder-ogg-theora: a1e56fd34408186e4bbccfd4996cb3dc -> 
  custom:container-muxer-webm: aa71ff27fc2769a1b78a27578f13a17b -> 
  custom:container-demuxer-webm: 4f35f7cbe854078d1ac9338744f61a02 -> 
  custom:video-encoder-webm-vp8: eb34c28f22e8b96e1ab97ce403110664 -> 
  custom:audio-encoder-webm-vorbis: bf7c407c2cedff20999df2af8eb42d56 -> 
  custom:framework-win-MediaFoundation: 216162199b28c13a410421893ffa2e32 -> 
  custom:SearchIndexIgnoredProperties: e643bd26f0fe6173181afceb89e7c659 -> 
  custom:container-demuxer-ogg: 62fdf1f143b41e24485cea50d1cbac27 -> 
  custom:video-decoder-webm-vp8: 9c59270c3fd7afecdb556c50c9e8de78 -> 
  custom:audio-decoder-ogg-vorbis: bf7c407c2cedff20999df2af8eb42d56 -> 
Editor requested this worker to shutdown with reason: Scaling down because of idle timeout
AssetImportWorker is now disconnected from the server
Process exiting
Exiting without the bug reporter. Application will terminate with return code 0