Using pre-set license
Built from '2021.3/evg/staging/82bb020e-b03b1330/draft-0' branch; Version is '2021.3.16f1 (4016570cf34f) revision 4200023'; Using compiler version '192829333'; Build Type 'Release'
OS: 'Windows 11  (10.0.22621) 64bit Professional' Language: 'en' Physical Memory: 65445 MB
BatchMode: 1, IsHumanControllingUs: 0, StartBugReporterOnCrash: 0, Is64bit: 1, IsPro: 1

COMMAND LINE ARGUMENTS:
C:\Program Files\Unity 2021.3.16f1\Editor\Unity.exe
-adb2
-batchMode
-noUpm
-name
AssetImportWorker11
-projectPath
D:/School/CART315/gits/Prototype 4B/Prototype 4B - Planets
-logFile
Logs/AssetImportWorker11.log
-srvPort
54739
Successfully changed project path to: D:/School/CART315/gits/Prototype 4B/Prototype 4B - Planets
D:/School/CART315/gits/Prototype 4B/Prototype 4B - Planets
[UnityMemory] Configuration Parameters - Can be set up in boot.config
    "memorysetup-bucket-allocator-granularity=16"
    "memorysetup-bucket-allocator-bucket-count=8"
    "memorysetup-bucket-allocator-block-size=33554432"
    "memorysetup-bucket-allocator-block-count=8"
    "memorysetup-main-allocator-block-size=16777216"
    "memorysetup-thread-allocator-block-size=16777216"
    "memorysetup-gfx-main-allocator-block-size=16777216"
    "memorysetup-gfx-thread-allocator-block-size=16777216"
    "memorysetup-cache-allocator-block-size=4194304"
    "memorysetup-typetree-allocator-block-size=2097152"
    "memorysetup-profiler-bucket-allocator-granularity=16"
    "memorysetup-profiler-bucket-allocator-bucket-count=8"
    "memorysetup-profiler-bucket-allocator-block-size=33554432"
    "memorysetup-profiler-bucket-allocator-block-count=8"
    "memorysetup-profiler-allocator-block-size=16777216"
    "memorysetup-profiler-editor-allocator-block-size=1048576"
    "memorysetup-temp-allocator-size-main=16777216"
    "memorysetup-job-temp-allocator-block-size=2097152"
    "memorysetup-job-temp-allocator-block-size-background=1048576"
    "memorysetup-job-temp-allocator-reduction-small-platforms=262144"
    "memorysetup-temp-allocator-size-background-worker=32768"
    "memorysetup-temp-allocator-size-job-worker=262144"
    "memorysetup-temp-allocator-size-preload-manager=33554432"
    "memorysetup-temp-allocator-size-nav-mesh-worker=65536"
    "memorysetup-temp-allocator-size-audio-worker=65536"
    "memorysetup-temp-allocator-size-cloud-worker=32768"
    "memorysetup-temp-allocator-size-gi-baking-worker=262144"
    "memorysetup-temp-allocator-size-gfx=262144"
Player connection [36784] Host "[IP] 192.168.0.41 [Port] 0 [Flags] 2 [Guid] 1091847778 [EditorId] 1091847778 [Version] 1048832 [Id] WindowsEditor(7,DESKTOP-LUV3IRM) [Debug] 1 [PackageName] WindowsEditor [ProjectName] Editor" joined multi-casting on [225.0.0.222:54997]...

Player connection [36784] Host "[IP] 192.168.0.41 [Port] 0 [Flags] 2 [Guid] 1091847778 [EditorId] 1091847778 [Version] 1048832 [Id] WindowsEditor(7,DESKTOP-LUV3IRM) [Debug] 1 [PackageName] WindowsEditor [ProjectName] Editor" joined alternative multi-casting on [225.0.0.222:34997]...

Refreshing native plugins compatible for Editor in 110.95 ms, found 3 plugins.
Preloading 0 native plugins for Editor in 0.00 ms.
Initialize engine version: 2021.3.16f1 (4016570cf34f)
[Subsystems] Discovering subsystems at path C:/Program Files/Unity 2021.3.16f1/Editor/Data/Resources/UnitySubsystems
[Subsystems] Discovering subsystems at path D:/School/CART315/gits/Prototype 4B/Prototype 4B - Planets/Assets
GfxDevice: creating device client; threaded=0; jobified=0
Direct3D:
    Version:  Direct3D 11.0 [level 11.1]
    Renderer: NVIDIA GeForce RTX 3070 Ti (ID=0x2482)
    Vendor:   NVIDIA
    VRAM:     8031 MB
    Driver:   31.0.15.2849
Initialize mono
Mono path[0] = 'C:/Program Files/Unity 2021.3.16f1/Editor/Data/Managed'
Mono path[1] = 'C:/Program Files/Unity 2021.3.16f1/Editor/Data/MonoBleedingEdge/lib/mono/unityjit-win32'
Mono config path = 'C:/Program Files/Unity 2021.3.16f1/Editor/Data/MonoBleedingEdge/etc'
Using monoOptions --debugger-agent=transport=dt_socket,embedding=1,server=y,suspend=n,address=127.0.0.1:56944
Begin MonoManager ReloadAssembly
Registering precompiled unity dll's ...
Register platform support module: C:/Program Files/Unity 2021.3.16f1/Editor/Data/PlaybackEngines/WindowsStandaloneSupport/UnityEditor.WindowsStandalone.Extensions.dll
Registered in 0.003195 seconds.
Native extension for WindowsStandalone target not found
Refreshing native plugins compatible for Editor in 96.44 ms, found 3 plugins.
Preloading 0 native plugins for Editor in 0.00 ms.
Mono: successfully reloaded assembly
- Completed reload, in  0.505 seconds
Domain Reload Profiling:
	ReloadAssembly (505ms)
		BeginReloadAssembly (56ms)
			ExecutionOrderSort (0ms)
			DisableScriptedObjects (0ms)
			BackupInstance (0ms)
			ReleaseScriptingObjects (0ms)
			CreateAndSetChildDomain (1ms)
		EndReloadAssembly (368ms)
			LoadAssemblies (54ms)
			RebuildTransferFunctionScriptingTraits (0ms)
			SetupTypeCache (72ms)
			ReleaseScriptCaches (0ms)
			RebuildScriptCaches (18ms)
			SetupLoadedEditorAssemblies (240ms)
				LogAssemblyErrors (0ms)
				InitializePlatformSupportModulesInManaged (5ms)
				SetLoadedEditorAssemblies (0ms)
				RefreshPlugins (97ms)
				BeforeProcessingInitializeOnLoad (1ms)
				ProcessInitializeOnLoadAttributes (105ms)
				ProcessInitializeOnLoadMethodAttributes (33ms)
				AfterProcessingInitializeOnLoad (0ms)
				EditorAssembliesLoaded (0ms)
			ExecutionOrderSort2 (0ms)
			AwakeInstancesAfterBackupRestoration (0ms)
Platform modules already initialized, skipping
Registering precompiled user dll's ...
Registered in 0.006455 seconds.
Begin MonoManager ReloadAssembly
Symbol file LoadedFromMemory doesn't match image D:\School\CART315\gits\Prototype 4B\Prototype 4B - Planets\Library\PackageCache\com.unity.visualscripting@1.7.8\Editor\VisualScripting.Core\Dependencies\YamlDotNet\Unity.VisualScripting.YamlDotNet.dll
Symbol file LoadedFromMemory doesn't match image D:\School\CART315\gits\Prototype 4B\Prototype 4B - Planets\Library\PackageCache\com.unity.visualscripting@1.7.8\Editor\VisualScripting.Core\Dependencies\DotNetZip\Unity.VisualScripting.IonicZip.dll
Native extension for WindowsStandalone target not found
Refreshing native plugins compatible for Editor in 96.10 ms, found 3 plugins.
Preloading 0 native plugins for Editor in 0.00 ms.
Mono: successfully reloaded assembly
- Completed reload, in  1.114 seconds
Domain Reload Profiling:
	ReloadAssembly (1114ms)
		BeginReloadAssembly (83ms)
			ExecutionOrderSort (0ms)
			DisableScriptedObjects (4ms)
			BackupInstance (0ms)
			ReleaseScriptingObjects (0ms)
			CreateAndSetChildDomain (15ms)
		EndReloadAssembly (943ms)
			LoadAssemblies (75ms)
			RebuildTransferFunctionScriptingTraits (0ms)
			SetupTypeCache (232ms)
			ReleaseScriptCaches (1ms)
			RebuildScriptCaches (46ms)
			SetupLoadedEditorAssemblies (561ms)
				LogAssemblyErrors (0ms)
				InitializePlatformSupportModulesInManaged (3ms)
				SetLoadedEditorAssemblies (0ms)
				RefreshPlugins (96ms)
				BeforeProcessingInitializeOnLoad (96ms)
				ProcessInitializeOnLoadAttributes (299ms)
				ProcessInitializeOnLoadMethodAttributes (61ms)
				AfterProcessingInitializeOnLoad (6ms)
				EditorAssembliesLoaded (0ms)
			ExecutionOrderSort2 (0ms)
			AwakeInstancesAfterBackupRestoration (4ms)
Platform modules already initialized, skipping
========================================================================
Worker process is ready to serve import requests
Launched and connected shader compiler UnityShaderCompiler.exe after 0.05 seconds
Refreshing native plugins compatible for Editor in 0.98 ms, found 3 plugins.
Preloading 0 native plugins for Editor in 0.00 ms.
Unloading 5725 Unused Serialized files (Serialized files now loaded: 0)
Unloading 51 unused Assets / (0.8 MB). Loaded Objects now: 6179.
Memory consumption went from 232.1 MB to 231.3 MB.
Total: 3.275300 ms (FindLiveObjects: 0.363600 ms CreateObjectMapping: 0.133200 ms MarkObjects: 2.512200 ms  DeleteObjects: 0.265400 ms)

AssetImportParameters requested are different than current active one (requested -> active):
  custom:video-decoder-ogg-theora: a1e56fd34408186e4bbccfd4996cb3dc -> 
  custom:container-muxer-webm: aa71ff27fc2769a1b78a27578f13a17b -> 
  custom:container-demuxer-webm: 4f35f7cbe854078d1ac9338744f61a02 -> 
  custom:video-encoder-webm-vp8: eb34c28f22e8b96e1ab97ce403110664 -> 
  custom:audio-encoder-webm-vorbis: bf7c407c2cedff20999df2af8eb42d56 -> 
  custom:framework-win-MediaFoundation: 216162199b28c13a410421893ffa2e32 -> 
  custom:SearchIndexIgnoredProperties: e643bd26f0fe6173181afceb89e7c659 -> 
  custom:container-demuxer-ogg: 62fdf1f143b41e24485cea50d1cbac27 -> 
  custom:video-decoder-webm-vp8: 9c59270c3fd7afecdb556c50c9e8de78 -> 
  custom:audio-decoder-ogg-vorbis: bf7c407c2cedff20999df2af8eb42d56 -> 
========================================================================
Received Prepare
Registering precompiled user dll's ...
Registered in 0.005767 seconds.
Begin MonoManager ReloadAssembly
Symbol file LoadedFromMemory doesn't match image D:\School\CART315\gits\Prototype 4B\Prototype 4B - Planets\Library\PackageCache\com.unity.visualscripting@1.7.8\Editor\VisualScripting.Core\Dependencies\YamlDotNet\Unity.VisualScripting.YamlDotNet.dll
Symbol file LoadedFromMemory doesn't match image D:\School\CART315\gits\Prototype 4B\Prototype 4B - Planets\Library\PackageCache\com.unity.visualscripting@1.7.8\Editor\VisualScripting.Core\Dependencies\DotNetZip\Unity.VisualScripting.IonicZip.dll
Native extension for WindowsStandalone target not found
Refreshing native plugins compatible for Editor in 0.99 ms, found 3 plugins.
Preloading 0 native plugins for Editor in 0.00 ms.
Mono: successfully reloaded assembly
- Completed reload, in  1.008 seconds
Domain Reload Profiling:
	ReloadAssembly (1009ms)
		BeginReloadAssembly (118ms)
			ExecutionOrderSort (0ms)
			DisableScriptedObjects (4ms)
			BackupInstance (0ms)
			ReleaseScriptingObjects (0ms)
			CreateAndSetChildDomain (41ms)
		EndReloadAssembly (803ms)
			LoadAssemblies (75ms)
			RebuildTransferFunctionScriptingTraits (0ms)
			SetupTypeCache (241ms)
			ReleaseScriptCaches (2ms)
			RebuildScriptCaches (40ms)
			SetupLoadedEditorAssemblies (410ms)
				LogAssemblyErrors (0ms)
				InitializePlatformSupportModulesInManaged (9ms)
				SetLoadedEditorAssemblies (0ms)
				RefreshPlugins (1ms)
				BeforeProcessingInitializeOnLoad (67ms)
				ProcessInitializeOnLoadAttributes (261ms)
				ProcessInitializeOnLoadMethodAttributes (64ms)
				AfterProcessingInitializeOnLoad (6ms)
				EditorAssembliesLoaded (0ms)
			ExecutionOrderSort2 (0ms)
			AwakeInstancesAfterBackupRestoration (7ms)
Platform modules already initialized, skipping
Refreshing native plugins compatible for Editor in 2.61 ms, found 3 plugins.
Preloading 0 native plugins for Editor in 0.00 ms.
Unloading 5581 Unused Serialized files (Serialized files now loaded: 0)
Unloading 30 unused Assets / (0.8 MB). Loaded Objects now: 6194.
Memory consumption went from 223.5 MB to 222.7 MB.
Total: 3.388600 ms (FindLiveObjects: 0.353300 ms CreateObjectMapping: 0.128600 ms MarkObjects: 2.605900 ms  DeleteObjects: 0.299400 ms)

AssetImportParameters requested are different than current active one (requested -> active):
  custom:video-decoder-ogg-theora: a1e56fd34408186e4bbccfd4996cb3dc -> 
  custom:container-muxer-webm: aa71ff27fc2769a1b78a27578f13a17b -> 
  custom:container-demuxer-webm: 4f35f7cbe854078d1ac9338744f61a02 -> 
  custom:video-encoder-webm-vp8: eb34c28f22e8b96e1ab97ce403110664 -> 
  custom:audio-encoder-webm-vorbis: bf7c407c2cedff20999df2af8eb42d56 -> 
  custom:framework-win-MediaFoundation: 216162199b28c13a410421893ffa2e32 -> 
  custom:SearchIndexIgnoredProperties: e643bd26f0fe6173181afceb89e7c659 -> 
  custom:container-demuxer-ogg: 62fdf1f143b41e24485cea50d1cbac27 -> 
  custom:video-decoder-webm-vp8: 9c59270c3fd7afecdb556c50c9e8de78 -> 
  custom:audio-decoder-ogg-vorbis: bf7c407c2cedff20999df2af8eb42d56 -> 
========================================================================
Received Import Request.
  Time since last request: 420524.210530 seconds.
  path: Assets/TutorialInfo
  artifactKey: Guid(b3666c4e28d1eda44b016842185a972b) Importer(815301076,1909f56bfc062723c751e8b465ee728b)
Start importing Assets/TutorialInfo using Guid(b3666c4e28d1eda44b016842185a972b) Importer(815301076,1909f56bfc062723c751e8b465ee728b)  -> (artifact id: '5b71889eb6a134828721b6e2273eae21') in 0.012686 seconds 
========================================================================
Received Import Request.
  Time since last request: 0.853797 seconds.
  path: Assets/Texture_and_materials
  artifactKey: Guid(44fc0a36f37a9064096cd721dc478e49) Importer(815301076,1909f56bfc062723c751e8b465ee728b)
Start importing Assets/Texture_and_materials using Guid(44fc0a36f37a9064096cd721dc478e49) Importer(815301076,1909f56bfc062723c751e8b465ee728b)  -> (artifact id: '15ea198b83b977558da699ec6a981853') in 0.005119 seconds 
========================================================================
Received Import Request.
  Time since last request: 3.127899 seconds.
  path: Assets/Texture_and_materials/Paving_stone
  artifactKey: Guid(ca84c4ac1c8b7bd4883cb5d2e56089b2) Importer(815301076,1909f56bfc062723c751e8b465ee728b)
Start importing Assets/Texture_and_materials/Paving_stone using Guid(ca84c4ac1c8b7bd4883cb5d2e56089b2) Importer(815301076,1909f56bfc062723c751e8b465ee728b)  -> (artifact id: '69a2e4a38900a38dadbb137f05b83ede') in 0.005188 seconds 
========================================================================
Received Import Request.
  Time since last request: 3.054445 seconds.
  path: Assets/TextMesh Pro
  artifactKey: Guid(f54d1bd14bd3ca042bd867b519fee8cc) Importer(815301076,1909f56bfc062723c751e8b465ee728b)
Start importing Assets/TextMesh Pro using Guid(f54d1bd14bd3ca042bd867b519fee8cc) Importer(815301076,1909f56bfc062723c751e8b465ee728b)  -> (artifact id: 'f5648c5ef36b7beab651a001a8d08867') in 0.006124 seconds 
========================================================================
Received Import Request.
  Time since last request: 3.720366 seconds.
  path: Assets/Prefabs
  artifactKey: Guid(3547d539220f51a4599294020a5f42cf) Importer(815301076,1909f56bfc062723c751e8b465ee728b)
Start importing Assets/Prefabs using Guid(3547d539220f51a4599294020a5f42cf) Importer(815301076,1909f56bfc062723c751e8b465ee728b)  -> (artifact id: '8e5cbb4915713211afb8c67c388ddb0b') in 0.001608 seconds 
========================================================================
Received Import Request.
  Time since last request: 0.042799 seconds.
  path: Assets/Prefabs/MainCamera.prefab
  artifactKey: Guid(2d3a85ecde41a8246a79669975912b74) Importer(815301076,1909f56bfc062723c751e8b465ee728b)
Start importing Assets/Prefabs/MainCamera.prefab using Guid(2d3a85ecde41a8246a79669975912b74) Importer(815301076,1909f56bfc062723c751e8b465ee728b)  -> (artifact id: 'd3da5efa9e5b5aaf9486f9466660d09e') in 0.044149 seconds 
========================================================================
Received Import Request.
  Time since last request: 0.000015 seconds.
  path: Assets/Prefabs/PlayerFollowCamera.prefab
  artifactKey: Guid(9c489a8547f4d9e4387da15a4ff82c81) Importer(815301076,1909f56bfc062723c751e8b465ee728b)
Start importing Assets/Prefabs/PlayerFollowCamera.prefab using Guid(9c489a8547f4d9e4387da15a4ff82c81) Importer(815301076,1909f56bfc062723c751e8b465ee728b)  -> (artifact id: '538e39dcfdb349f2c57ba2e8f03b95e1') in 0.008378 seconds 
========================================================================
Received Import Request.
  Time since last request: 0.000017 seconds.
  path: Assets/Prefabs/PlayerCapsule.prefab
  artifactKey: Guid(c5efc39a8aaf6e64ea40e9ad573e9b47) Importer(815301076,1909f56bfc062723c751e8b465ee728b)
Start importing Assets/Prefabs/PlayerCapsule.prefab using Guid(c5efc39a8aaf6e64ea40e9ad573e9b47) Importer(815301076,1909f56bfc062723c751e8b465ee728b)  -> (artifact id: '0bcc19ef5a135746afe83295d46491bc') in 0.180782 seconds 
========================================================================
Received Import Request.
  Time since last request: 0.000019 seconds.
  path: Assets/Prefabs/Planet Model Prefab.prefab
  artifactKey: Guid(fdaa76d8a02d948629786322cfa288e9) Importer(815301076,1909f56bfc062723c751e8b465ee728b)
Start importing Assets/Prefabs/Planet Model Prefab.prefab using Guid(fdaa76d8a02d948629786322cfa288e9) Importer(815301076,1909f56bfc062723c751e8b465ee728b)  -> (artifact id: '8d4013d64454a2ff1d8abb4cd1882366') in 0.044939 seconds 
========================================================================
Received Import Request.
  Time since last request: 3.108766 seconds.
  path: Assets/Models
  artifactKey: Guid(74a6b0f9902836747aeadf10b283af40) Importer(815301076,1909f56bfc062723c751e8b465ee728b)
Start importing Assets/Models using Guid(74a6b0f9902836747aeadf10b283af40) Importer(815301076,1909f56bfc062723c751e8b465ee728b)  -> (artifact id: '88c8b236ef98a24ac45e123401f582cc') in 0.013550 seconds 
========================================================================
Received Import Request.
  Time since last request: 1.080097 seconds.
  path: Assets/Models/World Models
  artifactKey: Guid(43b952ead976d6b44b55f291478ab72b) Importer(815301076,1909f56bfc062723c751e8b465ee728b)
Start importing Assets/Models/World Models using Guid(43b952ead976d6b44b55f291478ab72b) Importer(815301076,1909f56bfc062723c751e8b465ee728b)  -> (artifact id: '46bacebbf8c346112beaec34c2e8d3b4') in 0.005332 seconds 
========================================================================
Received Import Request.
  Time since last request: 0.071070 seconds.
  path: Assets/Models/World Models/Bush.obj
  artifactKey: Guid(4c4e6dbbbd3aebd418fe0aa2e7c49666) Importer(815301076,1909f56bfc062723c751e8b465ee728b)
Start importing Assets/Models/World Models/Bush.obj using Guid(4c4e6dbbbd3aebd418fe0aa2e7c49666) Importer(815301076,1909f56bfc062723c751e8b465ee728b)  -> (artifact id: 'a67369b019da3adc9d20c2e9d9213e8d') in 0.044809 seconds 
========================================================================
Received Import Request.
  Time since last request: 0.000021 seconds.
  path: Assets/Models/World Models/Tree7.obj
  artifactKey: Guid(67f3e8da9aac6b64288bcb434ce5b8f4) Importer(815301076,1909f56bfc062723c751e8b465ee728b)
Start importing Assets/Models/World Models/Tree7.obj using Guid(67f3e8da9aac6b64288bcb434ce5b8f4) Importer(815301076,1909f56bfc062723c751e8b465ee728b)  -> (artifact id: 'caea898f67548841d62ed87b3c05d3ef') in 0.016967 seconds 
========================================================================
Received Import Request.
  Time since last request: 0.000029 seconds.
  path: Assets/Models/World Models/Bush7.obj
  artifactKey: Guid(955496ca0055b6841a94859bbb18e8c1) Importer(815301076,1909f56bfc062723c751e8b465ee728b)
Start importing Assets/Models/World Models/Bush7.obj using Guid(955496ca0055b6841a94859bbb18e8c1) Importer(815301076,1909f56bfc062723c751e8b465ee728b)  -> (artifact id: 'b22fcbef282c6d67c23e93fcfcfd586f') in 0.017463 seconds 
========================================================================
Received Import Request.
  Time since last request: 0.000017 seconds.
  path: Assets/Models/World Models/Rocks7.obj
  artifactKey: Guid(d5976ffc4b3220747ba25e1733b005f0) Importer(815301076,1909f56bfc062723c751e8b465ee728b)
Start importing Assets/Models/World Models/Rocks7.obj using Guid(d5976ffc4b3220747ba25e1733b005f0) Importer(815301076,1909f56bfc062723c751e8b465ee728b)  -> (artifact id: 'cb046747fc6df81bce55283b12538b75') in 0.016872 seconds 
========================================================================
Received Import Request.
  Time since last request: 0.000018 seconds.
  path: Assets/Models/World Models/Tree4.obj
  artifactKey: Guid(33ce4e0582aa7024bbde957b54641464) Importer(815301076,1909f56bfc062723c751e8b465ee728b)
Start importing Assets/Models/World Models/Tree4.obj using Guid(33ce4e0582aa7024bbde957b54641464) Importer(815301076,1909f56bfc062723c751e8b465ee728b)  -> (artifact id: '47a63b1bf0ebe8ea73f138518c1e8384') in 0.018586 seconds 
========================================================================
Received Import Request.
  Time since last request: 0.000018 seconds.
  path: Assets/Models/World Models/TreeStump.obj
  artifactKey: Guid(5435d5912e86cf141af159fcd70ddbad) Importer(815301076,1909f56bfc062723c751e8b465ee728b)
Start importing Assets/Models/World Models/TreeStump.obj using Guid(5435d5912e86cf141af159fcd70ddbad) Importer(815301076,1909f56bfc062723c751e8b465ee728b)  -> (artifact id: '8739f6550af09b5cd3670555fb921a3a') in 0.015489 seconds 
========================================================================
Received Import Request.
  Time since last request: 0.000019 seconds.
  path: Assets/Models/World Models/Sphere.obj
  artifactKey: Guid(a8242218f2e505f478ae64d29cbb5e0d) Importer(815301076,1909f56bfc062723c751e8b465ee728b)
Start importing Assets/Models/World Models/Sphere.obj using Guid(a8242218f2e505f478ae64d29cbb5e0d) Importer(815301076,1909f56bfc062723c751e8b465ee728b)  -> (artifact id: 'e885384f179a3a4a5b37d38b1fdae015') in 0.016001 seconds 
========================================================================
Received Import Request.
  Time since last request: 0.000023 seconds.
  path: Assets/Models/World Models/Rock1.obj
  artifactKey: Guid(d9d03c0f62e4a5341a45d428c8e04203) Importer(815301076,1909f56bfc062723c751e8b465ee728b)
Start importing Assets/Models/World Models/Rock1.obj using Guid(d9d03c0f62e4a5341a45d428c8e04203) Importer(815301076,1909f56bfc062723c751e8b465ee728b)  -> (artifact id: '765aee08d4b1c78ecd6742ddc2025f03') in 0.015316 seconds 
========================================================================
Received Import Request.
  Time since last request: 0.000018 seconds.
  path: Assets/Models/World Models/Tree.obj
  artifactKey: Guid(68c5529614ecba340ac822a17dbc2110) Importer(815301076,1909f56bfc062723c751e8b465ee728b)
Start importing Assets/Models/World Models/Tree.obj using Guid(68c5529614ecba340ac822a17dbc2110) Importer(815301076,1909f56bfc062723c751e8b465ee728b)  -> (artifact id: 'c075f927815f1647ec0d66cd2f71a22b') in 0.016293 seconds 
========================================================================
Received Import Request.
  Time since last request: 0.000019 seconds.
  path: Assets/Models/World Models/rocks3.obj
  artifactKey: Guid(0b97ba97ac12bc0408e0a938461d2eda) Importer(815301076,1909f56bfc062723c751e8b465ee728b)
Start importing Assets/Models/World Models/rocks3.obj using Guid(0b97ba97ac12bc0408e0a938461d2eda) Importer(815301076,1909f56bfc062723c751e8b465ee728b)  -> (artifact id: 'f7b1eb8c246b4a950d0bd8525fa5922d') in 0.015795 seconds 
========================================================================
Received Import Request.
  Time since last request: 0.000022 seconds.
  path: Assets/Models/World Models/Bush6.obj
  artifactKey: Guid(cdb507bb6e795a24db9273094d2a5c53) Importer(815301076,1909f56bfc062723c751e8b465ee728b)
Start importing Assets/Models/World Models/Bush6.obj using Guid(cdb507bb6e795a24db9273094d2a5c53) Importer(815301076,1909f56bfc062723c751e8b465ee728b)  -> (artifact id: '64cff2603615881b992b63597dfcdd05') in 0.017696 seconds 
========================================================================
Received Import Request.
  Time since last request: 0.000036 seconds.
  path: Assets/Models/World Models/Rocks4.obj
  artifactKey: Guid(5378ea26f1b231844a1b8fab33957f81) Importer(815301076,1909f56bfc062723c751e8b465ee728b)
Start importing Assets/Models/World Models/Rocks4.obj using Guid(5378ea26f1b231844a1b8fab33957f81) Importer(815301076,1909f56bfc062723c751e8b465ee728b)  -> (artifact id: '96420dadac3d67dc64f6164a85a12947') in 0.015856 seconds 
========================================================================
Received Import Request.
  Time since last request: 0.000026 seconds.
  path: Assets/Models/World Models/Tree11.obj
  artifactKey: Guid(d8793f9be488e4647a2e1ad87694cc89) Importer(815301076,1909f56bfc062723c751e8b465ee728b)
Start importing Assets/Models/World Models/Tree11.obj using Guid(d8793f9be488e4647a2e1ad87694cc89) Importer(815301076,1909f56bfc062723c751e8b465ee728b)  -> (artifact id: '3ebfc292f7089e96ad58c2b77954c8b4') in 0.018998 seconds 
========================================================================
Received Import Request.
  Time since last request: 0.000022 seconds.
  path: Assets/Models/World Models/Pinetree1.obj
  artifactKey: Guid(1b954b4e54607594ba71f13a545195f2) Importer(815301076,1909f56bfc062723c751e8b465ee728b)
Start importing Assets/Models/World Models/Pinetree1.obj using Guid(1b954b4e54607594ba71f13a545195f2) Importer(815301076,1909f56bfc062723c751e8b465ee728b)  -> (artifact id: 'f758e031042f8c6b6f2b777533fda01d') in 0.018582 seconds 
========================================================================
Received Import Request.
  Time since last request: 0.000016 seconds.
  path: Assets/Models/World Models/Rocks8.obj
  artifactKey: Guid(04d6cea436db624409e363b728b33d96) Importer(815301076,1909f56bfc062723c751e8b465ee728b)
Start importing Assets/Models/World Models/Rocks8.obj using Guid(04d6cea436db624409e363b728b33d96) Importer(815301076,1909f56bfc062723c751e8b465ee728b)  -> (artifact id: '986202563f2ec37dc49faf0dc007061b') in 0.016626 seconds 
========================================================================
Received Import Request.
  Time since last request: 0.000020 seconds.
  path: Assets/Models/World Models/Vegetation3.obj
  artifactKey: Guid(a13db178154547847b45abc310cb4a21) Importer(815301076,1909f56bfc062723c751e8b465ee728b)
Start importing Assets/Models/World Models/Vegetation3.obj using Guid(a13db178154547847b45abc310cb4a21) Importer(815301076,1909f56bfc062723c751e8b465ee728b)  -> (artifact id: '4f6d861923a3024836937aa3f3ef4d3a') in 0.015901 seconds 
========================================================================
Received Import Request.
  Time since last request: 0.000019 seconds.
  path: Assets/Models/World Models/Bush5.obj
  artifactKey: Guid(0343d24552da5114db816ac1183cfcf9) Importer(815301076,1909f56bfc062723c751e8b465ee728b)
Start importing Assets/Models/World Models/Bush5.obj using Guid(0343d24552da5114db816ac1183cfcf9) Importer(815301076,1909f56bfc062723c751e8b465ee728b)  -> (artifact id: 'd31ea832d125ff3da94d790980e46bca') in 0.015444 seconds 
========================================================================
Received Import Request.
  Time since last request: 0.000031 seconds.
  path: Assets/Models/World Models/Tree15.obj
  artifactKey: Guid(784e5ac085a660a4c9b7313927a37ab1) Importer(815301076,1909f56bfc062723c751e8b465ee728b)
Start importing Assets/Models/World Models/Tree15.obj using Guid(784e5ac085a660a4c9b7313927a37ab1) Importer(815301076,1909f56bfc062723c751e8b465ee728b)  -> (artifact id: 'c5871d2677a2bdbf7a7b615fc4459158') in 0.018232 seconds 
========================================================================
Received Import Request.
  Time since last request: 5.218305 seconds.
  path: Assets/Mobile
  artifactKey: Guid(1d9a48e14080daf4794b86b4911eef32) Importer(815301076,1909f56bfc062723c751e8b465ee728b)
Start importing Assets/Mobile using Guid(1d9a48e14080daf4794b86b4911eef32) Importer(815301076,1909f56bfc062723c751e8b465ee728b)  -> (artifact id: 'dcbfdb089dbed60d104aa7d0206692f6') in 0.004872 seconds 
========================================================================
Received Import Request.
  Time since last request: 3.237143 seconds.
  path: Assets/Mini First Person Controller
  artifactKey: Guid(605f51c6d187a5445b69b92768ef41b7) Importer(815301076,1909f56bfc062723c751e8b465ee728b)
Start importing Assets/Mini First Person Controller using Guid(605f51c6d187a5445b69b92768ef41b7) Importer(815301076,1909f56bfc062723c751e8b465ee728b)  -> (artifact id: '4ff2146d764d6068ecc13f1b13617c9c') in 0.005391 seconds 
========================================================================
Received Import Request.
  Time since last request: 0.738935 seconds.
  path: Assets/MilkyWay
  artifactKey: Guid(c896d8ec8fc8a6c4a91059e48a49b81e) Importer(815301076,1909f56bfc062723c751e8b465ee728b)
Start importing Assets/MilkyWay using Guid(c896d8ec8fc8a6c4a91059e48a49b81e) Importer(815301076,1909f56bfc062723c751e8b465ee728b)  -> (artifact id: '04345181d5c2f698ef669140e2e5eb02') in 0.005258 seconds 
========================================================================
Received Import Request.
  Time since last request: 2.405652 seconds.
  path: Assets/Lowylpoly
  artifactKey: Guid(cd153741f57d1dc49b607acf7ce0a095) Importer(815301076,1909f56bfc062723c751e8b465ee728b)
Start importing Assets/Lowylpoly using Guid(cd153741f57d1dc49b607acf7ce0a095) Importer(815301076,1909f56bfc062723c751e8b465ee728b)  -> (artifact id: 'c144b8e5d9c734024585828d455005ac') in 0.005289 seconds 
========================================================================
Received Import Request.
  Time since last request: 1.820213 seconds.
  path: Assets/Lowylpoly/Stylized Sci-fi Texture
  artifactKey: Guid(f74aba5ebae289d4190f51ee7662a141) Importer(815301076,1909f56bfc062723c751e8b465ee728b)
Start importing Assets/Lowylpoly/Stylized Sci-fi Texture using Guid(f74aba5ebae289d4190f51ee7662a141) Importer(815301076,1909f56bfc062723c751e8b465ee728b)  -> (artifact id: '5556a5530ee5b048ef1cd09fb51285b3') in 0.013324 seconds 
========================================================================
Received Import Request.
  Time since last request: 3.560191 seconds.
  path: Assets/LowPolyAlienWorld
  artifactKey: Guid(ab8926e53a7c611419876f1c4ca78576) Importer(815301076,1909f56bfc062723c751e8b465ee728b)
Start importing Assets/LowPolyAlienWorld using Guid(ab8926e53a7c611419876f1c4ca78576) Importer(815301076,1909f56bfc062723c751e8b465ee728b)  -> (artifact id: '6e07a5867aae17b70f64e25e218aa110') in 0.013322 seconds 
========================================================================
Received Import Request.
  Time since last request: 0.750952 seconds.
  path: Assets/LowPolyAlienWorld/Terrain.fbx
  artifactKey: Guid(587c5ef11f1639140b1ec4c74d6b908e) Importer(815301076,1909f56bfc062723c751e8b465ee728b)
Start importing Assets/LowPolyAlienWorld/Terrain.fbx using Guid(587c5ef11f1639140b1ec4c74d6b908e) Importer(815301076,1909f56bfc062723c751e8b465ee728b)  -> (artifact id: 'c45a5fe4bd6b088c0b856892f126e732') in 0.014534 seconds 
========================================================================
Received Import Request.
  Time since last request: 3.843910 seconds.
  path: Assets/Kevin Iglesias
  artifactKey: Guid(6d45932e67e3c444799c3a0e91b962e9) Importer(815301076,1909f56bfc062723c751e8b465ee728b)
Start importing Assets/Kevin Iglesias using Guid(6d45932e67e3c444799c3a0e91b962e9) Importer(815301076,1909f56bfc062723c751e8b465ee728b)  -> (artifact id: 'b07362037389a3280680e5d4340012a8') in 0.005413 seconds 
========================================================================
Received Import Request.
  Time since last request: 1.071750 seconds.
  path: Assets/Kevin Iglesias/Basic Motions
  artifactKey: Guid(2cb279c410b7a3e4dbf4aab42283effa) Importer(815301076,1909f56bfc062723c751e8b465ee728b)
Start importing Assets/Kevin Iglesias/Basic Motions using Guid(2cb279c410b7a3e4dbf4aab42283effa) Importer(815301076,1909f56bfc062723c751e8b465ee728b)  -> (artifact id: 'c0c17348febb5cfb9d0c3e75032ab964') in 0.013534 seconds 
========================================================================
Received Import Request.
  Time since last request: 3.857646 seconds.
  path: Assets/Insect
  artifactKey: Guid(71b5bec8e6bb5c14a8b7970d66120769) Importer(815301076,1909f56bfc062723c751e8b465ee728b)
Start importing Assets/Insect using Guid(71b5bec8e6bb5c14a8b7970d66120769) Importer(815301076,1909f56bfc062723c751e8b465ee728b)  -> (artifact id: '764326b526bee45d23382ed475ba09f8') in 0.005333 seconds 
========================================================================
Received Import Request.
  Time since last request: 1.114319 seconds.
  path: Assets/Insect/models
  artifactKey: Guid(660ca8decb8a0384da9a3f63ec61e89c) Importer(815301076,1909f56bfc062723c751e8b465ee728b)
Start importing Assets/Insect/models using Guid(660ca8decb8a0384da9a3f63ec61e89c) Importer(815301076,1909f56bfc062723c751e8b465ee728b)  -> (artifact id: '11d7908b3698615747c4c2564551a0f1') in 0.005048 seconds 
========================================================================
Received Import Request.
  Time since last request: 0.048213 seconds.
  path: Assets/Insect/models/crate_wood.fbx
  artifactKey: Guid(4062431ddc400024eb3dc2f51a7f4c52) Importer(815301076,1909f56bfc062723c751e8b465ee728b)
Start importing Assets/Insect/models/crate_wood.fbx using Guid(4062431ddc400024eb3dc2f51a7f4c52) Importer(815301076,1909f56bfc062723c751e8b465ee728b)  -> (artifact id: '4f97ec71de368fb9ca33ff4734ec6fee') in 0.028024 seconds 
========================================================================
Received Import Request.
  Time since last request: 10.819357 seconds.
  path: Assets/Insect/models/Materials
  artifactKey: Guid(41f40bba46f149c4fbe6e44936265368) Importer(815301076,1909f56bfc062723c751e8b465ee728b)
Start importing Assets/Insect/models/Materials using Guid(41f40bba46f149c4fbe6e44936265368) Importer(815301076,1909f56bfc062723c751e8b465ee728b)  -> (artifact id: '191a8efb794f9f8a71f37f2ca4a42958') in 0.001582 seconds 
========================================================================
Received Import Request.
  Time since last request: 0.056878 seconds.
  path: Assets/Insect/models/Materials/crate_wood.mat
  artifactKey: Guid(42074176a7ff7d54287008cae2ef51c1) Importer(815301076,1909f56bfc062723c751e8b465ee728b)
Start importing Assets/Insect/models/Materials/crate_wood.mat using Guid(42074176a7ff7d54287008cae2ef51c1) Importer(815301076,1909f56bfc062723c751e8b465ee728b)  -> (artifact id: '85f51611d5d4421dc2b8b6b7757c2845') in 0.022166 seconds 
========================================================================
Received Import Request.
  Time since last request: 0.000020 seconds.
  path: Assets/Insect/models/Materials/Insect_NM_normals.png
  artifactKey: Guid(b429a6728f8d8bd4aaf8d438a3e790dd) Importer(815301076,1909f56bfc062723c751e8b465ee728b)
Start importing Assets/Insect/models/Materials/Insect_NM_normals.png using Guid(b429a6728f8d8bd4aaf8d438a3e790dd) Importer(815301076,1909f56bfc062723c751e8b465ee728b)  -> (artifact id: 'eb12f68205800d70b719e1f1b29763de') in 0.022537 seconds 
Editor requested this worker to shutdown with reason: Scaling down because of idle timeout
AssetImportWorker is now disconnected from the server
Process exiting
Exiting without the bug reporter. Application will terminate with return code 0