Using pre-set license
Built from '2021.3/evg/staging/82bb020e-b03b1330/draft-0' branch; Version is '2021.3.16f1 (4016570cf34f) revision 4200023'; Using compiler version '192829333'; Build Type 'Release'
OS: 'Windows 11  (10.0.22621) 64bit Professional' Language: 'en' Physical Memory: 65445 MB
BatchMode: 1, IsHumanControllingUs: 0, StartBugReporterOnCrash: 0, Is64bit: 1, IsPro: 1

COMMAND LINE ARGUMENTS:
C:\Program Files\Unity 2021.3.16f1\Editor\Unity.exe
-adb2
-batchMode
-noUpm
-name
AssetImportWorker24
-projectPath
D:/School/CART315/gits/Prototype 4B/Prototype 4B - Planets
-logFile
Logs/AssetImportWorker24.log
-srvPort
61276
Successfully changed project path to: D:/School/CART315/gits/Prototype 4B/Prototype 4B - Planets
D:/School/CART315/gits/Prototype 4B/Prototype 4B - Planets
[UnityMemory] Configuration Parameters - Can be set up in boot.config
    "memorysetup-bucket-allocator-granularity=16"
    "memorysetup-bucket-allocator-bucket-count=8"
    "memorysetup-bucket-allocator-block-size=33554432"
    "memorysetup-bucket-allocator-block-count=8"
    "memorysetup-main-allocator-block-size=16777216"
    "memorysetup-thread-allocator-block-size=16777216"
    "memorysetup-gfx-main-allocator-block-size=16777216"
    "memorysetup-gfx-thread-allocator-block-size=16777216"
    "memorysetup-cache-allocator-block-size=4194304"
    "memorysetup-typetree-allocator-block-size=2097152"
    "memorysetup-profiler-bucket-allocator-granularity=16"
    "memorysetup-profiler-bucket-allocator-bucket-count=8"
    "memorysetup-profiler-bucket-allocator-block-size=33554432"
    "memorysetup-profiler-bucket-allocator-block-count=8"
    "memorysetup-profiler-allocator-block-size=16777216"
    "memorysetup-profiler-editor-allocator-block-size=1048576"
    "memorysetup-temp-allocator-size-main=16777216"
    "memorysetup-job-temp-allocator-block-size=2097152"
    "memorysetup-job-temp-allocator-block-size-background=1048576"
    "memorysetup-job-temp-allocator-reduction-small-platforms=262144"
    "memorysetup-temp-allocator-size-background-worker=32768"
    "memorysetup-temp-allocator-size-job-worker=262144"
    "memorysetup-temp-allocator-size-preload-manager=33554432"
    "memorysetup-temp-allocator-size-nav-mesh-worker=65536"
    "memorysetup-temp-allocator-size-audio-worker=65536"
    "memorysetup-temp-allocator-size-cloud-worker=32768"
    "memorysetup-temp-allocator-size-gi-baking-worker=262144"
    "memorysetup-temp-allocator-size-gfx=262144"
Player connection [41488] Host "[IP] 192.168.0.41 [Port] 0 [Flags] 2 [Guid] 2716423238 [EditorId] 2716423238 [Version] 1048832 [Id] WindowsEditor(7,DESKTOP-LUV3IRM) [Debug] 1 [PackageName] WindowsEditor [ProjectName] Editor" joined multi-casting on [225.0.0.222:54997]...

Player connection [41488] Host "[IP] 192.168.0.41 [Port] 0 [Flags] 2 [Guid] 2716423238 [EditorId] 2716423238 [Version] 1048832 [Id] WindowsEditor(7,DESKTOP-LUV3IRM) [Debug] 1 [PackageName] WindowsEditor [ProjectName] Editor" joined alternative multi-casting on [225.0.0.222:34997]...

Refreshing native plugins compatible for Editor in 100.88 ms, found 3 plugins.
Preloading 0 native plugins for Editor in 0.00 ms.
Initialize engine version: 2021.3.16f1 (4016570cf34f)
[Subsystems] Discovering subsystems at path C:/Program Files/Unity 2021.3.16f1/Editor/Data/Resources/UnitySubsystems
[Subsystems] Discovering subsystems at path D:/School/CART315/gits/Prototype 4B/Prototype 4B - Planets/Assets
GfxDevice: creating device client; threaded=0; jobified=0
Direct3D:
    Version:  Direct3D 11.0 [level 11.1]
    Renderer: NVIDIA GeForce RTX 3070 Ti (ID=0x2482)
    Vendor:   NVIDIA
    VRAM:     8031 MB
    Driver:   31.0.15.2849
Initialize mono
Mono path[0] = 'C:/Program Files/Unity 2021.3.16f1/Editor/Data/Managed'
Mono path[1] = 'C:/Program Files/Unity 2021.3.16f1/Editor/Data/MonoBleedingEdge/lib/mono/unityjit-win32'
Mono config path = 'C:/Program Files/Unity 2021.3.16f1/Editor/Data/MonoBleedingEdge/etc'
Using monoOptions --debugger-agent=transport=dt_socket,embedding=1,server=y,suspend=n,address=127.0.0.1:56012
Begin MonoManager ReloadAssembly
Registering precompiled unity dll's ...
Register platform support module: C:/Program Files/Unity 2021.3.16f1/Editor/Data/PlaybackEngines/WindowsStandaloneSupport/UnityEditor.WindowsStandalone.Extensions.dll
Registered in 0.003193 seconds.
Native extension for WindowsStandalone target not found
Refreshing native plugins compatible for Editor in 94.59 ms, found 3 plugins.
Preloading 0 native plugins for Editor in 0.00 ms.
Mono: successfully reloaded assembly
- Completed reload, in  0.530 seconds
Domain Reload Profiling:
	ReloadAssembly (531ms)
		BeginReloadAssembly (60ms)
			ExecutionOrderSort (0ms)
			DisableScriptedObjects (0ms)
			BackupInstance (0ms)
			ReleaseScriptingObjects (0ms)
			CreateAndSetChildDomain (1ms)
		EndReloadAssembly (383ms)
			LoadAssemblies (57ms)
			RebuildTransferFunctionScriptingTraits (0ms)
			SetupTypeCache (78ms)
			ReleaseScriptCaches (0ms)
			RebuildScriptCaches (19ms)
			SetupLoadedEditorAssemblies (246ms)
				LogAssemblyErrors (0ms)
				InitializePlatformSupportModulesInManaged (6ms)
				SetLoadedEditorAssemblies (0ms)
				RefreshPlugins (95ms)
				BeforeProcessingInitializeOnLoad (1ms)
				ProcessInitializeOnLoadAttributes (108ms)
				ProcessInitializeOnLoadMethodAttributes (36ms)
				AfterProcessingInitializeOnLoad (0ms)
				EditorAssembliesLoaded (0ms)
			ExecutionOrderSort2 (0ms)
			AwakeInstancesAfterBackupRestoration (0ms)
Platform modules already initialized, skipping
Registering precompiled user dll's ...
Registered in 0.005872 seconds.
Begin MonoManager ReloadAssembly
Symbol file LoadedFromMemory doesn't match image D:\School\CART315\gits\Prototype 4B\Prototype 4B - Planets\Library\PackageCache\com.unity.visualscripting@1.7.8\Editor\VisualScripting.Core\Dependencies\YamlDotNet\Unity.VisualScripting.YamlDotNet.dll
Symbol file LoadedFromMemory doesn't match image D:\School\CART315\gits\Prototype 4B\Prototype 4B - Planets\Library\PackageCache\com.unity.visualscripting@1.7.8\Editor\VisualScripting.Core\Dependencies\DotNetZip\Unity.VisualScripting.IonicZip.dll
Native extension for WindowsStandalone target not found
Refreshing native plugins compatible for Editor in 91.77 ms, found 3 plugins.
Preloading 0 native plugins for Editor in 0.00 ms.
Mono: successfully reloaded assembly
- Completed reload, in  4.777 seconds
Domain Reload Profiling:
	ReloadAssembly (4778ms)
		BeginReloadAssembly (89ms)
			ExecutionOrderSort (0ms)
			DisableScriptedObjects (5ms)
			BackupInstance (0ms)
			ReleaseScriptingObjects (0ms)
			CreateAndSetChildDomain (17ms)
		EndReloadAssembly (4588ms)
			LoadAssemblies (2684ms)
			RebuildTransferFunctionScriptingTraits (0ms)
			SetupTypeCache (617ms)
			ReleaseScriptCaches (1ms)
			RebuildScriptCaches (49ms)
			SetupLoadedEditorAssemblies (1209ms)
				LogAssemblyErrors (0ms)
				InitializePlatformSupportModulesInManaged (3ms)
				SetLoadedEditorAssemblies (0ms)
				RefreshPlugins (92ms)
				BeforeProcessingInitializeOnLoad (92ms)
				ProcessInitializeOnLoadAttributes (290ms)
				ProcessInitializeOnLoadMethodAttributes (725ms)
				AfterProcessingInitializeOnLoad (6ms)
				EditorAssembliesLoaded (0ms)
			ExecutionOrderSort2 (0ms)
			AwakeInstancesAfterBackupRestoration (5ms)
Platform modules already initialized, skipping
========================================================================
Worker process is ready to serve import requests
Launched and connected shader compiler UnityShaderCompiler.exe after 0.05 seconds
Refreshing native plugins compatible for Editor in 1.20 ms, found 3 plugins.
Preloading 0 native plugins for Editor in 0.00 ms.
Unloading 5672 Unused Serialized files (Serialized files now loaded: 0)
Unloading 48 unused Assets / (418.9 KB). Loaded Objects now: 6146.
Memory consumption went from 239.5 MB to 239.1 MB.
Total: 3.200100 ms (FindLiveObjects: 0.369100 ms CreateObjectMapping: 0.132100 ms MarkObjects: 2.561300 ms  DeleteObjects: 0.136700 ms)

AssetImportParameters requested are different than current active one (requested -> active):
  custom:video-decoder-ogg-theora: a1e56fd34408186e4bbccfd4996cb3dc -> 
  custom:container-muxer-webm: aa71ff27fc2769a1b78a27578f13a17b -> 
  custom:container-demuxer-webm: 4f35f7cbe854078d1ac9338744f61a02 -> 
  custom:video-encoder-webm-vp8: eb34c28f22e8b96e1ab97ce403110664 -> 
  custom:audio-encoder-webm-vorbis: bf7c407c2cedff20999df2af8eb42d56 -> 
  custom:framework-win-MediaFoundation: 216162199b28c13a410421893ffa2e32 -> 
  custom:container-demuxer-ogg: 62fdf1f143b41e24485cea50d1cbac27 -> 
  custom:video-decoder-webm-vp8: 9c59270c3fd7afecdb556c50c9e8de78 -> 
  custom:audio-decoder-ogg-vorbis: bf7c407c2cedff20999df2af8eb42d56 -> 
========================================================================
Received Import Request.
  Time since last request: 1743586.707066 seconds.
  path: Assets/LowPolyAlienWorld/Rocks/BigRock_02.fbx
  artifactKey: Guid(9e8b39aca268a8a4c9ad45ab92bd5f76) Importer(815301076,1909f56bfc062723c751e8b465ee728b)
Start importing Assets/LowPolyAlienWorld/Rocks/BigRock_02.fbx using Guid(9e8b39aca268a8a4c9ad45ab92bd5f76) Importer(815301076,1909f56bfc062723c751e8b465ee728b)  -> (artifact id: '3e33f2f3d04a538e7cae1554d0f58b27') in 0.217135 seconds 
========================================================================
Received Import Request.
  Time since last request: 24.483160 seconds.
  path: Assets/LowPolyAlienWorld/Rocks/Prefabs/BigRock_02.prefab
  artifactKey: Guid(b8afcb16b9632e344899c70492bcf933) Importer(815301076,1909f56bfc062723c751e8b465ee728b)
Start importing Assets/LowPolyAlienWorld/Rocks/Prefabs/BigRock_02.prefab using Guid(b8afcb16b9632e344899c70492bcf933) Importer(815301076,1909f56bfc062723c751e8b465ee728b)  -> (artifact id: '4202992149053cb03d2b18eed122bee1') in 0.010518 seconds 
========================================================================
Received Import Request.
  Time since last request: 388.962369 seconds.
  path: Assets/LowPolyAlienWorld/Rocks/Prefabs/BigRock_01.prefab
  artifactKey: Guid(07aab42f1eca6ef4887a7fa93ad8282b) Importer(815301076,1909f56bfc062723c751e8b465ee728b)
Start importing Assets/LowPolyAlienWorld/Rocks/Prefabs/BigRock_01.prefab using Guid(07aab42f1eca6ef4887a7fa93ad8282b) Importer(815301076,1909f56bfc062723c751e8b465ee728b)  -> (artifact id: '29d33318400390e874248369b0e8b876') in 0.020785 seconds 
========================================================================
Received Import Request.
  Time since last request: 0.000027 seconds.
  path: Assets/LowPolyAlienWorld/Rocks/Prefabs/RockFormation_06.prefab
  artifactKey: Guid(2e603bc31b2f54a41a14216f94f897cb) Importer(815301076,1909f56bfc062723c751e8b465ee728b)
Start importing Assets/LowPolyAlienWorld/Rocks/Prefabs/RockFormation_06.prefab using Guid(2e603bc31b2f54a41a14216f94f897cb) Importer(815301076,1909f56bfc062723c751e8b465ee728b)  -> (artifact id: '256efe15f1f30a05e912087f5a95e14c') in 0.015313 seconds 
========================================================================
Received Import Request.
  Time since last request: 0.000022 seconds.
  path: Assets/LowPolyAlienWorld/Rocks/Prefabs/SmallRock_03.prefab
  artifactKey: Guid(a839d12ebeb473947918f159f916fef3) Importer(815301076,1909f56bfc062723c751e8b465ee728b)
Start importing Assets/LowPolyAlienWorld/Rocks/Prefabs/SmallRock_03.prefab using Guid(a839d12ebeb473947918f159f916fef3) Importer(815301076,1909f56bfc062723c751e8b465ee728b)  -> (artifact id: '81accced9f445f393fe7824dc6942495') in 0.011721 seconds 
========================================================================
Received Import Request.
  Time since last request: 0.000026 seconds.
  path: Assets/LowPolyAlienWorld/Rocks/Prefabs/RockFormation_04.prefab
  artifactKey: Guid(2a3d0937e42cd1141abe41a3a1279e62) Importer(815301076,1909f56bfc062723c751e8b465ee728b)
Start importing Assets/LowPolyAlienWorld/Rocks/Prefabs/RockFormation_04.prefab using Guid(2a3d0937e42cd1141abe41a3a1279e62) Importer(815301076,1909f56bfc062723c751e8b465ee728b)  -> (artifact id: '72fbe4bfdf9b29aa7141af1e3b71278d') in 0.016554 seconds 
========================================================================
Received Import Request.
  Time since last request: 0.000023 seconds.
  path: Assets/LowPolyAlienWorld/Rocks/Prefabs/RockFormation_03.prefab
  artifactKey: Guid(a07a929fcb59ef44aa0b84e31eb0078e) Importer(815301076,1909f56bfc062723c751e8b465ee728b)
Start importing Assets/LowPolyAlienWorld/Rocks/Prefabs/RockFormation_03.prefab using Guid(a07a929fcb59ef44aa0b84e31eb0078e) Importer(815301076,1909f56bfc062723c751e8b465ee728b)  -> (artifact id: '2419190ac72a0e57ab61b0d705fd9ce3') in 0.012539 seconds 
========================================================================
Received Import Request.
  Time since last request: 0.000019 seconds.
  path: Assets/LowPolyAlienWorld/Rocks/Prefabs/SmallRock_02.prefab
  artifactKey: Guid(21006dba7e3f90042b36bf9b5f6af51e) Importer(815301076,1909f56bfc062723c751e8b465ee728b)
Start importing Assets/LowPolyAlienWorld/Rocks/Prefabs/SmallRock_02.prefab using Guid(21006dba7e3f90042b36bf9b5f6af51e) Importer(815301076,1909f56bfc062723c751e8b465ee728b)  -> (artifact id: '54631197ad6bb0d6e5b07d51f5f063cc') in 0.028225 seconds 
========================================================================
Received Import Request.
  Time since last request: 0.000017 seconds.
  path: Assets/LowPolyAlienWorld/Rocks/Prefabs/SmallRock_01.prefab
  artifactKey: Guid(46aa8b6d013691a43a624b2200d4519a) Importer(815301076,1909f56bfc062723c751e8b465ee728b)
Start importing Assets/LowPolyAlienWorld/Rocks/Prefabs/SmallRock_01.prefab using Guid(46aa8b6d013691a43a624b2200d4519a) Importer(815301076,1909f56bfc062723c751e8b465ee728b)  -> (artifact id: 'a07b3e8e95ed98dd942253af1c7b543c') in 0.011572 seconds 
========================================================================
Received Import Request.
  Time since last request: 0.000017 seconds.
  path: Assets/LowPolyAlienWorld/Rocks/Prefabs/SmallRock_04.prefab
  artifactKey: Guid(c7c726d17347cd44a8b6a3d3600f37b9) Importer(815301076,1909f56bfc062723c751e8b465ee728b)
Start importing Assets/LowPolyAlienWorld/Rocks/Prefabs/SmallRock_04.prefab using Guid(c7c726d17347cd44a8b6a3d3600f37b9) Importer(815301076,1909f56bfc062723c751e8b465ee728b)  -> (artifact id: 'd37094428a73a725a9daca2954c2d77e') in 0.022251 seconds 
========================================================================
Received Import Request.
  Time since last request: 0.000018 seconds.
  path: Assets/LowPolyAlienWorld/Rocks/Prefabs/RockFormation_01.prefab
  artifactKey: Guid(2ed80e4af24778742a16837f6b64d172) Importer(815301076,1909f56bfc062723c751e8b465ee728b)
Start importing Assets/LowPolyAlienWorld/Rocks/Prefabs/RockFormation_01.prefab using Guid(2ed80e4af24778742a16837f6b64d172) Importer(815301076,1909f56bfc062723c751e8b465ee728b)  -> (artifact id: 'e31a066491baeb76ffd274a7fbe5414c') in 0.013438 seconds 
========================================================================
Received Import Request.
  Time since last request: 0.000020 seconds.
  path: Assets/LowPolyAlienWorld/Rocks/Prefabs/RockFormation_02.prefab
  artifactKey: Guid(7fe8fb23b001d994f92ccc500f281cf8) Importer(815301076,1909f56bfc062723c751e8b465ee728b)
Start importing Assets/LowPolyAlienWorld/Rocks/Prefabs/RockFormation_02.prefab using Guid(7fe8fb23b001d994f92ccc500f281cf8) Importer(815301076,1909f56bfc062723c751e8b465ee728b)  -> (artifact id: '041865a6c00807e0c51482a6bc340580') in 0.025714 seconds 
========================================================================
Received Import Request.
  Time since last request: 0.000020 seconds.
  path: Assets/LowPolyAlienWorld/Rocks/Prefabs/RockFormation_05.prefab
  artifactKey: Guid(8fcd235d2094ac44094696a898fa6a10) Importer(815301076,1909f56bfc062723c751e8b465ee728b)
Start importing Assets/LowPolyAlienWorld/Rocks/Prefabs/RockFormation_05.prefab using Guid(8fcd235d2094ac44094696a898fa6a10) Importer(815301076,1909f56bfc062723c751e8b465ee728b)  -> (artifact id: 'f7ce7d1854312c48215034880daf3d53') in 0.010552 seconds 
========================================================================
Received Import Request.
  Time since last request: 0.000021 seconds.
  path: Assets/LowPolyAlienWorld/Rocks/Prefabs/RockFormation_07.prefab
  artifactKey: Guid(715b325acd44dfd42a1b236411075c6f) Importer(815301076,1909f56bfc062723c751e8b465ee728b)
Start importing Assets/LowPolyAlienWorld/Rocks/Prefabs/RockFormation_07.prefab using Guid(715b325acd44dfd42a1b236411075c6f) Importer(815301076,1909f56bfc062723c751e8b465ee728b)  -> (artifact id: '5ba20a291f7f6ebca47159a51842e1ae') in 0.013351 seconds 
========================================================================
Received Import Request.
  Time since last request: 18.889161 seconds.
  path: Assets/LowPolyAlienWorld/Water.prefab
  artifactKey: Guid(3aa58df061019574989fc0e803b8b563) Importer(815301076,1909f56bfc062723c751e8b465ee728b)
Start importing Assets/LowPolyAlienWorld/Water.prefab using Guid(3aa58df061019574989fc0e803b8b563) Importer(815301076,1909f56bfc062723c751e8b465ee728b)  -> (artifact id: '78437c509a27a36461c6631972c2186e') in 0.014532 seconds 
========================================================================
Received Import Request.
  Time since last request: 42.184000 seconds.
  path: Assets/Buildings/b2.fbx
  artifactKey: Guid(0b4c5917def15fa43b0b44f4f7cf1aab) Importer(815301076,1909f56bfc062723c751e8b465ee728b)
Start importing Assets/Buildings/b2.fbx using Guid(0b4c5917def15fa43b0b44f4f7cf1aab) Importer(815301076,1909f56bfc062723c751e8b465ee728b)  -> (artifact id: '199c1447da8a072f887e0157b62d76c4') in 0.021727 seconds 
========================================================================
Received Import Request.
  Time since last request: 0.000022 seconds.
  path: Assets/Buildings/b7.fbx
  artifactKey: Guid(70b775a4fde272245a4c2f4b5d09f941) Importer(815301076,1909f56bfc062723c751e8b465ee728b)
Start importing Assets/Buildings/b7.fbx using Guid(70b775a4fde272245a4c2f4b5d09f941) Importer(815301076,1909f56bfc062723c751e8b465ee728b)  -> (artifact id: 'adb5ca91f64e6c79020875a9ac5477db') in 0.016015 seconds 
========================================================================
Received Import Request.
  Time since last request: 0.000020 seconds.
  path: Assets/Buildings/b9.fbx
  artifactKey: Guid(2e73f820481b99749bdba40eab56bc21) Importer(815301076,1909f56bfc062723c751e8b465ee728b)
Start importing Assets/Buildings/b9.fbx using Guid(2e73f820481b99749bdba40eab56bc21) Importer(815301076,1909f56bfc062723c751e8b465ee728b)  -> (artifact id: 'c2deb268a56c56d493965e864a0486fe') in 0.027847 seconds 
========================================================================
Received Import Request.
  Time since last request: 0.000024 seconds.
  path: Assets/Buildings/b4.fbx
  artifactKey: Guid(18ff28de6a3794d4b8b58d5e619e58df) Importer(815301076,1909f56bfc062723c751e8b465ee728b)
Start importing Assets/Buildings/b4.fbx using Guid(18ff28de6a3794d4b8b58d5e619e58df) Importer(815301076,1909f56bfc062723c751e8b465ee728b)  -> (artifact id: '09bed3928377da099f55a90ac05a39d5') in 0.016154 seconds 
========================================================================
Received Import Request.
  Time since last request: 0.000028 seconds.
  path: Assets/Buildings/b5.fbx
  artifactKey: Guid(b2f2e96fef4a89340ae20580c0fb7739) Importer(815301076,1909f56bfc062723c751e8b465ee728b)
Start importing Assets/Buildings/b5.fbx using Guid(b2f2e96fef4a89340ae20580c0fb7739) Importer(815301076,1909f56bfc062723c751e8b465ee728b)  -> (artifact id: 'a329fe9919ab5852e253fd3d28ebfd53') in 0.016032 seconds 
========================================================================
Received Import Request.
  Time since last request: 2.170028 seconds.
  path: Assets/Buildings/Textures/accent_2_day.png
  artifactKey: Guid(5055fd0ceea761047983143fbd1ee792) Importer(815301076,1909f56bfc062723c751e8b465ee728b)
Start importing Assets/Buildings/Textures/accent_2_day.png using Guid(5055fd0ceea761047983143fbd1ee792) Importer(815301076,1909f56bfc062723c751e8b465ee728b)  -> (artifact id: '8e24e001bddfb6f2cbfacf985d70083d') in 0.026302 seconds 
========================================================================
Received Import Request.
  Time since last request: 0.000018 seconds.
  path: Assets/Buildings/Textures/window_detail.png
  artifactKey: Guid(8a2c6a45ee85ed342a3533254e3b8871) Importer(815301076,1909f56bfc062723c751e8b465ee728b)
Start importing Assets/Buildings/Textures/window_detail.png using Guid(8a2c6a45ee85ed342a3533254e3b8871) Importer(815301076,1909f56bfc062723c751e8b465ee728b)  -> (artifact id: 'a9d16ba47d4546a148594085bf9a3291') in 0.009952 seconds 
========================================================================
Received Import Request.
  Time since last request: 2.682924 seconds.
  path: Assets/Buildings/Materials/accent_2.mat
  artifactKey: Guid(cb1813432d67217438c93436eb503c48) Importer(815301076,1909f56bfc062723c751e8b465ee728b)
Start importing Assets/Buildings/Materials/accent_2.mat using Guid(cb1813432d67217438c93436eb503c48) Importer(815301076,1909f56bfc062723c751e8b465ee728b)  -> (artifact id: '0d1afd79ebdbf37fda701c5f38f8cf29') in 0.017968 seconds 
Editor requested this worker to shutdown with reason: Scaling down because of idle timeout
AssetImportWorker is now disconnected from the server
Process exiting
Exiting without the bug reporter. Application will terminate with return code 0