Using pre-set license
Built from '2021.3/evg/staging/82bb020e-b03b1330/draft-0' branch; Version is '2021.3.16f1 (4016570cf34f) revision 4200023'; Using compiler version '192829333'; Build Type 'Release'
OS: 'Windows 11  (10.0.22621) 64bit Professional' Language: 'en' Physical Memory: 65445 MB
BatchMode: 1, IsHumanControllingUs: 0, StartBugReporterOnCrash: 0, Is64bit: 1, IsPro: 1

COMMAND LINE ARGUMENTS:
C:\Program Files\Unity 2021.3.16f1\Editor\Unity.exe
-adb2
-batchMode
-noUpm
-name
AssetImportWorker25
-projectPath
D:/School/CART315/gits/Prototype 4B/Prototype 4B - Planets
-logFile
Logs/AssetImportWorker25.log
-srvPort
61276
Successfully changed project path to: D:/School/CART315/gits/Prototype 4B/Prototype 4B - Planets
D:/School/CART315/gits/Prototype 4B/Prototype 4B - Planets
[UnityMemory] Configuration Parameters - Can be set up in boot.config
    "memorysetup-bucket-allocator-granularity=16"
    "memorysetup-bucket-allocator-bucket-count=8"
    "memorysetup-bucket-allocator-block-size=33554432"
    "memorysetup-bucket-allocator-block-count=8"
    "memorysetup-main-allocator-block-size=16777216"
    "memorysetup-thread-allocator-block-size=16777216"
    "memorysetup-gfx-main-allocator-block-size=16777216"
    "memorysetup-gfx-thread-allocator-block-size=16777216"
    "memorysetup-cache-allocator-block-size=4194304"
    "memorysetup-typetree-allocator-block-size=2097152"
    "memorysetup-profiler-bucket-allocator-granularity=16"
    "memorysetup-profiler-bucket-allocator-bucket-count=8"
    "memorysetup-profiler-bucket-allocator-block-size=33554432"
    "memorysetup-profiler-bucket-allocator-block-count=8"
    "memorysetup-profiler-allocator-block-size=16777216"
    "memorysetup-profiler-editor-allocator-block-size=1048576"
    "memorysetup-temp-allocator-size-main=16777216"
    "memorysetup-job-temp-allocator-block-size=2097152"
    "memorysetup-job-temp-allocator-block-size-background=1048576"
    "memorysetup-job-temp-allocator-reduction-small-platforms=262144"
    "memorysetup-temp-allocator-size-background-worker=32768"
    "memorysetup-temp-allocator-size-job-worker=262144"
    "memorysetup-temp-allocator-size-preload-manager=33554432"
    "memorysetup-temp-allocator-size-nav-mesh-worker=65536"
    "memorysetup-temp-allocator-size-audio-worker=65536"
    "memorysetup-temp-allocator-size-cloud-worker=32768"
    "memorysetup-temp-allocator-size-gi-baking-worker=262144"
    "memorysetup-temp-allocator-size-gfx=262144"
Player connection [41156] Host "[IP] 192.168.0.41 [Port] 0 [Flags] 2 [Guid] 4240098766 [EditorId] 4240098766 [Version] 1048832 [Id] WindowsEditor(7,DESKTOP-LUV3IRM) [Debug] 1 [PackageName] WindowsEditor [ProjectName] Editor" joined multi-casting on [225.0.0.222:54997]...

Player connection [41156] Host "[IP] 192.168.0.41 [Port] 0 [Flags] 2 [Guid] 4240098766 [EditorId] 4240098766 [Version] 1048832 [Id] WindowsEditor(7,DESKTOP-LUV3IRM) [Debug] 1 [PackageName] WindowsEditor [ProjectName] Editor" joined alternative multi-casting on [225.0.0.222:34997]...

Refreshing native plugins compatible for Editor in 111.67 ms, found 3 plugins.
Preloading 0 native plugins for Editor in 0.00 ms.
Initialize engine version: 2021.3.16f1 (4016570cf34f)
[Subsystems] Discovering subsystems at path C:/Program Files/Unity 2021.3.16f1/Editor/Data/Resources/UnitySubsystems
[Subsystems] Discovering subsystems at path D:/School/CART315/gits/Prototype 4B/Prototype 4B - Planets/Assets
GfxDevice: creating device client; threaded=0; jobified=0
Direct3D:
    Version:  Direct3D 11.0 [level 11.1]
    Renderer: NVIDIA GeForce RTX 3070 Ti (ID=0x2482)
    Vendor:   NVIDIA
    VRAM:     8031 MB
    Driver:   31.0.15.2849
Initialize mono
Mono path[0] = 'C:/Program Files/Unity 2021.3.16f1/Editor/Data/Managed'
Mono path[1] = 'C:/Program Files/Unity 2021.3.16f1/Editor/Data/MonoBleedingEdge/lib/mono/unityjit-win32'
Mono config path = 'C:/Program Files/Unity 2021.3.16f1/Editor/Data/MonoBleedingEdge/etc'
Using monoOptions --debugger-agent=transport=dt_socket,embedding=1,server=y,suspend=n,address=127.0.0.1:56168
Begin MonoManager ReloadAssembly
Registering precompiled unity dll's ...
Register platform support module: C:/Program Files/Unity 2021.3.16f1/Editor/Data/PlaybackEngines/WindowsStandaloneSupport/UnityEditor.WindowsStandalone.Extensions.dll
Registered in 0.003109 seconds.
Native extension for WindowsStandalone target not found
Refreshing native plugins compatible for Editor in 89.68 ms, found 3 plugins.
Preloading 0 native plugins for Editor in 0.00 ms.
Mono: successfully reloaded assembly
- Completed reload, in  0.504 seconds
Domain Reload Profiling:
	ReloadAssembly (504ms)
		BeginReloadAssembly (53ms)
			ExecutionOrderSort (0ms)
			DisableScriptedObjects (0ms)
			BackupInstance (0ms)
			ReleaseScriptingObjects (0ms)
			CreateAndSetChildDomain (1ms)
		EndReloadAssembly (370ms)
			LoadAssemblies (50ms)
			RebuildTransferFunctionScriptingTraits (0ms)
			SetupTypeCache (75ms)
			ReleaseScriptCaches (0ms)
			RebuildScriptCaches (19ms)
			SetupLoadedEditorAssemblies (236ms)
				LogAssemblyErrors (0ms)
				InitializePlatformSupportModulesInManaged (6ms)
				SetLoadedEditorAssemblies (0ms)
				RefreshPlugins (90ms)
				BeforeProcessingInitializeOnLoad (1ms)
				ProcessInitializeOnLoadAttributes (106ms)
				ProcessInitializeOnLoadMethodAttributes (33ms)
				AfterProcessingInitializeOnLoad (0ms)
				EditorAssembliesLoaded (0ms)
			ExecutionOrderSort2 (0ms)
			AwakeInstancesAfterBackupRestoration (0ms)
Platform modules already initialized, skipping
Registering precompiled user dll's ...
Registered in 0.006176 seconds.
Begin MonoManager ReloadAssembly
Symbol file LoadedFromMemory doesn't match image D:\School\CART315\gits\Prototype 4B\Prototype 4B - Planets\Library\PackageCache\com.unity.visualscripting@1.7.8\Editor\VisualScripting.Core\Dependencies\YamlDotNet\Unity.VisualScripting.YamlDotNet.dll
Symbol file LoadedFromMemory doesn't match image D:\School\CART315\gits\Prototype 4B\Prototype 4B - Planets\Library\PackageCache\com.unity.visualscripting@1.7.8\Editor\VisualScripting.Core\Dependencies\DotNetZip\Unity.VisualScripting.IonicZip.dll
Native extension for WindowsStandalone target not found
Refreshing native plugins compatible for Editor in 98.87 ms, found 3 plugins.
Preloading 0 native plugins for Editor in 0.00 ms.
Mono: successfully reloaded assembly
- Completed reload, in  1.104 seconds
Domain Reload Profiling:
	ReloadAssembly (1104ms)
		BeginReloadAssembly (85ms)
			ExecutionOrderSort (0ms)
			DisableScriptedObjects (4ms)
			BackupInstance (0ms)
			ReleaseScriptingObjects (0ms)
			CreateAndSetChildDomain (17ms)
		EndReloadAssembly (930ms)
			LoadAssemblies (78ms)
			RebuildTransferFunctionScriptingTraits (0ms)
			SetupTypeCache (236ms)
			ReleaseScriptCaches (1ms)
			RebuildScriptCaches (49ms)
			SetupLoadedEditorAssemblies (536ms)
				LogAssemblyErrors (0ms)
				InitializePlatformSupportModulesInManaged (3ms)
				SetLoadedEditorAssemblies (0ms)
				RefreshPlugins (99ms)
				BeforeProcessingInitializeOnLoad (92ms)
				ProcessInitializeOnLoadAttributes (276ms)
				ProcessInitializeOnLoadMethodAttributes (61ms)
				AfterProcessingInitializeOnLoad (6ms)
				EditorAssembliesLoaded (0ms)
			ExecutionOrderSort2 (0ms)
			AwakeInstancesAfterBackupRestoration (4ms)
Platform modules already initialized, skipping
========================================================================
Worker process is ready to serve import requests
Launched and connected shader compiler UnityShaderCompiler.exe after 0.06 seconds
Refreshing native plugins compatible for Editor in 0.93 ms, found 3 plugins.
Preloading 0 native plugins for Editor in 0.00 ms.
Unloading 5672 Unused Serialized files (Serialized files now loaded: 0)
Unloading 48 unused Assets / (418.9 KB). Loaded Objects now: 6146.
Memory consumption went from 239.5 MB to 239.1 MB.
Total: 4.859100 ms (FindLiveObjects: 0.463400 ms CreateObjectMapping: 0.155100 ms MarkObjects: 4.087000 ms  DeleteObjects: 0.152100 ms)

AssetImportParameters requested are different than current active one (requested -> active):
  custom:video-decoder-ogg-theora: a1e56fd34408186e4bbccfd4996cb3dc -> 
  custom:container-muxer-webm: aa71ff27fc2769a1b78a27578f13a17b -> 
  custom:container-demuxer-webm: 4f35f7cbe854078d1ac9338744f61a02 -> 
  custom:video-encoder-webm-vp8: eb34c28f22e8b96e1ab97ce403110664 -> 
  custom:audio-encoder-webm-vorbis: bf7c407c2cedff20999df2af8eb42d56 -> 
  custom:framework-win-MediaFoundation: 216162199b28c13a410421893ffa2e32 -> 
  custom:container-demuxer-ogg: 62fdf1f143b41e24485cea50d1cbac27 -> 
  custom:video-decoder-webm-vp8: 9c59270c3fd7afecdb556c50c9e8de78 -> 
  custom:audio-decoder-ogg-vorbis: bf7c407c2cedff20999df2af8eb42d56 -> 
========================================================================
Received Import Request.
  Time since last request: 1744019.578767 seconds.
  path: Assets/LowPolyAlienWorld/Terrain.prefab
  artifactKey: Guid(f9b070a0df4bf2941a858f1c29591401) Importer(815301076,1909f56bfc062723c751e8b465ee728b)
Start importing Assets/LowPolyAlienWorld/Terrain.prefab using Guid(f9b070a0df4bf2941a858f1c29591401) Importer(815301076,1909f56bfc062723c751e8b465ee728b)  -> (artifact id: '925443212e6041b6ef41f8e2c708bbad') in 0.208761 seconds 
========================================================================
Received Import Request.
  Time since last request: 41.914327 seconds.
  path: Assets/Buildings
  artifactKey: Guid(cbedbd272410f9d4bb20a058a6f93140) Importer(815301076,1909f56bfc062723c751e8b465ee728b)
Start importing Assets/Buildings using Guid(cbedbd272410f9d4bb20a058a6f93140) Importer(815301076,1909f56bfc062723c751e8b465ee728b)  -> (artifact id: '7a8f99f316d05c026ff4a7d1e8c09f81') in 0.005336 seconds 
========================================================================
Received Import Request.
  Time since last request: 0.061749 seconds.
  path: Assets/Buildings/b1.fbx
  artifactKey: Guid(8301c26097996ce4fa26f5e5847d888a) Importer(815301076,1909f56bfc062723c751e8b465ee728b)
Start importing Assets/Buildings/b1.fbx using Guid(8301c26097996ce4fa26f5e5847d888a) Importer(815301076,1909f56bfc062723c751e8b465ee728b)  -> (artifact id: '310abf9c18e68ec11731784d4914a580') in 0.034589 seconds 
========================================================================
Received Import Request.
  Time since last request: 0.000024 seconds.
  path: Assets/Buildings/b6.fbx
  artifactKey: Guid(2c694c40453654c4dbc22ed9db0b3729) Importer(815301076,1909f56bfc062723c751e8b465ee728b)
Start importing Assets/Buildings/b6.fbx using Guid(2c694c40453654c4dbc22ed9db0b3729) Importer(815301076,1909f56bfc062723c751e8b465ee728b)  -> (artifact id: 'e2714a01c073555fed3806ea0c0f0537') in 0.025035 seconds 
========================================================================
Received Import Request.
  Time since last request: 0.000029 seconds.
  path: Assets/Buildings/b8.fbx
  artifactKey: Guid(3ff80cb334a8b6a45af78bab413e3e2b) Importer(815301076,1909f56bfc062723c751e8b465ee728b)
Start importing Assets/Buildings/b8.fbx using Guid(3ff80cb334a8b6a45af78bab413e3e2b) Importer(815301076,1909f56bfc062723c751e8b465ee728b)  -> (artifact id: '89c8ff89d63cc0d90e5090469d9d42f8') in 0.018045 seconds 
========================================================================
Received Import Request.
  Time since last request: 0.000021 seconds.
  path: Assets/Buildings/b10.fbx
  artifactKey: Guid(538f4cd67118aa743baf28b16f27e3b7) Importer(815301076,1909f56bfc062723c751e8b465ee728b)
Start importing Assets/Buildings/b10.fbx using Guid(538f4cd67118aa743baf28b16f27e3b7) Importer(815301076,1909f56bfc062723c751e8b465ee728b)  -> (artifact id: '05fb2b5866e99e3420f9aad9fe9414d8') in 0.016488 seconds 
========================================================================
Received Import Request.
  Time since last request: 2.133852 seconds.
  path: Assets/Buildings/Textures
  artifactKey: Guid(cbeeed2b96a8df446bb8a4acb705457d) Importer(815301076,1909f56bfc062723c751e8b465ee728b)
Start importing Assets/Buildings/Textures using Guid(cbeeed2b96a8df446bb8a4acb705457d) Importer(815301076,1909f56bfc062723c751e8b465ee728b)  -> (artifact id: '259be1e7bec0cd68c35399b379b1f418') in 0.005574 seconds 
========================================================================
Received Import Request.
  Time since last request: 0.031937 seconds.
  path: Assets/Buildings/Textures/accent_2.png
  artifactKey: Guid(ce459d7535447094d97251f89bb7aeec) Importer(815301076,1909f56bfc062723c751e8b465ee728b)
Start importing Assets/Buildings/Textures/accent_2.png using Guid(ce459d7535447094d97251f89bb7aeec) Importer(815301076,1909f56bfc062723c751e8b465ee728b)  -> (artifact id: 'aa409dd3f4aa1b90ed0acc7dc88f998f') in 0.027002 seconds 
========================================================================
Received Import Request.
  Time since last request: 0.000019 seconds.
  path: Assets/Buildings/Textures/window_metalic.png
  artifactKey: Guid(e7fa0c8e31c449f4398df34e5d4ea425) Importer(815301076,1909f56bfc062723c751e8b465ee728b)
Start importing Assets/Buildings/Textures/window_metalic.png using Guid(e7fa0c8e31c449f4398df34e5d4ea425) Importer(815301076,1909f56bfc062723c751e8b465ee728b)  -> (artifact id: 'aeb6a4768cc30e0f3731cf404e920a9b') in 0.010450 seconds 
========================================================================
Received Import Request.
  Time since last request: 2.616268 seconds.
  path: Assets/Buildings/Materials
  artifactKey: Guid(607d7ea80a6647d4c88ad4641792e335) Importer(815301076,1909f56bfc062723c751e8b465ee728b)
Start importing Assets/Buildings/Materials using Guid(607d7ea80a6647d4c88ad4641792e335) Importer(815301076,1909f56bfc062723c751e8b465ee728b)  -> (artifact id: 'f24fce7ec0bf709ebcd2eb8dbd5b3ad6') in 0.004970 seconds 
========================================================================
Received Import Request.
  Time since last request: 0.054695 seconds.
  path: Assets/Buildings/Materials/accent.mat
  artifactKey: Guid(a7a210e094ae87441a29efa1b71ebbb4) Importer(815301076,1909f56bfc062723c751e8b465ee728b)
Start importing Assets/Buildings/Materials/accent.mat using Guid(a7a210e094ae87441a29efa1b71ebbb4) Importer(815301076,1909f56bfc062723c751e8b465ee728b)  -> (artifact id: 'b8bf9717d0451d4abe2da00dbfdef1d1') in 0.020821 seconds 
Editor requested this worker to shutdown with reason: Scaling down because of idle timeout
AssetImportWorker is now disconnected from the server
Process exiting
Exiting without the bug reporter. Application will terminate with return code 0