Using pre-set license
Built from '2021.3/evg/staging/82bb020e-b03b1330/draft-0' branch; Version is '2021.3.16f1 (4016570cf34f) revision 4200023'; Using compiler version '192829333'; Build Type 'Release'
OS: 'Windows 11  (10.0.22621) 64bit Professional' Language: 'en' Physical Memory: 65445 MB
BatchMode: 1, IsHumanControllingUs: 0, StartBugReporterOnCrash: 0, Is64bit: 1, IsPro: 1

COMMAND LINE ARGUMENTS:
C:\Program Files\Unity 2021.3.16f1\Editor\Unity.exe
-adb2
-batchMode
-noUpm
-name
AssetImportWorker0
-projectPath
D:/School/CART315/gits/Prototype 4B/Prototype 4B - Planets
-logFile
Logs/AssetImportWorker0.log
-srvPort
61287
Successfully changed project path to: D:/School/CART315/gits/Prototype 4B/Prototype 4B - Planets
D:/School/CART315/gits/Prototype 4B/Prototype 4B - Planets
[UnityMemory] Configuration Parameters - Can be set up in boot.config
    "memorysetup-bucket-allocator-granularity=16"
    "memorysetup-bucket-allocator-bucket-count=8"
    "memorysetup-bucket-allocator-block-size=33554432"
    "memorysetup-bucket-allocator-block-count=8"
    "memorysetup-main-allocator-block-size=16777216"
    "memorysetup-thread-allocator-block-size=16777216"
    "memorysetup-gfx-main-allocator-block-size=16777216"
    "memorysetup-gfx-thread-allocator-block-size=16777216"
    "memorysetup-cache-allocator-block-size=4194304"
    "memorysetup-typetree-allocator-block-size=2097152"
    "memorysetup-profiler-bucket-allocator-granularity=16"
    "memorysetup-profiler-bucket-allocator-bucket-count=8"
    "memorysetup-profiler-bucket-allocator-block-size=33554432"
    "memorysetup-profiler-bucket-allocator-block-count=8"
    "memorysetup-profiler-allocator-block-size=16777216"
    "memorysetup-profiler-editor-allocator-block-size=1048576"
    "memorysetup-temp-allocator-size-main=16777216"
    "memorysetup-job-temp-allocator-block-size=2097152"
    "memorysetup-job-temp-allocator-block-size-background=1048576"
    "memorysetup-job-temp-allocator-reduction-small-platforms=262144"
    "memorysetup-temp-allocator-size-background-worker=32768"
    "memorysetup-temp-allocator-size-job-worker=262144"
    "memorysetup-temp-allocator-size-preload-manager=33554432"
    "memorysetup-temp-allocator-size-nav-mesh-worker=65536"
    "memorysetup-temp-allocator-size-audio-worker=65536"
    "memorysetup-temp-allocator-size-cloud-worker=32768"
    "memorysetup-temp-allocator-size-gi-baking-worker=262144"
    "memorysetup-temp-allocator-size-gfx=262144"
Player connection [42432] Host "[IP] 192.168.0.41 [Port] 0 [Flags] 2 [Guid] 3599180465 [EditorId] 3599180465 [Version] 1048832 [Id] WindowsEditor(7,DESKTOP-LUV3IRM) [Debug] 1 [PackageName] WindowsEditor [ProjectName] Editor" joined multi-casting on [225.0.0.222:54997]...

Player connection [42432] Host "[IP] 192.168.0.41 [Port] 0 [Flags] 2 [Guid] 3599180465 [EditorId] 3599180465 [Version] 1048832 [Id] WindowsEditor(7,DESKTOP-LUV3IRM) [Debug] 1 [PackageName] WindowsEditor [ProjectName] Editor" joined alternative multi-casting on [225.0.0.222:34997]...

Refreshing native plugins compatible for Editor in 97.45 ms, found 3 plugins.
Preloading 0 native plugins for Editor in 0.00 ms.
Initialize engine version: 2021.3.16f1 (4016570cf34f)
[Subsystems] Discovering subsystems at path C:/Program Files/Unity 2021.3.16f1/Editor/Data/Resources/UnitySubsystems
[Subsystems] Discovering subsystems at path D:/School/CART315/gits/Prototype 4B/Prototype 4B - Planets/Assets
GfxDevice: creating device client; threaded=0; jobified=0
Direct3D:
    Version:  Direct3D 11.0 [level 11.1]
    Renderer: NVIDIA GeForce RTX 3070 Ti (ID=0x2482)
    Vendor:   NVIDIA
    VRAM:     8031 MB
    Driver:   31.0.15.2849
Initialize mono
Mono path[0] = 'C:/Program Files/Unity 2021.3.16f1/Editor/Data/Managed'
Mono path[1] = 'C:/Program Files/Unity 2021.3.16f1/Editor/Data/MonoBleedingEdge/lib/mono/unityjit-win32'
Mono config path = 'C:/Program Files/Unity 2021.3.16f1/Editor/Data/MonoBleedingEdge/etc'
Using monoOptions --debugger-agent=transport=dt_socket,embedding=1,server=y,suspend=n,address=127.0.0.1:56248
Begin MonoManager ReloadAssembly
Registering precompiled unity dll's ...
Register platform support module: C:/Program Files/Unity 2021.3.16f1/Editor/Data/PlaybackEngines/WindowsStandaloneSupport/UnityEditor.WindowsStandalone.Extensions.dll
Registered in 0.003203 seconds.
Native extension for WindowsStandalone target not found
Refreshing native plugins compatible for Editor in 91.46 ms, found 3 plugins.
Preloading 0 native plugins for Editor in 0.00 ms.
Mono: successfully reloaded assembly
- Completed reload, in  0.529 seconds
Domain Reload Profiling:
	ReloadAssembly (530ms)
		BeginReloadAssembly (55ms)
			ExecutionOrderSort (0ms)
			DisableScriptedObjects (0ms)
			BackupInstance (0ms)
			ReleaseScriptingObjects (0ms)
			CreateAndSetChildDomain (0ms)
		EndReloadAssembly (393ms)
			LoadAssemblies (53ms)
			RebuildTransferFunctionScriptingTraits (0ms)
			SetupTypeCache (88ms)
			ReleaseScriptCaches (0ms)
			RebuildScriptCaches (18ms)
			SetupLoadedEditorAssemblies (247ms)
				LogAssemblyErrors (0ms)
				InitializePlatformSupportModulesInManaged (5ms)
				SetLoadedEditorAssemblies (0ms)
				RefreshPlugins (92ms)
				BeforeProcessingInitializeOnLoad (1ms)
				ProcessInitializeOnLoadAttributes (115ms)
				ProcessInitializeOnLoadMethodAttributes (34ms)
				AfterProcessingInitializeOnLoad (0ms)
				EditorAssembliesLoaded (0ms)
			ExecutionOrderSort2 (0ms)
			AwakeInstancesAfterBackupRestoration (0ms)
Platform modules already initialized, skipping
Registering precompiled user dll's ...
Registered in 0.006159 seconds.
Begin MonoManager ReloadAssembly
Native extension for WindowsStandalone target not found
Refreshing native plugins compatible for Editor in 99.89 ms, found 3 plugins.
Preloading 0 native plugins for Editor in 0.00 ms.
Mono: successfully reloaded assembly
- Completed reload, in  1.127 seconds
Domain Reload Profiling:
	ReloadAssembly (1127ms)
		BeginReloadAssembly (87ms)
			ExecutionOrderSort (0ms)
			DisableScriptedObjects (4ms)
			BackupInstance (0ms)
			ReleaseScriptingObjects (0ms)
			CreateAndSetChildDomain (16ms)
		EndReloadAssembly (949ms)
			LoadAssemblies (81ms)
			RebuildTransferFunctionScriptingTraits (0ms)
			SetupTypeCache (237ms)
			ReleaseScriptCaches (1ms)
			RebuildScriptCaches (50ms)
			SetupLoadedEditorAssemblies (545ms)
				LogAssemblyErrors (0ms)
				InitializePlatformSupportModulesInManaged (4ms)
				SetLoadedEditorAssemblies (0ms)
				RefreshPlugins (100ms)
				BeforeProcessingInitializeOnLoad (102ms)
				ProcessInitializeOnLoadAttributes (271ms)
				ProcessInitializeOnLoadMethodAttributes (63ms)
				AfterProcessingInitializeOnLoad (6ms)
				EditorAssembliesLoaded (0ms)
			ExecutionOrderSort2 (0ms)
			AwakeInstancesAfterBackupRestoration (4ms)
Platform modules already initialized, skipping
========================================================================
Worker process is ready to serve import requests
Launched and connected shader compiler UnityShaderCompiler.exe after 0.06 seconds
Refreshing native plugins compatible for Editor in 1.08 ms, found 3 plugins.
Preloading 0 native plugins for Editor in 0.00 ms.
Unloading 5663 Unused Serialized files (Serialized files now loaded: 0)
Unloading 51 unused Assets / (0.8 MB). Loaded Objects now: 6112.
Memory consumption went from 222.5 MB to 221.7 MB.
Total: 3.379400 ms (FindLiveObjects: 0.359800 ms CreateObjectMapping: 0.135200 ms MarkObjects: 2.600200 ms  DeleteObjects: 0.283200 ms)

AssetImportParameters requested are different than current active one (requested -> active):
  custom:video-decoder-ogg-theora: a1e56fd34408186e4bbccfd4996cb3dc -> 
  custom:container-muxer-webm: aa71ff27fc2769a1b78a27578f13a17b -> 
  custom:container-demuxer-webm: 4f35f7cbe854078d1ac9338744f61a02 -> 
  custom:video-encoder-webm-vp8: eb34c28f22e8b96e1ab97ce403110664 -> 
  custom:audio-encoder-webm-vorbis: bf7c407c2cedff20999df2af8eb42d56 -> 
  custom:framework-win-MediaFoundation: 216162199b28c13a410421893ffa2e32 -> 
  custom:container-demuxer-ogg: 62fdf1f143b41e24485cea50d1cbac27 -> 
  custom:video-decoder-webm-vp8: 9c59270c3fd7afecdb556c50c9e8de78 -> 
  custom:audio-decoder-ogg-vorbis: bf7c407c2cedff20999df2af8eb42d56 -> 
========================================================================
Received Import Request.
  Time since last request: 1718270.070382 seconds.
  path: Packages/com.unity.inputsystem/InputSystem/Editor/Icons/InputSystemUIInputModule@64.png
  artifactKey: Guid(3028dc075ba8c584d9bc7d1e0255e038) Importer(815301076,1909f56bfc062723c751e8b465ee728b)
Start importing Packages/com.unity.inputsystem/InputSystem/Editor/Icons/InputSystemUIInputModule@64.png using Guid(3028dc075ba8c584d9bc7d1e0255e038) Importer(815301076,1909f56bfc062723c751e8b465ee728b)  -> (artifact id: '3904ff21b78de0dbe160d02f52d71106') in 0.054593 seconds 
========================================================================
Received Import Request.
  Time since last request: 0.000016 seconds.
  path: Assets/Models/World Models/Tree6.obj
  artifactKey: Guid(1addf9a00eb8a7f49958f6b5ac0ba826) Importer(815301076,1909f56bfc062723c751e8b465ee728b)
Start importing Assets/Models/World Models/Tree6.obj using Guid(1addf9a00eb8a7f49958f6b5ac0ba826) Importer(815301076,1909f56bfc062723c751e8b465ee728b)  -> (artifact id: '4859fab7085cbaf9811ef72961b8f9b4') in 0.223946 seconds 
========================================================================
Received Import Request.
  Time since last request: 0.000024 seconds.
  path: Assets/Models/World Models/Bush.obj
  artifactKey: Guid(4c4e6dbbbd3aebd418fe0aa2e7c49666) Importer(815301076,1909f56bfc062723c751e8b465ee728b)
Start importing Assets/Models/World Models/Bush.obj using Guid(4c4e6dbbbd3aebd418fe0aa2e7c49666) Importer(815301076,1909f56bfc062723c751e8b465ee728b)  -> (artifact id: 'd21c104dabdbda7b3c59bdb03421e2e2') in 0.050052 seconds 
========================================================================
Received Import Request.
  Time since last request: 0.000030 seconds.
  path: Assets/Models/World Models/Materials/Tree4_pCylinder4_tree4Mat.mat
  artifactKey: Guid(5ae08a939c71d4fbd8979599ac83f9b4) Importer(815301076,1909f56bfc062723c751e8b465ee728b)
Start importing Assets/Models/World Models/Materials/Tree4_pCylinder4_tree4Mat.mat using Guid(5ae08a939c71d4fbd8979599ac83f9b4) Importer(815301076,1909f56bfc062723c751e8b465ee728b)  -> (artifact id: '47839c686cca2b549c2ea7e74c8c6aee') in 0.035113 seconds 
========================================================================
Received Import Request.
  Time since last request: 0.000018 seconds.
  path: Assets/Environment/Art/Models/Ramp_100x100x200_Mesh.fbx
  artifactKey: Guid(bfff06aaff363a847ad37bf592364e6b) Importer(815301076,1909f56bfc062723c751e8b465ee728b)
Start importing Assets/Environment/Art/Models/Ramp_100x100x200_Mesh.fbx using Guid(bfff06aaff363a847ad37bf592364e6b) Importer(815301076,1909f56bfc062723c751e8b465ee728b)  -> (artifact id: '2ce2d32513b35d6b1c5ebc1930da1651') in 0.035071 seconds 
========================================================================
Received Import Request.
  Time since last request: 0.000019 seconds.
  path: Packages/com.unity.render-pipelines.universal/Runtime/Materials/Lit.mat
  artifactKey: Guid(31321ba15b8f8eb4c954353edc038b1d) Importer(815301076,1909f56bfc062723c751e8b465ee728b)
Start importing Packages/com.unity.render-pipelines.universal/Runtime/Materials/Lit.mat using Guid(31321ba15b8f8eb4c954353edc038b1d) Importer(815301076,1909f56bfc062723c751e8b465ee728b)  -> (artifact id: 'c3687412159e6fa8043bc31f56a987c4') in 0.011263 seconds 
========================================================================
Received Import Request.
  Time since last request: 0.000017 seconds.
  path: Assets/Models/World Models/Materials/unnamed.mat
  artifactKey: Guid(d97d0b619b2e14195b6869b5722e1859) Importer(815301076,1909f56bfc062723c751e8b465ee728b)
Start importing Assets/Models/World Models/Materials/unnamed.mat using Guid(d97d0b619b2e14195b6869b5722e1859) Importer(815301076,1909f56bfc062723c751e8b465ee728b)  -> (artifact id: '1ac2a29e1e4d5a2808cdca04bfa72dea') in 0.010488 seconds 
========================================================================
Received Import Request.
  Time since last request: 0.000020 seconds.
  path: Assets/Models/World Models/Materials/plantinhas_Default_plantinhas_group31 polySurface1Mat.mat
  artifactKey: Guid(8a171e3525fc24fd5a9ce2ec142b9314) Importer(815301076,1909f56bfc062723c751e8b465ee728b)
Start importing Assets/Models/World Models/Materials/plantinhas_Default_plantinhas_group31 polySurface1Mat.mat using Guid(8a171e3525fc24fd5a9ce2ec142b9314) Importer(815301076,1909f56bfc062723c751e8b465ee728b)  -> (artifact id: '9033057430ac0bffb9ce528717aea91b') in 0.011837 seconds 
========================================================================
Received Import Request.
  Time since last request: 0.000018 seconds.
  path: Packages/com.unity.inputsystem/InputSystem/Plugins/PlayerInput/DefaultInputActions.inputactions
  artifactKey: Guid(ca9f5fa95ffab41fb9a615ab714db018) Importer(815301076,1909f56bfc062723c751e8b465ee728b)
Start importing Packages/com.unity.inputsystem/InputSystem/Plugins/PlayerInput/DefaultInputActions.inputactions using Guid(ca9f5fa95ffab41fb9a615ab714db018) Importer(815301076,1909f56bfc062723c751e8b465ee728b)  -> (artifact id: '45f60102a03195d000a8399174d66bf9') in 0.011854 seconds 
========================================================================
Received Import Request.
  Time since last request: 0.000018 seconds.
  path: Assets/Models/World Models/Materials/bush7Mat.mat
  artifactKey: Guid(dd5190c142864462f8bb518a0a84736e) Importer(815301076,1909f56bfc062723c751e8b465ee728b)
Start importing Assets/Models/World Models/Materials/bush7Mat.mat using Guid(dd5190c142864462f8bb518a0a84736e) Importer(815301076,1909f56bfc062723c751e8b465ee728b)  -> (artifact id: '94e238d17a718cff4dbb54363a034b2b') in 0.011284 seconds 
========================================================================
Received Import Request.
  Time since last request: 0.000017 seconds.
  path: Assets/Environment/Art/Skybox/SkyboxLite.mat
  artifactKey: Guid(f6c51332ac7d92541a38fb263b09d2a8) Importer(815301076,1909f56bfc062723c751e8b465ee728b)
Start importing Assets/Environment/Art/Skybox/SkyboxLite.mat using Guid(f6c51332ac7d92541a38fb263b09d2a8) Importer(815301076,1909f56bfc062723c751e8b465ee728b)  -> (artifact id: '514d1d8bcd6fbfc517355a257c73de62') in 0.012606 seconds 
========================================================================
Received Import Request.
  Time since last request: 0.000020 seconds.
  path: Assets/Mobile/UI/UI_Icon_Move.png
  artifactKey: Guid(ff7bfa7addf40784d86f62b8e4a034a6) Importer(815301076,1909f56bfc062723c751e8b465ee728b)
Start importing Assets/Mobile/UI/UI_Icon_Move.png using Guid(ff7bfa7addf40784d86f62b8e4a034a6) Importer(815301076,1909f56bfc062723c751e8b465ee728b)  -> (artifact id: 'dbcca6bff3a2593ca24fe1c7d78e3648') in 0.061056 seconds 
========================================================================
Received Import Request.
  Time since last request: 0.000023 seconds.
  path: Assets/Models/World Models/Materials/Pinetree2Mat.mat
  artifactKey: Guid(ccae062f1a6224fb788e8b15317d58c7) Importer(815301076,1909f56bfc062723c751e8b465ee728b)
Start importing Assets/Models/World Models/Materials/Pinetree2Mat.mat using Guid(ccae062f1a6224fb788e8b15317d58c7) Importer(815301076,1909f56bfc062723c751e8b465ee728b)  -> (artifact id: 'dac281642bb53fa498fc44a81003ec03') in 0.011593 seconds 
========================================================================
Received Import Request.
  Time since last request: 0.000027 seconds.
  path: Assets/Prefabs/PlayerCapsule.prefab
  artifactKey: Guid(c5efc39a8aaf6e64ea40e9ad573e9b47) Importer(815301076,1909f56bfc062723c751e8b465ee728b)
Start importing Assets/Prefabs/PlayerCapsule.prefab using Guid(c5efc39a8aaf6e64ea40e9ad573e9b47) Importer(815301076,1909f56bfc062723c751e8b465ee728b)  -> (artifact id: '991f7f6b487fef597b2bc025caba0c2f') in 0.011835 seconds 
========================================================================
Received Import Request.
  Time since last request: 0.000019 seconds.
  path: Assets/Models/World Models/Materials/Pinetree1Mat.mat
  artifactKey: Guid(bf42aaa4e74e84c2bb8c77dd22fcd5b9) Importer(815301076,1909f56bfc062723c751e8b465ee728b)
Start importing Assets/Models/World Models/Materials/Pinetree1Mat.mat using Guid(bf42aaa4e74e84c2bb8c77dd22fcd5b9) Importer(815301076,1909f56bfc062723c751e8b465ee728b)  -> (artifact id: '2e5f2dd98c07e8802fe1761a6431fcbc') in 0.010398 seconds 
========================================================================
Received Import Request.
  Time since last request: 0.000020 seconds.
  path: Assets/Environment/Art/Models/Stairs_650_400_300_Mesh.fbx
  artifactKey: Guid(7e0223e1d3e1733499accfa5ebffb67e) Importer(815301076,1909f56bfc062723c751e8b465ee728b)
Start importing Assets/Environment/Art/Models/Stairs_650_400_300_Mesh.fbx using Guid(7e0223e1d3e1733499accfa5ebffb67e) Importer(815301076,1909f56bfc062723c751e8b465ee728b)  -> (artifact id: 'dba85dee6d826121cb7fb9fcf1384743') in 0.031055 seconds 
========================================================================
Received Import Request.
  Time since last request: 0.000017 seconds.
  path: Assets/Models/World Models/Materials/bush5Mat.mat
  artifactKey: Guid(745ca4ec4d31a4e6fb3ccfd1f7696f8a) Importer(815301076,1909f56bfc062723c751e8b465ee728b)
Start importing Assets/Models/World Models/Materials/bush5Mat.mat using Guid(745ca4ec4d31a4e6fb3ccfd1f7696f8a) Importer(815301076,1909f56bfc062723c751e8b465ee728b)  -> (artifact id: '669cf663e932d626f4236a08a69cf3c9') in 0.010641 seconds 
========================================================================
Received Import Request.
  Time since last request: 0.000017 seconds.
  path: Assets/TutorialInfo/Icons/ReadMeImg.PNG
  artifactKey: Guid(44a17a5b205fcd349a24700e6f5615bd) Importer(815301076,1909f56bfc062723c751e8b465ee728b)
Start importing Assets/TutorialInfo/Icons/ReadMeImg.PNG using Guid(44a17a5b205fcd349a24700e6f5615bd) Importer(815301076,1909f56bfc062723c751e8b465ee728b)  -> (artifact id: '1f98f49c90e3c2cecc93ef4ea0cc9d7e') in 0.012206 seconds 
========================================================================
Received Import Request.
  Time since last request: 0.000018 seconds.
  path: Assets/Models/World Models/Materials/bush4Mat.mat
  artifactKey: Guid(cd382c68caf9544bd82b85a964a22337) Importer(815301076,1909f56bfc062723c751e8b465ee728b)
Start importing Assets/Models/World Models/Materials/bush4Mat.mat using Guid(cd382c68caf9544bd82b85a964a22337) Importer(815301076,1909f56bfc062723c751e8b465ee728b)  -> (artifact id: '8e455a2e3a23ed3b645f9dd0e4f60663') in 0.011415 seconds 
========================================================================
Received Import Request.
  Time since last request: 0.000019 seconds.
  path: Assets/Models/World Models/Tree5.obj
  artifactKey: Guid(fcdb2d502dc5ade47899ad3f6bed569e) Importer(815301076,1909f56bfc062723c751e8b465ee728b)
Start importing Assets/Models/World Models/Tree5.obj using Guid(fcdb2d502dc5ade47899ad3f6bed569e) Importer(815301076,1909f56bfc062723c751e8b465ee728b)  -> (artifact id: 'cac8a12539c7adba07885a91123a8c35') in 0.017022 seconds 
========================================================================
Received Import Request.
  Time since last request: 0.000019 seconds.
  path: Assets/Mobile/UI/UI_Circle_Bevel_Base.png
  artifactKey: Guid(b74c31d447d2f5d41a61081bdf5e7126) Importer(815301076,1909f56bfc062723c751e8b465ee728b)
Start importing Assets/Mobile/UI/UI_Circle_Bevel_Base.png using Guid(b74c31d447d2f5d41a61081bdf5e7126) Importer(815301076,1909f56bfc062723c751e8b465ee728b)  -> (artifact id: 'f8e3fe3810b88763a30db2a4bbc7e338') in 0.047882 seconds 
========================================================================
Received Import Request.
  Time since last request: 0.000022 seconds.
  path: Assets/Models/World Models/Tree15.obj
  artifactKey: Guid(784e5ac085a660a4c9b7313927a37ab1) Importer(815301076,1909f56bfc062723c751e8b465ee728b)
Start importing Assets/Models/World Models/Tree15.obj using Guid(784e5ac085a660a4c9b7313927a37ab1) Importer(815301076,1909f56bfc062723c751e8b465ee728b)  -> (artifact id: '9a4e03f91eada7cd7a72246b0729a69e') in 0.019388 seconds 
========================================================================
Received Import Request.
  Time since last request: 0.000027 seconds.
  path: Assets/Models/World Models/Materials/tree13Mat.mat
  artifactKey: Guid(ff6ebb48c7c6e4271b8c60c04a9f0fc3) Importer(815301076,1909f56bfc062723c751e8b465ee728b)
Start importing Assets/Models/World Models/Materials/tree13Mat.mat using Guid(ff6ebb48c7c6e4271b8c60c04a9f0fc3) Importer(815301076,1909f56bfc062723c751e8b465ee728b)  -> (artifact id: 'b3102101bf31d2088475cba236d8e0ee') in 0.010750 seconds 
========================================================================
Received Import Request.
  Time since last request: 0.000018 seconds.
  path: Assets/Models/World Models/Materials/tree1Mat.mat
  artifactKey: Guid(e4c72f75bac1a40f58afb7334b2d9a62) Importer(815301076,1909f56bfc062723c751e8b465ee728b)
Start importing Assets/Models/World Models/Materials/tree1Mat.mat using Guid(e4c72f75bac1a40f58afb7334b2d9a62) Importer(815301076,1909f56bfc062723c751e8b465ee728b)  -> (artifact id: 'b4c3a4a451b59dcaa15d577c0331580e') in 0.007312 seconds 
========================================================================
Received Import Request.
  Time since last request: 0.000018 seconds.
  path: Assets/Models/World Models/Materials/Pinetree4Mat.mat
  artifactKey: Guid(fcc002348c52b4f95aac6c32835589a1) Importer(815301076,1909f56bfc062723c751e8b465ee728b)
Start importing Assets/Models/World Models/Materials/Pinetree4Mat.mat using Guid(fcc002348c52b4f95aac6c32835589a1) Importer(815301076,1909f56bfc062723c751e8b465ee728b)  -> (artifact id: 'a05004fd4850976531b93e7e5f41586a') in 0.006075 seconds 
========================================================================
Received Import Request.
  Time since last request: 0.000018 seconds.
  path: Assets/Models/World Models/Materials/TreeStumpMat.mat
  artifactKey: Guid(f04ffaf93ccd3413086b382eff53ae7d) Importer(815301076,1909f56bfc062723c751e8b465ee728b)
Start importing Assets/Models/World Models/Materials/TreeStumpMat.mat using Guid(f04ffaf93ccd3413086b382eff53ae7d) Importer(815301076,1909f56bfc062723c751e8b465ee728b)  -> (artifact id: 'ee7800521008b6f070da8343a6447222') in 0.011534 seconds 
========================================================================
Received Import Request.
  Time since last request: 0.000017 seconds.
  path: Assets/Mobile/UI/UI_Icon_Jump.png
  artifactKey: Guid(751aa1b6637101946b2fdbb7aa27d6ad) Importer(815301076,1909f56bfc062723c751e8b465ee728b)
Start importing Assets/Mobile/UI/UI_Icon_Jump.png using Guid(751aa1b6637101946b2fdbb7aa27d6ad) Importer(815301076,1909f56bfc062723c751e8b465ee728b)  -> (artifact id: '1f5d3c08fe3ccd5eb302c60608ed0686') in 0.043850 seconds 
========================================================================
Received Prepare
Registering precompiled user dll's ...
Registered in 0.005923 seconds.
Begin MonoManager ReloadAssembly
Native extension for WindowsStandalone target not found
Refreshing native plugins compatible for Editor in 0.74 ms, found 3 plugins.
Preloading 0 native plugins for Editor in 0.00 ms.
Mono: successfully reloaded assembly
- Completed reload, in  1.013 seconds
Domain Reload Profiling:
	ReloadAssembly (1013ms)
		BeginReloadAssembly (118ms)
			ExecutionOrderSort (0ms)
			DisableScriptedObjects (5ms)
			BackupInstance (0ms)
			ReleaseScriptingObjects (0ms)
			CreateAndSetChildDomain (39ms)
		EndReloadAssembly (811ms)
			LoadAssemblies (74ms)
			RebuildTransferFunctionScriptingTraits (0ms)
			SetupTypeCache (255ms)
			ReleaseScriptCaches (2ms)
			RebuildScriptCaches (44ms)
			SetupLoadedEditorAssemblies (376ms)
				LogAssemblyErrors (0ms)
				InitializePlatformSupportModulesInManaged (9ms)
				SetLoadedEditorAssemblies (0ms)
				RefreshPlugins (1ms)
				BeforeProcessingInitializeOnLoad (63ms)
				ProcessInitializeOnLoadAttributes (237ms)
				ProcessInitializeOnLoadMethodAttributes (58ms)
				AfterProcessingInitializeOnLoad (9ms)
				EditorAssembliesLoaded (0ms)
			ExecutionOrderSort2 (0ms)
			AwakeInstancesAfterBackupRestoration (10ms)
Platform modules already initialized, skipping
Refreshing native plugins compatible for Editor in 2.62 ms, found 3 plugins.
Preloading 0 native plugins for Editor in 0.00 ms.
Unloading 5550 Unused Serialized files (Serialized files now loaded: 0)
Unloading 30 unused Assets / (0.8 MB). Loaded Objects now: 6230.
Memory consumption went from 222.8 MB to 222.1 MB.
Total: 3.798300 ms (FindLiveObjects: 0.567300 ms CreateObjectMapping: 0.140100 ms MarkObjects: 2.792100 ms  DeleteObjects: 0.297900 ms)

AssetImportParameters requested are different than current active one (requested -> active):
  custom:video-decoder-ogg-theora: a1e56fd34408186e4bbccfd4996cb3dc -> 
  custom:container-muxer-webm: aa71ff27fc2769a1b78a27578f13a17b -> 
  custom:container-demuxer-webm: 4f35f7cbe854078d1ac9338744f61a02 -> 
  custom:video-encoder-webm-vp8: eb34c28f22e8b96e1ab97ce403110664 -> 
  custom:audio-encoder-webm-vorbis: bf7c407c2cedff20999df2af8eb42d56 -> 
  custom:framework-win-MediaFoundation: 216162199b28c13a410421893ffa2e32 -> 
  custom:container-demuxer-ogg: 62fdf1f143b41e24485cea50d1cbac27 -> 
  custom:video-decoder-webm-vp8: 9c59270c3fd7afecdb556c50c9e8de78 -> 
  custom:audio-decoder-ogg-vorbis: bf7c407c2cedff20999df2af8eb42d56 -> 
Editor requested this worker to shutdown with reason: Scaling down because of idle timeout
AssetImportWorker is now disconnected from the server
Process exiting
Exiting without the bug reporter. Application will terminate with return code 0