Using pre-set license
Built from '2021.3/evg/staging/82bb020e-b03b1330/draft-0' branch; Version is '2021.3.16f1 (4016570cf34f) revision 4200023'; Using compiler version '192829333'; Build Type 'Release'
OS: 'Windows 11  (10.0.22621) 64bit Professional' Language: 'en' Physical Memory: 65445 MB
BatchMode: 1, IsHumanControllingUs: 0, StartBugReporterOnCrash: 0, Is64bit: 1, IsPro: 1

COMMAND LINE ARGUMENTS:
C:\Program Files\Unity 2021.3.16f1\Editor\Unity.exe
-adb2
-batchMode
-noUpm
-name
AssetImportWorker1
-projectPath
D:/School/CART315/gits/Prototype 4B/Prototype 4B - Planets
-logFile
Logs/AssetImportWorker1.log
-srvPort
61287
Successfully changed project path to: D:/School/CART315/gits/Prototype 4B/Prototype 4B - Planets
D:/School/CART315/gits/Prototype 4B/Prototype 4B - Planets
[UnityMemory] Configuration Parameters - Can be set up in boot.config
    "memorysetup-bucket-allocator-granularity=16"
    "memorysetup-bucket-allocator-bucket-count=8"
    "memorysetup-bucket-allocator-block-size=33554432"
    "memorysetup-bucket-allocator-block-count=8"
    "memorysetup-main-allocator-block-size=16777216"
    "memorysetup-thread-allocator-block-size=16777216"
    "memorysetup-gfx-main-allocator-block-size=16777216"
    "memorysetup-gfx-thread-allocator-block-size=16777216"
    "memorysetup-cache-allocator-block-size=4194304"
    "memorysetup-typetree-allocator-block-size=2097152"
    "memorysetup-profiler-bucket-allocator-granularity=16"
    "memorysetup-profiler-bucket-allocator-bucket-count=8"
    "memorysetup-profiler-bucket-allocator-block-size=33554432"
    "memorysetup-profiler-bucket-allocator-block-count=8"
    "memorysetup-profiler-allocator-block-size=16777216"
    "memorysetup-profiler-editor-allocator-block-size=1048576"
    "memorysetup-temp-allocator-size-main=16777216"
    "memorysetup-job-temp-allocator-block-size=2097152"
    "memorysetup-job-temp-allocator-block-size-background=1048576"
    "memorysetup-job-temp-allocator-reduction-small-platforms=262144"
    "memorysetup-temp-allocator-size-background-worker=32768"
    "memorysetup-temp-allocator-size-job-worker=262144"
    "memorysetup-temp-allocator-size-preload-manager=33554432"
    "memorysetup-temp-allocator-size-nav-mesh-worker=65536"
    "memorysetup-temp-allocator-size-audio-worker=65536"
    "memorysetup-temp-allocator-size-cloud-worker=32768"
    "memorysetup-temp-allocator-size-gi-baking-worker=262144"
    "memorysetup-temp-allocator-size-gfx=262144"
Player connection [36540] Host "[IP] 192.168.0.41 [Port] 0 [Flags] 2 [Guid] 125191332 [EditorId] 125191332 [Version] 1048832 [Id] WindowsEditor(7,DESKTOP-LUV3IRM) [Debug] 1 [PackageName] WindowsEditor [ProjectName] Editor" joined multi-casting on [225.0.0.222:54997]...

Player connection [36540] Host "[IP] 192.168.0.41 [Port] 0 [Flags] 2 [Guid] 125191332 [EditorId] 125191332 [Version] 1048832 [Id] WindowsEditor(7,DESKTOP-LUV3IRM) [Debug] 1 [PackageName] WindowsEditor [ProjectName] Editor" joined alternative multi-casting on [225.0.0.222:34997]...

Refreshing native plugins compatible for Editor in 90.60 ms, found 3 plugins.
Preloading 0 native plugins for Editor in 0.00 ms.
Initialize engine version: 2021.3.16f1 (4016570cf34f)
[Subsystems] Discovering subsystems at path C:/Program Files/Unity 2021.3.16f1/Editor/Data/Resources/UnitySubsystems
[Subsystems] Discovering subsystems at path D:/School/CART315/gits/Prototype 4B/Prototype 4B - Planets/Assets
GfxDevice: creating device client; threaded=0; jobified=0
Direct3D:
    Version:  Direct3D 11.0 [level 11.1]
    Renderer: NVIDIA GeForce RTX 3070 Ti (ID=0x2482)
    Vendor:   NVIDIA
    VRAM:     8031 MB
    Driver:   31.0.15.2849
Initialize mono
Mono path[0] = 'C:/Program Files/Unity 2021.3.16f1/Editor/Data/Managed'
Mono path[1] = 'C:/Program Files/Unity 2021.3.16f1/Editor/Data/MonoBleedingEdge/lib/mono/unityjit-win32'
Mono config path = 'C:/Program Files/Unity 2021.3.16f1/Editor/Data/MonoBleedingEdge/etc'
Using monoOptions --debugger-agent=transport=dt_socket,embedding=1,server=y,suspend=n,address=127.0.0.1:56556
Begin MonoManager ReloadAssembly
Registering precompiled unity dll's ...
Register platform support module: C:/Program Files/Unity 2021.3.16f1/Editor/Data/PlaybackEngines/WindowsStandaloneSupport/UnityEditor.WindowsStandalone.Extensions.dll
Registered in 0.002957 seconds.
Native extension for WindowsStandalone target not found
Refreshing native plugins compatible for Editor in 93.93 ms, found 3 plugins.
Preloading 0 native plugins for Editor in 0.00 ms.
Mono: successfully reloaded assembly
- Completed reload, in  0.531 seconds
Domain Reload Profiling:
	ReloadAssembly (532ms)
		BeginReloadAssembly (52ms)
			ExecutionOrderSort (0ms)
			DisableScriptedObjects (0ms)
			BackupInstance (0ms)
			ReleaseScriptingObjects (0ms)
			CreateAndSetChildDomain (1ms)
		EndReloadAssembly (387ms)
			LoadAssemblies (50ms)
			RebuildTransferFunctionScriptingTraits (0ms)
			SetupTypeCache (79ms)
			ReleaseScriptCaches (0ms)
			RebuildScriptCaches (19ms)
			SetupLoadedEditorAssemblies (248ms)
				LogAssemblyErrors (0ms)
				InitializePlatformSupportModulesInManaged (5ms)
				SetLoadedEditorAssemblies (0ms)
				RefreshPlugins (94ms)
				BeforeProcessingInitializeOnLoad (1ms)
				ProcessInitializeOnLoadAttributes (114ms)
				ProcessInitializeOnLoadMethodAttributes (33ms)
				AfterProcessingInitializeOnLoad (0ms)
				EditorAssembliesLoaded (0ms)
			ExecutionOrderSort2 (0ms)
			AwakeInstancesAfterBackupRestoration (0ms)
Platform modules already initialized, skipping
Registering precompiled user dll's ...
Registered in 0.006248 seconds.
Begin MonoManager ReloadAssembly
Native extension for WindowsStandalone target not found
Refreshing native plugins compatible for Editor in 97.95 ms, found 3 plugins.
Preloading 0 native plugins for Editor in 0.00 ms.
Mono: successfully reloaded assembly
- Completed reload, in  1.129 seconds
Domain Reload Profiling:
	ReloadAssembly (1130ms)
		BeginReloadAssembly (85ms)
			ExecutionOrderSort (0ms)
			DisableScriptedObjects (4ms)
			BackupInstance (0ms)
			ReleaseScriptingObjects (0ms)
			CreateAndSetChildDomain (18ms)
		EndReloadAssembly (952ms)
			LoadAssemblies (77ms)
			RebuildTransferFunctionScriptingTraits (0ms)
			SetupTypeCache (240ms)
			ReleaseScriptCaches (1ms)
			RebuildScriptCaches (50ms)
			SetupLoadedEditorAssemblies (548ms)
				LogAssemblyErrors (0ms)
				InitializePlatformSupportModulesInManaged (3ms)
				SetLoadedEditorAssemblies (0ms)
				RefreshPlugins (98ms)
				BeforeProcessingInitializeOnLoad (103ms)
				ProcessInitializeOnLoadAttributes (269ms)
				ProcessInitializeOnLoadMethodAttributes (69ms)
				AfterProcessingInitializeOnLoad (6ms)
				EditorAssembliesLoaded (0ms)
			ExecutionOrderSort2 (0ms)
			AwakeInstancesAfterBackupRestoration (4ms)
Platform modules already initialized, skipping
========================================================================
Worker process is ready to serve import requests
Launched and connected shader compiler UnityShaderCompiler.exe after 0.07 seconds
Refreshing native plugins compatible for Editor in 1.00 ms, found 3 plugins.
Preloading 0 native plugins for Editor in 0.00 ms.
Unloading 5663 Unused Serialized files (Serialized files now loaded: 0)
Unloading 51 unused Assets / (0.8 MB). Loaded Objects now: 6112.
Memory consumption went from 222.5 MB to 221.7 MB.
Total: 3.432700 ms (FindLiveObjects: 0.366200 ms CreateObjectMapping: 0.138800 ms MarkObjects: 2.656400 ms  DeleteObjects: 0.270400 ms)

AssetImportParameters requested are different than current active one (requested -> active):
  custom:video-decoder-ogg-theora: a1e56fd34408186e4bbccfd4996cb3dc -> 
  custom:container-muxer-webm: aa71ff27fc2769a1b78a27578f13a17b -> 
  custom:container-demuxer-webm: 4f35f7cbe854078d1ac9338744f61a02 -> 
  custom:video-encoder-webm-vp8: eb34c28f22e8b96e1ab97ce403110664 -> 
  custom:audio-encoder-webm-vorbis: bf7c407c2cedff20999df2af8eb42d56 -> 
  custom:framework-win-MediaFoundation: 216162199b28c13a410421893ffa2e32 -> 
  custom:container-demuxer-ogg: 62fdf1f143b41e24485cea50d1cbac27 -> 
  custom:video-decoder-webm-vp8: 9c59270c3fd7afecdb556c50c9e8de78 -> 
  custom:audio-decoder-ogg-vorbis: bf7c407c2cedff20999df2af8eb42d56 -> 
========================================================================
Received Import Request.
  Time since last request: 1718270.056579 seconds.
  path: Assets/Environment/Art/Textures/Grid_01_Emissive.png
  artifactKey: Guid(d4d6919451fe3e24388816386a6d15a4) Importer(815301076,1909f56bfc062723c751e8b465ee728b)
Start importing Assets/Environment/Art/Textures/Grid_01_Emissive.png using Guid(d4d6919451fe3e24388816386a6d15a4) Importer(815301076,1909f56bfc062723c751e8b465ee728b)  -> (artifact id: '8f46712dbdc43ae3a2a949b2314f1d2d') in 0.057782 seconds 
========================================================================
Received Import Request.
  Time since last request: 0.000016 seconds.
  path: Assets/Models/World Models/Tree11.obj
  artifactKey: Guid(d8793f9be488e4647a2e1ad87694cc89) Importer(815301076,1909f56bfc062723c751e8b465ee728b)
Start importing Assets/Models/World Models/Tree11.obj using Guid(d8793f9be488e4647a2e1ad87694cc89) Importer(815301076,1909f56bfc062723c751e8b465ee728b)  -> (artifact id: 'cf6d16b3e72b66298b241bba0feb55dd') in 0.198240 seconds 
========================================================================
Received Import Request.
  Time since last request: 0.000019 seconds.
  path: Assets/Mobile/Prefabs/VirtualInputs/UI_Virtual_Joystick.prefab
  artifactKey: Guid(6eb08bfc0fd869c47b796c42ada099da) Importer(815301076,1909f56bfc062723c751e8b465ee728b)
Start importing Assets/Mobile/Prefabs/VirtualInputs/UI_Virtual_Joystick.prefab using Guid(6eb08bfc0fd869c47b796c42ada099da) Importer(815301076,1909f56bfc062723c751e8b465ee728b)  -> (artifact id: '8dc6fb25175c500272c9677306e7930b') in 0.013081 seconds 
========================================================================
Received Import Request.
  Time since last request: 0.000026 seconds.
  path: Assets/Models/World Models/Materials/Tree4_pCylinder4_tree8Mat.mat
  artifactKey: Guid(fabf8319c5b8a4f4f8361074e33f84d6) Importer(815301076,1909f56bfc062723c751e8b465ee728b)
Start importing Assets/Models/World Models/Materials/Tree4_pCylinder4_tree8Mat.mat using Guid(fabf8319c5b8a4f4f8361074e33f84d6) Importer(815301076,1909f56bfc062723c751e8b465ee728b)  -> (artifact id: 'ad32ae098eacf4bd83d8c326292907f4') in 0.032895 seconds 
========================================================================
Received Import Request.
  Time since last request: 0.000017 seconds.
  path: Assets/Models/World Models/Materials/Tree2_pCylinder4_tree6Mat.mat
  artifactKey: Guid(2324656a686c14fb898e341276d1fc96) Importer(815301076,1909f56bfc062723c751e8b465ee728b)
Start importing Assets/Models/World Models/Materials/Tree2_pCylinder4_tree6Mat.mat using Guid(2324656a686c14fb898e341276d1fc96) Importer(815301076,1909f56bfc062723c751e8b465ee728b)  -> (artifact id: 'bd0f951b1926f3e127467786dfccd15d') in 0.009441 seconds 
========================================================================
Received Import Request.
  Time since last request: 0.000016 seconds.
  path: Assets/Models/World Models/Materials/Tree2_pCylinder4_tree10Mat.mat
  artifactKey: Guid(847f9b099024b4c88b91cb2db025a4f1) Importer(815301076,1909f56bfc062723c751e8b465ee728b)
Start importing Assets/Models/World Models/Materials/Tree2_pCylinder4_tree10Mat.mat using Guid(847f9b099024b4c88b91cb2db025a4f1) Importer(815301076,1909f56bfc062723c751e8b465ee728b)  -> (artifact id: 'ad9d01a7042f87d91135d9a5b93691b4') in 0.016112 seconds 
========================================================================
Received Import Request.
  Time since last request: 0.000018 seconds.
  path: Assets/Models/World Models/Clouds.obj
  artifactKey: Guid(75f09390c6640c44d97ce3be8294fd42) Importer(815301076,1909f56bfc062723c751e8b465ee728b)
Start importing Assets/Models/World Models/Clouds.obj using Guid(75f09390c6640c44d97ce3be8294fd42) Importer(815301076,1909f56bfc062723c751e8b465ee728b)  -> (artifact id: '4cbe74e80567a529fc84267aee4166f0') in 0.033878 seconds 
========================================================================
Received Import Request.
  Time since last request: 0.000017 seconds.
  path: Assets/Mobile/Prefabs/CanvasInputs/UI_Canvas_StarterAssetsInputs_Joysticks.prefab
  artifactKey: Guid(2f7f3dde7ae722a4aafffe20691ad702) Importer(815301076,1909f56bfc062723c751e8b465ee728b)
Start importing Assets/Mobile/Prefabs/CanvasInputs/UI_Canvas_StarterAssetsInputs_Joysticks.prefab using Guid(2f7f3dde7ae722a4aafffe20691ad702) Importer(815301076,1909f56bfc062723c751e8b465ee728b)  -> (artifact id: 'c5e389c3c25e89f0cc378a3c863c5900') in 0.012505 seconds 
========================================================================
Received Import Request.
  Time since last request: 0.000019 seconds.
  path: Assets/Models/World Models/Tree10.obj
  artifactKey: Guid(368afaac85bde584db5731a5eef25a27) Importer(815301076,1909f56bfc062723c751e8b465ee728b)
Start importing Assets/Models/World Models/Tree10.obj using Guid(368afaac85bde584db5731a5eef25a27) Importer(815301076,1909f56bfc062723c751e8b465ee728b)  -> (artifact id: '6b45cd8dbb53f293c63d4611c2943575') in 0.017087 seconds 
========================================================================
Received Import Request.
  Time since last request: 0.000017 seconds.
  path: Assets/Models/World Models/Materials/tree9Mat.mat
  artifactKey: Guid(83951a6ef64984cc0bb294bd220a6e4c) Importer(815301076,1909f56bfc062723c751e8b465ee728b)
Start importing Assets/Models/World Models/Materials/tree9Mat.mat using Guid(83951a6ef64984cc0bb294bd220a6e4c) Importer(815301076,1909f56bfc062723c751e8b465ee728b)  -> (artifact id: '171e9e8a22bf53aab50a3282494dc0a0') in 0.010268 seconds 
========================================================================
Received Import Request.
  Time since last request: 0.000016 seconds.
  path: Assets/Mobile/UI/UI_Icon_Look.png
  artifactKey: Guid(af0ae2dbf3d1efb4f82af377950704a2) Importer(815301076,1909f56bfc062723c751e8b465ee728b)
Start importing Assets/Mobile/UI/UI_Icon_Look.png using Guid(af0ae2dbf3d1efb4f82af377950704a2) Importer(815301076,1909f56bfc062723c751e8b465ee728b)  -> (artifact id: 'f6650e47bcc965b27bf9f40bdf4c468d') in 0.057196 seconds 
========================================================================
Received Import Request.
  Time since last request: 0.000021 seconds.
  path: Assets/Environment/Art/Skybox/SkyboxLiteWarm.mat
  artifactKey: Guid(aeab33f69c199e54794f516d31450ec4) Importer(815301076,1909f56bfc062723c751e8b465ee728b)
Start importing Assets/Environment/Art/Skybox/SkyboxLiteWarm.mat using Guid(aeab33f69c199e54794f516d31450ec4) Importer(815301076,1909f56bfc062723c751e8b465ee728b)  -> (artifact id: 'af61460fb829d97643b2ac2861220c26') in 0.013609 seconds 
========================================================================
Received Import Request.
  Time since last request: 0.000033 seconds.
  path: Packages/com.unity.render-pipelines.universal/Runtime/Data/PostProcessData.asset
  artifactKey: Guid(41439944d30ece34e96484bdb6645b55) Importer(815301076,1909f56bfc062723c751e8b465ee728b)
Start importing Packages/com.unity.render-pipelines.universal/Runtime/Data/PostProcessData.asset using Guid(41439944d30ece34e96484bdb6645b55) Importer(815301076,1909f56bfc062723c751e8b465ee728b)  -> (artifact id: 'aff132e970c9c2838bb9abaa4093fdaa') in 0.007567 seconds 
========================================================================
Received Import Request.
  Time since last request: 0.000018 seconds.
  path: Assets/Models/World Models/Pinetree3.obj
  artifactKey: Guid(78f130705f8a1a242a9e12aa9f5ce4ee) Importer(815301076,1909f56bfc062723c751e8b465ee728b)
Start importing Assets/Models/World Models/Pinetree3.obj using Guid(78f130705f8a1a242a9e12aa9f5ce4ee) Importer(815301076,1909f56bfc062723c751e8b465ee728b)  -> (artifact id: '4d0a160bc6a5b46d11b8734822aefe53') in 0.015724 seconds 
========================================================================
Received Import Request.
  Time since last request: 0.000018 seconds.
  path: Assets/Models/World Models/_Materials/Ground.mat
  artifactKey: Guid(24e7199542ff14d8cb1e98d278aa4ff4) Importer(815301076,1909f56bfc062723c751e8b465ee728b)
Start importing Assets/Models/World Models/_Materials/Ground.mat using Guid(24e7199542ff14d8cb1e98d278aa4ff4) Importer(815301076,1909f56bfc062723c751e8b465ee728b)  -> (artifact id: 'e3e2417007646220a9d675b9370afe8e') in 0.008683 seconds 
========================================================================
Received Import Request.
  Time since last request: 0.000017 seconds.
  path: Assets/Models/World Models/Materials/preda4_Default_preda4_group16 preda3_polySurface5Mat.mat
  artifactKey: Guid(6edb02f775d664376b4377c56ba31c13) Importer(815301076,1909f56bfc062723c751e8b465ee728b)
Start importing Assets/Models/World Models/Materials/preda4_Default_preda4_group16 preda3_polySurface5Mat.mat using Guid(6edb02f775d664376b4377c56ba31c13) Importer(815301076,1909f56bfc062723c751e8b465ee728b)  -> (artifact id: '35ec91be239a83711388ebeb0b96e5f1') in 0.010818 seconds 
========================================================================
Received Import Request.
  Time since last request: 0.000018 seconds.
  path: Assets/Mobile/Prefabs/VirtualInputs/UI_Virtual_Button.prefab
  artifactKey: Guid(9e55d9b4642484f41be20c69a9b48063) Importer(815301076,1909f56bfc062723c751e8b465ee728b)
Start importing Assets/Mobile/Prefabs/VirtualInputs/UI_Virtual_Button.prefab using Guid(9e55d9b4642484f41be20c69a9b48063) Importer(815301076,1909f56bfc062723c751e8b465ee728b)  -> (artifact id: 'bb4c36a7b38cf5d55966fdb4865d8761') in 0.006995 seconds 
========================================================================
Received Import Request.
  Time since last request: 0.000019 seconds.
  path: Assets/Models/World Models/Materials/bush8Mat.mat
  artifactKey: Guid(c2b949e07a06843c4bb667771f1072b1) Importer(815301076,1909f56bfc062723c751e8b465ee728b)
Start importing Assets/Models/World Models/Materials/bush8Mat.mat using Guid(c2b949e07a06843c4bb667771f1072b1) Importer(815301076,1909f56bfc062723c751e8b465ee728b)  -> (artifact id: 'de0933712a9f18908495239f707059e5') in 0.010838 seconds 
========================================================================
Received Import Request.
  Time since last request: 0.000021 seconds.
  path: Assets/Models/World Models/Materials/bush1Mat.mat
  artifactKey: Guid(c48c53563bd69468ea7574375d2995f0) Importer(815301076,1909f56bfc062723c751e8b465ee728b)
Start importing Assets/Models/World Models/Materials/bush1Mat.mat using Guid(c48c53563bd69468ea7574375d2995f0) Importer(815301076,1909f56bfc062723c751e8b465ee728b)  -> (artifact id: '76d60e3313b01f8fd2a30c9ba9dd6ec8') in 0.010351 seconds 
========================================================================
Received Import Request.
  Time since last request: 0.000018 seconds.
  path: Assets/Models/World Models/Tree14.obj
  artifactKey: Guid(69be948464895b94c91fe16919a903bf) Importer(815301076,1909f56bfc062723c751e8b465ee728b)
Start importing Assets/Models/World Models/Tree14.obj using Guid(69be948464895b94c91fe16919a903bf) Importer(815301076,1909f56bfc062723c751e8b465ee728b)  -> (artifact id: '87c219de952148b56734f59a9a96623f') in 0.016889 seconds 
========================================================================
Received Import Request.
  Time since last request: 0.000022 seconds.
  path: Assets/Environment/Art/Models/Ramp_Mesh.fbx
  artifactKey: Guid(426a2785f8a940049aac2c246661cf09) Importer(815301076,1909f56bfc062723c751e8b465ee728b)
Start importing Assets/Environment/Art/Models/Ramp_Mesh.fbx using Guid(426a2785f8a940049aac2c246661cf09) Importer(815301076,1909f56bfc062723c751e8b465ee728b)  -> (artifact id: '5bcad72dcc0642e64a758eaf3be57d08') in 0.019511 seconds 
========================================================================
Received Import Request.
  Time since last request: 0.000017 seconds.
  path: Assets/Models/World Models/Shack.obj
  artifactKey: Guid(055691624b0ff7c4fb4254ae183866e1) Importer(815301076,1909f56bfc062723c751e8b465ee728b)
Start importing Assets/Models/World Models/Shack.obj using Guid(055691624b0ff7c4fb4254ae183866e1) Importer(815301076,1909f56bfc062723c751e8b465ee728b)  -> (artifact id: '3e4eaebe47890284f413b3bec9aa7e09') in 0.015481 seconds 
========================================================================
Received Import Request.
  Time since last request: 0.000020 seconds.
  path: Assets/Mobile/Prefabs/EventSystem/UI_EventSystem.prefab
  artifactKey: Guid(f0271df749728104eac22c3d897fd8ce) Importer(815301076,1909f56bfc062723c751e8b465ee728b)
Start importing Assets/Mobile/Prefabs/EventSystem/UI_EventSystem.prefab using Guid(f0271df749728104eac22c3d897fd8ce) Importer(815301076,1909f56bfc062723c751e8b465ee728b)  -> (artifact id: '0ccac97ace2fbba010de8268a9654b99') in 0.009356 seconds 
========================================================================
Received Import Request.
  Time since last request: 0.000036 seconds.
  path: Assets/Mobile/Prefabs/CanvasInputs/UI_Canvas_StarterAssetsInputs_TouchZones.prefab
  artifactKey: Guid(7484ce6f8ca3d81408c606b5ae8b9ff3) Importer(815301076,1909f56bfc062723c751e8b465ee728b)
Start importing Assets/Mobile/Prefabs/CanvasInputs/UI_Canvas_StarterAssetsInputs_TouchZones.prefab using Guid(7484ce6f8ca3d81408c606b5ae8b9ff3) Importer(815301076,1909f56bfc062723c751e8b465ee728b)  -> (artifact id: 'b3be6c71a3f2ab5b81ea76095b5bd5e5') in 0.009867 seconds 
========================================================================
Received Import Request.
  Time since last request: 0.000027 seconds.
  path: Assets/InputSystem/StarterAssets.inputactions
  artifactKey: Guid(4419d82f33d36e848b3ed5af4c8da37e) Importer(815301076,1909f56bfc062723c751e8b465ee728b)
Start importing Assets/InputSystem/StarterAssets.inputactions using Guid(4419d82f33d36e848b3ed5af4c8da37e) Importer(815301076,1909f56bfc062723c751e8b465ee728b)  -> (artifact id: 'bc7c97c57e24ef57b84aff14c4df4b9b') in 0.007853 seconds 
========================================================================
Received Import Request.
  Time since last request: 0.000025 seconds.
  path: Assets/Environment/Art/Models/Tunnel_Mesh.fbx
  artifactKey: Guid(f712806514868e54699156ec05dcb749) Importer(815301076,1909f56bfc062723c751e8b465ee728b)
Start importing Assets/Environment/Art/Models/Tunnel_Mesh.fbx using Guid(f712806514868e54699156ec05dcb749) Importer(815301076,1909f56bfc062723c751e8b465ee728b)  -> (artifact id: 'e4c4867a0b77bd04dbf0a1e936ce8248') in 0.018423 seconds 
========================================================================
Received Import Request.
  Time since last request: 0.000022 seconds.
  path: Assets/Models/World Models/Materials/Tree3_pCylinder4_tree15Mat.mat
  artifactKey: Guid(f02f1cef542e8429f8640b534db21883) Importer(815301076,1909f56bfc062723c751e8b465ee728b)
Start importing Assets/Models/World Models/Materials/Tree3_pCylinder4_tree15Mat.mat using Guid(f02f1cef542e8429f8640b534db21883) Importer(815301076,1909f56bfc062723c751e8b465ee728b)  -> (artifact id: 'a8b54f490439a086167843cf0c7dcd73') in 0.007299 seconds 
========================================================================
Received Import Request.
  Time since last request: 0.000019 seconds.
  path: Assets/Models/World Models/Tree8.obj
  artifactKey: Guid(c4f9ab65b93787649a25a9667a7d35b4) Importer(815301076,1909f56bfc062723c751e8b465ee728b)
Start importing Assets/Models/World Models/Tree8.obj using Guid(c4f9ab65b93787649a25a9667a7d35b4) Importer(815301076,1909f56bfc062723c751e8b465ee728b)  -> (artifact id: '56634e0fa660f2b9090b4216ddd0cc32') in 0.017382 seconds 
========================================================================
Received Import Request.
  Time since last request: 0.000026 seconds.
  path: Assets/Environment/Art/Models/Box_350x250x200_Mesh.fbx
  artifactKey: Guid(c6a55ba99e9e99d41b7eef123e311a43) Importer(815301076,1909f56bfc062723c751e8b465ee728b)
Start importing Assets/Environment/Art/Models/Box_350x250x200_Mesh.fbx using Guid(c6a55ba99e9e99d41b7eef123e311a43) Importer(815301076,1909f56bfc062723c751e8b465ee728b)  -> (artifact id: '7878e9d6847038555fd3ccd8269b17a7') in 0.019194 seconds 
========================================================================
Received Import Request.
  Time since last request: 0.000017 seconds.
  path: Assets/Models/World Models/Bush6.obj
  artifactKey: Guid(cdb507bb6e795a24db9273094d2a5c53) Importer(815301076,1909f56bfc062723c751e8b465ee728b)
Start importing Assets/Models/World Models/Bush6.obj using Guid(cdb507bb6e795a24db9273094d2a5c53) Importer(815301076,1909f56bfc062723c751e8b465ee728b)  -> (artifact id: 'aee74abcd385ed0fab1f01aeb6c5c33d') in 0.016208 seconds 
========================================================================
Received Import Request.
  Time since last request: 0.000024 seconds.
  path: Assets/Models/World Models/Pinetree2.obj
  artifactKey: Guid(0ab20348aae20174692d65513cc40c53) Importer(815301076,1909f56bfc062723c751e8b465ee728b)
Start importing Assets/Models/World Models/Pinetree2.obj using Guid(0ab20348aae20174692d65513cc40c53) Importer(815301076,1909f56bfc062723c751e8b465ee728b)  -> (artifact id: 'f97f8b6f78f11bdc8b03a2a5c93c1802') in 0.015323 seconds 
========================================================================
Received Import Request.
  Time since last request: 0.000019 seconds.
  path: Assets/Models/World Models/Materials/predinhas2_Default_predinhas2_group22 preda3_polySurface3Mat.mat
  artifactKey: Guid(8d7b4e5e85c6c4c8ea27b923b04e7c3b) Importer(815301076,1909f56bfc062723c751e8b465ee728b)
Start importing Assets/Models/World Models/Materials/predinhas2_Default_predinhas2_group22 preda3_polySurface3Mat.mat using Guid(8d7b4e5e85c6c4c8ea27b923b04e7c3b) Importer(815301076,1909f56bfc062723c751e8b465ee728b)  -> (artifact id: 'e0479a76c6449416d22a9d44c97ee8f9') in 0.007482 seconds 
========================================================================
Received Import Request.
  Time since last request: 0.000020 seconds.
  path: Assets/Environment/Art/Textures/Grid_02_BaseMap.png
  artifactKey: Guid(d9c0dd5cdac07b145be73329e489869a) Importer(815301076,1909f56bfc062723c751e8b465ee728b)
Start importing Assets/Environment/Art/Textures/Grid_02_BaseMap.png using Guid(d9c0dd5cdac07b145be73329e489869a) Importer(815301076,1909f56bfc062723c751e8b465ee728b)  -> (artifact id: 'ff77b94e52dc55b083280d4241bbab43') in 0.010281 seconds 
========================================================================
Received Import Request.
  Time since last request: 0.000017 seconds.
  path: Assets/Models/World Models/Pinetree4.obj
  artifactKey: Guid(b889dbb4adb93464c910905a2b8e6adc) Importer(815301076,1909f56bfc062723c751e8b465ee728b)
Start importing Assets/Models/World Models/Pinetree4.obj using Guid(b889dbb4adb93464c910905a2b8e6adc) Importer(815301076,1909f56bfc062723c751e8b465ee728b)  -> (artifact id: 'e672eabd8f2f11e5635d507c4f1241ba') in 0.015697 seconds 
========================================================================
Received Prepare
Registering precompiled user dll's ...
Registered in 0.005788 seconds.
Begin MonoManager ReloadAssembly
Native extension for WindowsStandalone target not found
Refreshing native plugins compatible for Editor in 0.88 ms, found 3 plugins.
Preloading 0 native plugins for Editor in 0.00 ms.
Mono: successfully reloaded assembly
- Completed reload, in  1.008 seconds
Domain Reload Profiling:
	ReloadAssembly (1008ms)
		BeginReloadAssembly (123ms)
			ExecutionOrderSort (0ms)
			DisableScriptedObjects (5ms)
			BackupInstance (0ms)
			ReleaseScriptingObjects (0ms)
			CreateAndSetChildDomain (40ms)
		EndReloadAssembly (804ms)
			LoadAssemblies (78ms)
			RebuildTransferFunctionScriptingTraits (0ms)
			SetupTypeCache (248ms)
			ReleaseScriptCaches (2ms)
			RebuildScriptCaches (40ms)
			SetupLoadedEditorAssemblies (378ms)
				LogAssemblyErrors (0ms)
				InitializePlatformSupportModulesInManaged (9ms)
				SetLoadedEditorAssemblies (0ms)
				RefreshPlugins (1ms)
				BeforeProcessingInitializeOnLoad (65ms)
				ProcessInitializeOnLoadAttributes (234ms)
				ProcessInitializeOnLoadMethodAttributes (63ms)
				AfterProcessingInitializeOnLoad (6ms)
				EditorAssembliesLoaded (0ms)
			ExecutionOrderSort2 (0ms)
			AwakeInstancesAfterBackupRestoration (9ms)
Platform modules already initialized, skipping
Refreshing native plugins compatible for Editor in 2.00 ms, found 3 plugins.
Preloading 0 native plugins for Editor in 0.00 ms.
Unloading 5551 Unused Serialized files (Serialized files now loaded: 0)
Unloading 30 unused Assets / (0.8 MB). Loaded Objects now: 6228.
Memory consumption went from 222.8 MB to 222.1 MB.
Total: 3.142500 ms (FindLiveObjects: 0.436300 ms CreateObjectMapping: 0.124300 ms MarkObjects: 2.331300 ms  DeleteObjects: 0.249800 ms)

AssetImportParameters requested are different than current active one (requested -> active):
  custom:video-decoder-ogg-theora: a1e56fd34408186e4bbccfd4996cb3dc -> 
  custom:container-muxer-webm: aa71ff27fc2769a1b78a27578f13a17b -> 
  custom:container-demuxer-webm: 4f35f7cbe854078d1ac9338744f61a02 -> 
  custom:video-encoder-webm-vp8: eb34c28f22e8b96e1ab97ce403110664 -> 
  custom:audio-encoder-webm-vorbis: bf7c407c2cedff20999df2af8eb42d56 -> 
  custom:framework-win-MediaFoundation: 216162199b28c13a410421893ffa2e32 -> 
  custom:container-demuxer-ogg: 62fdf1f143b41e24485cea50d1cbac27 -> 
  custom:video-decoder-webm-vp8: 9c59270c3fd7afecdb556c50c9e8de78 -> 
  custom:audio-decoder-ogg-vorbis: bf7c407c2cedff20999df2af8eb42d56 -> 
Editor requested this worker to shutdown with reason: Scaling down because of idle timeout
AssetImportWorker is now disconnected from the server
Process exiting
Exiting without the bug reporter. Application will terminate with return code 0