Using pre-set license
Built from '2021.3/evg/staging/82bb020e-b03b1330/draft-0' branch; Version is '2021.3.16f1 (4016570cf34f) revision 4200023'; Using compiler version '192829333'; Build Type 'Release'
OS: 'Windows 11  (10.0.22621) 64bit Professional' Language: 'en' Physical Memory: 65445 MB
BatchMode: 1, IsHumanControllingUs: 0, StartBugReporterOnCrash: 0, Is64bit: 1, IsPro: 1

COMMAND LINE ARGUMENTS:
C:\Program Files\Unity 2021.3.16f1\Editor\Unity.exe
-adb2
-batchMode
-noUpm
-name
AssetImportWorker18
-projectPath
D:/School/CART315/gits/Prototype 4B/Prototype 4B - Planets
-logFile
Logs/AssetImportWorker18.log
-srvPort
61276
Successfully changed project path to: D:/School/CART315/gits/Prototype 4B/Prototype 4B - Planets
D:/School/CART315/gits/Prototype 4B/Prototype 4B - Planets
[UnityMemory] Configuration Parameters - Can be set up in boot.config
    "memorysetup-bucket-allocator-granularity=16"
    "memorysetup-bucket-allocator-bucket-count=8"
    "memorysetup-bucket-allocator-block-size=33554432"
    "memorysetup-bucket-allocator-block-count=8"
    "memorysetup-main-allocator-block-size=16777216"
    "memorysetup-thread-allocator-block-size=16777216"
    "memorysetup-gfx-main-allocator-block-size=16777216"
    "memorysetup-gfx-thread-allocator-block-size=16777216"
    "memorysetup-cache-allocator-block-size=4194304"
    "memorysetup-typetree-allocator-block-size=2097152"
    "memorysetup-profiler-bucket-allocator-granularity=16"
    "memorysetup-profiler-bucket-allocator-bucket-count=8"
    "memorysetup-profiler-bucket-allocator-block-size=33554432"
    "memorysetup-profiler-bucket-allocator-block-count=8"
    "memorysetup-profiler-allocator-block-size=16777216"
    "memorysetup-profiler-editor-allocator-block-size=1048576"
    "memorysetup-temp-allocator-size-main=16777216"
    "memorysetup-job-temp-allocator-block-size=2097152"
    "memorysetup-job-temp-allocator-block-size-background=1048576"
    "memorysetup-job-temp-allocator-reduction-small-platforms=262144"
    "memorysetup-temp-allocator-size-background-worker=32768"
    "memorysetup-temp-allocator-size-job-worker=262144"
    "memorysetup-temp-allocator-size-preload-manager=33554432"
    "memorysetup-temp-allocator-size-nav-mesh-worker=65536"
    "memorysetup-temp-allocator-size-audio-worker=65536"
    "memorysetup-temp-allocator-size-cloud-worker=32768"
    "memorysetup-temp-allocator-size-gi-baking-worker=262144"
    "memorysetup-temp-allocator-size-gfx=262144"
Player connection [42352] Host "[IP] 192.168.0.41 [Port] 0 [Flags] 2 [Guid] 1293244439 [EditorId] 1293244439 [Version] 1048832 [Id] WindowsEditor(7,DESKTOP-LUV3IRM) [Debug] 1 [PackageName] WindowsEditor [ProjectName] Editor" joined multi-casting on [225.0.0.222:54997]...

Player connection [42352] Host "[IP] 192.168.0.41 [Port] 0 [Flags] 2 [Guid] 1293244439 [EditorId] 1293244439 [Version] 1048832 [Id] WindowsEditor(7,DESKTOP-LUV3IRM) [Debug] 1 [PackageName] WindowsEditor [ProjectName] Editor" joined alternative multi-casting on [225.0.0.222:34997]...

Refreshing native plugins compatible for Editor in 108.55 ms, found 3 plugins.
Preloading 0 native plugins for Editor in 0.00 ms.
Initialize engine version: 2021.3.16f1 (4016570cf34f)
[Subsystems] Discovering subsystems at path C:/Program Files/Unity 2021.3.16f1/Editor/Data/Resources/UnitySubsystems
[Subsystems] Discovering subsystems at path D:/School/CART315/gits/Prototype 4B/Prototype 4B - Planets/Assets
GfxDevice: creating device client; threaded=0; jobified=0
Direct3D:
    Version:  Direct3D 11.0 [level 11.1]
    Renderer: NVIDIA GeForce RTX 3070 Ti (ID=0x2482)
    Vendor:   NVIDIA
    VRAM:     8031 MB
    Driver:   31.0.15.2849
Initialize mono
Mono path[0] = 'C:/Program Files/Unity 2021.3.16f1/Editor/Data/Managed'
Mono path[1] = 'C:/Program Files/Unity 2021.3.16f1/Editor/Data/MonoBleedingEdge/lib/mono/unityjit-win32'
Mono config path = 'C:/Program Files/Unity 2021.3.16f1/Editor/Data/MonoBleedingEdge/etc'
Using monoOptions --debugger-agent=transport=dt_socket,embedding=1,server=y,suspend=n,address=127.0.0.1:56228
Begin MonoManager ReloadAssembly
Registering precompiled unity dll's ...
Register platform support module: C:/Program Files/Unity 2021.3.16f1/Editor/Data/PlaybackEngines/WindowsStandaloneSupport/UnityEditor.WindowsStandalone.Extensions.dll
Registered in 0.003150 seconds.
Native extension for WindowsStandalone target not found
Refreshing native plugins compatible for Editor in 90.97 ms, found 3 plugins.
Preloading 0 native plugins for Editor in 0.00 ms.
Mono: successfully reloaded assembly
- Completed reload, in  0.508 seconds
Domain Reload Profiling:
	ReloadAssembly (508ms)
		BeginReloadAssembly (59ms)
			ExecutionOrderSort (0ms)
			DisableScriptedObjects (0ms)
			BackupInstance (0ms)
			ReleaseScriptingObjects (0ms)
			CreateAndSetChildDomain (1ms)
		EndReloadAssembly (364ms)
			LoadAssemblies (57ms)
			RebuildTransferFunctionScriptingTraits (0ms)
			SetupTypeCache (72ms)
			ReleaseScriptCaches (0ms)
			RebuildScriptCaches (19ms)
			SetupLoadedEditorAssemblies (235ms)
				LogAssemblyErrors (0ms)
				InitializePlatformSupportModulesInManaged (5ms)
				SetLoadedEditorAssemblies (0ms)
				RefreshPlugins (91ms)
				BeforeProcessingInitializeOnLoad (1ms)
				ProcessInitializeOnLoadAttributes (104ms)
				ProcessInitializeOnLoadMethodAttributes (33ms)
				AfterProcessingInitializeOnLoad (0ms)
				EditorAssembliesLoaded (0ms)
			ExecutionOrderSort2 (0ms)
			AwakeInstancesAfterBackupRestoration (0ms)
Platform modules already initialized, skipping
Registering precompiled user dll's ...
Registered in 0.006486 seconds.
Begin MonoManager ReloadAssembly
Symbol file LoadedFromMemory doesn't match image D:\School\CART315\gits\Prototype 4B\Prototype 4B - Planets\Library\PackageCache\com.unity.visualscripting@1.7.8\Editor\VisualScripting.Core\Dependencies\YamlDotNet\Unity.VisualScripting.YamlDotNet.dll
Symbol file LoadedFromMemory doesn't match image D:\School\CART315\gits\Prototype 4B\Prototype 4B - Planets\Library\PackageCache\com.unity.visualscripting@1.7.8\Editor\VisualScripting.Core\Dependencies\DotNetZip\Unity.VisualScripting.IonicZip.dll
Native extension for WindowsStandalone target not found
Refreshing native plugins compatible for Editor in 89.09 ms, found 3 plugins.
Preloading 0 native plugins for Editor in 0.00 ms.
Mono: successfully reloaded assembly
- Completed reload, in  1.074 seconds
Domain Reload Profiling:
	ReloadAssembly (1075ms)
		BeginReloadAssembly (82ms)
			ExecutionOrderSort (0ms)
			DisableScriptedObjects (4ms)
			BackupInstance (0ms)
			ReleaseScriptingObjects (0ms)
			CreateAndSetChildDomain (16ms)
		EndReloadAssembly (907ms)
			LoadAssemblies (74ms)
			RebuildTransferFunctionScriptingTraits (0ms)
			SetupTypeCache (236ms)
			ReleaseScriptCaches (1ms)
			RebuildScriptCaches (50ms)
			SetupLoadedEditorAssemblies (515ms)
				LogAssemblyErrors (0ms)
				InitializePlatformSupportModulesInManaged (3ms)
				SetLoadedEditorAssemblies (0ms)
				RefreshPlugins (89ms)
				BeforeProcessingInitializeOnLoad (89ms)
				ProcessInitializeOnLoadAttributes (267ms)
				ProcessInitializeOnLoadMethodAttributes (61ms)
				AfterProcessingInitializeOnLoad (6ms)
				EditorAssembliesLoaded (0ms)
			ExecutionOrderSort2 (0ms)
			AwakeInstancesAfterBackupRestoration (4ms)
Platform modules already initialized, skipping
========================================================================
Worker process is ready to serve import requests
Launched and connected shader compiler UnityShaderCompiler.exe after 0.06 seconds
Refreshing native plugins compatible for Editor in 0.97 ms, found 3 plugins.
Preloading 0 native plugins for Editor in 0.00 ms.
Unloading 5671 Unused Serialized files (Serialized files now loaded: 0)
Unloading 51 unused Assets / (0.8 MB). Loaded Objects now: 6130.
Memory consumption went from 226.3 MB to 225.5 MB.
Total: 3.331700 ms (FindLiveObjects: 0.343900 ms CreateObjectMapping: 0.134800 ms MarkObjects: 2.578800 ms  DeleteObjects: 0.273300 ms)

AssetImportParameters requested are different than current active one (requested -> active):
  custom:video-decoder-ogg-theora: a1e56fd34408186e4bbccfd4996cb3dc -> 
  custom:container-muxer-webm: aa71ff27fc2769a1b78a27578f13a17b -> 
  custom:container-demuxer-webm: 4f35f7cbe854078d1ac9338744f61a02 -> 
  custom:video-encoder-webm-vp8: eb34c28f22e8b96e1ab97ce403110664 -> 
  custom:audio-encoder-webm-vorbis: bf7c407c2cedff20999df2af8eb42d56 -> 
  custom:framework-win-MediaFoundation: 216162199b28c13a410421893ffa2e32 -> 
  custom:container-demuxer-ogg: 62fdf1f143b41e24485cea50d1cbac27 -> 
  custom:video-decoder-webm-vp8: 9c59270c3fd7afecdb556c50c9e8de78 -> 
  custom:audio-decoder-ogg-vorbis: bf7c407c2cedff20999df2af8eb42d56 -> 
========================================================================
Received Import Request.
  Time since last request: 1738776.895355 seconds.
  path: Assets/FreeDimensionForge/LowPolyEnvironmentsPack/Art/ForestEnvironmentPack/Particles/Smoke.mat
  artifactKey: Guid(39b24493a458fb247b0314409f29b006) Importer(815301076,1909f56bfc062723c751e8b465ee728b)
Start importing Assets/FreeDimensionForge/LowPolyEnvironmentsPack/Art/ForestEnvironmentPack/Particles/Smoke.mat using Guid(39b24493a458fb247b0314409f29b006) Importer(815301076,1909f56bfc062723c751e8b465ee728b)  -> (artifact id: 'efa031bec3467ae88cae03fe0ab6f5b3') in 0.200152 seconds 
========================================================================
Received Import Request.
  Time since last request: 10.850956 seconds.
  path: Assets/FreeDimensionForge/LowPolyEnvironmentsPack/Art/ForestEnvironmentPack/Meshes/ForestBridge_01.fbx
  artifactKey: Guid(5d672c2d4319c2947a00e9140748ba7f) Importer(815301076,1909f56bfc062723c751e8b465ee728b)
Start importing Assets/FreeDimensionForge/LowPolyEnvironmentsPack/Art/ForestEnvironmentPack/Meshes/ForestBridge_01.fbx using Guid(5d672c2d4319c2947a00e9140748ba7f) Importer(815301076,1909f56bfc062723c751e8b465ee728b)  -> (artifact id: '2ff60dad5fb716fcaece3c7770dcc32c') in 0.041388 seconds 
========================================================================
Received Import Request.
  Time since last request: 0.000026 seconds.
  path: Assets/FreeDimensionForge/LowPolyEnvironmentsPack/Art/ForestEnvironmentPack/Meshes/ForestRiverStraightCube.fbx
  artifactKey: Guid(fb46ac3341d0286449c83077ff276cd8) Importer(815301076,1909f56bfc062723c751e8b465ee728b)
Start importing Assets/FreeDimensionForge/LowPolyEnvironmentsPack/Art/ForestEnvironmentPack/Meshes/ForestRiverStraightCube.fbx using Guid(fb46ac3341d0286449c83077ff276cd8) Importer(815301076,1909f56bfc062723c751e8b465ee728b)  -> (artifact id: '7a05d4df7524523f270392bcc5817ea9') in 0.024117 seconds 
========================================================================
Received Import Request.
  Time since last request: 0.000017 seconds.
  path: Assets/FreeDimensionForge/LowPolyEnvironmentsPack/Art/ForestEnvironmentPack/Meshes/ForestCabin.fbx
  artifactKey: Guid(d81f1b5d779273d49827dcf7118ff7ca) Importer(815301076,1909f56bfc062723c751e8b465ee728b)
Start importing Assets/FreeDimensionForge/LowPolyEnvironmentsPack/Art/ForestEnvironmentPack/Meshes/ForestCabin.fbx using Guid(d81f1b5d779273d49827dcf7118ff7ca) Importer(815301076,1909f56bfc062723c751e8b465ee728b)  -> (artifact id: 'aa61416159135d9faf72924da7b838ad') in 0.019102 seconds 
========================================================================
Received Import Request.
  Time since last request: 0.000021 seconds.
  path: Assets/FreeDimensionForge/LowPolyEnvironmentsPack/Art/ForestEnvironmentPack/Meshes/ForestCurveCube.fbx
  artifactKey: Guid(2d4faa9928e067246b21b0d28eaadc25) Importer(815301076,1909f56bfc062723c751e8b465ee728b)
Start importing Assets/FreeDimensionForge/LowPolyEnvironmentsPack/Art/ForestEnvironmentPack/Meshes/ForestCurveCube.fbx using Guid(2d4faa9928e067246b21b0d28eaadc25) Importer(815301076,1909f56bfc062723c751e8b465ee728b)  -> (artifact id: '7e71ef859a686d6151bd553cb91a14b2') in 0.016747 seconds 
========================================================================
Received Import Request.
  Time since last request: 0.000021 seconds.
  path: Assets/FreeDimensionForge/LowPolyEnvironmentsPack/Art/ForestEnvironmentPack/Meshes/ForestTreeSpruce_03.fbx
  artifactKey: Guid(d710544d7060cb749898c84789d8d780) Importer(815301076,1909f56bfc062723c751e8b465ee728b)
Start importing Assets/FreeDimensionForge/LowPolyEnvironmentsPack/Art/ForestEnvironmentPack/Meshes/ForestTreeSpruce_03.fbx using Guid(d710544d7060cb749898c84789d8d780) Importer(815301076,1909f56bfc062723c751e8b465ee728b)  -> (artifact id: 'b322305859ee34627786eaaba62fdfb3') in 0.020674 seconds 
========================================================================
Received Import Request.
  Time since last request: 0.000023 seconds.
  path: Assets/FreeDimensionForge/LowPolyEnvironmentsPack/Art/ForestEnvironmentPack/Meshes/ForestTree_02.fbx
  artifactKey: Guid(304e8b2365bcc7f4da6b9efb96da6e49) Importer(815301076,1909f56bfc062723c751e8b465ee728b)
Start importing Assets/FreeDimensionForge/LowPolyEnvironmentsPack/Art/ForestEnvironmentPack/Meshes/ForestTree_02.fbx using Guid(304e8b2365bcc7f4da6b9efb96da6e49) Importer(815301076,1909f56bfc062723c751e8b465ee728b)  -> (artifact id: 'b7ee600e0cce78f32d65d42bf6af4dd2') in 0.019933 seconds 
========================================================================
Received Import Request.
  Time since last request: 0.000031 seconds.
  path: Assets/FreeDimensionForge/LowPolyEnvironmentsPack/Art/ForestEnvironmentPack/Meshes/ForestCloud.fbx
  artifactKey: Guid(f47b15140d3dc6d4cafa042d753ddf65) Importer(815301076,1909f56bfc062723c751e8b465ee728b)
Start importing Assets/FreeDimensionForge/LowPolyEnvironmentsPack/Art/ForestEnvironmentPack/Meshes/ForestCloud.fbx using Guid(f47b15140d3dc6d4cafa042d753ddf65) Importer(815301076,1909f56bfc062723c751e8b465ee728b)  -> (artifact id: '05dd9de62229a74df9c647b4b233345c') in 0.018839 seconds 
========================================================================
Received Import Request.
  Time since last request: 0.000020 seconds.
  path: Assets/FreeDimensionForge/LowPolyEnvironmentsPack/Art/ForestEnvironmentPack/Meshes/ForestStone.fbx
  artifactKey: Guid(6f8a4d3050f6b2d4e9ed37778ffeba9a) Importer(815301076,1909f56bfc062723c751e8b465ee728b)
Start importing Assets/FreeDimensionForge/LowPolyEnvironmentsPack/Art/ForestEnvironmentPack/Meshes/ForestStone.fbx using Guid(6f8a4d3050f6b2d4e9ed37778ffeba9a) Importer(815301076,1909f56bfc062723c751e8b465ee728b)  -> (artifact id: '4bfa18b4a21b6da075318f69bea14382') in 0.016969 seconds 
========================================================================
Received Import Request.
  Time since last request: 0.000029 seconds.
  path: Assets/FreeDimensionForge/LowPolyEnvironmentsPack/Art/ForestEnvironmentPack/Meshes/ForestRiverStraight.fbx
  artifactKey: Guid(b3845e5714a233e4c81d928c247125f2) Importer(815301076,1909f56bfc062723c751e8b465ee728b)
Start importing Assets/FreeDimensionForge/LowPolyEnvironmentsPack/Art/ForestEnvironmentPack/Meshes/ForestRiverStraight.fbx using Guid(b3845e5714a233e4c81d928c247125f2) Importer(815301076,1909f56bfc062723c751e8b465ee728b)  -> (artifact id: 'd8c6dbf218d34db7a14473ca5ac50f68') in 0.017417 seconds 
========================================================================
Received Import Request.
  Time since last request: 0.000022 seconds.
  path: Assets/FreeDimensionForge/LowPolyEnvironmentsPack/Art/ForestEnvironmentPack/Meshes/ForestEmptyCube.fbx
  artifactKey: Guid(723348964191c1f4bba54be5c5914017) Importer(815301076,1909f56bfc062723c751e8b465ee728b)
Start importing Assets/FreeDimensionForge/LowPolyEnvironmentsPack/Art/ForestEnvironmentPack/Meshes/ForestEmptyCube.fbx using Guid(723348964191c1f4bba54be5c5914017) Importer(815301076,1909f56bfc062723c751e8b465ee728b)  -> (artifact id: '5af4d56eccd46461eda7e327a1e1ed25') in 0.017348 seconds 
========================================================================
Received Import Request.
  Time since last request: 0.000020 seconds.
  path: Assets/FreeDimensionForge/LowPolyEnvironmentsPack/Art/ForestEnvironmentPack/Meshes/ForestStraight.fbx
  artifactKey: Guid(676a2ec06f35d204c86ef4c7ae87e4be) Importer(815301076,1909f56bfc062723c751e8b465ee728b)
Start importing Assets/FreeDimensionForge/LowPolyEnvironmentsPack/Art/ForestEnvironmentPack/Meshes/ForestStraight.fbx using Guid(676a2ec06f35d204c86ef4c7ae87e4be) Importer(815301076,1909f56bfc062723c751e8b465ee728b)  -> (artifact id: '8c74bb99e528021d8b8d13577f1f185b') in 0.016673 seconds 
========================================================================
Received Import Request.
  Time since last request: 4.242784 seconds.
  path: Assets/FreeDimensionForge/LowPolyEnvironmentsPack/Art/ForestEnvironmentPack/Materials/ForestSkybox_M.mat
  artifactKey: Guid(539a4fa8f0b35d740a28d31c3f1c2a0a) Importer(815301076,1909f56bfc062723c751e8b465ee728b)
Start importing Assets/FreeDimensionForge/LowPolyEnvironmentsPack/Art/ForestEnvironmentPack/Materials/ForestSkybox_M.mat using Guid(539a4fa8f0b35d740a28d31c3f1c2a0a) Importer(815301076,1909f56bfc062723c751e8b465ee728b)  -> (artifact id: '81ee05761333c85da731b5ebc380c3c9') in 0.011662 seconds 
========================================================================
Received Prepare
Registering precompiled user dll's ...
Registered in 0.006241 seconds.
Begin MonoManager ReloadAssembly
Symbol file LoadedFromMemory doesn't match image D:\School\CART315\gits\Prototype 4B\Prototype 4B - Planets\Library\PackageCache\com.unity.visualscripting@1.7.8\Editor\VisualScripting.Core\Dependencies\YamlDotNet\Unity.VisualScripting.YamlDotNet.dll
Symbol file LoadedFromMemory doesn't match image D:\School\CART315\gits\Prototype 4B\Prototype 4B - Planets\Library\PackageCache\com.unity.visualscripting@1.7.8\Editor\VisualScripting.Core\Dependencies\DotNetZip\Unity.VisualScripting.IonicZip.dll
Native extension for WindowsStandalone target not found
Refreshing native plugins compatible for Editor in 0.91 ms, found 3 plugins.
Preloading 0 native plugins for Editor in 0.00 ms.
Mono: successfully reloaded assembly
- Completed reload, in  1.015 seconds
Domain Reload Profiling:
	ReloadAssembly (1016ms)
		BeginReloadAssembly (131ms)
			ExecutionOrderSort (0ms)
			DisableScriptedObjects (7ms)
			BackupInstance (0ms)
			ReleaseScriptingObjects (0ms)
			CreateAndSetChildDomain (44ms)
		EndReloadAssembly (794ms)
			LoadAssemblies (82ms)
			RebuildTransferFunctionScriptingTraits (0ms)
			SetupTypeCache (240ms)
			ReleaseScriptCaches (2ms)
			RebuildScriptCaches (34ms)
			SetupLoadedEditorAssemblies (386ms)
				LogAssemblyErrors (0ms)
				InitializePlatformSupportModulesInManaged (9ms)
				SetLoadedEditorAssemblies (0ms)
				RefreshPlugins (1ms)
				BeforeProcessingInitializeOnLoad (68ms)
				ProcessInitializeOnLoadAttributes (238ms)
				ProcessInitializeOnLoadMethodAttributes (64ms)
				AfterProcessingInitializeOnLoad (6ms)
				EditorAssembliesLoaded (0ms)
			ExecutionOrderSort2 (0ms)
			AwakeInstancesAfterBackupRestoration (10ms)
Platform modules already initialized, skipping
Refreshing native plugins compatible for Editor in 2.06 ms, found 3 plugins.
Preloading 0 native plugins for Editor in 0.00 ms.
Unloading 5551 Unused Serialized files (Serialized files now loaded: 0)
Unloading 30 unused Assets / (0.8 MB). Loaded Objects now: 6234.
Memory consumption went from 226.2 MB to 225.5 MB.
Total: 3.476400 ms (FindLiveObjects: 0.346000 ms CreateObjectMapping: 0.291500 ms MarkObjects: 2.558800 ms  DeleteObjects: 0.279400 ms)

AssetImportParameters requested are different than current active one (requested -> active):
  custom:video-decoder-ogg-theora: a1e56fd34408186e4bbccfd4996cb3dc -> 
  custom:container-muxer-webm: aa71ff27fc2769a1b78a27578f13a17b -> 
  custom:container-demuxer-webm: 4f35f7cbe854078d1ac9338744f61a02 -> 
  custom:video-encoder-webm-vp8: eb34c28f22e8b96e1ab97ce403110664 -> 
  custom:audio-encoder-webm-vorbis: bf7c407c2cedff20999df2af8eb42d56 -> 
  custom:framework-win-MediaFoundation: 216162199b28c13a410421893ffa2e32 -> 
  custom:container-demuxer-ogg: 62fdf1f143b41e24485cea50d1cbac27 -> 
  custom:video-decoder-webm-vp8: 9c59270c3fd7afecdb556c50c9e8de78 -> 
  custom:audio-decoder-ogg-vorbis: bf7c407c2cedff20999df2af8eb42d56 -> 
========================================================================
Received Prepare
Registering precompiled user dll's ...
Registered in 0.005728 seconds.
Begin MonoManager ReloadAssembly
Symbol file LoadedFromMemory doesn't match image D:\School\CART315\gits\Prototype 4B\Prototype 4B - Planets\Library\PackageCache\com.unity.visualscripting@1.7.8\Editor\VisualScripting.Core\Dependencies\YamlDotNet\Unity.VisualScripting.YamlDotNet.dll
Symbol file LoadedFromMemory doesn't match image D:\School\CART315\gits\Prototype 4B\Prototype 4B - Planets\Library\PackageCache\com.unity.visualscripting@1.7.8\Editor\VisualScripting.Core\Dependencies\DotNetZip\Unity.VisualScripting.IonicZip.dll
Native extension for WindowsStandalone target not found
Refreshing native plugins compatible for Editor in 0.98 ms, found 3 plugins.
Preloading 0 native plugins for Editor in 0.00 ms.
Mono: successfully reloaded assembly
- Completed reload, in  0.987 seconds
Domain Reload Profiling:
	ReloadAssembly (988ms)
		BeginReloadAssembly (112ms)
			ExecutionOrderSort (0ms)
			DisableScriptedObjects (4ms)
			BackupInstance (0ms)
			ReleaseScriptingObjects (0ms)
			CreateAndSetChildDomain (39ms)
		EndReloadAssembly (797ms)
			LoadAssemblies (72ms)
			RebuildTransferFunctionScriptingTraits (0ms)
			SetupTypeCache (246ms)
			ReleaseScriptCaches (1ms)
			RebuildScriptCaches (34ms)
			SetupLoadedEditorAssemblies (383ms)
				LogAssemblyErrors (0ms)
				InitializePlatformSupportModulesInManaged (9ms)
				SetLoadedEditorAssemblies (0ms)
				RefreshPlugins (1ms)
				BeforeProcessingInitializeOnLoad (67ms)
				ProcessInitializeOnLoadAttributes (238ms)
				ProcessInitializeOnLoadMethodAttributes (62ms)
				AfterProcessingInitializeOnLoad (6ms)
				EditorAssembliesLoaded (0ms)
			ExecutionOrderSort2 (0ms)
			AwakeInstancesAfterBackupRestoration (10ms)
Platform modules already initialized, skipping
Refreshing native plugins compatible for Editor in 2.23 ms, found 3 plugins.
Preloading 0 native plugins for Editor in 0.00 ms.
Unloading 5552 Unused Serialized files (Serialized files now loaded: 0)
Unloading 30 unused Assets / (0.8 MB). Loaded Objects now: 6249.
Memory consumption went from 226.3 MB to 225.6 MB.
Total: 4.372500 ms (FindLiveObjects: 0.382100 ms CreateObjectMapping: 0.139300 ms MarkObjects: 3.272000 ms  DeleteObjects: 0.577300 ms)

AssetImportParameters requested are different than current active one (requested -> active):
  custom:video-decoder-ogg-theora: a1e56fd34408186e4bbccfd4996cb3dc -> 
  custom:container-muxer-webm: aa71ff27fc2769a1b78a27578f13a17b -> 
  custom:container-demuxer-webm: 4f35f7cbe854078d1ac9338744f61a02 -> 
  custom:video-encoder-webm-vp8: eb34c28f22e8b96e1ab97ce403110664 -> 
  custom:audio-encoder-webm-vorbis: bf7c407c2cedff20999df2af8eb42d56 -> 
  custom:framework-win-MediaFoundation: 216162199b28c13a410421893ffa2e32 -> 
  custom:container-demuxer-ogg: 62fdf1f143b41e24485cea50d1cbac27 -> 
  custom:video-decoder-webm-vp8: 9c59270c3fd7afecdb556c50c9e8de78 -> 
  custom:audio-decoder-ogg-vorbis: bf7c407c2cedff20999df2af8eb42d56 -> 
========================================================================
Received Prepare
Registering precompiled user dll's ...
Registered in 0.006087 seconds.
Begin MonoManager ReloadAssembly
Symbol file LoadedFromMemory doesn't match image D:\School\CART315\gits\Prototype 4B\Prototype 4B - Planets\Library\PackageCache\com.unity.visualscripting@1.7.8\Editor\VisualScripting.Core\Dependencies\YamlDotNet\Unity.VisualScripting.YamlDotNet.dll
Symbol file LoadedFromMemory doesn't match image D:\School\CART315\gits\Prototype 4B\Prototype 4B - Planets\Library\PackageCache\com.unity.visualscripting@1.7.8\Editor\VisualScripting.Core\Dependencies\DotNetZip\Unity.VisualScripting.IonicZip.dll
Native extension for WindowsStandalone target not found
Refreshing native plugins compatible for Editor in 0.97 ms, found 3 plugins.
Preloading 0 native plugins for Editor in 0.00 ms.
Mono: successfully reloaded assembly
- Completed reload, in  0.995 seconds
Domain Reload Profiling:
	ReloadAssembly (995ms)
		BeginReloadAssembly (116ms)
			ExecutionOrderSort (0ms)
			DisableScriptedObjects (4ms)
			BackupInstance (0ms)
			ReleaseScriptingObjects (0ms)
			CreateAndSetChildDomain (37ms)
		EndReloadAssembly (801ms)
			LoadAssemblies (74ms)
			RebuildTransferFunctionScriptingTraits (0ms)
			SetupTypeCache (244ms)
			ReleaseScriptCaches (2ms)
			RebuildScriptCaches (40ms)
			SetupLoadedEditorAssemblies (383ms)
				LogAssemblyErrors (0ms)
				InitializePlatformSupportModulesInManaged (9ms)
				SetLoadedEditorAssemblies (0ms)
				RefreshPlugins (1ms)
				BeforeProcessingInitializeOnLoad (66ms)
				ProcessInitializeOnLoadAttributes (238ms)
				ProcessInitializeOnLoadMethodAttributes (63ms)
				AfterProcessingInitializeOnLoad (6ms)
				EditorAssembliesLoaded (0ms)
			ExecutionOrderSort2 (0ms)
			AwakeInstancesAfterBackupRestoration (11ms)
Platform modules already initialized, skipping
Refreshing native plugins compatible for Editor in 2.30 ms, found 3 plugins.
Preloading 0 native plugins for Editor in 0.00 ms.
Unloading 5552 Unused Serialized files (Serialized files now loaded: 0)
Unloading 30 unused Assets / (0.8 MB). Loaded Objects now: 6264.
Memory consumption went from 226.3 MB to 225.6 MB.
Total: 3.975500 ms (FindLiveObjects: 0.353700 ms CreateObjectMapping: 0.131300 ms MarkObjects: 2.762300 ms  DeleteObjects: 0.727400 ms)

AssetImportParameters requested are different than current active one (requested -> active):
  custom:video-decoder-ogg-theora: a1e56fd34408186e4bbccfd4996cb3dc -> 
  custom:container-muxer-webm: aa71ff27fc2769a1b78a27578f13a17b -> 
  custom:container-demuxer-webm: 4f35f7cbe854078d1ac9338744f61a02 -> 
  custom:video-encoder-webm-vp8: eb34c28f22e8b96e1ab97ce403110664 -> 
  custom:audio-encoder-webm-vorbis: bf7c407c2cedff20999df2af8eb42d56 -> 
  custom:framework-win-MediaFoundation: 216162199b28c13a410421893ffa2e32 -> 
  custom:container-demuxer-ogg: 62fdf1f143b41e24485cea50d1cbac27 -> 
  custom:video-decoder-webm-vp8: 9c59270c3fd7afecdb556c50c9e8de78 -> 
  custom:audio-decoder-ogg-vorbis: bf7c407c2cedff20999df2af8eb42d56 -> 
========================================================================
Received Import Request.
  Time since last request: 3392.478692 seconds.
  path: Assets/Lowylpoly/Stylized Sci-fi Texture/Materials/Sci-fi Texture.mat
  artifactKey: Guid(6922a499a3eec994c9b20588a6cfd3cd) Importer(815301076,1909f56bfc062723c751e8b465ee728b)
Start importing Assets/Lowylpoly/Stylized Sci-fi Texture/Materials/Sci-fi Texture.mat using Guid(6922a499a3eec994c9b20588a6cfd3cd) Importer(815301076,1909f56bfc062723c751e8b465ee728b)  -> (artifact id: '763edc0b2d858f7bddebaf8cd5e17a36') in 0.270501 seconds 
========================================================================
Received Import Request.
  Time since last request: 104.140606 seconds.
  path: Assets/LowPolyAlienWorld/Terrain.prefab
  artifactKey: Guid(f9b070a0df4bf2941a858f1c29591401) Importer(815301076,1909f56bfc062723c751e8b465ee728b)
Start importing Assets/LowPolyAlienWorld/Terrain.prefab using Guid(f9b070a0df4bf2941a858f1c29591401) Importer(815301076,1909f56bfc062723c751e8b465ee728b)  -> (artifact id: '6a6b254a2d9d597f79a53c8d38d0cc28') in 0.025488 seconds 
========================================================================
Received Import Request.
  Time since last request: 0.000018 seconds.
  path: Assets/LowPolyAlienWorld/Water.prefab
  artifactKey: Guid(3aa58df061019574989fc0e803b8b563) Importer(815301076,1909f56bfc062723c751e8b465ee728b)
Start importing Assets/LowPolyAlienWorld/Water.prefab using Guid(3aa58df061019574989fc0e803b8b563) Importer(815301076,1909f56bfc062723c751e8b465ee728b)  -> (artifact id: 'b37b79117cdbcb457ca7aba565b8f426') in 0.009726 seconds 
========================================================================
Received Import Request.
  Time since last request: 18.498316 seconds.
  path: Assets/LowPolyAlienWorld/Rocks/BigRock_02.fbx
  artifactKey: Guid(9e8b39aca268a8a4c9ad45ab92bd5f76) Importer(815301076,1909f56bfc062723c751e8b465ee728b)
Start importing Assets/LowPolyAlienWorld/Rocks/BigRock_02.fbx using Guid(9e8b39aca268a8a4c9ad45ab92bd5f76) Importer(815301076,1909f56bfc062723c751e8b465ee728b)  -> (artifact id: '96a029200c791f203ac7c2a64d93176d') in 0.024934 seconds 
========================================================================
Received Import Request.
  Time since last request: 0.000021 seconds.
  path: Assets/LowPolyAlienWorld/Rocks/RockFormation_01.fbx
  artifactKey: Guid(0bcfe331587a6b042bc241526e7adf89) Importer(815301076,1909f56bfc062723c751e8b465ee728b)
Start importing Assets/LowPolyAlienWorld/Rocks/RockFormation_01.fbx using Guid(0bcfe331587a6b042bc241526e7adf89) Importer(815301076,1909f56bfc062723c751e8b465ee728b)  -> (artifact id: 'e288bb7f0b97299d7e0b30424becddb0') in 0.014601 seconds 
========================================================================
Received Import Request.
  Time since last request: 0.000025 seconds.
  path: Assets/LowPolyAlienWorld/Rocks/SmallRock_03.fbx
  artifactKey: Guid(10f31deedf253ef46a2c5f47aecc81e5) Importer(815301076,1909f56bfc062723c751e8b465ee728b)
Start importing Assets/LowPolyAlienWorld/Rocks/SmallRock_03.fbx using Guid(10f31deedf253ef46a2c5f47aecc81e5) Importer(815301076,1909f56bfc062723c751e8b465ee728b)  -> (artifact id: 'e50231b73bb3f4c3981073432907b562') in 0.022306 seconds 
========================================================================
Received Import Request.
  Time since last request: 0.000034 seconds.
  path: Assets/LowPolyAlienWorld/Rocks/RockFormation_07.fbx
  artifactKey: Guid(8cf77b90691714542ab166976e4e31f7) Importer(815301076,1909f56bfc062723c751e8b465ee728b)
Start importing Assets/LowPolyAlienWorld/Rocks/RockFormation_07.fbx using Guid(8cf77b90691714542ab166976e4e31f7) Importer(815301076,1909f56bfc062723c751e8b465ee728b)  -> (artifact id: '965716f4f740e03d1aab01a0ff6d786e') in 0.017423 seconds 
========================================================================
Received Import Request.
  Time since last request: 0.000022 seconds.
  path: Assets/LowPolyAlienWorld/Rocks/SmallRock_04.fbx
  artifactKey: Guid(ef002ddca11787b41a014a71a6884805) Importer(815301076,1909f56bfc062723c751e8b465ee728b)
Start importing Assets/LowPolyAlienWorld/Rocks/SmallRock_04.fbx using Guid(ef002ddca11787b41a014a71a6884805) Importer(815301076,1909f56bfc062723c751e8b465ee728b)  -> (artifact id: '3f359e1876f5ea835f23578cf87292d2') in 0.018362 seconds 
========================================================================
Received Import Request.
  Time since last request: 0.000019 seconds.
  path: Assets/LowPolyAlienWorld/Rocks/RockFormation_06.fbx
  artifactKey: Guid(cf833ef2eab66b44286c07b4aba4f3eb) Importer(815301076,1909f56bfc062723c751e8b465ee728b)
Start importing Assets/LowPolyAlienWorld/Rocks/RockFormation_06.fbx using Guid(cf833ef2eab66b44286c07b4aba4f3eb) Importer(815301076,1909f56bfc062723c751e8b465ee728b)  -> (artifact id: '7a8758363e2a6589d1827f10d9255c73') in 0.015817 seconds 
Editor requested this worker to shutdown with reason: Scaling down because of idle timeout
AssetImportWorker is now disconnected from the server
Process exiting
Exiting without the bug reporter. Application will terminate with return code 0