Using pre-set license
Built from '2021.3/evg/staging/82bb020e-b03b1330/draft-0' branch; Version is '2021.3.16f1 (4016570cf34f) revision 4200023'; Using compiler version '192829333'; Build Type 'Release'
OS: 'Windows 11  (10.0.22621) 64bit Professional' Language: 'en' Physical Memory: 65445 MB
BatchMode: 1, IsHumanControllingUs: 0, StartBugReporterOnCrash: 0, Is64bit: 1, IsPro: 1

COMMAND LINE ARGUMENTS:
C:\Program Files\Unity 2021.3.16f1\Editor\Unity.exe
-adb2
-batchMode
-noUpm
-name
AssetImportWorker4
-projectPath
D:/School/CART315/gits/Prototype 4B/Prototype 4B - Planets
-logFile
Logs/AssetImportWorker4.log
-srvPort
61276
Successfully changed project path to: D:/School/CART315/gits/Prototype 4B/Prototype 4B - Planets
D:/School/CART315/gits/Prototype 4B/Prototype 4B - Planets
[UnityMemory] Configuration Parameters - Can be set up in boot.config
    "memorysetup-bucket-allocator-granularity=16"
    "memorysetup-bucket-allocator-bucket-count=8"
    "memorysetup-bucket-allocator-block-size=33554432"
    "memorysetup-bucket-allocator-block-count=8"
    "memorysetup-main-allocator-block-size=16777216"
    "memorysetup-thread-allocator-block-size=16777216"
    "memorysetup-gfx-main-allocator-block-size=16777216"
    "memorysetup-gfx-thread-allocator-block-size=16777216"
    "memorysetup-cache-allocator-block-size=4194304"
    "memorysetup-typetree-allocator-block-size=2097152"
    "memorysetup-profiler-bucket-allocator-granularity=16"
    "memorysetup-profiler-bucket-allocator-bucket-count=8"
    "memorysetup-profiler-bucket-allocator-block-size=33554432"
    "memorysetup-profiler-bucket-allocator-block-count=8"
    "memorysetup-profiler-allocator-block-size=16777216"
    "memorysetup-profiler-editor-allocator-block-size=1048576"
    "memorysetup-temp-allocator-size-main=16777216"
    "memorysetup-job-temp-allocator-block-size=2097152"
    "memorysetup-job-temp-allocator-block-size-background=1048576"
    "memorysetup-job-temp-allocator-reduction-small-platforms=262144"
    "memorysetup-temp-allocator-size-background-worker=32768"
    "memorysetup-temp-allocator-size-job-worker=262144"
    "memorysetup-temp-allocator-size-preload-manager=33554432"
    "memorysetup-temp-allocator-size-nav-mesh-worker=65536"
    "memorysetup-temp-allocator-size-audio-worker=65536"
    "memorysetup-temp-allocator-size-cloud-worker=32768"
    "memorysetup-temp-allocator-size-gi-baking-worker=262144"
    "memorysetup-temp-allocator-size-gfx=262144"
Player connection [21016] Host "[IP] 192.168.0.41 [Port] 0 [Flags] 2 [Guid] 418898964 [EditorId] 418898964 [Version] 1048832 [Id] WindowsEditor(7,DESKTOP-LUV3IRM) [Debug] 1 [PackageName] WindowsEditor [ProjectName] Editor" joined multi-casting on [225.0.0.222:54997]...

Player connection [21016] Host "[IP] 192.168.0.41 [Port] 0 [Flags] 2 [Guid] 418898964 [EditorId] 418898964 [Version] 1048832 [Id] WindowsEditor(7,DESKTOP-LUV3IRM) [Debug] 1 [PackageName] WindowsEditor [ProjectName] Editor" joined alternative multi-casting on [225.0.0.222:34997]...

Refreshing native plugins compatible for Editor in 120.85 ms, found 3 plugins.
Preloading 0 native plugins for Editor in 0.00 ms.
Initialize engine version: 2021.3.16f1 (4016570cf34f)
[Subsystems] Discovering subsystems at path C:/Program Files/Unity 2021.3.16f1/Editor/Data/Resources/UnitySubsystems
[Subsystems] Discovering subsystems at path D:/School/CART315/gits/Prototype 4B/Prototype 4B - Planets/Assets
GfxDevice: creating device client; threaded=0; jobified=0
Direct3D:
    Version:  Direct3D 11.0 [level 11.1]
    Renderer: NVIDIA GeForce RTX 3070 Ti (ID=0x2482)
    Vendor:   NVIDIA
    VRAM:     8031 MB
    Driver:   31.0.15.2849
Initialize mono
Mono path[0] = 'C:/Program Files/Unity 2021.3.16f1/Editor/Data/Managed'
Mono path[1] = 'C:/Program Files/Unity 2021.3.16f1/Editor/Data/MonoBleedingEdge/lib/mono/unityjit-win32'
Mono config path = 'C:/Program Files/Unity 2021.3.16f1/Editor/Data/MonoBleedingEdge/etc'
Using monoOptions --debugger-agent=transport=dt_socket,embedding=1,server=y,suspend=n,address=127.0.0.1:56168
Begin MonoManager ReloadAssembly
Registering precompiled unity dll's ...
Register platform support module: C:/Program Files/Unity 2021.3.16f1/Editor/Data/PlaybackEngines/WindowsStandaloneSupport/UnityEditor.WindowsStandalone.Extensions.dll
Registered in 0.003133 seconds.
Native extension for WindowsStandalone target not found
Refreshing native plugins compatible for Editor in 128.32 ms, found 3 plugins.
Preloading 0 native plugins for Editor in 0.00 ms.
Mono: successfully reloaded assembly
- Completed reload, in  0.697 seconds
Domain Reload Profiling:
	ReloadAssembly (697ms)
		BeginReloadAssembly (68ms)
			ExecutionOrderSort (0ms)
			DisableScriptedObjects (0ms)
			BackupInstance (0ms)
			ReleaseScriptingObjects (0ms)
			CreateAndSetChildDomain (1ms)
		EndReloadAssembly (510ms)
			LoadAssemblies (66ms)
			RebuildTransferFunctionScriptingTraits (0ms)
			SetupTypeCache (106ms)
			ReleaseScriptCaches (0ms)
			RebuildScriptCaches (29ms)
			SetupLoadedEditorAssemblies (324ms)
				LogAssemblyErrors (0ms)
				InitializePlatformSupportModulesInManaged (8ms)
				SetLoadedEditorAssemblies (0ms)
				RefreshPlugins (128ms)
				BeforeProcessingInitializeOnLoad (1ms)
				ProcessInitializeOnLoadAttributes (144ms)
				ProcessInitializeOnLoadMethodAttributes (43ms)
				AfterProcessingInitializeOnLoad (0ms)
				EditorAssembliesLoaded (0ms)
			ExecutionOrderSort2 (0ms)
			AwakeInstancesAfterBackupRestoration (0ms)
Platform modules already initialized, skipping
Registering precompiled user dll's ...
Registered in 0.006597 seconds.
Begin MonoManager ReloadAssembly
Symbol file LoadedFromMemory doesn't match image D:\School\CART315\gits\Prototype 4B\Prototype 4B - Planets\Library\PackageCache\com.unity.visualscripting@1.7.8\Editor\VisualScripting.Core\Dependencies\YamlDotNet\Unity.VisualScripting.YamlDotNet.dll
Symbol file LoadedFromMemory doesn't match image D:\School\CART315\gits\Prototype 4B\Prototype 4B - Planets\Library\PackageCache\com.unity.visualscripting@1.7.8\Editor\VisualScripting.Core\Dependencies\DotNetZip\Unity.VisualScripting.IonicZip.dll
Native extension for WindowsStandalone target not found
Refreshing native plugins compatible for Editor in 108.70 ms, found 3 plugins.
Preloading 0 native plugins for Editor in 0.00 ms.
Mono: successfully reloaded assembly
- Completed reload, in  1.187 seconds
Domain Reload Profiling:
	ReloadAssembly (1187ms)
		BeginReloadAssembly (85ms)
			ExecutionOrderSort (0ms)
			DisableScriptedObjects (4ms)
			BackupInstance (0ms)
			ReleaseScriptingObjects (0ms)
			CreateAndSetChildDomain (16ms)
		EndReloadAssembly (1010ms)
			LoadAssemblies (81ms)
			RebuildTransferFunctionScriptingTraits (0ms)
			SetupTypeCache (254ms)
			ReleaseScriptCaches (1ms)
			RebuildScriptCaches (55ms)
			SetupLoadedEditorAssemblies (578ms)
				LogAssemblyErrors (0ms)
				InitializePlatformSupportModulesInManaged (3ms)
				SetLoadedEditorAssemblies (0ms)
				RefreshPlugins (109ms)
				BeforeProcessingInitializeOnLoad (110ms)
				ProcessInitializeOnLoadAttributes (285ms)
				ProcessInitializeOnLoadMethodAttributes (66ms)
				AfterProcessingInitializeOnLoad (6ms)
				EditorAssembliesLoaded (0ms)
			ExecutionOrderSort2 (0ms)
			AwakeInstancesAfterBackupRestoration (4ms)
Platform modules already initialized, skipping
========================================================================
Worker process is ready to serve import requests
Launched and connected shader compiler UnityShaderCompiler.exe after 0.07 seconds
Refreshing native plugins compatible for Editor in 0.86 ms, found 3 plugins.
Preloading 0 native plugins for Editor in 0.00 ms.
Unloading 5671 Unused Serialized files (Serialized files now loaded: 0)
Unloading 51 unused Assets / (0.8 MB). Loaded Objects now: 6119.
Memory consumption went from 223.3 MB to 222.5 MB.
Total: 3.313100 ms (FindLiveObjects: 0.365200 ms CreateObjectMapping: 0.133000 ms MarkObjects: 2.552600 ms  DeleteObjects: 0.261400 ms)

AssetImportParameters requested are different than current active one (requested -> active):
  custom:video-decoder-ogg-theora: a1e56fd34408186e4bbccfd4996cb3dc -> 
  custom:container-muxer-webm: aa71ff27fc2769a1b78a27578f13a17b -> 
  custom:container-demuxer-webm: 4f35f7cbe854078d1ac9338744f61a02 -> 
  custom:video-encoder-webm-vp8: eb34c28f22e8b96e1ab97ce403110664 -> 
  custom:audio-encoder-webm-vorbis: bf7c407c2cedff20999df2af8eb42d56 -> 
  custom:framework-win-MediaFoundation: 216162199b28c13a410421893ffa2e32 -> 
  custom:container-demuxer-ogg: 62fdf1f143b41e24485cea50d1cbac27 -> 
  custom:video-decoder-webm-vp8: 9c59270c3fd7afecdb556c50c9e8de78 -> 
  custom:audio-decoder-ogg-vorbis: bf7c407c2cedff20999df2af8eb42d56 -> 
========================================================================
Received Import Request.
  Time since last request: 1732852.478619 seconds.
  path: Assets/Models/World Models/_Materials
  artifactKey: Guid(9eb0469ba593bbd43aa8cd040d6be767) Importer(815301076,1909f56bfc062723c751e8b465ee728b)
Start importing Assets/Models/World Models/_Materials using Guid(9eb0469ba593bbd43aa8cd040d6be767) Importer(815301076,1909f56bfc062723c751e8b465ee728b)  -> (artifact id: '0de4a4ebb6bc83201c7acf83f4522647') in 0.013273 seconds 
========================================================================
Received Import Request.
  Time since last request: 0.025043 seconds.
  path: Assets/Models/World Models/_Materials/CloudMat.mat
  artifactKey: Guid(2f07510bbcb428f4197511f37e03e137) Importer(815301076,1909f56bfc062723c751e8b465ee728b)
Start importing Assets/Models/World Models/_Materials/CloudMat.mat using Guid(2f07510bbcb428f4197511f37e03e137) Importer(815301076,1909f56bfc062723c751e8b465ee728b)  -> (artifact id: '013c94a41759287eff7db2699671895d') in 0.214622 seconds 
========================================================================
Received Import Request.
  Time since last request: 3.034363 seconds.
  path: Assets/Models/World Models/_Materials/_Textures
  artifactKey: Guid(f452904e5622d4647b2323c40800211f) Importer(815301076,1909f56bfc062723c751e8b465ee728b)
Start importing Assets/Models/World Models/_Materials/_Textures using Guid(f452904e5622d4647b2323c40800211f) Importer(815301076,1909f56bfc062723c751e8b465ee728b)  -> (artifact id: '965504135cff184d8707f122aa47caa5') in 0.005631 seconds 
========================================================================
Received Import Request.
  Time since last request: 0.042789 seconds.
  path: Assets/Models/World Models/_Materials/_Textures/blue.png
  artifactKey: Guid(70da4ce52921ad24089ef5d8f4e2805e) Importer(815301076,1909f56bfc062723c751e8b465ee728b)
Start importing Assets/Models/World Models/_Materials/_Textures/blue.png using Guid(70da4ce52921ad24089ef5d8f4e2805e) Importer(815301076,1909f56bfc062723c751e8b465ee728b)  -> (artifact id: '0b551a4ef85577b3eb21515ed077a8d9') in 0.028410 seconds 
========================================================================
Received Import Request.
  Time since last request: 7.284426 seconds.
  path: Assets/Scripts
  artifactKey: Guid(d945aebbdf256954aadf016c19fcea09) Importer(815301076,1909f56bfc062723c751e8b465ee728b)
Start importing Assets/Scripts using Guid(d945aebbdf256954aadf016c19fcea09) Importer(815301076,1909f56bfc062723c751e8b465ee728b)  -> (artifact id: '0bcf0144cfebfac7d3bc7b41f3d29a9c') in 0.008510 seconds 
========================================================================
Received Import Request.
  Time since last request: 3.173560 seconds.
  path: Assets/Scenes/Playground
  artifactKey: Guid(ece444ad7ba310d4c9fa193b1bcfe706) Importer(815301076,1909f56bfc062723c751e8b465ee728b)
Start importing Assets/Scenes/Playground using Guid(ece444ad7ba310d4c9fa193b1bcfe706) Importer(815301076,1909f56bfc062723c751e8b465ee728b)  -> (artifact id: '3c696f2907b9d456bf803bbbf8b8c6a0') in 0.005389 seconds 
========================================================================
Received Import Request.
  Time since last request: 0.043428 seconds.
  path: Assets/Scenes/Playground/ReflectionProbe-0.exr
  artifactKey: Guid(ac547032e7ab2874b8b53ccbfec07526) Importer(815301076,1909f56bfc062723c751e8b465ee728b)
Start importing Assets/Scenes/Playground/ReflectionProbe-0.exr using Guid(ac547032e7ab2874b8b53ccbfec07526) Importer(815301076,1909f56bfc062723c751e8b465ee728b)  -> (artifact id: '7906baded6754f8dab7f2956cbc80bed') in 0.033220 seconds 
========================================================================
Received Import Request.
  Time since last request: 8.069763 seconds.
  path: Assets/InputSystem
  artifactKey: Guid(48c9acd554a28814b922162e3fa889b0) Importer(815301076,1909f56bfc062723c751e8b465ee728b)
Start importing Assets/InputSystem using Guid(48c9acd554a28814b922162e3fa889b0) Importer(815301076,1909f56bfc062723c751e8b465ee728b)  -> (artifact id: '344c2cb541083c87c91834cee13bab01') in 0.007390 seconds 
========================================================================
Received Import Request.
  Time since last request: 0.048720 seconds.
  path: Assets/InputSystem/StarterAssets.inputactions
  artifactKey: Guid(4419d82f33d36e848b3ed5af4c8da37e) Importer(815301076,1909f56bfc062723c751e8b465ee728b)
Start importing Assets/InputSystem/StarterAssets.inputactions using Guid(4419d82f33d36e848b3ed5af4c8da37e) Importer(815301076,1909f56bfc062723c751e8b465ee728b)  -> (artifact id: 'bc7c97c57e24ef57b84aff14c4df4b9b') in 0.008969 seconds 
========================================================================
Received Import Request.
  Time since last request: 2.751687 seconds.
  path: Assets/Environment/Prefabs
  artifactKey: Guid(93bb3603ed019014a98e7c62df54135e) Importer(815301076,1909f56bfc062723c751e8b465ee728b)
Start importing Assets/Environment/Prefabs using Guid(93bb3603ed019014a98e7c62df54135e) Importer(815301076,1909f56bfc062723c751e8b465ee728b)  -> (artifact id: '8e2cc05a8c221ede3b5a2de5fdf3304d') in 0.005389 seconds 
========================================================================
Received Import Request.
  Time since last request: 0.049256 seconds.
  path: Assets/Environment/Prefabs/Box_100x100x100_Prefab.prefab
  artifactKey: Guid(e5f4daf24146ee040b5a2d7a73b30aa0) Importer(815301076,1909f56bfc062723c751e8b465ee728b)
Start importing Assets/Environment/Prefabs/Box_100x100x100_Prefab.prefab using Guid(e5f4daf24146ee040b5a2d7a73b30aa0) Importer(815301076,1909f56bfc062723c751e8b465ee728b)  -> (artifact id: '0a5ab268c3606b1cf0ef9646852c44a7') in 0.034342 seconds 
========================================================================
Received Import Request.
  Time since last request: 0.000021 seconds.
  path: Assets/Environment/Prefabs/Stairs_200x100x200_Prefab.prefab
  artifactKey: Guid(466621a4836aa504c87c15d88722d465) Importer(815301076,1909f56bfc062723c751e8b465ee728b)
Start importing Assets/Environment/Prefabs/Stairs_200x100x200_Prefab.prefab using Guid(466621a4836aa504c87c15d88722d465) Importer(815301076,1909f56bfc062723c751e8b465ee728b)  -> (artifact id: 'e2aaefc737ab06a8e73a1d5c18e624fb') in 0.020937 seconds 
========================================================================
Received Import Request.
  Time since last request: 0.000031 seconds.
  path: Assets/Environment/Prefabs/Tunnel_Prefab.prefab
  artifactKey: Guid(e5d7b87d422ee0f478ee09eb32e24f4e) Importer(815301076,1909f56bfc062723c751e8b465ee728b)
Start importing Assets/Environment/Prefabs/Tunnel_Prefab.prefab using Guid(e5d7b87d422ee0f478ee09eb32e24f4e) Importer(815301076,1909f56bfc062723c751e8b465ee728b)  -> (artifact id: 'a886a6b8b92386c6cf2ae35a8ef3c5ac') in 0.017496 seconds 
========================================================================
Received Import Request.
  Time since last request: 66.201100 seconds.
  path: Assets/Blink/Art
  artifactKey: Guid(a960b7b240d190646a38ec865ba80c79) Importer(815301076,1909f56bfc062723c751e8b465ee728b)
Start importing Assets/Blink/Art using Guid(a960b7b240d190646a38ec865ba80c79) Importer(815301076,1909f56bfc062723c751e8b465ee728b)  -> (artifact id: '85189699e60f981a8b092f9d095327dc') in 0.005539 seconds 
========================================================================
Received Import Request.
  Time since last request: 0.713487 seconds.
  path: Assets/Blink/Art/Textures
  artifactKey: Guid(017a24fb30499fd4fabfb573639d0153) Importer(815301076,1909f56bfc062723c751e8b465ee728b)
Start importing Assets/Blink/Art/Textures using Guid(017a24fb30499fd4fabfb573639d0153) Importer(815301076,1909f56bfc062723c751e8b465ee728b)  -> (artifact id: 'e23e89b6e3ea12f493cf5ebefb35d22b') in 0.005466 seconds 
========================================================================
Received Import Request.
  Time since last request: 1.490485 seconds.
  path: Assets/Blink/Art/Textures/StylizedDesertTextures
  artifactKey: Guid(23a779e1abb582149893f7f3206fa5bc) Importer(815301076,1909f56bfc062723c751e8b465ee728b)
Start importing Assets/Blink/Art/Textures/StylizedDesertTextures using Guid(23a779e1abb582149893f7f3206fa5bc) Importer(815301076,1909f56bfc062723c751e8b465ee728b)  -> (artifact id: '58a99b6b044311d499934b09f1a1890e') in 0.005987 seconds 
========================================================================
Received Import Request.
  Time since last request: 3.213512 seconds.
  path: Assets/Blink/Art/Textures/StylizedForestTextures
  artifactKey: Guid(0fe7dd74519398e4bbf226fe0d38b868) Importer(815301076,1909f56bfc062723c751e8b465ee728b)
Start importing Assets/Blink/Art/Textures/StylizedForestTextures using Guid(0fe7dd74519398e4bbf226fe0d38b868) Importer(815301076,1909f56bfc062723c751e8b465ee728b)  -> (artifact id: 'a049922632fbc22bd5031c8fdbadfaae') in 0.005745 seconds 
========================================================================
Received Import Request.
  Time since last request: 2.635442 seconds.
  path: Assets/Blink/Art/Textures/StylizedIceTextures
  artifactKey: Guid(a5b1be0fe2dd47042b48c150d2ee7e45) Importer(815301076,1909f56bfc062723c751e8b465ee728b)
Start importing Assets/Blink/Art/Textures/StylizedIceTextures using Guid(a5b1be0fe2dd47042b48c150d2ee7e45) Importer(815301076,1909f56bfc062723c751e8b465ee728b)  -> (artifact id: '4f52bc19ff4fc16f95e432c4975df00d') in 0.005285 seconds 
========================================================================
Received Import Request.
  Time since last request: 2.582002 seconds.
  path: Assets/Blink/Art/Textures/StylizedIceTextures/Snow_4
  artifactKey: Guid(4408fe96117a1414da919bbe962c02ba) Importer(815301076,1909f56bfc062723c751e8b465ee728b)
Start importing Assets/Blink/Art/Textures/StylizedIceTextures/Snow_4 using Guid(4408fe96117a1414da919bbe962c02ba) Importer(815301076,1909f56bfc062723c751e8b465ee728b)  -> (artifact id: 'b467d880beafab1d2d0e48b8ea1c17ef') in 0.005968 seconds 
========================================================================
Received Import Request.
  Time since last request: 0.041509 seconds.
  path: Assets/Blink/Art/Textures/StylizedIceTextures/Snow_4/Snow_4.mat
  artifactKey: Guid(943fd52b029cc644a975474408af416e) Importer(815301076,1909f56bfc062723c751e8b465ee728b)
Start importing Assets/Blink/Art/Textures/StylizedIceTextures/Snow_4/Snow_4.mat using Guid(943fd52b029cc644a975474408af416e) Importer(815301076,1909f56bfc062723c751e8b465ee728b)  -> (artifact id: 'd5e8d196155308ae8f3c5123388a9547') in 0.032120 seconds 
========================================================================
Received Import Request.
  Time since last request: 0.000023 seconds.
  path: Assets/Blink/Art/Textures/StylizedIceTextures/Snow_4/Snow_4_BaseColor.png
  artifactKey: Guid(94b8648c05465fb46bfa574e9aea873e) Importer(815301076,1909f56bfc062723c751e8b465ee728b)
Start importing Assets/Blink/Art/Textures/StylizedIceTextures/Snow_4/Snow_4_BaseColor.png using Guid(94b8648c05465fb46bfa574e9aea873e) Importer(815301076,1909f56bfc062723c751e8b465ee728b)  -> (artifact id: '048fa0d3a1336320f36cbe6929057c4f') in 0.033184 seconds 
========================================================================
Received Import Request.
  Time since last request: 0.000022 seconds.
  path: Assets/Blink/Art/Textures/StylizedIceTextures/Snow_4/Snow_4_Height.png
  artifactKey: Guid(77426d526ef7ac242a9a03bbcc6e94c1) Importer(815301076,1909f56bfc062723c751e8b465ee728b)
Start importing Assets/Blink/Art/Textures/StylizedIceTextures/Snow_4/Snow_4_Height.png using Guid(77426d526ef7ac242a9a03bbcc6e94c1) Importer(815301076,1909f56bfc062723c751e8b465ee728b)  -> (artifact id: '26fe2af9b066fd8438b66422b83ab941') in 0.015105 seconds 
Editor requested this worker to shutdown with reason: Scaling down because of idle timeout
AssetImportWorker is now disconnected from the server
Process exiting
Exiting without the bug reporter. Application will terminate with return code 0