Using pre-set license
Built from '2021.3/evg/staging/82bb020e-b03b1330/draft-0' branch; Version is '2021.3.16f1 (4016570cf34f) revision 4200023'; Using compiler version '192829333'; Build Type 'Release'
OS: 'Windows 11  (10.0.22621) 64bit Professional' Language: 'en' Physical Memory: 65445 MB
BatchMode: 1, IsHumanControllingUs: 0, StartBugReporterOnCrash: 0, Is64bit: 1, IsPro: 1

COMMAND LINE ARGUMENTS:
C:\Program Files\Unity 2021.3.16f1\Editor\Unity.exe
-adb2
-batchMode
-noUpm
-name
AssetImportWorker31
-projectPath
D:/School/CART315/gits/Prototype 4B/Prototype 4B - Planets
-logFile
Logs/AssetImportWorker31.log
-srvPort
61276
Successfully changed project path to: D:/School/CART315/gits/Prototype 4B/Prototype 4B - Planets
D:/School/CART315/gits/Prototype 4B/Prototype 4B - Planets
[UnityMemory] Configuration Parameters - Can be set up in boot.config
    "memorysetup-bucket-allocator-granularity=16"
    "memorysetup-bucket-allocator-bucket-count=8"
    "memorysetup-bucket-allocator-block-size=33554432"
    "memorysetup-bucket-allocator-block-count=8"
    "memorysetup-main-allocator-block-size=16777216"
    "memorysetup-thread-allocator-block-size=16777216"
    "memorysetup-gfx-main-allocator-block-size=16777216"
    "memorysetup-gfx-thread-allocator-block-size=16777216"
    "memorysetup-cache-allocator-block-size=4194304"
    "memorysetup-typetree-allocator-block-size=2097152"
    "memorysetup-profiler-bucket-allocator-granularity=16"
    "memorysetup-profiler-bucket-allocator-bucket-count=8"
    "memorysetup-profiler-bucket-allocator-block-size=33554432"
    "memorysetup-profiler-bucket-allocator-block-count=8"
    "memorysetup-profiler-allocator-block-size=16777216"
    "memorysetup-profiler-editor-allocator-block-size=1048576"
    "memorysetup-temp-allocator-size-main=16777216"
    "memorysetup-job-temp-allocator-block-size=2097152"
    "memorysetup-job-temp-allocator-block-size-background=1048576"
    "memorysetup-job-temp-allocator-reduction-small-platforms=262144"
    "memorysetup-temp-allocator-size-background-worker=32768"
    "memorysetup-temp-allocator-size-job-worker=262144"
    "memorysetup-temp-allocator-size-preload-manager=33554432"
    "memorysetup-temp-allocator-size-nav-mesh-worker=65536"
    "memorysetup-temp-allocator-size-audio-worker=65536"
    "memorysetup-temp-allocator-size-cloud-worker=32768"
    "memorysetup-temp-allocator-size-gi-baking-worker=262144"
    "memorysetup-temp-allocator-size-gfx=262144"
Player connection [44720] Host "[IP] 192.168.0.41 [Port] 0 [Flags] 2 [Guid] 4247568734 [EditorId] 4247568734 [Version] 1048832 [Id] WindowsEditor(7,DESKTOP-LUV3IRM) [Debug] 1 [PackageName] WindowsEditor [ProjectName] Editor" joined multi-casting on [225.0.0.222:54997]...

Player connection [44720] Host "[IP] 192.168.0.41 [Port] 0 [Flags] 2 [Guid] 4247568734 [EditorId] 4247568734 [Version] 1048832 [Id] WindowsEditor(7,DESKTOP-LUV3IRM) [Debug] 1 [PackageName] WindowsEditor [ProjectName] Editor" joined alternative multi-casting on [225.0.0.222:34997]...

Refreshing native plugins compatible for Editor in 106.56 ms, found 3 plugins.
Preloading 0 native plugins for Editor in 0.00 ms.
Initialize engine version: 2021.3.16f1 (4016570cf34f)
[Subsystems] Discovering subsystems at path C:/Program Files/Unity 2021.3.16f1/Editor/Data/Resources/UnitySubsystems
[Subsystems] Discovering subsystems at path D:/School/CART315/gits/Prototype 4B/Prototype 4B - Planets/Assets
GfxDevice: creating device client; threaded=0; jobified=0
Direct3D:
    Version:  Direct3D 11.0 [level 11.1]
    Renderer: NVIDIA GeForce RTX 3070 Ti (ID=0x2482)
    Vendor:   NVIDIA
    VRAM:     8031 MB
    Driver:   31.0.15.2849
Initialize mono
Mono path[0] = 'C:/Program Files/Unity 2021.3.16f1/Editor/Data/Managed'
Mono path[1] = 'C:/Program Files/Unity 2021.3.16f1/Editor/Data/MonoBleedingEdge/lib/mono/unityjit-win32'
Mono config path = 'C:/Program Files/Unity 2021.3.16f1/Editor/Data/MonoBleedingEdge/etc'
Using monoOptions --debugger-agent=transport=dt_socket,embedding=1,server=y,suspend=n,address=127.0.0.1:56172
Begin MonoManager ReloadAssembly
Registering precompiled unity dll's ...
Register platform support module: C:/Program Files/Unity 2021.3.16f1/Editor/Data/PlaybackEngines/WindowsStandaloneSupport/UnityEditor.WindowsStandalone.Extensions.dll
Registered in 0.003245 seconds.
Native extension for WindowsStandalone target not found
Refreshing native plugins compatible for Editor in 95.96 ms, found 3 plugins.
Preloading 0 native plugins for Editor in 0.00 ms.
Mono: successfully reloaded assembly
- Completed reload, in  0.515 seconds
Domain Reload Profiling:
	ReloadAssembly (516ms)
		BeginReloadAssembly (55ms)
			ExecutionOrderSort (0ms)
			DisableScriptedObjects (0ms)
			BackupInstance (0ms)
			ReleaseScriptingObjects (0ms)
			CreateAndSetChildDomain (1ms)
		EndReloadAssembly (378ms)
			LoadAssemblies (53ms)
			RebuildTransferFunctionScriptingTraits (0ms)
			SetupTypeCache (75ms)
			ReleaseScriptCaches (0ms)
			RebuildScriptCaches (19ms)
			SetupLoadedEditorAssemblies (243ms)
				LogAssemblyErrors (0ms)
				InitializePlatformSupportModulesInManaged (6ms)
				SetLoadedEditorAssemblies (0ms)
				RefreshPlugins (96ms)
				BeforeProcessingInitializeOnLoad (1ms)
				ProcessInitializeOnLoadAttributes (106ms)
				ProcessInitializeOnLoadMethodAttributes (33ms)
				AfterProcessingInitializeOnLoad (0ms)
				EditorAssembliesLoaded (0ms)
			ExecutionOrderSort2 (0ms)
			AwakeInstancesAfterBackupRestoration (0ms)
Platform modules already initialized, skipping
Registering precompiled user dll's ...
Registered in 0.005960 seconds.
Begin MonoManager ReloadAssembly
Symbol file LoadedFromMemory doesn't match image D:\School\CART315\gits\Prototype 4B\Prototype 4B - Planets\Library\PackageCache\com.unity.visualscripting@1.7.8\Editor\VisualScripting.Core\Dependencies\YamlDotNet\Unity.VisualScripting.YamlDotNet.dll
Symbol file LoadedFromMemory doesn't match image D:\School\CART315\gits\Prototype 4B\Prototype 4B - Planets\Library\PackageCache\com.unity.visualscripting@1.7.8\Editor\VisualScripting.Core\Dependencies\DotNetZip\Unity.VisualScripting.IonicZip.dll
Native extension for WindowsStandalone target not found
Refreshing native plugins compatible for Editor in 93.05 ms, found 3 plugins.
Preloading 0 native plugins for Editor in 0.00 ms.
Mono: successfully reloaded assembly
- Completed reload, in  1.111 seconds
Domain Reload Profiling:
	ReloadAssembly (1112ms)
		BeginReloadAssembly (86ms)
			ExecutionOrderSort (0ms)
			DisableScriptedObjects (4ms)
			BackupInstance (0ms)
			ReleaseScriptingObjects (0ms)
			CreateAndSetChildDomain (17ms)
		EndReloadAssembly (937ms)
			LoadAssemblies (76ms)
			RebuildTransferFunctionScriptingTraits (0ms)
			SetupTypeCache (244ms)
			ReleaseScriptCaches (1ms)
			RebuildScriptCaches (52ms)
			SetupLoadedEditorAssemblies (532ms)
				LogAssemblyErrors (0ms)
				InitializePlatformSupportModulesInManaged (4ms)
				SetLoadedEditorAssemblies (0ms)
				RefreshPlugins (93ms)
				BeforeProcessingInitializeOnLoad (92ms)
				ProcessInitializeOnLoadAttributes (275ms)
				ProcessInitializeOnLoadMethodAttributes (61ms)
				AfterProcessingInitializeOnLoad (6ms)
				EditorAssembliesLoaded (0ms)
			ExecutionOrderSort2 (0ms)
			AwakeInstancesAfterBackupRestoration (5ms)
Platform modules already initialized, skipping
========================================================================
Worker process is ready to serve import requests
Launched and connected shader compiler UnityShaderCompiler.exe after 0.06 seconds
Refreshing native plugins compatible for Editor in 0.97 ms, found 3 plugins.
Preloading 0 native plugins for Editor in 0.00 ms.
Unloading 5672 Unused Serialized files (Serialized files now loaded: 0)
Unloading 48 unused Assets / (418.9 KB). Loaded Objects now: 6146.
Memory consumption went from 239.5 MB to 239.0 MB.
Total: 3.378400 ms (FindLiveObjects: 0.361700 ms CreateObjectMapping: 0.144400 ms MarkObjects: 2.728500 ms  DeleteObjects: 0.142700 ms)

AssetImportParameters requested are different than current active one (requested -> active):
  custom:video-decoder-ogg-theora: a1e56fd34408186e4bbccfd4996cb3dc -> 
  custom:container-muxer-webm: aa71ff27fc2769a1b78a27578f13a17b -> 
  custom:container-demuxer-webm: 4f35f7cbe854078d1ac9338744f61a02 -> 
  custom:video-encoder-webm-vp8: eb34c28f22e8b96e1ab97ce403110664 -> 
  custom:audio-encoder-webm-vorbis: bf7c407c2cedff20999df2af8eb42d56 -> 
  custom:framework-win-MediaFoundation: 216162199b28c13a410421893ffa2e32 -> 
  custom:container-demuxer-ogg: 62fdf1f143b41e24485cea50d1cbac27 -> 
  custom:video-decoder-webm-vp8: 9c59270c3fd7afecdb556c50c9e8de78 -> 
  custom:audio-decoder-ogg-vorbis: bf7c407c2cedff20999df2af8eb42d56 -> 
========================================================================
Received Import Request.
  Time since last request: 1745284.617725 seconds.
  path: Assets/CharacterPack Lowpoly (FREE)/Models/character2.fbx
  artifactKey: Guid(2d226e59912d0014fbf2646ed5c4b916) Importer(815301076,1909f56bfc062723c751e8b465ee728b)
Start importing Assets/CharacterPack Lowpoly (FREE)/Models/character2.fbx using Guid(2d226e59912d0014fbf2646ed5c4b916) Importer(815301076,1909f56bfc062723c751e8b465ee728b)  -> (artifact id: '4a5d91ede59cabacf226999abbe9772d') in 0.278885 seconds 
========================================================================
Received Import Request.
  Time since last request: 0.022648 seconds.
  path: Assets/FreeDimensionForge/LowPolyEnvironmentsPack/Art/ForestEnvironmentPack/Meshes/ForestAxe.fbx
  artifactKey: Guid(5450b0509326a3d4ea60ec36127da31a) Importer(815301076,1909f56bfc062723c751e8b465ee728b)
Start importing Assets/FreeDimensionForge/LowPolyEnvironmentsPack/Art/ForestEnvironmentPack/Meshes/ForestAxe.fbx using Guid(5450b0509326a3d4ea60ec36127da31a) Importer(815301076,1909f56bfc062723c751e8b465ee728b)  -> (artifact id: '2aa789d121a1fad3825976c859465cfb') in 0.047143 seconds 
========================================================================
Received Import Request.
  Time since last request: 0.000016 seconds.
  path: Assets/LowPolyAlienWorld/Rocks/BigRock_02.fbx
  artifactKey: Guid(9e8b39aca268a8a4c9ad45ab92bd5f76) Importer(815301076,1909f56bfc062723c751e8b465ee728b)
Start importing Assets/LowPolyAlienWorld/Rocks/BigRock_02.fbx using Guid(9e8b39aca268a8a4c9ad45ab92bd5f76) Importer(815301076,1909f56bfc062723c751e8b465ee728b)  -> (artifact id: '48a77896e75f9c14a49c7930e608340c') in 0.073436 seconds 
========================================================================
Received Import Request.
  Time since last request: 0.593646 seconds.
  path: Assets/Buildings/b2.fbx
  artifactKey: Guid(0b4c5917def15fa43b0b44f4f7cf1aab) Importer(815301076,1909f56bfc062723c751e8b465ee728b)
Start importing Assets/Buildings/b2.fbx using Guid(0b4c5917def15fa43b0b44f4f7cf1aab) Importer(815301076,1909f56bfc062723c751e8b465ee728b)  -> (artifact id: 'bedee61d535a0f3a0b1fe7e89eec8d46') in 0.022738 seconds 
========================================================================
Received Import Request.
  Time since last request: 0.000017 seconds.
  path: Assets/Buildings/b3.fbx
  artifactKey: Guid(f84ef07bd874eec4c939fd4ab96012bc) Importer(815301076,1909f56bfc062723c751e8b465ee728b)
Start importing Assets/Buildings/b3.fbx using Guid(f84ef07bd874eec4c939fd4ab96012bc) Importer(815301076,1909f56bfc062723c751e8b465ee728b)  -> (artifact id: 'ad1bea9bcecd235f41994d06fb876505') in 0.015134 seconds 
========================================================================
Received Import Request.
  Time since last request: 0.000020 seconds.
  path: Assets/Buildings/b9.fbx
  artifactKey: Guid(2e73f820481b99749bdba40eab56bc21) Importer(815301076,1909f56bfc062723c751e8b465ee728b)
Start importing Assets/Buildings/b9.fbx using Guid(2e73f820481b99749bdba40eab56bc21) Importer(815301076,1909f56bfc062723c751e8b465ee728b)  -> (artifact id: '33d3919bc6cba1dd79e7b6a113359cbb') in 0.010738 seconds 
========================================================================
Received Import Request.
  Time since last request: 0.000022 seconds.
  path: Assets/Buildings/b8.fbx
  artifactKey: Guid(3ff80cb334a8b6a45af78bab413e3e2b) Importer(815301076,1909f56bfc062723c751e8b465ee728b)
Start importing Assets/Buildings/b8.fbx using Guid(3ff80cb334a8b6a45af78bab413e3e2b) Importer(815301076,1909f56bfc062723c751e8b465ee728b)  -> (artifact id: '58b991267c39622cd5e93ded86d4b517') in 0.014860 seconds 
========================================================================
Received Import Request.
  Time since last request: 0.000026 seconds.
  path: Assets/Buildings/b10.fbx
  artifactKey: Guid(538f4cd67118aa743baf28b16f27e3b7) Importer(815301076,1909f56bfc062723c751e8b465ee728b)
Start importing Assets/Buildings/b10.fbx using Guid(538f4cd67118aa743baf28b16f27e3b7) Importer(815301076,1909f56bfc062723c751e8b465ee728b)  -> (artifact id: '71f9ef4c3327f0267bcff8483068aec5') in 0.014206 seconds 
========================================================================
Received Import Request.
  Time since last request: 16.381531 seconds.
  path: Assets/CharacterPack Lowpoly (FREE)/Prefabs/character2 (1) 1.prefab
  artifactKey: Guid(d0760a66a63a36740b36de46ef865962) Importer(815301076,1909f56bfc062723c751e8b465ee728b)
Start importing Assets/CharacterPack Lowpoly (FREE)/Prefabs/character2 (1) 1.prefab using Guid(d0760a66a63a36740b36de46ef865962) Importer(815301076,1909f56bfc062723c751e8b465ee728b)  -> (artifact id: '8c9a03f3c577a13d746677cf2b42e8f1') in 0.017701 seconds 
========================================================================
Received Import Request.
  Time since last request: 0.000027 seconds.
  path: Assets/CharacterPack Lowpoly (FREE)/Prefabs/character2.prefab
  artifactKey: Guid(e7707aec2cc25b449a610f5087a64251) Importer(815301076,1909f56bfc062723c751e8b465ee728b)
Start importing Assets/CharacterPack Lowpoly (FREE)/Prefabs/character2.prefab using Guid(e7707aec2cc25b449a610f5087a64251) Importer(815301076,1909f56bfc062723c751e8b465ee728b)  -> (artifact id: '44bc874e54abe2c63a5607891d5229d7') in 0.013126 seconds 
========================================================================
Received Import Request.
  Time since last request: 0.000027 seconds.
  path: Assets/CharacterPack Lowpoly (FREE)/Prefabs/character2 (2).prefab
  artifactKey: Guid(4f2e058a94bca0742939d136d2b88baf) Importer(815301076,1909f56bfc062723c751e8b465ee728b)
Start importing Assets/CharacterPack Lowpoly (FREE)/Prefabs/character2 (2).prefab using Guid(4f2e058a94bca0742939d136d2b88baf) Importer(815301076,1909f56bfc062723c751e8b465ee728b)  -> (artifact id: 'dfb809187a10cc0e180393e05babb123') in 0.013115 seconds 
Editor requested this worker to shutdown with reason: Scaling down because of idle timeout
AssetImportWorker is now disconnected from the server
Process exiting
Exiting without the bug reporter. Application will terminate with return code 0