Using pre-set license
Built from '2021.3/evg/staging/82bb020e-b03b1330/draft-0' branch; Version is '2021.3.16f1 (4016570cf34f) revision 4200023'; Using compiler version '192829333'; Build Type 'Release'
OS: 'Windows 11  (10.0.22621) 64bit Professional' Language: 'en' Physical Memory: 65445 MB
BatchMode: 1, IsHumanControllingUs: 0, StartBugReporterOnCrash: 0, Is64bit: 1, IsPro: 1

COMMAND LINE ARGUMENTS:
C:\Program Files\Unity 2021.3.16f1\Editor\Unity.exe
-adb2
-batchMode
-noUpm
-name
AssetImportWorker30
-projectPath
D:/School/CART315/gits/Prototype 4B/Prototype 4B - Planets
-logFile
Logs/AssetImportWorker30.log
-srvPort
61276
Successfully changed project path to: D:/School/CART315/gits/Prototype 4B/Prototype 4B - Planets
D:/School/CART315/gits/Prototype 4B/Prototype 4B - Planets
[UnityMemory] Configuration Parameters - Can be set up in boot.config
    "memorysetup-bucket-allocator-granularity=16"
    "memorysetup-bucket-allocator-bucket-count=8"
    "memorysetup-bucket-allocator-block-size=33554432"
    "memorysetup-bucket-allocator-block-count=8"
    "memorysetup-main-allocator-block-size=16777216"
    "memorysetup-thread-allocator-block-size=16777216"
    "memorysetup-gfx-main-allocator-block-size=16777216"
    "memorysetup-gfx-thread-allocator-block-size=16777216"
    "memorysetup-cache-allocator-block-size=4194304"
    "memorysetup-typetree-allocator-block-size=2097152"
    "memorysetup-profiler-bucket-allocator-granularity=16"
    "memorysetup-profiler-bucket-allocator-bucket-count=8"
    "memorysetup-profiler-bucket-allocator-block-size=33554432"
    "memorysetup-profiler-bucket-allocator-block-count=8"
    "memorysetup-profiler-allocator-block-size=16777216"
    "memorysetup-profiler-editor-allocator-block-size=1048576"
    "memorysetup-temp-allocator-size-main=16777216"
    "memorysetup-job-temp-allocator-block-size=2097152"
    "memorysetup-job-temp-allocator-block-size-background=1048576"
    "memorysetup-job-temp-allocator-reduction-small-platforms=262144"
    "memorysetup-temp-allocator-size-background-worker=32768"
    "memorysetup-temp-allocator-size-job-worker=262144"
    "memorysetup-temp-allocator-size-preload-manager=33554432"
    "memorysetup-temp-allocator-size-nav-mesh-worker=65536"
    "memorysetup-temp-allocator-size-audio-worker=65536"
    "memorysetup-temp-allocator-size-cloud-worker=32768"
    "memorysetup-temp-allocator-size-gi-baking-worker=262144"
    "memorysetup-temp-allocator-size-gfx=262144"
Player connection [23560] Host "[IP] 192.168.0.41 [Port] 0 [Flags] 2 [Guid] 1185882349 [EditorId] 1185882349 [Version] 1048832 [Id] WindowsEditor(7,DESKTOP-LUV3IRM) [Debug] 1 [PackageName] WindowsEditor [ProjectName] Editor" joined multi-casting on [225.0.0.222:54997]...

Player connection [23560] Host "[IP] 192.168.0.41 [Port] 0 [Flags] 2 [Guid] 1185882349 [EditorId] 1185882349 [Version] 1048832 [Id] WindowsEditor(7,DESKTOP-LUV3IRM) [Debug] 1 [PackageName] WindowsEditor [ProjectName] Editor" joined alternative multi-casting on [225.0.0.222:34997]...

Refreshing native plugins compatible for Editor in 110.50 ms, found 3 plugins.
Preloading 0 native plugins for Editor in 0.00 ms.
Initialize engine version: 2021.3.16f1 (4016570cf34f)
[Subsystems] Discovering subsystems at path C:/Program Files/Unity 2021.3.16f1/Editor/Data/Resources/UnitySubsystems
[Subsystems] Discovering subsystems at path D:/School/CART315/gits/Prototype 4B/Prototype 4B - Planets/Assets
GfxDevice: creating device client; threaded=0; jobified=0
Direct3D:
    Version:  Direct3D 11.0 [level 11.1]
    Renderer: NVIDIA GeForce RTX 3070 Ti (ID=0x2482)
    Vendor:   NVIDIA
    VRAM:     8031 MB
    Driver:   31.0.15.2849
Initialize mono
Mono path[0] = 'C:/Program Files/Unity 2021.3.16f1/Editor/Data/Managed'
Mono path[1] = 'C:/Program Files/Unity 2021.3.16f1/Editor/Data/MonoBleedingEdge/lib/mono/unityjit-win32'
Mono config path = 'C:/Program Files/Unity 2021.3.16f1/Editor/Data/MonoBleedingEdge/etc'
Using monoOptions --debugger-agent=transport=dt_socket,embedding=1,server=y,suspend=n,address=127.0.0.1:56760
Begin MonoManager ReloadAssembly
Registering precompiled unity dll's ...
Register platform support module: C:/Program Files/Unity 2021.3.16f1/Editor/Data/PlaybackEngines/WindowsStandaloneSupport/UnityEditor.WindowsStandalone.Extensions.dll
Registered in 0.003299 seconds.
Native extension for WindowsStandalone target not found
Refreshing native plugins compatible for Editor in 94.48 ms, found 3 plugins.
Preloading 0 native plugins for Editor in 0.00 ms.
Mono: successfully reloaded assembly
- Completed reload, in  0.518 seconds
Domain Reload Profiling:
	ReloadAssembly (519ms)
		BeginReloadAssembly (54ms)
			ExecutionOrderSort (0ms)
			DisableScriptedObjects (0ms)
			BackupInstance (0ms)
			ReleaseScriptingObjects (0ms)
			CreateAndSetChildDomain (1ms)
		EndReloadAssembly (380ms)
			LoadAssemblies (52ms)
			RebuildTransferFunctionScriptingTraits (0ms)
			SetupTypeCache (75ms)
			ReleaseScriptCaches (0ms)
			RebuildScriptCaches (21ms)
			SetupLoadedEditorAssemblies (244ms)
				LogAssemblyErrors (0ms)
				InitializePlatformSupportModulesInManaged (6ms)
				SetLoadedEditorAssemblies (0ms)
				RefreshPlugins (95ms)
				BeforeProcessingInitializeOnLoad (1ms)
				ProcessInitializeOnLoadAttributes (109ms)
				ProcessInitializeOnLoadMethodAttributes (34ms)
				AfterProcessingInitializeOnLoad (0ms)
				EditorAssembliesLoaded (0ms)
			ExecutionOrderSort2 (0ms)
			AwakeInstancesAfterBackupRestoration (0ms)
Platform modules already initialized, skipping
Registering precompiled user dll's ...
Registered in 0.005972 seconds.
Begin MonoManager ReloadAssembly
Symbol file LoadedFromMemory doesn't match image D:\School\CART315\gits\Prototype 4B\Prototype 4B - Planets\Library\PackageCache\com.unity.visualscripting@1.7.8\Editor\VisualScripting.Core\Dependencies\YamlDotNet\Unity.VisualScripting.YamlDotNet.dll
Symbol file LoadedFromMemory doesn't match image D:\School\CART315\gits\Prototype 4B\Prototype 4B - Planets\Library\PackageCache\com.unity.visualscripting@1.7.8\Editor\VisualScripting.Core\Dependencies\DotNetZip\Unity.VisualScripting.IonicZip.dll
Native extension for WindowsStandalone target not found
Refreshing native plugins compatible for Editor in 93.03 ms, found 3 plugins.
Preloading 0 native plugins for Editor in 0.00 ms.
Mono: successfully reloaded assembly
- Completed reload, in  1.111 seconds
Domain Reload Profiling:
	ReloadAssembly (1112ms)
		BeginReloadAssembly (85ms)
			ExecutionOrderSort (0ms)
			DisableScriptedObjects (5ms)
			BackupInstance (0ms)
			ReleaseScriptingObjects (0ms)
			CreateAndSetChildDomain (17ms)
		EndReloadAssembly (937ms)
			LoadAssemblies (76ms)
			RebuildTransferFunctionScriptingTraits (0ms)
			SetupTypeCache (243ms)
			ReleaseScriptCaches (1ms)
			RebuildScriptCaches (55ms)
			SetupLoadedEditorAssemblies (530ms)
				LogAssemblyErrors (0ms)
				InitializePlatformSupportModulesInManaged (3ms)
				SetLoadedEditorAssemblies (0ms)
				RefreshPlugins (93ms)
				BeforeProcessingInitializeOnLoad (92ms)
				ProcessInitializeOnLoadAttributes (274ms)
				ProcessInitializeOnLoadMethodAttributes (61ms)
				AfterProcessingInitializeOnLoad (6ms)
				EditorAssembliesLoaded (0ms)
			ExecutionOrderSort2 (0ms)
			AwakeInstancesAfterBackupRestoration (5ms)
Platform modules already initialized, skipping
========================================================================
Worker process is ready to serve import requests
Launched and connected shader compiler UnityShaderCompiler.exe after 0.06 seconds
Refreshing native plugins compatible for Editor in 0.92 ms, found 3 plugins.
Preloading 0 native plugins for Editor in 0.00 ms.
Unloading 5672 Unused Serialized files (Serialized files now loaded: 0)
Unloading 48 unused Assets / (418.9 KB). Loaded Objects now: 6146.
Memory consumption went from 239.5 MB to 239.0 MB.
Total: 3.271500 ms (FindLiveObjects: 0.340500 ms CreateObjectMapping: 0.247200 ms MarkObjects: 2.548200 ms  DeleteObjects: 0.134900 ms)

AssetImportParameters requested are different than current active one (requested -> active):
  custom:video-decoder-ogg-theora: a1e56fd34408186e4bbccfd4996cb3dc -> 
  custom:container-muxer-webm: aa71ff27fc2769a1b78a27578f13a17b -> 
  custom:container-demuxer-webm: 4f35f7cbe854078d1ac9338744f61a02 -> 
  custom:video-encoder-webm-vp8: eb34c28f22e8b96e1ab97ce403110664 -> 
  custom:audio-encoder-webm-vorbis: bf7c407c2cedff20999df2af8eb42d56 -> 
  custom:framework-win-MediaFoundation: 216162199b28c13a410421893ffa2e32 -> 
  custom:container-demuxer-ogg: 62fdf1f143b41e24485cea50d1cbac27 -> 
  custom:video-decoder-webm-vp8: 9c59270c3fd7afecdb556c50c9e8de78 -> 
  custom:audio-decoder-ogg-vorbis: bf7c407c2cedff20999df2af8eb42d56 -> 
========================================================================
Received Import Request.
  Time since last request: 1745280.831496 seconds.
  path: Assets/Spaceship/Mesh/Mesh.FBX
  artifactKey: Guid(1742110cdc4617c4c9e5f220fbb26a9f) Importer(815301076,1909f56bfc062723c751e8b465ee728b)
Start importing Assets/Spaceship/Mesh/Mesh.FBX using Guid(1742110cdc4617c4c9e5f220fbb26a9f) Importer(815301076,1909f56bfc062723c751e8b465ee728b)  -> (artifact id: 'f8aa6528af325edd7a62b690836d490c') in 0.217535 seconds 
========================================================================
Received Import Request.
  Time since last request: 3.560387 seconds.
  path: Assets/CharacterPack Lowpoly (FREE)/Models/character1.fbx
  artifactKey: Guid(7966d979d9982a743a30e3b75a402b94) Importer(815301076,1909f56bfc062723c751e8b465ee728b)
Start importing Assets/CharacterPack Lowpoly (FREE)/Models/character1.fbx using Guid(7966d979d9982a743a30e3b75a402b94) Importer(815301076,1909f56bfc062723c751e8b465ee728b)  -> (artifact id: '2b1d074580d35211b972005c1dd54972') in 0.068357 seconds 
========================================================================
Received Import Request.
  Time since last request: 0.233716 seconds.
  path: Assets/Texture_and_materials/Stand/Mesh/Stand.obj
  artifactKey: Guid(f37a565c9fd4eb247a7a1ba3732dccf9) Importer(815301076,1909f56bfc062723c751e8b465ee728b)
Start importing Assets/Texture_and_materials/Stand/Mesh/Stand.obj using Guid(f37a565c9fd4eb247a7a1ba3732dccf9) Importer(815301076,1909f56bfc062723c751e8b465ee728b)  -> (artifact id: 'bedf9deebabe8e3de0a3560cf51c2a0f') in 0.097400 seconds 
========================================================================
Received Import Request.
  Time since last request: 0.000019 seconds.
  path: Assets/FreeDimensionForge/LowPolyEnvironmentsPack/Art/ForestEnvironmentPack/Meshes/ForestBoat.fbx
  artifactKey: Guid(c6cd3bb8e59124a4da6e0c65990208a8) Importer(815301076,1909f56bfc062723c751e8b465ee728b)
Start importing Assets/FreeDimensionForge/LowPolyEnvironmentsPack/Art/ForestEnvironmentPack/Meshes/ForestBoat.fbx using Guid(c6cd3bb8e59124a4da6e0c65990208a8) Importer(815301076,1909f56bfc062723c751e8b465ee728b)  -> (artifact id: '1a49eddbd78165dc03ac42797f4af9ec') in 0.048607 seconds 
========================================================================
Received Import Request.
  Time since last request: 0.568185 seconds.
  path: Assets/Buildings/b1.fbx
  artifactKey: Guid(8301c26097996ce4fa26f5e5847d888a) Importer(815301076,1909f56bfc062723c751e8b465ee728b)
Start importing Assets/Buildings/b1.fbx using Guid(8301c26097996ce4fa26f5e5847d888a) Importer(815301076,1909f56bfc062723c751e8b465ee728b)  -> (artifact id: '9061ae138e4753759ed20279617dc2f3') in 0.021059 seconds 
========================================================================
Received Import Request.
  Time since last request: 0.000018 seconds.
  path: Assets/Buildings/b7.fbx
  artifactKey: Guid(70b775a4fde272245a4c2f4b5d09f941) Importer(815301076,1909f56bfc062723c751e8b465ee728b)
Start importing Assets/Buildings/b7.fbx using Guid(70b775a4fde272245a4c2f4b5d09f941) Importer(815301076,1909f56bfc062723c751e8b465ee728b)  -> (artifact id: '89529a3fae6c01d79b8d52d9303d4d07') in 0.016068 seconds 
========================================================================
Received Import Request.
  Time since last request: 0.000038 seconds.
  path: Assets/Buildings/b6.fbx
  artifactKey: Guid(2c694c40453654c4dbc22ed9db0b3729) Importer(815301076,1909f56bfc062723c751e8b465ee728b)
Start importing Assets/Buildings/b6.fbx using Guid(2c694c40453654c4dbc22ed9db0b3729) Importer(815301076,1909f56bfc062723c751e8b465ee728b)  -> (artifact id: '36a54ff7f1a50bd1e048949cf2c8e4d4') in 0.015941 seconds 
========================================================================
Received Import Request.
  Time since last request: 0.000025 seconds.
  path: Assets/Buildings/b4.fbx
  artifactKey: Guid(18ff28de6a3794d4b8b58d5e619e58df) Importer(815301076,1909f56bfc062723c751e8b465ee728b)
Start importing Assets/Buildings/b4.fbx using Guid(18ff28de6a3794d4b8b58d5e619e58df) Importer(815301076,1909f56bfc062723c751e8b465ee728b)  -> (artifact id: 'd798c2473b5720169a50672cb0574141') in 0.013663 seconds 
========================================================================
Received Import Request.
  Time since last request: 0.000015 seconds.
  path: Assets/Buildings/b5.fbx
  artifactKey: Guid(b2f2e96fef4a89340ae20580c0fb7739) Importer(815301076,1909f56bfc062723c751e8b465ee728b)
Start importing Assets/Buildings/b5.fbx using Guid(b2f2e96fef4a89340ae20580c0fb7739) Importer(815301076,1909f56bfc062723c751e8b465ee728b)  -> (artifact id: 'b5608adcf04113f2aa5896271569d1c9') in 0.013954 seconds 
========================================================================
Received Import Request.
  Time since last request: 16.379899 seconds.
  path: Assets/CharacterPack Lowpoly (FREE)/Prefabs/character1 (2).prefab
  artifactKey: Guid(73b960d954b4d0e41833cf51608d11e6) Importer(815301076,1909f56bfc062723c751e8b465ee728b)
Start importing Assets/CharacterPack Lowpoly (FREE)/Prefabs/character1 (2).prefab using Guid(73b960d954b4d0e41833cf51608d11e6) Importer(815301076,1909f56bfc062723c751e8b465ee728b)  -> (artifact id: 'c936139d14772907c555f9f8d741e533') in 0.018676 seconds 
========================================================================
Received Import Request.
  Time since last request: 0.000022 seconds.
  path: Assets/CharacterPack Lowpoly (FREE)/Prefabs/character2 (1).prefab
  artifactKey: Guid(1f05b36eff9f0c941a187ddef4a43a0a) Importer(815301076,1909f56bfc062723c751e8b465ee728b)
Start importing Assets/CharacterPack Lowpoly (FREE)/Prefabs/character2 (1).prefab using Guid(1f05b36eff9f0c941a187ddef4a43a0a) Importer(815301076,1909f56bfc062723c751e8b465ee728b)  -> (artifact id: '28a7db649dfb749e22d3b7a1a6b3a598') in 0.014955 seconds 
========================================================================
Received Import Request.
  Time since last request: 4.108877 seconds.
  path: Assets/CharacterPack Lowpoly (FREE)/Materials/Characters 2.mat
  artifactKey: Guid(7811a2a6bf503e5409756a8b1c632000) Importer(815301076,1909f56bfc062723c751e8b465ee728b)
Start importing Assets/CharacterPack Lowpoly (FREE)/Materials/Characters 2.mat using Guid(7811a2a6bf503e5409756a8b1c632000) Importer(815301076,1909f56bfc062723c751e8b465ee728b)  -> (artifact id: 'db51de3c2bde792315e1f8c58b693683') in 0.012409 seconds 
Editor requested this worker to shutdown with reason: Scaling down because of idle timeout
AssetImportWorker is now disconnected from the server
Process exiting
Exiting without the bug reporter. Application will terminate with return code 0