Using pre-set license
Built from '2021.3/evg/staging/82bb020e-b03b1330/draft-0' branch; Version is '2021.3.16f1 (4016570cf34f) revision 4200023'; Using compiler version '192829333'; Build Type 'Release'
OS: 'Windows 11  (10.0.22621) 64bit Professional' Language: 'en' Physical Memory: 65445 MB
BatchMode: 1, IsHumanControllingUs: 0, StartBugReporterOnCrash: 0, Is64bit: 1, IsPro: 1

COMMAND LINE ARGUMENTS:
C:\Program Files\Unity 2021.3.16f1\Editor\Unity.exe
-adb2
-batchMode
-noUpm
-name
AssetImportWorker19
-projectPath
D:/School/CART315/gits/Prototype 4B/Prototype 4B - Planets
-logFile
Logs/AssetImportWorker19.log
-srvPort
61276
Successfully changed project path to: D:/School/CART315/gits/Prototype 4B/Prototype 4B - Planets
D:/School/CART315/gits/Prototype 4B/Prototype 4B - Planets
[UnityMemory] Configuration Parameters - Can be set up in boot.config
    "memorysetup-bucket-allocator-granularity=16"
    "memorysetup-bucket-allocator-bucket-count=8"
    "memorysetup-bucket-allocator-block-size=33554432"
    "memorysetup-bucket-allocator-block-count=8"
    "memorysetup-main-allocator-block-size=16777216"
    "memorysetup-thread-allocator-block-size=16777216"
    "memorysetup-gfx-main-allocator-block-size=16777216"
    "memorysetup-gfx-thread-allocator-block-size=16777216"
    "memorysetup-cache-allocator-block-size=4194304"
    "memorysetup-typetree-allocator-block-size=2097152"
    "memorysetup-profiler-bucket-allocator-granularity=16"
    "memorysetup-profiler-bucket-allocator-bucket-count=8"
    "memorysetup-profiler-bucket-allocator-block-size=33554432"
    "memorysetup-profiler-bucket-allocator-block-count=8"
    "memorysetup-profiler-allocator-block-size=16777216"
    "memorysetup-profiler-editor-allocator-block-size=1048576"
    "memorysetup-temp-allocator-size-main=16777216"
    "memorysetup-job-temp-allocator-block-size=2097152"
    "memorysetup-job-temp-allocator-block-size-background=1048576"
    "memorysetup-job-temp-allocator-reduction-small-platforms=262144"
    "memorysetup-temp-allocator-size-background-worker=32768"
    "memorysetup-temp-allocator-size-job-worker=262144"
    "memorysetup-temp-allocator-size-preload-manager=33554432"
    "memorysetup-temp-allocator-size-nav-mesh-worker=65536"
    "memorysetup-temp-allocator-size-audio-worker=65536"
    "memorysetup-temp-allocator-size-cloud-worker=32768"
    "memorysetup-temp-allocator-size-gi-baking-worker=262144"
    "memorysetup-temp-allocator-size-gfx=262144"
Player connection [1512] Host "[IP] 192.168.0.41 [Port] 0 [Flags] 2 [Guid] 2803304347 [EditorId] 2803304347 [Version] 1048832 [Id] WindowsEditor(7,DESKTOP-LUV3IRM) [Debug] 1 [PackageName] WindowsEditor [ProjectName] Editor" joined multi-casting on [225.0.0.222:54997]...

Player connection [1512] Host "[IP] 192.168.0.41 [Port] 0 [Flags] 2 [Guid] 2803304347 [EditorId] 2803304347 [Version] 1048832 [Id] WindowsEditor(7,DESKTOP-LUV3IRM) [Debug] 1 [PackageName] WindowsEditor [ProjectName] Editor" joined alternative multi-casting on [225.0.0.222:34997]...

Refreshing native plugins compatible for Editor in 98.74 ms, found 3 plugins.
Preloading 0 native plugins for Editor in 0.00 ms.
Initialize engine version: 2021.3.16f1 (4016570cf34f)
[Subsystems] Discovering subsystems at path C:/Program Files/Unity 2021.3.16f1/Editor/Data/Resources/UnitySubsystems
[Subsystems] Discovering subsystems at path D:/School/CART315/gits/Prototype 4B/Prototype 4B - Planets/Assets
GfxDevice: creating device client; threaded=0; jobified=0
Direct3D:
    Version:  Direct3D 11.0 [level 11.1]
    Renderer: NVIDIA GeForce RTX 3070 Ti (ID=0x2482)
    Vendor:   NVIDIA
    VRAM:     8031 MB
    Driver:   31.0.15.2849
Initialize mono
Mono path[0] = 'C:/Program Files/Unity 2021.3.16f1/Editor/Data/Managed'
Mono path[1] = 'C:/Program Files/Unity 2021.3.16f1/Editor/Data/MonoBleedingEdge/lib/mono/unityjit-win32'
Mono config path = 'C:/Program Files/Unity 2021.3.16f1/Editor/Data/MonoBleedingEdge/etc'
Using monoOptions --debugger-agent=transport=dt_socket,embedding=1,server=y,suspend=n,address=127.0.0.1:56796
Begin MonoManager ReloadAssembly
Registering precompiled unity dll's ...
Register platform support module: C:/Program Files/Unity 2021.3.16f1/Editor/Data/PlaybackEngines/WindowsStandaloneSupport/UnityEditor.WindowsStandalone.Extensions.dll
Registered in 0.003000 seconds.
Native extension for WindowsStandalone target not found
Refreshing native plugins compatible for Editor in 94.69 ms, found 3 plugins.
Preloading 0 native plugins for Editor in 0.00 ms.
Mono: successfully reloaded assembly
- Completed reload, in  0.514 seconds
Domain Reload Profiling:
	ReloadAssembly (514ms)
		BeginReloadAssembly (54ms)
			ExecutionOrderSort (0ms)
			DisableScriptedObjects (0ms)
			BackupInstance (0ms)
			ReleaseScriptingObjects (0ms)
			CreateAndSetChildDomain (1ms)
		EndReloadAssembly (379ms)
			LoadAssemblies (51ms)
			RebuildTransferFunctionScriptingTraits (0ms)
			SetupTypeCache (77ms)
			ReleaseScriptCaches (0ms)
			RebuildScriptCaches (20ms)
			SetupLoadedEditorAssemblies (242ms)
				LogAssemblyErrors (0ms)
				InitializePlatformSupportModulesInManaged (5ms)
				SetLoadedEditorAssemblies (0ms)
				RefreshPlugins (95ms)
				BeforeProcessingInitializeOnLoad (1ms)
				ProcessInitializeOnLoadAttributes (107ms)
				ProcessInitializeOnLoadMethodAttributes (34ms)
				AfterProcessingInitializeOnLoad (0ms)
				EditorAssembliesLoaded (0ms)
			ExecutionOrderSort2 (0ms)
			AwakeInstancesAfterBackupRestoration (0ms)
Platform modules already initialized, skipping
Registering precompiled user dll's ...
Registered in 0.006138 seconds.
Begin MonoManager ReloadAssembly
Symbol file LoadedFromMemory doesn't match image D:\School\CART315\gits\Prototype 4B\Prototype 4B - Planets\Library\PackageCache\com.unity.visualscripting@1.7.8\Editor\VisualScripting.Core\Dependencies\YamlDotNet\Unity.VisualScripting.YamlDotNet.dll
Symbol file LoadedFromMemory doesn't match image D:\School\CART315\gits\Prototype 4B\Prototype 4B - Planets\Library\PackageCache\com.unity.visualscripting@1.7.8\Editor\VisualScripting.Core\Dependencies\DotNetZip\Unity.VisualScripting.IonicZip.dll
Native extension for WindowsStandalone target not found
Refreshing native plugins compatible for Editor in 97.51 ms, found 3 plugins.
Preloading 0 native plugins for Editor in 0.00 ms.
Mono: successfully reloaded assembly
- Completed reload, in  1.176 seconds
Domain Reload Profiling:
	ReloadAssembly (1176ms)
		BeginReloadAssembly (89ms)
			ExecutionOrderSort (0ms)
			DisableScriptedObjects (5ms)
			BackupInstance (0ms)
			ReleaseScriptingObjects (0ms)
			CreateAndSetChildDomain (19ms)
		EndReloadAssembly (991ms)
			LoadAssemblies (81ms)
			RebuildTransferFunctionScriptingTraits (0ms)
			SetupTypeCache (258ms)
			ReleaseScriptCaches (1ms)
			RebuildScriptCaches (56ms)
			SetupLoadedEditorAssemblies (560ms)
				LogAssemblyErrors (0ms)
				InitializePlatformSupportModulesInManaged (3ms)
				SetLoadedEditorAssemblies (0ms)
				RefreshPlugins (98ms)
				BeforeProcessingInitializeOnLoad (96ms)
				ProcessInitializeOnLoadAttributes (290ms)
				ProcessInitializeOnLoadMethodAttributes (67ms)
				AfterProcessingInitializeOnLoad (7ms)
				EditorAssembliesLoaded (0ms)
			ExecutionOrderSort2 (0ms)
			AwakeInstancesAfterBackupRestoration (5ms)
Platform modules already initialized, skipping
========================================================================
Worker process is ready to serve import requests
Launched and connected shader compiler UnityShaderCompiler.exe after 0.06 seconds
Refreshing native plugins compatible for Editor in 1.64 ms, found 3 plugins.
Preloading 0 native plugins for Editor in 0.00 ms.
Unloading 5672 Unused Serialized files (Serialized files now loaded: 0)
Unloading 48 unused Assets / (418.9 KB). Loaded Objects now: 6146.
Memory consumption went from 239.5 MB to 239.1 MB.
Total: 3.127600 ms (FindLiveObjects: 0.325500 ms CreateObjectMapping: 0.132400 ms MarkObjects: 2.537800 ms  DeleteObjects: 0.130900 ms)

AssetImportParameters requested are different than current active one (requested -> active):
  custom:video-decoder-ogg-theora: a1e56fd34408186e4bbccfd4996cb3dc -> 
  custom:container-muxer-webm: aa71ff27fc2769a1b78a27578f13a17b -> 
  custom:container-demuxer-webm: 4f35f7cbe854078d1ac9338744f61a02 -> 
  custom:video-encoder-webm-vp8: eb34c28f22e8b96e1ab97ce403110664 -> 
  custom:audio-encoder-webm-vorbis: bf7c407c2cedff20999df2af8eb42d56 -> 
  custom:framework-win-MediaFoundation: 216162199b28c13a410421893ffa2e32 -> 
  custom:container-demuxer-ogg: 62fdf1f143b41e24485cea50d1cbac27 -> 
  custom:video-decoder-webm-vp8: 9c59270c3fd7afecdb556c50c9e8de78 -> 
  custom:audio-decoder-ogg-vorbis: bf7c407c2cedff20999df2af8eb42d56 -> 
========================================================================
Received Import Request.
  Time since last request: 1742563.947143 seconds.
  path: Assets/LowPolyAlienWorld/Rocks/Prefabs
  artifactKey: Guid(4641003cc025c404aba95adfd486882a) Importer(815301076,1909f56bfc062723c751e8b465ee728b)
Start importing Assets/LowPolyAlienWorld/Rocks/Prefabs using Guid(4641003cc025c404aba95adfd486882a) Importer(815301076,1909f56bfc062723c751e8b465ee728b)  -> (artifact id: '2432e124eb7eb3979a93f2a7b37bf1c1') in 0.014754 seconds 
========================================================================
Received Import Request.
  Time since last request: 0.032147 seconds.
  path: Assets/LowPolyAlienWorld/Rocks/Prefabs/BigRock_01.prefab
  artifactKey: Guid(07aab42f1eca6ef4887a7fa93ad8282b) Importer(815301076,1909f56bfc062723c751e8b465ee728b)
Start importing Assets/LowPolyAlienWorld/Rocks/Prefabs/BigRock_01.prefab using Guid(07aab42f1eca6ef4887a7fa93ad8282b) Importer(815301076,1909f56bfc062723c751e8b465ee728b)  -> (artifact id: 'ce576ee683473390947380aec1d18669') in 0.330306 seconds 
========================================================================
Received Import Request.
  Time since last request: 0.000029 seconds.
  path: Assets/LowPolyAlienWorld/Rocks/Prefabs/SmallRock_03.prefab
  artifactKey: Guid(a839d12ebeb473947918f159f916fef3) Importer(815301076,1909f56bfc062723c751e8b465ee728b)
Start importing Assets/LowPolyAlienWorld/Rocks/Prefabs/SmallRock_03.prefab using Guid(a839d12ebeb473947918f159f916fef3) Importer(815301076,1909f56bfc062723c751e8b465ee728b)  -> (artifact id: '1d7dce56092802482b8897f0adc58713') in 0.014187 seconds 
========================================================================
Received Import Request.
  Time since last request: 0.000026 seconds.
  path: Assets/LowPolyAlienWorld/Rocks/Prefabs/RockFormation_03.prefab
  artifactKey: Guid(a07a929fcb59ef44aa0b84e31eb0078e) Importer(815301076,1909f56bfc062723c751e8b465ee728b)
Start importing Assets/LowPolyAlienWorld/Rocks/Prefabs/RockFormation_03.prefab using Guid(a07a929fcb59ef44aa0b84e31eb0078e) Importer(815301076,1909f56bfc062723c751e8b465ee728b)  -> (artifact id: '33d40c9486e1aaa7d831f070e2105910') in 0.013279 seconds 
========================================================================
Received Import Request.
  Time since last request: 0.000020 seconds.
  path: Assets/LowPolyAlienWorld/Rocks/Prefabs/SmallRock_02.prefab
  artifactKey: Guid(21006dba7e3f90042b36bf9b5f6af51e) Importer(815301076,1909f56bfc062723c751e8b465ee728b)
Start importing Assets/LowPolyAlienWorld/Rocks/Prefabs/SmallRock_02.prefab using Guid(21006dba7e3f90042b36bf9b5f6af51e) Importer(815301076,1909f56bfc062723c751e8b465ee728b)  -> (artifact id: '25460e3bdae98537638ae9deee9e7dfd') in 0.016766 seconds 
========================================================================
Received Import Request.
  Time since last request: 0.000024 seconds.
  path: Assets/LowPolyAlienWorld/Rocks/Prefabs/SmallRock_04.prefab
  artifactKey: Guid(c7c726d17347cd44a8b6a3d3600f37b9) Importer(815301076,1909f56bfc062723c751e8b465ee728b)
Start importing Assets/LowPolyAlienWorld/Rocks/Prefabs/SmallRock_04.prefab using Guid(c7c726d17347cd44a8b6a3d3600f37b9) Importer(815301076,1909f56bfc062723c751e8b465ee728b)  -> (artifact id: '634345aa5730002e25246d298146fb86') in 0.013956 seconds 
========================================================================
Received Import Request.
  Time since last request: 0.000019 seconds.
  path: Assets/LowPolyAlienWorld/Rocks/Prefabs/RockFormation_05.prefab
  artifactKey: Guid(8fcd235d2094ac44094696a898fa6a10) Importer(815301076,1909f56bfc062723c751e8b465ee728b)
Start importing Assets/LowPolyAlienWorld/Rocks/Prefabs/RockFormation_05.prefab using Guid(8fcd235d2094ac44094696a898fa6a10) Importer(815301076,1909f56bfc062723c751e8b465ee728b)  -> (artifact id: '5f7e8b33cdeb77b82ad89b7ea5bdbdeb') in 0.011402 seconds 
========================================================================
Received Import Request.
  Time since last request: 3.700422 seconds.
  path: Assets/LowPolyAlienWorld/Materials
  artifactKey: Guid(30978d907ec1d6f4289d9eb9159317b9) Importer(815301076,1909f56bfc062723c751e8b465ee728b)
Start importing Assets/LowPolyAlienWorld/Materials using Guid(30978d907ec1d6f4289d9eb9159317b9) Importer(815301076,1909f56bfc062723c751e8b465ee728b)  -> (artifact id: '7b2f003fcfdb849c289e9c6df1db51fb') in 0.005694 seconds 
========================================================================
Received Import Request.
  Time since last request: 0.027876 seconds.
  path: Assets/LowPolyAlienWorld/Materials/Colors3.mat
  artifactKey: Guid(4457d4214ef7ac1468876f8f30174519) Importer(815301076,1909f56bfc062723c751e8b465ee728b)
Start importing Assets/LowPolyAlienWorld/Materials/Colors3.mat using Guid(4457d4214ef7ac1468876f8f30174519) Importer(815301076,1909f56bfc062723c751e8b465ee728b)  -> (artifact id: 'a857e76bad223054cffbdecb4aa1cb91') in 0.021228 seconds 
========================================================================
Received Import Request.
  Time since last request: 2.135944 seconds.
  path: Assets/LowPolyAlienWorld/Flora
  artifactKey: Guid(06a4e2becfc97aa47b6fd146cc557ade) Importer(815301076,1909f56bfc062723c751e8b465ee728b)
Start importing Assets/LowPolyAlienWorld/Flora using Guid(06a4e2becfc97aa47b6fd146cc557ade) Importer(815301076,1909f56bfc062723c751e8b465ee728b)  -> (artifact id: '4fcac1dea55c1820cd86ccf109b4d25d') in 0.005168 seconds 
========================================================================
Received Import Request.
  Time since last request: 0.038285 seconds.
  path: Assets/LowPolyAlienWorld/Flora/BigPlant_01.fbx
  artifactKey: Guid(54c459b31c67ca945922815bff6e3d96) Importer(815301076,1909f56bfc062723c751e8b465ee728b)
Start importing Assets/LowPolyAlienWorld/Flora/BigPlant_01.fbx using Guid(54c459b31c67ca945922815bff6e3d96) Importer(815301076,1909f56bfc062723c751e8b465ee728b)  -> (artifact id: 'bbc3d0cf3735328c3a77091a5b71ef3b') in 0.030602 seconds 
========================================================================
Received Import Request.
  Time since last request: 0.000034 seconds.
  path: Assets/LowPolyAlienWorld/Flora/Ground_baloon_01.fbx
  artifactKey: Guid(43b7ed9cee709bf4fbffb35ff2c1d5d1) Importer(815301076,1909f56bfc062723c751e8b465ee728b)
Start importing Assets/LowPolyAlienWorld/Flora/Ground_baloon_01.fbx using Guid(43b7ed9cee709bf4fbffb35ff2c1d5d1) Importer(815301076,1909f56bfc062723c751e8b465ee728b)  -> (artifact id: 'ba0116e60b529fbafbe4862b50c916d0') in 0.027671 seconds 
========================================================================
Received Import Request.
  Time since last request: 0.000019 seconds.
  path: Assets/LowPolyAlienWorld/Flora/BigPlant_05.fbx
  artifactKey: Guid(02a6b09ce96314d44bb47a04de40e6eb) Importer(815301076,1909f56bfc062723c751e8b465ee728b)
Start importing Assets/LowPolyAlienWorld/Flora/BigPlant_05.fbx using Guid(02a6b09ce96314d44bb47a04de40e6eb) Importer(815301076,1909f56bfc062723c751e8b465ee728b)  -> (artifact id: '86fc374dc4bf4e6bfced5f35ff6f3c7f') in 0.033243 seconds 
========================================================================
Received Import Request.
  Time since last request: 0.000024 seconds.
  path: Assets/LowPolyAlienWorld/Flora/Grass_01.fbx
  artifactKey: Guid(060c6905cbfcb604aa70b0104e423aeb) Importer(815301076,1909f56bfc062723c751e8b465ee728b)
Start importing Assets/LowPolyAlienWorld/Flora/Grass_01.fbx using Guid(060c6905cbfcb604aa70b0104e423aeb) Importer(815301076,1909f56bfc062723c751e8b465ee728b)  -> (artifact id: 'a01958d081565059ab40cd4e9efe5acc') in 0.016738 seconds 
========================================================================
Received Import Request.
  Time since last request: 0.002433 seconds.
  path: Assets/LowPolyAlienWorld/Flora/BigPlant_03.fbx
  artifactKey: Guid(b239787ab48e00f4594022d7e76a6a57) Importer(815301076,1909f56bfc062723c751e8b465ee728b)
Start importing Assets/LowPolyAlienWorld/Flora/BigPlant_03.fbx using Guid(b239787ab48e00f4594022d7e76a6a57) Importer(815301076,1909f56bfc062723c751e8b465ee728b)  -> (artifact id: 'a4f754b4c5698138f795fdbcc2f3b720') in 0.017471 seconds 
========================================================================
Received Import Request.
  Time since last request: 0.000018 seconds.
  path: Assets/LowPolyAlienWorld/Flora/Mushrooms.fbx
  artifactKey: Guid(15455b0168cd0b44a868ce81f1fdd6d9) Importer(815301076,1909f56bfc062723c751e8b465ee728b)
Start importing Assets/LowPolyAlienWorld/Flora/Mushrooms.fbx using Guid(15455b0168cd0b44a868ce81f1fdd6d9) Importer(815301076,1909f56bfc062723c751e8b465ee728b)  -> (artifact id: '25c027bd6d66bd6f1338562fb80478ff') in 0.018711 seconds 
========================================================================
Received Import Request.
  Time since last request: 20.182653 seconds.
  path: Assets/LowPolyAlienWorld/Flora/Prefabs
  artifactKey: Guid(2095ccdf8798bc04c9c609f0e194f7b9) Importer(815301076,1909f56bfc062723c751e8b465ee728b)
Start importing Assets/LowPolyAlienWorld/Flora/Prefabs using Guid(2095ccdf8798bc04c9c609f0e194f7b9) Importer(815301076,1909f56bfc062723c751e8b465ee728b)  -> (artifact id: 'bfa329f4120746f3ddefc29513ee5743') in 0.004770 seconds 
========================================================================
Received Import Request.
  Time since last request: 0.032615 seconds.
  path: Assets/LowPolyAlienWorld/Flora/Prefabs/BigPlant_01.prefab
  artifactKey: Guid(f6045a15e1065124680c92c504c8d7ea) Importer(815301076,1909f56bfc062723c751e8b465ee728b)
Start importing Assets/LowPolyAlienWorld/Flora/Prefabs/BigPlant_01.prefab using Guid(f6045a15e1065124680c92c504c8d7ea) Importer(815301076,1909f56bfc062723c751e8b465ee728b)  -> (artifact id: '46c3f617272042335363c173f7b647a2') in 0.009298 seconds 
========================================================================
Received Import Request.
  Time since last request: 0.000026 seconds.
  path: Assets/LowPolyAlienWorld/Flora/Prefabs/BigPlant_06.prefab
  artifactKey: Guid(5b80f67818daed24a80bc22e88db2bb8) Importer(815301076,1909f56bfc062723c751e8b465ee728b)
Start importing Assets/LowPolyAlienWorld/Flora/Prefabs/BigPlant_06.prefab using Guid(5b80f67818daed24a80bc22e88db2bb8) Importer(815301076,1909f56bfc062723c751e8b465ee728b)  -> (artifact id: '6f947096504788913d580f398140864f') in 0.009979 seconds 
========================================================================
Received Import Request.
  Time since last request: 0.000019 seconds.
  path: Assets/LowPolyAlienWorld/Flora/Prefabs/Grass_01.prefab
  artifactKey: Guid(34c65acd7feb107489a71157e525c9e7) Importer(815301076,1909f56bfc062723c751e8b465ee728b)
Start importing Assets/LowPolyAlienWorld/Flora/Prefabs/Grass_01.prefab using Guid(34c65acd7feb107489a71157e525c9e7) Importer(815301076,1909f56bfc062723c751e8b465ee728b)  -> (artifact id: 'de35692a087bd05d1282cc0ece8cc97a') in 0.009990 seconds 
========================================================================
Received Import Request.
  Time since last request: 0.000036 seconds.
  path: Assets/LowPolyAlienWorld/Flora/Prefabs/SmalRoots_01.prefab
  artifactKey: Guid(736e50b5fd21b1240b02444bc774d83e) Importer(815301076,1909f56bfc062723c751e8b465ee728b)
Start importing Assets/LowPolyAlienWorld/Flora/Prefabs/SmalRoots_01.prefab using Guid(736e50b5fd21b1240b02444bc774d83e) Importer(815301076,1909f56bfc062723c751e8b465ee728b)  -> (artifact id: '29c308ccd4b611fc3ad39ae8e222ab29') in 0.011951 seconds 
========================================================================
Received Import Request.
  Time since last request: 0.000022 seconds.
  path: Assets/LowPolyAlienWorld/Flora/Prefabs/Flying_baloon_01.prefab
  artifactKey: Guid(0450d19464994a4439f6c7dea52104b2) Importer(815301076,1909f56bfc062723c751e8b465ee728b)
Start importing Assets/LowPolyAlienWorld/Flora/Prefabs/Flying_baloon_01.prefab using Guid(0450d19464994a4439f6c7dea52104b2) Importer(815301076,1909f56bfc062723c751e8b465ee728b)  -> (artifact id: '437619bbcfb6587eb04b94c65ee0f8be') in 0.010087 seconds 
========================================================================
Received Import Request.
  Time since last request: 0.000020 seconds.
  path: Assets/LowPolyAlienWorld/Flora/Prefabs/Tenticles_01.prefab
  artifactKey: Guid(7f370a51edc99c440819f87ec0f00e2c) Importer(815301076,1909f56bfc062723c751e8b465ee728b)
Start importing Assets/LowPolyAlienWorld/Flora/Prefabs/Tenticles_01.prefab using Guid(7f370a51edc99c440819f87ec0f00e2c) Importer(815301076,1909f56bfc062723c751e8b465ee728b)  -> (artifact id: '85a6ab98e61988bb0acaff3335c92891') in 0.010211 seconds 
========================================================================
Received Import Request.
  Time since last request: 41.876862 seconds.
  path: Assets/LowPolyAlienWorld/Scenes
  artifactKey: Guid(4f704ae4b4f98ae41a0bce26658850c1) Importer(815301076,1909f56bfc062723c751e8b465ee728b)
Start importing Assets/LowPolyAlienWorld/Scenes using Guid(4f704ae4b4f98ae41a0bce26658850c1) Importer(815301076,1909f56bfc062723c751e8b465ee728b)  -> (artifact id: 'afdd990117e546394f17e78277df244d') in 0.004816 seconds 
========================================================================
Received Import Request.
  Time since last request: 33.716291 seconds.
  path: Packages/com.unity.render-pipelines.universal/Runtime/Materials/Lit.mat
  artifactKey: Guid(31321ba15b8f8eb4c954353edc038b1d) Importer(815301076,1909f56bfc062723c751e8b465ee728b)
Start importing Packages/com.unity.render-pipelines.universal/Runtime/Materials/Lit.mat using Guid(31321ba15b8f8eb4c954353edc038b1d) Importer(815301076,1909f56bfc062723c751e8b465ee728b)  -> (artifact id: 'c3687412159e6fa8043bc31f56a987c4') in 0.012015 seconds 
========================================================================
Received Import Request.
  Time since last request: 1.046769 seconds.
  path: Packages/com.unity.render-pipelines.core/Runtime/Debugging/Prefabs/Fonts/PerfectDOSVGA437.ttf
  artifactKey: Guid(74a5091d8707f334b9a5c31ef71a64ba) Importer(815301076,1909f56bfc062723c751e8b465ee728b)
Start importing Packages/com.unity.render-pipelines.core/Runtime/Debugging/Prefabs/Fonts/PerfectDOSVGA437.ttf using Guid(74a5091d8707f334b9a5c31ef71a64ba) Importer(815301076,1909f56bfc062723c751e8b465ee728b)  -> (artifact id: 'd4a1845cbf4eaf9095d83df2d521f6ff') in 0.026241 seconds 
========================================================================
Received Import Request.
  Time since last request: 4.015547 seconds.
  path: Packages/com.unity.render-pipelines.universal/Runtime/Materials/SimpleLit.mat
  artifactKey: Guid(6a1143ee683302f4aa628c052723efc1) Importer(815301076,1909f56bfc062723c751e8b465ee728b)
Start importing Packages/com.unity.render-pipelines.universal/Runtime/Materials/SimpleLit.mat using Guid(6a1143ee683302f4aa628c052723efc1) Importer(815301076,1909f56bfc062723c751e8b465ee728b)  -> (artifact id: '6a0af6d6cbfbfe9584ae51cfa62caef3') in 0.025485 seconds 
========================================================================
Received Import Request.
  Time since last request: 0.032071 seconds.
  path: Assets/Spaceship/Materials/Spaceship.mat
  artifactKey: Guid(cd5698e9cbe7b3d43b3419ed61f052aa) Importer(815301076,1909f56bfc062723c751e8b465ee728b)
Start importing Assets/Spaceship/Materials/Spaceship.mat using Guid(cd5698e9cbe7b3d43b3419ed61f052aa) Importer(815301076,1909f56bfc062723c751e8b465ee728b)  -> (artifact id: '62a0798ab088d26090fd13ece37b1ab8') in 0.019677 seconds 
========================================================================
Received Import Request.
  Time since last request: 0.000020 seconds.
  path: Packages/com.unity.render-pipelines.universal/Runtime/Materials/SpriteMask-Default.mat
  artifactKey: Guid(15d0c3709176029428a0da2f8cecf0b5) Importer(815301076,1909f56bfc062723c751e8b465ee728b)
Start importing Packages/com.unity.render-pipelines.universal/Runtime/Materials/SpriteMask-Default.mat using Guid(15d0c3709176029428a0da2f8cecf0b5) Importer(815301076,1909f56bfc062723c751e8b465ee728b)  -> (artifact id: 'c1a00cadd317d1d3ec57d1449af40300') in 0.031221 seconds 
========================================================================
Received Import Request.
  Time since last request: 0.000021 seconds.
  path: Packages/com.unity.render-pipelines.universal/Runtime/Materials/Sprite-Unlit-Default.mat
  artifactKey: Guid(9dfc825aed78fcd4ba02077103263b40) Importer(815301076,1909f56bfc062723c751e8b465ee728b)
Start importing Packages/com.unity.render-pipelines.universal/Runtime/Materials/Sprite-Unlit-Default.mat using Guid(9dfc825aed78fcd4ba02077103263b40) Importer(815301076,1909f56bfc062723c751e8b465ee728b)  -> (artifact id: 'b5a39f517505d120b184a660a5badc66') in 0.013592 seconds 
========================================================================
Received Import Request.
  Time since last request: 0.000022 seconds.
  path: Packages/com.unity.render-pipelines.universal/Runtime/Materials/Sprite-Lit-Default.mat
  artifactKey: Guid(a97c105638bdf8b4a8650670310a4cd3) Importer(815301076,1909f56bfc062723c751e8b465ee728b)
Start importing Packages/com.unity.render-pipelines.universal/Runtime/Materials/Sprite-Lit-Default.mat using Guid(a97c105638bdf8b4a8650670310a4cd3) Importer(815301076,1909f56bfc062723c751e8b465ee728b)  -> (artifact id: 'ddd089039adcdcd0cb38dc4a0a7b738c') in 0.013619 seconds 
========================================================================
Received Import Request.
  Time since last request: 0.000017 seconds.
  path: Packages/com.unity.render-pipelines.universal/Runtime/Materials/SpatialMappingWireframe.mat
  artifactKey: Guid(9875a245ac49007498213638a307faa1) Importer(815301076,1909f56bfc062723c751e8b465ee728b)
Start importing Packages/com.unity.render-pipelines.universal/Runtime/Materials/SpatialMappingWireframe.mat using Guid(9875a245ac49007498213638a307faa1) Importer(815301076,1909f56bfc062723c751e8b465ee728b)  -> (artifact id: 'bcbdd894ebaf9335d970290dd8763a34') in 0.014576 seconds 
Editor requested this worker to shutdown with reason: Scaling down because of idle timeout
AssetImportWorker is now disconnected from the server
Process exiting
Exiting without the bug reporter. Application will terminate with return code 0